[1.618s] Invoking command in '/home/bok/ff_ws/src/project': PYTHONPATH=/home/bok/ff_ws/build/project/prefix_override:/usr/lib/python3/dist-packages/colcon_core/task/python/colcon_distutils_commands:/home/bok/ff_ws/install/project/lib/python3.10/site-packages:${PYTHONPATH} /usr/bin/python3 -W ignore:setup.py install is deprecated setup.py egg_info --egg-base ../../build/project build --build-base /home/bok/ff_ws/build/project/build install --record /home/bok/ff_ws/build/project/install.log --single-version-externally-managed install_data
[1.826s] /home/bok/.local/lib/python3.10/site-packages/setuptools/_distutils/dist.py:261: UserWarning: Unknown distribution option: 'tests_require'
[1.826s]   warnings.warn(msg)
[1.986s] running egg_info
[2.011s] writing ../../build/project/project.egg-info/PKG-INFO
[2.012s] writing dependency_links to ../../build/project/project.egg-info/dependency_links.txt
[2.012s] writing entry points to ../../build/project/project.egg-info/entry_points.txt
[2.013s] writing requirements to ../../build/project/project.egg-info/requires.txt
[2.013s] writing top-level names to ../../build/project/project.egg-info/top_level.txt
[2.069s] reading manifest file '../../build/project/project.egg-info/SOURCES.txt'
[2.071s] writing manifest file '../../build/project/project.egg-info/SOURCES.txt'
[2.071s] running build
[2.072s] running build_py
[2.072s] copying project/fix_rotation.py -> /home/bok/ff_ws/build/project/build/lib/project
[2.072s] copying project/temp.py -> /home/bok/ff_ws/build/project/build/lib/project
[2.073s] copying project/control_tower_server.py -> /home/bok/ff_ws/build/project/build/lib/project
[2.073s] copying project/subscription.py -> /home/bok/ff_ws/build/project/build/lib/project
[2.073s] copying project/manipulator.py -> /home/bok/ff_ws/build/project/build/lib/project
[2.073s] copying project/control_tower.py -> /home/bok/ff_ws/build/project/build/lib/project
[2.074s] copying project/camera.py -> /home/bok/ff_ws/build/project/build/lib/project
[2.074s] copying project/inverse_test.py -> /home/bok/ff_ws/build/project/build/lib/project
[2.074s] copying project/nnnn.py -> /home/bok/ff_ws/build/project/build/lib/project
[2.075s] copying project/__init__.py -> /home/bok/ff_ws/build/project/build/lib/project
[2.075s] running install
[2.083s] running install_lib
[2.108s] copying /home/bok/ff_ws/build/project/build/lib/project/fix_rotation.py -> /home/bok/ff_ws/install/project/lib/python3.10/site-packages/project
[2.110s] byte-compiling /home/bok/ff_ws/install/project/lib/python3.10/site-packages/project/fix_rotation.py to fix_rotation.cpython-310.pyc
[2.113s] running install_data
[2.114s] copying resource/project -> /home/bok/ff_ws/install/project/share/ament_index/resource_index/packages
[2.114s] copying package.xml -> /home/bok/ff_ws/install/project/share/project
[2.114s] copying launch/project.launch.py -> /home/bok/ff_ws/install/project/share/project/launch
[2.114s] running install_egg_info
[2.143s] removing '/home/bok/ff_ws/install/project/lib/python3.10/site-packages/project-0.0.0-py3.10.egg-info' (and everything under it)
[2.145s] Copying ../../build/project/project.egg-info to /home/bok/ff_ws/install/project/lib/python3.10/site-packages/project-0.0.0-py3.10.egg-info
[2.145s] running install_scripts
[2.346s] Installing camera script to /home/bok/ff_ws/install/project/lib/project
[2.348s] Installing control_tower script to /home/bok/ff_ws/install/project/lib/project
[2.348s] Installing fix_rotation script to /home/bok/ff_ws/install/project/lib/project
[2.348s] Installing mani_control script to /home/bok/ff_ws/install/project/lib/project
[2.348s] Installing server script to /home/bok/ff_ws/install/project/lib/project
[2.349s] writing list of installed files to '/home/bok/ff_ws/build/project/install.log'
[2.387s] Invoked command in '/home/bok/ff_ws/src/project' returned '0': PYTHONPATH=/home/bok/ff_ws/build/project/prefix_override:/usr/lib/python3/dist-packages/colcon_core/task/python/colcon_distutils_commands:/home/bok/ff_ws/install/project/lib/python3.10/site-packages:${PYTHONPATH} /usr/bin/python3 -W ignore:setup.py install is deprecated setup.py egg_info --egg-base ../../build/project build --build-base /home/bok/ff_ws/build/project/build install --record /home/bok/ff_ws/build/project/install.log --single-version-externally-managed install_data
