-- Found ament_cmake: 1.3.10 (/opt/ros/humble/share/ament_cmake/cmake)
-- Found rosidl_default_generators: 1.2.0 (/opt/ros/humble/share/rosidl_default_generators/cmake)
-- Using all available rosidl_typesupport_c: rosidl_typesupport_fastrtps_c;rosidl_typesupport_introspection_c
-- Found rosidl_adapter: 3.1.5 (/opt/ros/humble/share/rosidl_adapter/cmake)
-- Using all available rosidl_typesupport_cpp: rosidl_typesupport_fastrtps_cpp;rosidl_typesupport_introspection_cpp
-- Found std_msgs: 4.2.4 (/opt/ros/humble/share/std_msgs/cmake)
-- Found ament_cmake_ros: 0.10.0 (/opt/ros/humble/share/ament_cmake_ros/cmake)
-- Using all available rosidl_typesupport_c: rosidl_typesupport_fastrtps_c;rosidl_typesupport_introspection_c
-- Using all available rosidl_typesupport_cpp: rosidl_typesupport_fastrtps_cpp;rosidl_typesupport_introspection_cpp
-- Found python_cmake_module: 0.10.0 (/opt/ros/humble/share/python_cmake_module/cmake)
-- Using PYTHON_EXECUTABLE: /usr/bin/python3
-- Using PYTHON_INCLUDE_DIRS: /usr/include/python3.10
-- Using PYTHON_LIBRARIES: /usr/lib/x86_64-linux-gnu/libpython3.10.so
-- Found ament_lint_auto: 0.12.11 (/opt/ros/humble/share/ament_lint_auto/cmake)
-- Added test 'lint_cmake' to check CMake code style
-- Added test 'xmllint' to check XML markup files
-- Configuring done
-- Generating done
-- Build files have been written to: /home/bok/project_ws/build/order_msgs
[35m[1mConsolidate compiler generated dependencies of target order_msgs__rosidl_generator_c[0m
[  3%] Built target order_msgs__cpp
[  6%] [32mBuilding C object CMakeFiles/order_msgs__rosidl_generator_c.dir/rosidl_generator_c/order_msgs/srv/detail/order__functions.c.o[0m
[35m[1mConsolidate compiler generated dependencies of target order_msgs__rosidl_typesupport_cpp[0m
[  6%] Built target ament_cmake_python_copy_order_msgs
[  9%] [32mBuilding CXX object CMakeFiles/order_msgs__rosidl_typesupport_cpp.dir/rosidl_typesupport_cpp/order_msgs/srv/order__type_support.cpp.o[0m
[35m[1mConsolidate compiler generated dependencies of target order_msgs__rosidl_typesupport_fastrtps_cpp[0m
[35m[1mConsolidate compiler generated dependencies of target order_msgs__rosidl_typesupport_introspection_cpp[0m
[ 12%] [32mBuilding CXX object CMakeFiles/order_msgs__rosidl_typesupport_fastrtps_cpp.dir/rosidl_typesupport_fastrtps_cpp/order_msgs/srv/detail/dds_fastrtps/order__type_support.cpp.o[0m
[ 16%] [32mBuilding CXX object CMakeFiles/order_msgs__rosidl_typesupport_introspection_cpp.dir/rosidl_typesupport_introspection_cpp/order_msgs/srv/detail/order__type_support.cpp.o[0m
[ 19%] [32m[1mLinking C shared library liborder_msgs__rosidl_generator_c.so[0m
[ 22%] Built target order_msgs__rosidl_generator_c
[ 25%] [32m[1mLinking CXX shared library liborder_msgs__rosidl_typesupport_cpp.so[0m
[ 29%] Built target order_msgs__rosidl_typesupport_cpp
[35m[1mConsolidate compiler generated dependencies of target order_msgs__rosidl_typesupport_fastrtps_c[0m
[ 32%] [32mBuilding CXX object CMakeFiles/order_msgs__rosidl_typesupport_fastrtps_c.dir/rosidl_typesupport_fastrtps_c/order_msgs/srv/detail/order__type_support_c.cpp.o[0m
[ 35%] [32m[1mLinking CXX shared library liborder_msgs__rosidl_typesupport_introspection_cpp.so[0m
[ 38%] [32m[1mLinking CXX shared library liborder_msgs__rosidl_typesupport_fastrtps_cpp.so[0m
running egg_info
writing order_msgs.egg-info/PKG-INFO
writing dependency_links to order_msgs.egg-info/dependency_links.txt
writing top-level names to order_msgs.egg-info/top_level.txt
reading manifest file 'order_msgs.egg-info/SOURCES.txt'
writing manifest file 'order_msgs.egg-info/SOURCES.txt'
[ 41%] Built target order_msgs__rosidl_typesupport_introspection_cpp
[35m[1mConsolidate compiler generated dependencies of target order_msgs__rosidl_typesupport_introspection_c[0m
[ 41%] Built target ament_cmake_python_build_order_msgs_egg
[ 45%] [32mBuilding C object CMakeFiles/order_msgs__rosidl_typesupport_introspection_c.dir/rosidl_typesupport_introspection_c/order_msgs/srv/detail/order__type_support.c.o[0m
[35m[1mConsolidate compiler generated dependencies of target order_msgs__rosidl_typesupport_c[0m
[ 48%] Built target order_msgs__rosidl_typesupport_fastrtps_cpp
[ 51%] [32mBuilding CXX object CMakeFiles/order_msgs__rosidl_typesupport_c.dir/rosidl_typesupport_c/order_msgs/srv/order__type_support.cpp.o[0m
[ 54%] [32m[1mLinking C shared library liborder_msgs__rosidl_typesupport_introspection_c.so[0m
[ 58%] [32m[1mLinking CXX shared library liborder_msgs__rosidl_typesupport_c.so[0m
[ 61%] Built target order_msgs__rosidl_typesupport_introspection_c
[ 64%] Built target order_msgs__rosidl_typesupport_c
[ 67%] [32m[1mLinking CXX shared library liborder_msgs__rosidl_typesupport_fastrtps_c.so[0m
[ 70%] Built target order_msgs__rosidl_typesupport_fastrtps_c
[ 70%] Built target order_msgs
[ 74%] Built target order_msgs__py
[35m[1mConsolidate compiler generated dependencies of target order_msgs__rosidl_generator_py[0m
[ 77%] [32mBuilding C object CMakeFiles/order_msgs__rosidl_generator_py.dir/rosidl_generator_py/order_msgs/srv/_order_s.c.o[0m
[ 80%] [32m[1mLinking C shared library rosidl_generator_py/order_msgs/liborder_msgs__rosidl_generator_py.so[0m
[ 80%] Built target order_msgs__rosidl_generator_py
[35m[1mConsolidate compiler generated dependencies of target order_msgs__rosidl_typesupport_fastrtps_c__pyext[0m
[35m[1mConsolidate compiler generated dependencies of target order_msgs__rosidl_typesupport_introspection_c__pyext[0m
[35m[1mConsolidate compiler generated dependencies of target order_msgs__rosidl_typesupport_c__pyext[0m
[ 87%] [32mBuilding C object CMakeFiles/order_msgs__rosidl_typesupport_introspection_c__pyext.dir/rosidl_generator_py/order_msgs/_order_msgs_s.ep.rosidl_typesupport_introspection_c.c.o[0m
[ 87%] [32mBuilding C object CMakeFiles/order_msgs__rosidl_typesupport_fastrtps_c__pyext.dir/rosidl_generator_py/order_msgs/_order_msgs_s.ep.rosidl_typesupport_fastrtps_c.c.o[0m
[ 90%] [32mBuilding C object CMakeFiles/order_msgs__rosidl_typesupport_c__pyext.dir/rosidl_generator_py/order_msgs/_order_msgs_s.ep.rosidl_typesupport_c.c.o[0m
