[0.018s] Invoking command in '/home/bok/project_ws/build/order_msgs': CMAKE_PREFIX_PATH=${CMAKE_PREFIX_PATH}:/home/bok/project_ws/install/turtlebot:/home/bok/turtlebot3_ws/install/turtlebot3_teleop:/home/bok/turtlebot3_ws/install/turtlebot3_example:/home/bok/ros2_ws/install/ros_study_py:/home/bok/ros2_ws/install/ex_calculator:/home/bok/ros2_ws/install/py_pubsub:/home/bok/ros2_ws/src/install/ros_study_py:/home/bok/ros2_ws/src/install/ex_calculator:/opt/ros/humble /usr/bin/cmake --build /home/bok/project_ws/build/order_msgs -- -j4 -l4
[0.075s] -- Found ament_cmake: 1.3.10 (/opt/ros/humble/share/ament_cmake/cmake)
[0.312s] -- Found rosidl_default_generators: 1.2.0 (/opt/ros/humble/share/rosidl_default_generators/cmake)
[0.319s] -- Using all available rosidl_typesupport_c: rosidl_typesupport_fastrtps_c;rosidl_typesupport_introspection_c
[0.324s] -- Found rosidl_adapter: 3.1.5 (/opt/ros/humble/share/rosidl_adapter/cmake)
[0.376s] -- Using all available rosidl_typesupport_cpp: rosidl_typesupport_fastrtps_cpp;rosidl_typesupport_introspection_cpp
[0.411s] -- Found std_msgs: 4.2.4 (/opt/ros/humble/share/std_msgs/cmake)
[0.812s] -- Found ament_cmake_ros: 0.10.0 (/opt/ros/humble/share/ament_cmake_ros/cmake)
[1.093s] -- Using all available rosidl_typesupport_c: rosidl_typesupport_fastrtps_c;rosidl_typesupport_introspection_c
[1.457s] -- Using all available rosidl_typesupport_cpp: rosidl_typesupport_fastrtps_cpp;rosidl_typesupport_introspection_cpp
[1.489s] -- Found python_cmake_module: 0.10.0 (/opt/ros/humble/share/python_cmake_module/cmake)
[1.520s] -- Using PYTHON_EXECUTABLE: /usr/bin/python3
[1.520s] -- Using PYTHON_INCLUDE_DIRS: /usr/include/python3.10
[1.520s] -- Using PYTHON_LIBRARIES: /usr/lib/x86_64-linux-gnu/libpython3.10.so
[1.562s] -- Found ament_lint_auto: 0.12.11 (/opt/ros/humble/share/ament_lint_auto/cmake)
[1.581s] -- Added test 'lint_cmake' to check CMake code style
[1.583s] -- Added test 'xmllint' to check XML markup files
[1.586s] -- Configuring done
[1.632s] -- Generating done
[1.636s] -- Build files have been written to: /home/bok/project_ws/build/order_msgs
[1.679s] [35m[1mConsolidate compiler generated dependencies of target order_msgs__rosidl_generator_c[0m
[1.694s] [  3%] Built target order_msgs__cpp
[1.700s] [  6%] [32mBuilding C object CMakeFiles/order_msgs__rosidl_generator_c.dir/rosidl_generator_c/order_msgs/srv/detail/order__functions.c.o[0m
[1.714s] [35m[1mConsolidate compiler generated dependencies of target order_msgs__rosidl_typesupport_cpp[0m
[1.721s] [  6%] Built target ament_cmake_python_copy_order_msgs
[1.740s] [  9%] [32mBuilding CXX object CMakeFiles/order_msgs__rosidl_typesupport_cpp.dir/rosidl_typesupport_cpp/order_msgs/srv/order__type_support.cpp.o[0m
[1.740s] [35m[1mConsolidate compiler generated dependencies of target order_msgs__rosidl_typesupport_fastrtps_cpp[0m
[1.766s] [35m[1mConsolidate compiler generated dependencies of target order_msgs__rosidl_typesupport_introspection_cpp[0m
[1.776s] [ 12%] [32mBuilding CXX object CMakeFiles/order_msgs__rosidl_typesupport_fastrtps_cpp.dir/rosidl_typesupport_fastrtps_cpp/order_msgs/srv/detail/dds_fastrtps/order__type_support.cpp.o[0m
[1.797s] [ 16%] [32mBuilding CXX object CMakeFiles/order_msgs__rosidl_typesupport_introspection_cpp.dir/rosidl_typesupport_introspection_cpp/order_msgs/srv/detail/order__type_support.cpp.o[0m
[1.939s] [ 19%] [32m[1mLinking C shared library liborder_msgs__rosidl_generator_c.so[0m
[2.033s] [ 22%] Built target order_msgs__rosidl_generator_c
[2.490s] [ 25%] [32m[1mLinking CXX shared library liborder_msgs__rosidl_typesupport_cpp.so[0m
[2.585s] [ 29%] Built target order_msgs__rosidl_typesupport_cpp
[2.621s] [35m[1mConsolidate compiler generated dependencies of target order_msgs__rosidl_typesupport_fastrtps_c[0m
[2.646s] [ 32%] [32mBuilding CXX object CMakeFiles/order_msgs__rosidl_typesupport_fastrtps_c.dir/rosidl_typesupport_fastrtps_c/order_msgs/srv/detail/order__type_support_c.cpp.o[0m
[2.728s] [ 35%] [32m[1mLinking CXX shared library liborder_msgs__rosidl_typesupport_introspection_cpp.so[0m
[2.773s] [ 38%] [32m[1mLinking CXX shared library liborder_msgs__rosidl_typesupport_fastrtps_cpp.so[0m
[2.911s] running egg_info
[2.913s] writing order_msgs.egg-info/PKG-INFO
[2.922s] writing dependency_links to order_msgs.egg-info/dependency_links.txt
[2.923s] writing top-level names to order_msgs.egg-info/top_level.txt
[2.928s] reading manifest file 'order_msgs.egg-info/SOURCES.txt'
[2.935s] writing manifest file 'order_msgs.egg-info/SOURCES.txt'
[2.953s] [ 41%] Built target order_msgs__rosidl_typesupport_introspection_cpp
[3.010s] [35m[1mConsolidate compiler generated dependencies of target order_msgs__rosidl_typesupport_introspection_c[0m
[3.026s] [ 41%] Built target ament_cmake_python_build_order_msgs_egg
[3.045s] [ 45%] [32mBuilding C object CMakeFiles/order_msgs__rosidl_typesupport_introspection_c.dir/rosidl_typesupport_introspection_c/order_msgs/srv/detail/order__type_support.c.o[0m
[3.055s] [35m[1mConsolidate compiler generated dependencies of target order_msgs__rosidl_typesupport_c[0m
[3.080s] [ 48%] Built target order_msgs__rosidl_typesupport_fastrtps_cpp
[3.081s] [ 51%] [32mBuilding CXX object CMakeFiles/order_msgs__rosidl_typesupport_c.dir/rosidl_typesupport_c/order_msgs/srv/order__type_support.cpp.o[0m
[3.126s] [ 54%] [32m[1mLinking C shared library liborder_msgs__rosidl_typesupport_introspection_c.so[0m
[3.138s] [ 58%] [32m[1mLinking CXX shared library liborder_msgs__rosidl_typesupport_c.so[0m
[3.188s] [ 61%] Built target order_msgs__rosidl_typesupport_introspection_c
[3.216s] [ 64%] Built target order_msgs__rosidl_typesupport_c
[3.370s] [ 67%] [32m[1mLinking CXX shared library liborder_msgs__rosidl_typesupport_fastrtps_c.so[0m
[3.484s] [ 70%] Built target order_msgs__rosidl_typesupport_fastrtps_c
[3.514s] [ 70%] Built target order_msgs
[3.544s] [ 74%] Built target order_msgs__py
[3.558s] [35m[1mConsolidate compiler generated dependencies of target order_msgs__rosidl_generator_py[0m
[3.576s] [ 77%] [32mBuilding C object CMakeFiles/order_msgs__rosidl_generator_py.dir/rosidl_generator_py/order_msgs/srv/_order_s.c.o[0m
[3.740s] [ 80%] [32m[1mLinking C shared library rosidl_generator_py/order_msgs/liborder_msgs__rosidl_generator_py.so[0m
[3.803s] [ 80%] Built target order_msgs__rosidl_generator_py
[3.822s] [35m[1mConsolidate compiler generated dependencies of target order_msgs__rosidl_typesupport_fastrtps_c__pyext[0m
[3.826s] [35m[1mConsolidate compiler generated dependencies of target order_msgs__rosidl_typesupport_introspection_c__pyext[0m
[3.826s] [35m[1mConsolidate compiler generated dependencies of target order_msgs__rosidl_typesupport_c__pyext[0m
[3.854s] [ 87%] [32mBuilding C object CMakeFiles/order_msgs__rosidl_typesupport_introspection_c__pyext.dir/rosidl_generator_py/order_msgs/_order_msgs_s.ep.rosidl_typesupport_introspection_c.c.o[0m
[3.854s] [ 87%] [32mBuilding C object CMakeFiles/order_msgs__rosidl_typesupport_fastrtps_c__pyext.dir/rosidl_generator_py/order_msgs/_order_msgs_s.ep.rosidl_typesupport_fastrtps_c.c.o[0m
[3.873s] [ 90%] [32mBuilding C object CMakeFiles/order_msgs__rosidl_typesupport_c__pyext.dir/rosidl_generator_py/order_msgs/_order_msgs_s.ep.rosidl_typesupport_c.c.o[0m
[4.017s] In file included from [01m[K/home/bok/project_ws/build/order_msgs/rosidl_generator_py/order_msgs/_order_msgs_s.ep.rosidl_typesupport_fastrtps_c.c:338[m[K:
[4.017s] [01m[K/home/bok/project_ws/build/order_msgs/rosidl_generator_c/order_msgs/action/detail/robot_action__struct.h:83:10:[m[K [01;31m[Kfatal error: [m[Kunique_identifier_msgs/msg/detail/uuid__struct.h: No such file or directory
[4.017s]    83 | #include [01;31m[K"unique_identifier_msgs/msg/detail/uuid__struct.h"[m[K
[4.017s]       |          [01;31m[K^~~~~~~~~~~~~~~~~~~~~~~~~~~~~~~~~~~~~~~~~~~~~~~~~~[m[K
[4.017s] compilation terminated.
[4.022s] In file included from [01m[K/home/bok/project_ws/build/order_msgs/rosidl_generator_py/order_msgs/_order_msgs_s.ep.rosidl_typesupport_introspection_c.c:338[m[K:
[4.022s] [01m[K/home/bok/project_ws/build/order_msgs/rosidl_generator_c/order_msgs/action/detail/robot_action__struct.h:83:10:[m[K [01;31m[Kfatal error: [m[Kunique_identifier_msgs/msg/detail/uuid__struct.h: No such file or directory
[4.022s]    83 | #include [01;31m[K"unique_identifier_msgs/msg/detail/uuid__struct.h"[m[K
[4.022s]       |          [01;31m[K^~~~~~~~~~~~~~~~~~~~~~~~~~~~~~~~~~~~~~~~~~~~~~~~~~[m[K
[4.022s] compilation terminated.
[4.023s] gmake[2]: *** [CMakeFiles/order_msgs__rosidl_typesupport_introspection_c__pyext.dir/build.make:76: CMakeFiles/order_msgs__rosidl_typesupport_introspection_c__pyext.dir/rosidl_generator_py/order_msgs/_order_msgs_s.ep.rosidl_typesupport_introspection_c.c.o] Error 1
[4.024s] gmake[1]: *** [CMakeFiles/Makefile2:535: CMakeFiles/order_msgs__rosidl_typesupport_introspection_c__pyext.dir/all] Error 2
[4.024s] gmake[2]: *** [CMakeFiles/order_msgs__rosidl_typesupport_fastrtps_c__pyext.dir/build.make:76: CMakeFiles/order_msgs__rosidl_typesupport_fastrtps_c__pyext.dir/rosidl_generator_py/order_msgs/_order_msgs_s.ep.rosidl_typesupport_fastrtps_c.c.o] Error 1
[4.024s] gmake[1]: *** Waiting for unfinished jobs....
[4.024s] gmake[1]: *** [CMakeFiles/Makefile2:505: CMakeFiles/order_msgs__rosidl_typesupport_fastrtps_c__pyext.dir/all] Error 2
[4.071s] In file included from [01m[K/home/bok/project_ws/build/order_msgs/rosidl_generator_py/order_msgs/_order_msgs_s.ep.rosidl_typesupport_c.c:338[m[K:
[4.071s] [01m[K/home/bok/project_ws/build/order_msgs/rosidl_generator_c/order_msgs/action/detail/robot_action__struct.h:83:10:[m[K [01;31m[Kfatal error: [m[Kunique_identifier_msgs/msg/detail/uuid__struct.h: No such file or directory
[4.072s]    83 | #include [01;31m[K"unique_identifier_msgs/msg/detail/uuid__struct.h"[m[K
[4.072s]       |          [01;31m[K^~~~~~~~~~~~~~~~~~~~~~~~~~~~~~~~~~~~~~~~~~~~~~~~~~[m[K
[4.072s] compilation terminated.
[4.074s] gmake[2]: *** [CMakeFiles/order_msgs__rosidl_typesupport_c__pyext.dir/build.make:76: CMakeFiles/order_msgs__rosidl_typesupport_c__pyext.dir/rosidl_generator_py/order_msgs/_order_msgs_s.ep.rosidl_typesupport_c.c.o] Error 1
[4.074s] gmake[1]: *** [CMakeFiles/Makefile2:564: CMakeFiles/order_msgs__rosidl_typesupport_c__pyext.dir/all] Error 2
[4.074s] gmake: *** [Makefile:146: all] Error 2
[4.078s] Invoked command in '/home/bok/project_ws/build/order_msgs' returned '2': CMAKE_PREFIX_PATH=${CMAKE_PREFIX_PATH}:/home/bok/project_ws/install/turtlebot:/home/bok/turtlebot3_ws/install/turtlebot3_teleop:/home/bok/turtlebot3_ws/install/turtlebot3_example:/home/bok/ros2_ws/install/ros_study_py:/home/bok/ros2_ws/install/ex_calculator:/home/bok/ros2_ws/install/py_pubsub:/home/bok/ros2_ws/src/install/ros_study_py:/home/bok/ros2_ws/src/install/ex_calculator:/opt/ros/humble /usr/bin/cmake --build /home/bok/project_ws/build/order_msgs -- -j4 -l4
