[2.151s] Invoking command in '/home/bok/ff_ws/src/project': PYTHONPATH=/home/bok/ff_ws/build/project/prefix_override:/usr/lib/python3/dist-packages/colcon_core/task/python/colcon_distutils_commands:/home/bok/ff_ws/install/project/lib/python3.10/site-packages:${PYTHONPATH} /usr/bin/python3 -W ignore:setup.py install is deprecated setup.py egg_info --egg-base ../../build/project build --build-base /home/bok/ff_ws/build/project/build install --record /home/bok/ff_ws/build/project/install.log --single-version-externally-managed install_data
[2.427s] /home/bok/.local/lib/python3.10/site-packages/setuptools/_distutils/dist.py:261: UserWarning: Unknown distribution option: 'tests_require'
[2.427s]   warnings.warn(msg)
[2.596s] running egg_info
[2.621s] writing ../../build/project/project.egg-info/PKG-INFO
[2.621s] writing dependency_links to ../../build/project/project.egg-info/dependency_links.txt
[2.622s] writing entry points to ../../build/project/project.egg-info/entry_points.txt
[2.622s] writing requirements to ../../build/project/project.egg-info/requires.txt
[2.622s] writing top-level names to ../../build/project/project.egg-info/top_level.txt
[2.677s] reading manifest file '../../build/project/project.egg-info/SOURCES.txt'
[2.679s] writing manifest file '../../build/project/project.egg-info/SOURCES.txt'
[2.679s] running build
[2.679s] running build_py
[2.679s] copying project/server_test.py -> /home/bok/ff_ws/build/project/build/lib/project
[2.680s] copying project/control_tower_server.py -> /home/bok/ff_ws/build/project/build/lib/project
[2.680s] copying project/control_tower.py -> /home/bok/ff_ws/build/project/build/lib/project
[2.680s] copying project/camera.py -> /home/bok/ff_ws/build/project/build/lib/project
[2.681s] copying project/tower_test.py -> /home/bok/ff_ws/build/project/build/lib/project
[2.681s] copying project/camera_test.py -> /home/bok/ff_ws/build/project/build/lib/project
[2.681s] copying project/__init__.py -> /home/bok/ff_ws/build/project/build/lib/project
[2.681s] copying project/serial_test.py -> /home/bok/ff_ws/build/project/build/lib/project
[2.682s] running install
[2.688s] running install_lib
[2.715s] copying /home/bok/ff_ws/build/project/build/lib/project/server_test.py -> /home/bok/ff_ws/install/project/lib/python3.10/site-packages/project
[2.716s] byte-compiling /home/bok/ff_ws/install/project/lib/python3.10/site-packages/project/server_test.py to server_test.cpython-310.pyc
[2.717s] running install_data
[2.718s] copying resource/project -> /home/bok/ff_ws/install/project/share/ament_index/resource_index/packages
[2.718s] copying package.xml -> /home/bok/ff_ws/install/project/share/project
[2.718s] running install_egg_info
[2.746s] removing '/home/bok/ff_ws/install/project/lib/python3.10/site-packages/project-0.0.0-py3.10.egg-info' (and everything under it)
[2.746s] Copying ../../build/project/project.egg-info to /home/bok/ff_ws/install/project/lib/python3.10/site-packages/project-0.0.0-py3.10.egg-info
[2.747s] running install_scripts
[2.965s] Installing camera script to /home/bok/ff_ws/install/project/lib/project
[2.965s] Installing control_tower script to /home/bok/ff_ws/install/project/lib/project
[2.965s] Installing server_test script to /home/bok/ff_ws/install/project/lib/project
[2.966s] Installing sub script to /home/bok/ff_ws/install/project/lib/project
[2.966s] Installing tower_test script to /home/bok/ff_ws/install/project/lib/project
[2.966s] writing list of installed files to '/home/bok/ff_ws/build/project/install.log'
[3.005s] Invoked command in '/home/bok/ff_ws/src/project' returned '0': PYTHONPATH=/home/bok/ff_ws/build/project/prefix_override:/usr/lib/python3/dist-packages/colcon_core/task/python/colcon_distutils_commands:/home/bok/ff_ws/install/project/lib/python3.10/site-packages:${PYTHONPATH} /usr/bin/python3 -W ignore:setup.py install is deprecated setup.py egg_info --egg-base ../../build/project build --build-base /home/bok/ff_ws/build/project/build install --record /home/bok/ff_ws/build/project/install.log --single-version-externally-managed install_data
