running egg_info
creating ../../build/turtlebot/turtlebot.egg-info
writing ../../build/turtlebot/turtlebot.egg-info/PKG-INFO
writing dependency_links to ../../build/turtlebot/turtlebot.egg-info/dependency_links.txt
writing entry points to ../../build/turtlebot/turtlebot.egg-info/entry_points.txt
writing requirements to ../../build/turtlebot/turtlebot.egg-info/requires.txt
writing top-level names to ../../build/turtlebot/turtlebot.egg-info/top_level.txt
writing manifest file '../../build/turtlebot/turtlebot.egg-info/SOURCES.txt'
reading manifest file '../../build/turtlebot/turtlebot.egg-info/SOURCES.txt'
writing manifest file '../../build/turtlebot/turtlebot.egg-info/SOURCES.txt'
running build
running build_py
creating /home/bok/project_ws/build/turtlebot/build
creating /home/bok/project_ws/build/turtlebot/build/lib
creating /home/bok/project_ws/build/turtlebot/build/lib/turtlebot
copying turtlebot/pub_topic.py -> /home/bok/project_ws/build/turtlebot/build/lib/turtlebot
copying turtlebot/menu_gui.py -> /home/bok/project_ws/build/turtlebot/build/lib/turtlebot
copying turtlebot/__init__.py -> /home/bok/project_ws/build/turtlebot/build/lib/turtlebot
copying turtlebot/sub_topic.py -> /home/bok/project_ws/build/turtlebot/build/lib/turtlebot
running install
running install_lib
creating /home/bok/project_ws/install/turtlebot/lib/python3.10/site-packages/turtlebot
copying /home/bok/project_ws/build/turtlebot/build/lib/turtlebot/pub_topic.py -> /home/bok/project_ws/install/turtlebot/lib/python3.10/site-packages/turtlebot
copying /home/bok/project_ws/build/turtlebot/build/lib/turtlebot/menu_gui.py -> /home/bok/project_ws/install/turtlebot/lib/python3.10/site-packages/turtlebot
copying /home/bok/project_ws/build/turtlebot/build/lib/turtlebot/__init__.py -> /home/bok/project_ws/install/turtlebot/lib/python3.10/site-packages/turtlebot
copying /home/bok/project_ws/build/turtlebot/build/lib/turtlebot/sub_topic.py -> /home/bok/project_ws/install/turtlebot/lib/python3.10/site-packages/turtlebot
byte-compiling /home/bok/project_ws/install/turtlebot/lib/python3.10/site-packages/turtlebot/pub_topic.py to pub_topic.cpython-310.pyc
byte-compiling /home/bok/project_ws/install/turtlebot/lib/python3.10/site-packages/turtlebot/menu_gui.py to menu_gui.cpython-310.pyc
byte-compiling /home/bok/project_ws/install/turtlebot/lib/python3.10/site-packages/turtlebot/__init__.py to __init__.cpython-310.pyc
byte-compiling /home/bok/project_ws/install/turtlebot/lib/python3.10/site-packages/turtlebot/sub_topic.py to sub_topic.cpython-310.pyc
running install_data
creating /home/bok/project_ws/install/turtlebot/share/ament_index
creating /home/bok/project_ws/install/turtlebot/share/ament_index/resource_index
creating /home/bok/project_ws/install/turtlebot/share/ament_index/resource_index/packages
copying resource/turtlebot -> /home/bok/project_ws/install/turtlebot/share/ament_index/resource_index/packages
copying package.xml -> /home/bok/project_ws/install/turtlebot/share/turtlebot
running install_egg_info
Copying ../../build/turtlebot/turtlebot.egg-info to /home/bok/project_ws/install/turtlebot/lib/python3.10/site-packages/turtlebot-0.0.0-py3.10.egg-info
running install_scripts
Installing menu_gui script to /home/bok/project_ws/install/turtlebot/lib/turtlebot
Installing pub_topic script to /home/bok/project_ws/install/turtlebot/lib/turtlebot
Installing send_goal script to /home/bok/project_ws/install/turtlebot/lib/turtlebot
Installing sub_topic script to /home/bok/project_ws/install/turtlebot/lib/turtlebot
Installing turtle3_gui script to /home/bok/project_ws/install/turtlebot/lib/turtlebot
Installing turtle3_gui2 script to /home/bok/project_ws/install/turtlebot/lib/turtlebot
writing list of installed files to '/home/bok/project_ws/build/turtlebot/install.log'
