[0.955s] Invoking command in '/home/bok/project_ws/src/turtlebot': PYTHONPATH=/home/bok/project_ws/build/turtlebot/prefix_override:/usr/lib/python3/dist-packages/colcon_core/task/python/colcon_distutils_commands:/home/bok/project_ws/install/turtlebot/lib/python3.10/site-packages:${PYTHONPATH} /usr/bin/python3 -W ignore:setup.py install is deprecated setup.py egg_info --egg-base ../../build/turtlebot build --build-base /home/bok/project_ws/build/turtlebot/build install --record /home/bok/project_ws/build/turtlebot/install.log --single-version-externally-managed install_data
[1.311s] running egg_info
[1.312s] creating ../../build/turtlebot/turtlebot.egg-info
[1.312s] writing ../../build/turtlebot/turtlebot.egg-info/PKG-INFO
[1.312s] writing dependency_links to ../../build/turtlebot/turtlebot.egg-info/dependency_links.txt
[1.313s] writing entry points to ../../build/turtlebot/turtlebot.egg-info/entry_points.txt
[1.313s] writing requirements to ../../build/turtlebot/turtlebot.egg-info/requires.txt
[1.313s] writing top-level names to ../../build/turtlebot/turtlebot.egg-info/top_level.txt
[1.313s] writing manifest file '../../build/turtlebot/turtlebot.egg-info/SOURCES.txt'
[1.316s] reading manifest file '../../build/turtlebot/turtlebot.egg-info/SOURCES.txt'
[1.316s] writing manifest file '../../build/turtlebot/turtlebot.egg-info/SOURCES.txt'
[1.317s] running build
[1.317s] running build_py
[1.317s] creating /home/bok/project_ws/build/turtlebot/build
[1.317s] creating /home/bok/project_ws/build/turtlebot/build/lib
[1.317s] creating /home/bok/project_ws/build/turtlebot/build/lib/turtlebot
[1.317s] copying turtlebot/pub_topic.py -> /home/bok/project_ws/build/turtlebot/build/lib/turtlebot
[1.318s] copying turtlebot/menu_gui.py -> /home/bok/project_ws/build/turtlebot/build/lib/turtlebot
[1.318s] copying turtlebot/__init__.py -> /home/bok/project_ws/build/turtlebot/build/lib/turtlebot
[1.318s] copying turtlebot/sub_topic.py -> /home/bok/project_ws/build/turtlebot/build/lib/turtlebot
[1.318s] running install
[1.318s] running install_lib
[1.319s] creating /home/bok/project_ws/install/turtlebot/lib/python3.10/site-packages/turtlebot
[1.319s] copying /home/bok/project_ws/build/turtlebot/build/lib/turtlebot/pub_topic.py -> /home/bok/project_ws/install/turtlebot/lib/python3.10/site-packages/turtlebot
[1.319s] copying /home/bok/project_ws/build/turtlebot/build/lib/turtlebot/menu_gui.py -> /home/bok/project_ws/install/turtlebot/lib/python3.10/site-packages/turtlebot
[1.320s] copying /home/bok/project_ws/build/turtlebot/build/lib/turtlebot/__init__.py -> /home/bok/project_ws/install/turtlebot/lib/python3.10/site-packages/turtlebot
[1.320s] copying /home/bok/project_ws/build/turtlebot/build/lib/turtlebot/sub_topic.py -> /home/bok/project_ws/install/turtlebot/lib/python3.10/site-packages/turtlebot
[1.321s] byte-compiling /home/bok/project_ws/install/turtlebot/lib/python3.10/site-packages/turtlebot/pub_topic.py to pub_topic.cpython-310.pyc
[1.323s] byte-compiling /home/bok/project_ws/install/turtlebot/lib/python3.10/site-packages/turtlebot/menu_gui.py to menu_gui.cpython-310.pyc
[1.325s] byte-compiling /home/bok/project_ws/install/turtlebot/lib/python3.10/site-packages/turtlebot/__init__.py to __init__.cpython-310.pyc
[1.325s] byte-compiling /home/bok/project_ws/install/turtlebot/lib/python3.10/site-packages/turtlebot/sub_topic.py to sub_topic.cpython-310.pyc
[1.326s] running install_data
[1.326s] creating /home/bok/project_ws/install/turtlebot/share/ament_index
[1.326s] creating /home/bok/project_ws/install/turtlebot/share/ament_index/resource_index
[1.326s] creating /home/bok/project_ws/install/turtlebot/share/ament_index/resource_index/packages
[1.327s] copying resource/turtlebot -> /home/bok/project_ws/install/turtlebot/share/ament_index/resource_index/packages
[1.327s] copying package.xml -> /home/bok/project_ws/install/turtlebot/share/turtlebot
[1.327s] running install_egg_info
[1.330s] Copying ../../build/turtlebot/turtlebot.egg-info to /home/bok/project_ws/install/turtlebot/lib/python3.10/site-packages/turtlebot-0.0.0-py3.10.egg-info
[1.332s] running install_scripts
[1.355s] Installing menu_gui script to /home/bok/project_ws/install/turtlebot/lib/turtlebot
[1.356s] Installing pub_topic script to /home/bok/project_ws/install/turtlebot/lib/turtlebot
[1.356s] Installing send_goal script to /home/bok/project_ws/install/turtlebot/lib/turtlebot
[1.356s] Installing sub_topic script to /home/bok/project_ws/install/turtlebot/lib/turtlebot
[1.356s] Installing turtle3_gui script to /home/bok/project_ws/install/turtlebot/lib/turtlebot
[1.356s] Installing turtle3_gui2 script to /home/bok/project_ws/install/turtlebot/lib/turtlebot
[1.356s] writing list of installed files to '/home/bok/project_ws/build/turtlebot/install.log'
[1.387s] Invoked command in '/home/bok/project_ws/src/turtlebot' returned '0': PYTHONPATH=/home/bok/project_ws/build/turtlebot/prefix_override:/usr/lib/python3/dist-packages/colcon_core/task/python/colcon_distutils_commands:/home/bok/project_ws/install/turtlebot/lib/python3.10/site-packages:${PYTHONPATH} /usr/bin/python3 -W ignore:setup.py install is deprecated setup.py egg_info --egg-base ../../build/turtlebot build --build-base /home/bok/project_ws/build/turtlebot/build install --record /home/bok/project_ws/build/turtlebot/install.log --single-version-externally-managed install_data
