[0.294s] Invoking command in '/home/bok/ff_ws/build/type': CMAKE_PREFIX_PATH=${CMAKE_PREFIX_PATH}:/home/bok/ff_ws/install/project:/home/bok/multitb_ws/install/get_data:/home/bok/ws_urdf/install/urdf_tutorial:/home/bok/ws_urdf/install/car_tutorial:/home/bok/turtlebot3_ws/install/turtlebot3_teleop:/home/bok/turtlebot3_ws/install/turtlebot3_example:/home/bok/baby_ws/install/bossbaby:/opt/ros/humble /usr/bin/cmake --build /home/bok/ff_ws/build/type -- -j4 -l4
[0.369s] [  3%] Built target type__cpp
[0.371s] [ 12%] Built target type__rosidl_generator_c
[0.399s] [ 12%] Built target ament_cmake_python_copy_type
[0.431s] [ 22%] Built target type__rosidl_typesupport_cpp
[0.449s] [ 32%] Built target type__rosidl_typesupport_fastrtps_cpp
[0.453s] [ 41%] Built target type__rosidl_typesupport_introspection_cpp
[0.480s] [ 51%] Built target type__rosidl_typesupport_fastrtps_c
[0.506s] [ 61%] Built target type__rosidl_typesupport_introspection_c
[0.510s] [ 70%] Built target type__rosidl_typesupport_c
[0.550s] [ 70%] Built target type
[0.594s] [ 74%] Built target type__py
[0.639s] [ 80%] Built target type__rosidl_generator_py
[0.688s] [ 87%] Built target type__rosidl_typesupport_fastrtps_c__pyext
[0.691s] [ 93%] Built target type__rosidl_typesupport_introspection_c__pyext
[0.700s] [100%] Built target type__rosidl_typesupport_c__pyext
[0.856s] running egg_info
[0.903s] writing type.egg-info/PKG-INFO
[0.905s] writing dependency_links to type.egg-info/dependency_links.txt
[0.905s] writing top-level names to type.egg-info/top_level.txt
[1.043s] reading manifest file 'type.egg-info/SOURCES.txt'
[1.045s] writing manifest file 'type.egg-info/SOURCES.txt'
[1.102s] [100%] Built target ament_cmake_python_build_type_egg
[1.124s] Invoked command in '/home/bok/ff_ws/build/type' returned '0': CMAKE_PREFIX_PATH=${CMAKE_PREFIX_PATH}:/home/bok/ff_ws/install/project:/home/bok/multitb_ws/install/get_data:/home/bok/ws_urdf/install/urdf_tutorial:/home/bok/ws_urdf/install/car_tutorial:/home/bok/turtlebot3_ws/install/turtlebot3_teleop:/home/bok/turtlebot3_ws/install/turtlebot3_example:/home/bok/baby_ws/install/bossbaby:/opt/ros/humble /usr/bin/cmake --build /home/bok/ff_ws/build/type -- -j4 -l4
[1.247s] Invoking command in '/home/bok/ff_ws/build/type': CMAKE_PREFIX_PATH=${CMAKE_PREFIX_PATH}:/home/bok/ff_ws/install/project:/home/bok/multitb_ws/install/get_data:/home/bok/ws_urdf/install/urdf_tutorial:/home/bok/ws_urdf/install/car_tutorial:/home/bok/turtlebot3_ws/install/turtlebot3_teleop:/home/bok/turtlebot3_ws/install/turtlebot3_example:/home/bok/baby_ws/install/bossbaby:/opt/ros/humble /usr/bin/cmake --install /home/bok/ff_ws/build/type
[1.261s] -- Install configuration: ""
[1.261s] -- Up-to-date: /home/bok/ff_ws/install/type/share/ament_index/resource_index/rosidl_interfaces/type
[1.261s] -- Up-to-date: /home/bok/ff_ws/install/type/include/type/type
[1.262s] -- Up-to-date: /home/bok/ff_ws/install/type/include/type/type/srv
[1.262s] -- Up-to-date: /home/bok/ff_ws/install/type/include/type/type/srv/start_time.h
[1.262s] -- Up-to-date: /home/bok/ff_ws/install/type/include/type/type/srv/detail
[1.263s] -- Up-to-date: /home/bok/ff_ws/install/type/include/type/type/srv/detail/start_time__type_support.h
[1.263s] -- Up-to-date: /home/bok/ff_ws/install/type/include/type/type/srv/detail/start_time__functions.c
[1.263s] -- Up-to-date: /home/bok/ff_ws/install/type/include/type/type/srv/detail/start_time__functions.h
[1.264s] -- Up-to-date: /home/bok/ff_ws/install/type/include/type/type/srv/detail/start_time__struct.h
[1.264s] -- Up-to-date: /home/bok/ff_ws/install/type/include/type/type/msg
[1.264s] -- Up-to-date: /home/bok/ff_ws/install/type/include/type/type/msg/rosidl_generator_c__visibility_control.h
[1.265s] -- Up-to-date: /home/bok/ff_ws/install/type/share/type/environment/library_path.sh
[1.265s] -- Up-to-date: /home/bok/ff_ws/install/type/share/type/environment/library_path.dsv
[1.265s] -- Up-to-date: /home/bok/ff_ws/install/type/lib/libtype__rosidl_generator_c.so
[1.265s] -- Up-to-date: /home/bok/ff_ws/install/type/include/type/type
[1.265s] -- Up-to-date: /home/bok/ff_ws/install/type/include/type/type/srv
[1.266s] -- Up-to-date: /home/bok/ff_ws/install/type/include/type/type/srv/detail
[1.266s] -- Up-to-date: /home/bok/ff_ws/install/type/include/type/type/srv/detail/start_time__rosidl_typesupport_fastrtps_c.h
[1.266s] -- Up-to-date: /home/bok/ff_ws/install/type/include/type/type/msg
[1.266s] -- Up-to-date: /home/bok/ff_ws/install/type/include/type/type/msg/rosidl_typesupport_fastrtps_c__visibility_control.h
[1.267s] -- Up-to-date: /home/bok/ff_ws/install/type/lib/libtype__rosidl_typesupport_fastrtps_c.so
[1.268s] -- Up-to-date: /home/bok/ff_ws/install/type/include/type/type
[1.268s] -- Up-to-date: /home/bok/ff_ws/install/type/include/type/type/srv
[1.268s] -- Up-to-date: /home/bok/ff_ws/install/type/include/type/type/srv/start_time.hpp
[1.269s] -- Up-to-date: /home/bok/ff_ws/install/type/include/type/type/srv/detail
[1.269s] -- Up-to-date: /home/bok/ff_ws/install/type/include/type/type/srv/detail/start_time__struct.hpp
[1.269s] -- Up-to-date: /home/bok/ff_ws/install/type/include/type/type/srv/detail/start_time__traits.hpp
[1.269s] -- Up-to-date: /home/bok/ff_ws/install/type/include/type/type/srv/detail/start_time__builder.hpp
[1.270s] -- Up-to-date: /home/bok/ff_ws/install/type/include/type/type
[1.270s] -- Up-to-date: /home/bok/ff_ws/install/type/include/type/type/srv
[1.270s] -- Up-to-date: /home/bok/ff_ws/install/type/include/type/type/srv/detail
[1.270s] -- Up-to-date: /home/bok/ff_ws/install/type/include/type/type/srv/detail/start_time__rosidl_typesupport_fastrtps_cpp.hpp
[1.271s] -- Up-to-date: /home/bok/ff_ws/install/type/include/type/type/srv/detail/dds_fastrtps
[1.271s] -- Up-to-date: /home/bok/ff_ws/install/type/include/type/type/msg
[1.272s] -- Up-to-date: /home/bok/ff_ws/install/type/include/type/type/msg/rosidl_typesupport_fastrtps_cpp__visibility_control.h
[1.272s] -- Up-to-date: /home/bok/ff_ws/install/type/lib/libtype__rosidl_typesupport_fastrtps_cpp.so
[1.272s] -- Up-to-date: /home/bok/ff_ws/install/type/include/type/type
[1.272s] -- Up-to-date: /home/bok/ff_ws/install/type/include/type/type/srv
[1.273s] -- Up-to-date: /home/bok/ff_ws/install/type/include/type/type/srv/detail
[1.273s] -- Up-to-date: /home/bok/ff_ws/install/type/include/type/type/srv/detail/start_time__type_support.c
[1.273s] -- Up-to-date: /home/bok/ff_ws/install/type/include/type/type/srv/detail/start_time__rosidl_typesupport_introspection_c.h
[1.273s] -- Up-to-date: /home/bok/ff_ws/install/type/include/type/type/msg
[1.274s] -- Up-to-date: /home/bok/ff_ws/install/type/include/type/type/msg/rosidl_typesupport_introspection_c__visibility_control.h
[1.274s] -- Up-to-date: /home/bok/ff_ws/install/type/lib/libtype__rosidl_typesupport_introspection_c.so
[1.275s] -- Up-to-date: /home/bok/ff_ws/install/type/lib/libtype__rosidl_typesupport_c.so
[1.276s] -- Up-to-date: /home/bok/ff_ws/install/type/include/type/type
[1.276s] -- Up-to-date: /home/bok/ff_ws/install/type/include/type/type/srv
[1.276s] -- Up-to-date: /home/bok/ff_ws/install/type/include/type/type/srv/detail
[1.276s] -- Up-to-date: /home/bok/ff_ws/install/type/include/type/type/srv/detail/start_time__rosidl_typesupport_introspection_cpp.hpp
[1.277s] -- Up-to-date: /home/bok/ff_ws/install/type/include/type/type/srv/detail/start_time__type_support.cpp
[1.277s] -- Up-to-date: /home/bok/ff_ws/install/type/lib/libtype__rosidl_typesupport_introspection_cpp.so
[1.278s] -- Up-to-date: /home/bok/ff_ws/install/type/lib/libtype__rosidl_typesupport_cpp.so
[1.278s] -- Up-to-date: /home/bok/ff_ws/install/type/share/type/environment/pythonpath.sh
[1.279s] -- Up-to-date: /home/bok/ff_ws/install/type/share/type/environment/pythonpath.dsv
[1.279s] -- Up-to-date: /home/bok/ff_ws/install/type/local/lib/python3.10/dist-packages/type-0.0.0-py3.10.egg-info
[1.279s] -- Installing: /home/bok/ff_ws/install/type/local/lib/python3.10/dist-packages/type-0.0.0-py3.10.egg-info/dependency_links.txt
[1.280s] -- Installing: /home/bok/ff_ws/install/type/local/lib/python3.10/dist-packages/type-0.0.0-py3.10.egg-info/SOURCES.txt
[1.280s] -- Installing: /home/bok/ff_ws/install/type/local/lib/python3.10/dist-packages/type-0.0.0-py3.10.egg-info/PKG-INFO
[1.281s] -- Installing: /home/bok/ff_ws/install/type/local/lib/python3.10/dist-packages/type-0.0.0-py3.10.egg-info/top_level.txt
[1.281s] -- Up-to-date: /home/bok/ff_ws/install/type/local/lib/python3.10/dist-packages/type
[1.282s] -- Up-to-date: /home/bok/ff_ws/install/type/local/lib/python3.10/dist-packages/type/type_s__rosidl_typesupport_c.cpython-310-x86_64-linux-gnu.so
[1.282s] -- Up-to-date: /home/bok/ff_ws/install/type/local/lib/python3.10/dist-packages/type/libtype__rosidl_generator_py.so
[1.282s] -- Up-to-date: /home/bok/ff_ws/install/type/local/lib/python3.10/dist-packages/type/_type_s.ep.rosidl_typesupport_c.c
[1.282s] -- Up-to-date: /home/bok/ff_ws/install/type/local/lib/python3.10/dist-packages/type/srv
[1.283s] -- Up-to-date: /home/bok/ff_ws/install/type/local/lib/python3.10/dist-packages/type/srv/_start_time_s.c
[1.283s] -- Up-to-date: /home/bok/ff_ws/install/type/local/lib/python3.10/dist-packages/type/srv/_start_time.py
[1.283s] -- Up-to-date: /home/bok/ff_ws/install/type/local/lib/python3.10/dist-packages/type/srv/__init__.py
[1.284s] -- Up-to-date: /home/bok/ff_ws/install/type/local/lib/python3.10/dist-packages/type/type_s__rosidl_typesupport_introspection_c.cpython-310-x86_64-linux-gnu.so
[1.284s] -- Up-to-date: /home/bok/ff_ws/install/type/local/lib/python3.10/dist-packages/type/type_s__rosidl_typesupport_fastrtps_c.cpython-310-x86_64-linux-gnu.so
[1.284s] -- Up-to-date: /home/bok/ff_ws/install/type/local/lib/python3.10/dist-packages/type/_type_s.ep.rosidl_typesupport_introspection_c.c
[1.284s] -- Up-to-date: /home/bok/ff_ws/install/type/local/lib/python3.10/dist-packages/type/__init__.py
[1.285s] -- Up-to-date: /home/bok/ff_ws/install/type/local/lib/python3.10/dist-packages/type/_type_s.ep.rosidl_typesupport_fastrtps_c.c
[1.353s] Listing '/home/bok/ff_ws/install/type/local/lib/python3.10/dist-packages/type'...
[1.354s] Listing '/home/bok/ff_ws/install/type/local/lib/python3.10/dist-packages/type/srv'...
[1.362s] -- Up-to-date: /home/bok/ff_ws/install/type/local/lib/python3.10/dist-packages/type/type_s__rosidl_typesupport_fastrtps_c.cpython-310-x86_64-linux-gnu.so
[1.363s] -- Up-to-date: /home/bok/ff_ws/install/type/local/lib/python3.10/dist-packages/type/type_s__rosidl_typesupport_introspection_c.cpython-310-x86_64-linux-gnu.so
[1.364s] -- Up-to-date: /home/bok/ff_ws/install/type/local/lib/python3.10/dist-packages/type/type_s__rosidl_typesupport_c.cpython-310-x86_64-linux-gnu.so
[1.365s] -- Up-to-date: /home/bok/ff_ws/install/type/lib/libtype__rosidl_generator_py.so
[1.366s] -- Up-to-date: /home/bok/ff_ws/install/type/share/type/srv/StartTime.idl
[1.366s] -- Up-to-date: /home/bok/ff_ws/install/type/share/type/srv/StartTime.srv
[1.366s] -- Up-to-date: /home/bok/ff_ws/install/type/share/type/srv/StartTime_Request.msg
[1.367s] -- Up-to-date: /home/bok/ff_ws/install/type/share/type/srv/StartTime_Response.msg
[1.367s] -- Up-to-date: /home/bok/ff_ws/install/type/share/ament_index/resource_index/package_run_dependencies/type
[1.367s] -- Up-to-date: /home/bok/ff_ws/install/type/share/ament_index/resource_index/parent_prefix_path/type
[1.368s] -- Up-to-date: /home/bok/ff_ws/install/type/share/type/environment/ament_prefix_path.sh
[1.368s] -- Up-to-date: /home/bok/ff_ws/install/type/share/type/environment/ament_prefix_path.dsv
[1.368s] -- Up-to-date: /home/bok/ff_ws/install/type/share/type/environment/path.sh
[1.368s] -- Up-to-date: /home/bok/ff_ws/install/type/share/type/environment/path.dsv
[1.369s] -- Up-to-date: /home/bok/ff_ws/install/type/share/type/local_setup.bash
[1.369s] -- Up-to-date: /home/bok/ff_ws/install/type/share/type/local_setup.sh
[1.369s] -- Up-to-date: /home/bok/ff_ws/install/type/share/type/local_setup.zsh
[1.369s] -- Up-to-date: /home/bok/ff_ws/install/type/share/type/local_setup.dsv
[1.370s] -- Installing: /home/bok/ff_ws/install/type/share/type/package.dsv
[1.370s] -- Up-to-date: /home/bok/ff_ws/install/type/share/ament_index/resource_index/packages/type
[1.371s] -- Up-to-date: /home/bok/ff_ws/install/type/share/type/cmake/export_type__rosidl_generator_cExport.cmake
[1.371s] -- Up-to-date: /home/bok/ff_ws/install/type/share/type/cmake/export_type__rosidl_generator_cExport-noconfig.cmake
[1.372s] -- Up-to-date: /home/bok/ff_ws/install/type/share/type/cmake/export_type__rosidl_typesupport_fastrtps_cExport.cmake
[1.372s] -- Up-to-date: /home/bok/ff_ws/install/type/share/type/cmake/export_type__rosidl_typesupport_fastrtps_cExport-noconfig.cmake
[1.372s] -- Up-to-date: /home/bok/ff_ws/install/type/share/type/cmake/export_type__rosidl_generator_cppExport.cmake
[1.374s] -- Up-to-date: /home/bok/ff_ws/install/type/share/type/cmake/export_type__rosidl_typesupport_fastrtps_cppExport.cmake
[1.375s] -- Up-to-date: /home/bok/ff_ws/install/type/share/type/cmake/export_type__rosidl_typesupport_fastrtps_cppExport-noconfig.cmake
[1.375s] -- Up-to-date: /home/bok/ff_ws/install/type/share/type/cmake/type__rosidl_typesupport_introspection_cExport.cmake
[1.375s] -- Up-to-date: /home/bok/ff_ws/install/type/share/type/cmake/type__rosidl_typesupport_introspection_cExport-noconfig.cmake
[1.376s] -- Up-to-date: /home/bok/ff_ws/install/type/share/type/cmake/type__rosidl_typesupport_cExport.cmake
[1.376s] -- Up-to-date: /home/bok/ff_ws/install/type/share/type/cmake/type__rosidl_typesupport_cExport-noconfig.cmake
[1.376s] -- Up-to-date: /home/bok/ff_ws/install/type/share/type/cmake/type__rosidl_typesupport_introspection_cppExport.cmake
[1.377s] -- Up-to-date: /home/bok/ff_ws/install/type/share/type/cmake/type__rosidl_typesupport_introspection_cppExport-noconfig.cmake
[1.377s] -- Up-to-date: /home/bok/ff_ws/install/type/share/type/cmake/type__rosidl_typesupport_cppExport.cmake
[1.378s] -- Up-to-date: /home/bok/ff_ws/install/type/share/type/cmake/type__rosidl_typesupport_cppExport-noconfig.cmake
[1.378s] -- Up-to-date: /home/bok/ff_ws/install/type/share/type/cmake/export_type__rosidl_generator_pyExport.cmake
[1.378s] -- Up-to-date: /home/bok/ff_ws/install/type/share/type/cmake/export_type__rosidl_generator_pyExport-noconfig.cmake
[1.379s] -- Up-to-date: /home/bok/ff_ws/install/type/share/type/cmake/rosidl_cmake-extras.cmake
[1.379s] -- Up-to-date: /home/bok/ff_ws/install/type/share/type/cmake/ament_cmake_export_dependencies-extras.cmake
[1.379s] -- Up-to-date: /home/bok/ff_ws/install/type/share/type/cmake/ament_cmake_export_include_directories-extras.cmake
[1.379s] -- Up-to-date: /home/bok/ff_ws/install/type/share/type/cmake/ament_cmake_export_libraries-extras.cmake
[1.380s] -- Up-to-date: /home/bok/ff_ws/install/type/share/type/cmake/ament_cmake_export_targets-extras.cmake
[1.380s] -- Up-to-date: /home/bok/ff_ws/install/type/share/type/cmake/rosidl_cmake_export_typesupport_targets-extras.cmake
[1.381s] -- Up-to-date: /home/bok/ff_ws/install/type/share/type/cmake/rosidl_cmake_export_typesupport_libraries-extras.cmake
[1.381s] -- Up-to-date: /home/bok/ff_ws/install/type/share/type/cmake/typeConfig.cmake
[1.381s] -- Up-to-date: /home/bok/ff_ws/install/type/share/type/cmake/typeConfig-version.cmake
[1.383s] -- Up-to-date: /home/bok/ff_ws/install/type/share/type/package.xml
[1.388s] Invoked command in '/home/bok/ff_ws/build/type' returned '0': CMAKE_PREFIX_PATH=${CMAKE_PREFIX_PATH}:/home/bok/ff_ws/install/project:/home/bok/multitb_ws/install/get_data:/home/bok/ws_urdf/install/urdf_tutorial:/home/bok/ws_urdf/install/car_tutorial:/home/bok/turtlebot3_ws/install/turtlebot3_teleop:/home/bok/turtlebot3_ws/install/turtlebot3_example:/home/bok/baby_ws/install/bossbaby:/opt/ros/humble /usr/bin/cmake --install /home/bok/ff_ws/build/type
