[1.039s] Invoking command in '/home/bok/project_ws/src/turtlebot': PYTHONPATH=/home/bok/project_ws/build/turtlebot/prefix_override:/usr/lib/python3/dist-packages/colcon_core/task/python/colcon_distutils_commands:/home/bok/project_ws/install/turtlebot/lib/python3.10/site-packages:${PYTHONPATH} /usr/bin/python3 -W ignore:setup.py install is deprecated setup.py egg_info --egg-base ../../build/turtlebot build --build-base /home/bok/project_ws/build/turtlebot/build install --record /home/bok/project_ws/build/turtlebot/install.log --single-version-externally-managed install_data
[1.409s] running egg_info
[1.410s] writing ../../build/turtlebot/turtlebot.egg-info/PKG-INFO
[1.411s] writing dependency_links to ../../build/turtlebot/turtlebot.egg-info/dependency_links.txt
[1.411s] writing entry points to ../../build/turtlebot/turtlebot.egg-info/entry_points.txt
[1.411s] writing requirements to ../../build/turtlebot/turtlebot.egg-info/requires.txt
[1.412s] writing top-level names to ../../build/turtlebot/turtlebot.egg-info/top_level.txt
[1.415s] reading manifest file '../../build/turtlebot/turtlebot.egg-info/SOURCES.txt'
[1.417s] writing manifest file '../../build/turtlebot/turtlebot.egg-info/SOURCES.txt'
[1.418s] running build
[1.418s] running build_py
[1.418s] copying turtlebot/menu_gui.py -> /home/bok/project_ws/build/turtlebot/build/lib/turtlebot
[1.418s] running install
[1.418s] running install_lib
[1.420s] copying /home/bok/project_ws/build/turtlebot/build/lib/turtlebot/menu_gui.py -> /home/bok/project_ws/install/turtlebot/lib/python3.10/site-packages/turtlebot
[1.421s] byte-compiling /home/bok/project_ws/install/turtlebot/lib/python3.10/site-packages/turtlebot/menu_gui.py to menu_gui.cpython-310.pyc
[1.425s] running install_data
[1.426s] running install_egg_info
[1.429s] removing '/home/bok/project_ws/install/turtlebot/lib/python3.10/site-packages/turtlebot-0.0.0-py3.10.egg-info' (and everything under it)
[1.431s] Copying ../../build/turtlebot/turtlebot.egg-info to /home/bok/project_ws/install/turtlebot/lib/python3.10/site-packages/turtlebot-0.0.0-py3.10.egg-info
[1.433s] running install_scripts
[1.460s] Installing menu_gui script to /home/bok/project_ws/install/turtlebot/lib/turtlebot
[1.461s] Installing menu_sub script to /home/bok/project_ws/install/turtlebot/lib/turtlebot
[1.461s] Installing pub_topic script to /home/bok/project_ws/install/turtlebot/lib/turtlebot
[1.461s] Installing send_goal script to /home/bok/project_ws/install/turtlebot/lib/turtlebot
[1.461s] Installing sub_topic script to /home/bok/project_ws/install/turtlebot/lib/turtlebot
[1.461s] Installing turtle3_gui script to /home/bok/project_ws/install/turtlebot/lib/turtlebot
[1.461s] Installing turtle3_gui2 script to /home/bok/project_ws/install/turtlebot/lib/turtlebot
[1.462s] writing list of installed files to '/home/bok/project_ws/build/turtlebot/install.log'
[1.500s] Invoked command in '/home/bok/project_ws/src/turtlebot' returned '0': PYTHONPATH=/home/bok/project_ws/build/turtlebot/prefix_override:/usr/lib/python3/dist-packages/colcon_core/task/python/colcon_distutils_commands:/home/bok/project_ws/install/turtlebot/lib/python3.10/site-packages:${PYTHONPATH} /usr/bin/python3 -W ignore:setup.py install is deprecated setup.py egg_info --egg-base ../../build/turtlebot build --build-base /home/bok/project_ws/build/turtlebot/build install --record /home/bok/project_ws/build/turtlebot/install.log --single-version-externally-managed install_data
