[1.617s] Invoking command in '/home/bok/ff_ws/src/project': PYTHONPATH=/home/bok/ff_ws/build/project/prefix_override:/usr/lib/python3/dist-packages/colcon_core/task/python/colcon_distutils_commands:/home/bok/ff_ws/install/project/lib/python3.10/site-packages:${PYTHONPATH} /usr/bin/python3 -W ignore:setup.py install is deprecated setup.py egg_info --egg-base ../../build/project build --build-base /home/bok/ff_ws/build/project/build install --record /home/bok/ff_ws/build/project/install.log --single-version-externally-managed install_data
[1.913s] /home/bok/.local/lib/python3.10/site-packages/setuptools/_distutils/dist.py:261: UserWarning: Unknown distribution option: 'tests_require'
[1.914s]   warnings.warn(msg)
[2.085s] running egg_info
[2.111s] writing ../../build/project/project.egg-info/PKG-INFO
[2.111s] writing dependency_links to ../../build/project/project.egg-info/dependency_links.txt
[2.112s] writing entry points to ../../build/project/project.egg-info/entry_points.txt
[2.112s] writing requirements to ../../build/project/project.egg-info/requires.txt
[2.112s] writing top-level names to ../../build/project/project.egg-info/top_level.txt
[2.171s] reading manifest file '../../build/project/project.egg-info/SOURCES.txt'
[2.173s] writing manifest file '../../build/project/project.egg-info/SOURCES.txt'
[2.173s] running build
[2.173s] running build_py
[2.174s] copying project/fix_rotation.py -> /home/bok/ff_ws/build/project/build/lib/project
[2.174s] copying project/temp.py -> /home/bok/ff_ws/build/project/build/lib/project
[2.174s] copying project/control_tower_server.py -> /home/bok/ff_ws/build/project/build/lib/project
[2.175s] copying project/subscription.py -> /home/bok/ff_ws/build/project/build/lib/project
[2.175s] copying project/manipulator.py -> /home/bok/ff_ws/build/project/build/lib/project
[2.175s] copying project/control_tower.py -> /home/bok/ff_ws/build/project/build/lib/project
[2.175s] copying project/camera.py -> /home/bok/ff_ws/build/project/build/lib/project
[2.176s] copying project/inverse_test.py -> /home/bok/ff_ws/build/project/build/lib/project
[2.176s] copying project/nnnn.py -> /home/bok/ff_ws/build/project/build/lib/project
[2.176s] copying project/__init__.py -> /home/bok/ff_ws/build/project/build/lib/project
[2.177s] running install
[2.185s] running install_lib
[2.215s] copying /home/bok/ff_ws/build/project/build/lib/project/control_tower_server.py -> /home/bok/ff_ws/install/project/lib/python3.10/site-packages/project
[2.217s] byte-compiling /home/bok/ff_ws/install/project/lib/python3.10/site-packages/project/control_tower_server.py to control_tower_server.cpython-310.pyc
[2.220s] running install_data
[2.220s] copying resource/project -> /home/bok/ff_ws/install/project/share/ament_index/resource_index/packages
[2.221s] copying package.xml -> /home/bok/ff_ws/install/project/share/project
[2.221s] running install_egg_info
[2.255s] removing '/home/bok/ff_ws/install/project/lib/python3.10/site-packages/project-0.0.0-py3.10.egg-info' (and everything under it)
[2.257s] Copying ../../build/project/project.egg-info to /home/bok/ff_ws/install/project/lib/python3.10/site-packages/project-0.0.0-py3.10.egg-info
[2.257s] running install_scripts
[2.492s] Installing camera script to /home/bok/ff_ws/install/project/lib/project
[2.492s] Installing control_tower script to /home/bok/ff_ws/install/project/lib/project
[2.492s] Installing mani_control script to /home/bok/ff_ws/install/project/lib/project
[2.493s] Installing server script to /home/bok/ff_ws/install/project/lib/project
[2.493s] writing list of installed files to '/home/bok/ff_ws/build/project/install.log'
[2.540s] Invoked command in '/home/bok/ff_ws/src/project' returned '0': PYTHONPATH=/home/bok/ff_ws/build/project/prefix_override:/usr/lib/python3/dist-packages/colcon_core/task/python/colcon_distutils_commands:/home/bok/ff_ws/install/project/lib/python3.10/site-packages:${PYTHONPATH} /usr/bin/python3 -W ignore:setup.py install is deprecated setup.py egg_info --egg-base ../../build/project build --build-base /home/bok/ff_ws/build/project/build install --record /home/bok/ff_ws/build/project/install.log --single-version-externally-managed install_data
