[1.515s] Invoking command in '/home/bok/ff_ws/src/project': PYTHONPATH=/home/bok/ff_ws/build/project/prefix_override:/usr/lib/python3/dist-packages/colcon_core/task/python/colcon_distutils_commands:/home/bok/ff_ws/install/project/lib/python3.10/site-packages:${PYTHONPATH} /usr/bin/python3 -W ignore:setup.py install is deprecated setup.py egg_info --egg-base ../../build/project build --build-base /home/bok/ff_ws/build/project/build install --record /home/bok/ff_ws/build/project/install.log --single-version-externally-managed install_data
[1.858s] /home/bok/.local/lib/python3.10/site-packages/setuptools/_distutils/dist.py:261: UserWarning: Unknown distribution option: 'tests_require'
[1.859s]   warnings.warn(msg)
[2.120s] running egg_info
[2.164s] writing ../../build/project/project.egg-info/PKG-INFO
[2.165s] writing dependency_links to ../../build/project/project.egg-info/dependency_links.txt
[2.166s] writing entry points to ../../build/project/project.egg-info/entry_points.txt
[2.169s] writing requirements to ../../build/project/project.egg-info/requires.txt
[2.169s] writing top-level names to ../../build/project/project.egg-info/top_level.txt
[2.264s] reading manifest file '../../build/project/project.egg-info/SOURCES.txt'
[2.269s] writing manifest file '../../build/project/project.egg-info/SOURCES.txt'
[2.271s] running build
[2.271s] running build_py
[2.271s] copying project/fix_rotation.py -> /home/bok/ff_ws/build/project/build/lib/project
[2.274s] copying project/temp.py -> /home/bok/ff_ws/build/project/build/lib/project
[2.274s] copying project/control_tower_server.py -> /home/bok/ff_ws/build/project/build/lib/project
[2.276s] copying project/subscription.py -> /home/bok/ff_ws/build/project/build/lib/project
[2.276s] copying project/manipulator.py -> /home/bok/ff_ws/build/project/build/lib/project
[2.276s] copying project/control_tower.py -> /home/bok/ff_ws/build/project/build/lib/project
[2.276s] copying project/camera.py -> /home/bok/ff_ws/build/project/build/lib/project
[2.276s] copying project/inverse_test.py -> /home/bok/ff_ws/build/project/build/lib/project
[2.278s] copying project/nnnn.py -> /home/bok/ff_ws/build/project/build/lib/project
[2.278s] copying project/__init__.py -> /home/bok/ff_ws/build/project/build/lib/project
[2.278s] running install
[2.289s] running install_lib
[2.334s] copying /home/bok/ff_ws/build/project/build/lib/project/control_tower_server.py -> /home/bok/ff_ws/install/project/lib/python3.10/site-packages/project
[2.335s] copying /home/bok/ff_ws/build/project/build/lib/project/subscription.py -> /home/bok/ff_ws/install/project/lib/python3.10/site-packages/project
[2.336s] copying /home/bok/ff_ws/build/project/build/lib/project/control_tower.py -> /home/bok/ff_ws/install/project/lib/python3.10/site-packages/project
[2.336s] copying /home/bok/ff_ws/build/project/build/lib/project/camera.py -> /home/bok/ff_ws/install/project/lib/python3.10/site-packages/project
[2.339s] byte-compiling /home/bok/ff_ws/install/project/lib/python3.10/site-packages/project/control_tower_server.py to control_tower_server.cpython-310.pyc
[2.342s] byte-compiling /home/bok/ff_ws/install/project/lib/python3.10/site-packages/project/subscription.py to subscription.cpython-310.pyc
[2.347s] byte-compiling /home/bok/ff_ws/install/project/lib/python3.10/site-packages/project/control_tower.py to control_tower.cpython-310.pyc
[2.355s] byte-compiling /home/bok/ff_ws/install/project/lib/python3.10/site-packages/project/camera.py to camera.cpython-310.pyc
[2.358s] running install_data
[2.358s] copying resource/project -> /home/bok/ff_ws/install/project/share/ament_index/resource_index/packages
[2.359s] copying package.xml -> /home/bok/ff_ws/install/project/share/project
[2.360s] copying launch/project.launch.py -> /home/bok/ff_ws/install/project/share/project/launch
[2.360s] running install_egg_info
[2.408s] removing '/home/bok/ff_ws/install/project/lib/python3.10/site-packages/project-0.0.0-py3.10.egg-info' (and everything under it)
[2.408s] Copying ../../build/project/project.egg-info to /home/bok/ff_ws/install/project/lib/python3.10/site-packages/project-0.0.0-py3.10.egg-info
[2.410s] running install_scripts
[2.737s] Installing camera script to /home/bok/ff_ws/install/project/lib/project
[2.737s] Installing control_tower script to /home/bok/ff_ws/install/project/lib/project
[2.737s] Installing fix_rotation script to /home/bok/ff_ws/install/project/lib/project
[2.742s] Installing mani_control script to /home/bok/ff_ws/install/project/lib/project
[2.742s] Installing server script to /home/bok/ff_ws/install/project/lib/project
[2.743s] writing list of installed files to '/home/bok/ff_ws/build/project/install.log'
[2.794s] Invoked command in '/home/bok/ff_ws/src/project' returned '0': PYTHONPATH=/home/bok/ff_ws/build/project/prefix_override:/usr/lib/python3/dist-packages/colcon_core/task/python/colcon_distutils_commands:/home/bok/ff_ws/install/project/lib/python3.10/site-packages:${PYTHONPATH} /usr/bin/python3 -W ignore:setup.py install is deprecated setup.py egg_info --egg-base ../../build/project build --build-base /home/bok/ff_ws/build/project/build install --record /home/bok/ff_ws/build/project/install.log --single-version-externally-managed install_data
