[1.415s] Invoking command in '/home/bok/multitb_ws/src/get_data': PYTHONPATH=/home/bok/multitb_ws/build/get_data/prefix_override:/usr/lib/python3/dist-packages/colcon_core/task/python/colcon_distutils_commands:/home/bok/multitb_ws/install/get_data/lib/python3.10/site-packages:${PYTHONPATH} /usr/bin/python3 -W ignore:setup.py install is deprecated setup.py egg_info --egg-base ../../build/get_data build --build-base /home/bok/multitb_ws/build/get_data/build install --record /home/bok/multitb_ws/build/get_data/install.log --single-version-externally-managed install_data
[1.805s] running egg_info
[1.830s] writing ../../build/get_data/get_data.egg-info/PKG-INFO
[1.831s] writing dependency_links to ../../build/get_data/get_data.egg-info/dependency_links.txt
[1.832s] writing entry points to ../../build/get_data/get_data.egg-info/entry_points.txt
[1.832s] writing requirements to ../../build/get_data/get_data.egg-info/requires.txt
[1.832s] writing top-level names to ../../build/get_data/get_data.egg-info/top_level.txt
[1.888s] reading manifest file '../../build/get_data/get_data.egg-info/SOURCES.txt'
[1.889s] writing manifest file '../../build/get_data/get_data.egg-info/SOURCES.txt'
[1.890s] running build
[1.890s] running build_py
[1.890s] copying get_data/yolo.py -> /home/bok/multitb_ws/build/get_data/build/lib/get_data
[1.891s] copying get_data/thief_spawn.py -> /home/bok/multitb_ws/build/get_data/build/lib/get_data
[1.891s] copying get_data/get_data.py -> /home/bok/multitb_ws/build/get_data/build/lib/get_data
[1.891s] copying get_data/qt_update.py -> /home/bok/multitb_ws/build/get_data/build/lib/get_data
[1.892s] copying get_data/__init__.py -> /home/bok/multitb_ws/build/get_data/build/lib/get_data
[1.892s] running install
[1.900s] running install_lib
[1.927s] running install_data
[1.927s] copying resource/get_data -> /home/bok/multitb_ws/install/get_data/share/ament_index/resource_index/packages
[1.928s] copying package.xml -> /home/bok/multitb_ws/install/get_data/share/get_data
[1.928s] running install_egg_info
[1.959s] removing '/home/bok/multitb_ws/install/get_data/lib/python3.10/site-packages/get_data-0.0.0-py3.10.egg-info' (and everything under it)
[1.959s] Copying ../../build/get_data/get_data.egg-info to /home/bok/multitb_ws/install/get_data/lib/python3.10/site-packages/get_data-0.0.0-py3.10.egg-info
[1.961s] running install_scripts
[2.182s] Installing camera script to /home/bok/multitb_ws/install/get_data/lib/get_data
[2.182s] Installing get_data script to /home/bok/multitb_ws/install/get_data/lib/get_data
[2.182s] Installing qt_update script to /home/bok/multitb_ws/install/get_data/lib/get_data
[2.182s] Installing thief_spawn script to /home/bok/multitb_ws/install/get_data/lib/get_data
[2.183s] writing list of installed files to '/home/bok/multitb_ws/build/get_data/install.log'
[2.222s] Invoked command in '/home/bok/multitb_ws/src/get_data' returned '0': PYTHONPATH=/home/bok/multitb_ws/build/get_data/prefix_override:/usr/lib/python3/dist-packages/colcon_core/task/python/colcon_distutils_commands:/home/bok/multitb_ws/install/get_data/lib/python3.10/site-packages:${PYTHONPATH} /usr/bin/python3 -W ignore:setup.py install is deprecated setup.py egg_info --egg-base ../../build/get_data build --build-base /home/bok/multitb_ws/build/get_data/build install --record /home/bok/multitb_ws/build/get_data/install.log --single-version-externally-managed install_data
