[1.629s] Invoking command in '/home/bok/ff_ws/src/project': PYTHONPATH=/home/bok/ff_ws/build/project/prefix_override:/usr/lib/python3/dist-packages/colcon_core/task/python/colcon_distutils_commands:/home/bok/ff_ws/install/project/lib/python3.10/site-packages:${PYTHONPATH} /usr/bin/python3 -W ignore:setup.py install is deprecated setup.py egg_info --egg-base ../../build/project build --build-base /home/bok/ff_ws/build/project/build install --record /home/bok/ff_ws/build/project/install.log --single-version-externally-managed install_data
[2.087s] /home/bok/.local/lib/python3.10/site-packages/setuptools/_distutils/dist.py:261: UserWarning: Unknown distribution option: 'tests_require'
[2.087s]   warnings.warn(msg)
[2.273s] running egg_info
[2.301s] writing ../../build/project/project.egg-info/PKG-INFO
[2.301s] writing dependency_links to ../../build/project/project.egg-info/dependency_links.txt
[2.302s] writing entry points to ../../build/project/project.egg-info/entry_points.txt
[2.302s] writing requirements to ../../build/project/project.egg-info/requires.txt
[2.302s] writing top-level names to ../../build/project/project.egg-info/top_level.txt
[2.365s] reading manifest file '../../build/project/project.egg-info/SOURCES.txt'
[2.367s] writing manifest file '../../build/project/project.egg-info/SOURCES.txt'
[2.367s] running build
[2.367s] running build_py
[2.368s] copying project/fix_rotation.py -> /home/bok/ff_ws/build/project/build/lib/project
[2.369s] copying project/temp.py -> /home/bok/ff_ws/build/project/build/lib/project
[2.369s] copying project/control_tower_server.py -> /home/bok/ff_ws/build/project/build/lib/project
[2.369s] copying project/subscription.py -> /home/bok/ff_ws/build/project/build/lib/project
[2.370s] copying project/manipulator.py -> /home/bok/ff_ws/build/project/build/lib/project
[2.370s] copying project/control_tower.py -> /home/bok/ff_ws/build/project/build/lib/project
[2.370s] copying project/camera.py -> /home/bok/ff_ws/build/project/build/lib/project
[2.371s] copying project/inverse_test.py -> /home/bok/ff_ws/build/project/build/lib/project
[2.371s] copying project/nnnn.py -> /home/bok/ff_ws/build/project/build/lib/project
[2.371s] copying project/__init__.py -> /home/bok/ff_ws/build/project/build/lib/project
[2.372s] running install
[2.382s] running install_lib
[2.425s] running install_data
[2.425s] copying resource/project -> /home/bok/ff_ws/install/project/share/ament_index/resource_index/packages
[2.426s] copying package.xml -> /home/bok/ff_ws/install/project/share/project
[2.428s] running install_egg_info
[2.471s] removing '/home/bok/ff_ws/install/project/lib/python3.10/site-packages/project-0.0.0-py3.10.egg-info' (and everything under it)
[2.474s] Copying ../../build/project/project.egg-info to /home/bok/ff_ws/install/project/lib/python3.10/site-packages/project-0.0.0-py3.10.egg-info
[2.477s] running install_scripts
[2.980s] Installing camera script to /home/bok/ff_ws/install/project/lib/project
[2.980s] Installing control_tower script to /home/bok/ff_ws/install/project/lib/project
[2.980s] Installing mani_control script to /home/bok/ff_ws/install/project/lib/project
[2.980s] Installing server script to /home/bok/ff_ws/install/project/lib/project
[2.980s] writing list of installed files to '/home/bok/ff_ws/build/project/install.log'
[3.050s] Invoked command in '/home/bok/ff_ws/src/project' returned '0': PYTHONPATH=/home/bok/ff_ws/build/project/prefix_override:/usr/lib/python3/dist-packages/colcon_core/task/python/colcon_distutils_commands:/home/bok/ff_ws/install/project/lib/python3.10/site-packages:${PYTHONPATH} /usr/bin/python3 -W ignore:setup.py install is deprecated setup.py egg_info --egg-base ../../build/project build --build-base /home/bok/ff_ws/build/project/build install --record /home/bok/ff_ws/build/project/install.log --single-version-externally-managed install_data
