[0.034s] Invoking command in '/home/bok/project_ws/build/order_msgs': CMAKE_PREFIX_PATH=${CMAKE_PREFIX_PATH}:/home/bok/project_ws/install/turtlebot:/home/bok/project_ws/src/install/turtlebot:/home/bok/turtlebot3_ws/install/turtlebot3_teleop:/home/bok/turtlebot3_ws/install/turtlebot3_example:/home/bok/ros2_ws/install/ros_study_py:/home/bok/ros2_ws/install/ex_calculator:/home/bok/ros2_ws/install/py_pubsub:/home/bok/ros2_ws/src/install/ros_study_py:/home/bok/ros2_ws/src/install/ex_calculator:/opt/ros/humble /usr/bin/cmake --build /home/bok/project_ws/build/order_msgs -- -j4 -l4
[0.182s] [  3%] Built target order_msgs__cpp
[0.183s] [ 12%] Built target order_msgs__rosidl_generator_c
[0.253s] [ 12%] Built target ament_cmake_python_copy_order_msgs
[0.263s] [ 22%] Built target order_msgs__rosidl_typesupport_cpp
[0.290s] [ 32%] Built target order_msgs__rosidl_typesupport_introspection_cpp
[0.300s] [ 41%] Built target order_msgs__rosidl_typesupport_fastrtps_cpp
[0.358s] [ 51%] Built target order_msgs__rosidl_typesupport_introspection_c
[0.384s] [ 61%] Built target order_msgs__rosidl_typesupport_fastrtps_c
[0.389s] [ 70%] Built target order_msgs__rosidl_typesupport_c
[0.430s] [ 70%] Built target order_msgs
[0.521s] [ 74%] Built target order_msgs__py
[0.590s] [ 80%] Built target order_msgs__rosidl_generator_py
[0.679s] [ 87%] Built target order_msgs__rosidl_typesupport_introspection_c__pyext
[0.692s] [ 93%] Built target order_msgs__rosidl_typesupport_fastrtps_c__pyext
[0.703s] [100%] Built target order_msgs__rosidl_typesupport_c__pyext
[1.293s] running egg_info
[1.297s] writing order_msgs.egg-info/PKG-INFO
[1.297s] writing dependency_links to order_msgs.egg-info/dependency_links.txt
[1.297s] writing top-level names to order_msgs.egg-info/top_level.txt
[1.300s] reading manifest file 'order_msgs.egg-info/SOURCES.txt'
[1.302s] writing manifest file 'order_msgs.egg-info/SOURCES.txt'
[1.373s] [100%] Built target ament_cmake_python_build_order_msgs_egg
[1.394s] Invoked command in '/home/bok/project_ws/build/order_msgs' returned '0': CMAKE_PREFIX_PATH=${CMAKE_PREFIX_PATH}:/home/bok/project_ws/install/turtlebot:/home/bok/project_ws/src/install/turtlebot:/home/bok/turtlebot3_ws/install/turtlebot3_teleop:/home/bok/turtlebot3_ws/install/turtlebot3_example:/home/bok/ros2_ws/install/ros_study_py:/home/bok/ros2_ws/install/ex_calculator:/home/bok/ros2_ws/install/py_pubsub:/home/bok/ros2_ws/src/install/ros_study_py:/home/bok/ros2_ws/src/install/ex_calculator:/opt/ros/humble /usr/bin/cmake --build /home/bok/project_ws/build/order_msgs -- -j4 -l4
[1.531s] Invoking command in '/home/bok/project_ws/build/order_msgs': CMAKE_PREFIX_PATH=${CMAKE_PREFIX_PATH}:/home/bok/project_ws/install/turtlebot:/home/bok/project_ws/src/install/turtlebot:/home/bok/turtlebot3_ws/install/turtlebot3_teleop:/home/bok/turtlebot3_ws/install/turtlebot3_example:/home/bok/ros2_ws/install/ros_study_py:/home/bok/ros2_ws/install/ex_calculator:/home/bok/ros2_ws/install/py_pubsub:/home/bok/ros2_ws/src/install/ros_study_py:/home/bok/ros2_ws/src/install/ex_calculator:/opt/ros/humble /usr/bin/cmake --install /home/bok/project_ws/build/order_msgs
[1.542s] -- Install configuration: ""
[1.542s] -- Up-to-date: /home/bok/project_ws/install/order_msgs/share/ament_index/resource_index/rosidl_interfaces/order_msgs
[1.542s] -- Up-to-date: /home/bok/project_ws/install/order_msgs/include/order_msgs/order_msgs
[1.543s] -- Up-to-date: /home/bok/project_ws/install/order_msgs/include/order_msgs/order_msgs/srv
[1.543s] -- Up-to-date: /home/bok/project_ws/install/order_msgs/include/order_msgs/order_msgs/srv/order.h
[1.543s] -- Up-to-date: /home/bok/project_ws/install/order_msgs/include/order_msgs/order_msgs/srv/order_food.h
[1.543s] -- Up-to-date: /home/bok/project_ws/install/order_msgs/include/order_msgs/order_msgs/srv/detail
[1.543s] -- Up-to-date: /home/bok/project_ws/install/order_msgs/include/order_msgs/order_msgs/srv/detail/order__struct.h
[1.544s] -- Up-to-date: /home/bok/project_ws/install/order_msgs/include/order_msgs/order_msgs/srv/detail/order_food__struct.h
[1.544s] -- Up-to-date: /home/bok/project_ws/install/order_msgs/include/order_msgs/order_msgs/srv/detail/order_food__functions.c
[1.544s] -- Up-to-date: /home/bok/project_ws/install/order_msgs/include/order_msgs/order_msgs/srv/detail/order_food__functions.h
[1.544s] -- Up-to-date: /home/bok/project_ws/install/order_msgs/include/order_msgs/order_msgs/srv/detail/order_food__type_support.h
[1.544s] -- Up-to-date: /home/bok/project_ws/install/order_msgs/include/order_msgs/order_msgs/srv/detail/order__functions.c
[1.544s] -- Up-to-date: /home/bok/project_ws/install/order_msgs/include/order_msgs/order_msgs/srv/detail/order__type_support.h
[1.544s] -- Up-to-date: /home/bok/project_ws/install/order_msgs/include/order_msgs/order_msgs/srv/detail/order__functions.h
[1.544s] -- Up-to-date: /home/bok/project_ws/install/order_msgs/include/order_msgs/order_msgs/msg
[1.545s] -- Up-to-date: /home/bok/project_ws/install/order_msgs/include/order_msgs/order_msgs/msg/order_msg.h
[1.545s] -- Up-to-date: /home/bok/project_ws/install/order_msgs/include/order_msgs/order_msgs/msg/rosidl_generator_c__visibility_control.h
[1.545s] -- Up-to-date: /home/bok/project_ws/install/order_msgs/include/order_msgs/order_msgs/msg/detail
[1.545s] -- Up-to-date: /home/bok/project_ws/install/order_msgs/include/order_msgs/order_msgs/msg/detail/order_msg__functions.c
[1.545s] -- Up-to-date: /home/bok/project_ws/install/order_msgs/include/order_msgs/order_msgs/msg/detail/order_msg__struct.h
[1.545s] -- Up-to-date: /home/bok/project_ws/install/order_msgs/include/order_msgs/order_msgs/msg/detail/order_msg__type_support.h
[1.546s] -- Up-to-date: /home/bok/project_ws/install/order_msgs/include/order_msgs/order_msgs/msg/detail/order_msg__functions.h
[1.546s] -- Up-to-date: /home/bok/project_ws/install/order_msgs/share/order_msgs/environment/library_path.sh
[1.546s] -- Up-to-date: /home/bok/project_ws/install/order_msgs/share/order_msgs/environment/library_path.dsv
[1.546s] -- Up-to-date: /home/bok/project_ws/install/order_msgs/lib/liborder_msgs__rosidl_generator_c.so
[1.546s] -- Up-to-date: /home/bok/project_ws/install/order_msgs/include/order_msgs/order_msgs
[1.547s] -- Up-to-date: /home/bok/project_ws/install/order_msgs/include/order_msgs/order_msgs/srv
[1.547s] -- Up-to-date: /home/bok/project_ws/install/order_msgs/include/order_msgs/order_msgs/srv/detail
[1.547s] -- Up-to-date: /home/bok/project_ws/install/order_msgs/include/order_msgs/order_msgs/srv/detail/order_food__rosidl_typesupport_fastrtps_c.h
[1.547s] -- Up-to-date: /home/bok/project_ws/install/order_msgs/include/order_msgs/order_msgs/srv/detail/order__rosidl_typesupport_fastrtps_c.h
[1.547s] -- Up-to-date: /home/bok/project_ws/install/order_msgs/include/order_msgs/order_msgs/msg
[1.548s] -- Up-to-date: /home/bok/project_ws/install/order_msgs/include/order_msgs/order_msgs/msg/rosidl_typesupport_fastrtps_c__visibility_control.h
[1.548s] -- Up-to-date: /home/bok/project_ws/install/order_msgs/include/order_msgs/order_msgs/msg/detail
[1.548s] -- Up-to-date: /home/bok/project_ws/install/order_msgs/include/order_msgs/order_msgs/msg/detail/order_msg__rosidl_typesupport_fastrtps_c.h
[1.548s] -- Up-to-date: /home/bok/project_ws/install/order_msgs/lib/liborder_msgs__rosidl_typesupport_fastrtps_c.so
[1.548s] -- Up-to-date: /home/bok/project_ws/install/order_msgs/include/order_msgs/order_msgs
[1.548s] -- Up-to-date: /home/bok/project_ws/install/order_msgs/include/order_msgs/order_msgs/srv
[1.548s] -- Up-to-date: /home/bok/project_ws/install/order_msgs/include/order_msgs/order_msgs/srv/detail
[1.548s] -- Up-to-date: /home/bok/project_ws/install/order_msgs/include/order_msgs/order_msgs/srv/detail/order__type_support.c
[1.549s] -- Up-to-date: /home/bok/project_ws/install/order_msgs/include/order_msgs/order_msgs/srv/detail/order_food__type_support.c
[1.549s] -- Up-to-date: /home/bok/project_ws/install/order_msgs/include/order_msgs/order_msgs/srv/detail/order__rosidl_typesupport_introspection_c.h
[1.549s] -- Up-to-date: /home/bok/project_ws/install/order_msgs/include/order_msgs/order_msgs/srv/detail/order_food__rosidl_typesupport_introspection_c.h
[1.549s] -- Up-to-date: /home/bok/project_ws/install/order_msgs/include/order_msgs/order_msgs/msg
[1.549s] -- Up-to-date: /home/bok/project_ws/install/order_msgs/include/order_msgs/order_msgs/msg/rosidl_typesupport_introspection_c__visibility_control.h
[1.550s] -- Up-to-date: /home/bok/project_ws/install/order_msgs/include/order_msgs/order_msgs/msg/detail
[1.550s] -- Up-to-date: /home/bok/project_ws/install/order_msgs/include/order_msgs/order_msgs/msg/detail/order_msg__type_support.c
[1.550s] -- Up-to-date: /home/bok/project_ws/install/order_msgs/include/order_msgs/order_msgs/msg/detail/order_msg__rosidl_typesupport_introspection_c.h
[1.550s] -- Up-to-date: /home/bok/project_ws/install/order_msgs/lib/liborder_msgs__rosidl_typesupport_introspection_c.so
[1.551s] -- Up-to-date: /home/bok/project_ws/install/order_msgs/lib/liborder_msgs__rosidl_typesupport_c.so
[1.551s] -- Up-to-date: /home/bok/project_ws/install/order_msgs/include/order_msgs/order_msgs
[1.551s] -- Up-to-date: /home/bok/project_ws/install/order_msgs/include/order_msgs/order_msgs/srv
[1.551s] -- Up-to-date: /home/bok/project_ws/install/order_msgs/include/order_msgs/order_msgs/srv/order_food.hpp
[1.551s] -- Up-to-date: /home/bok/project_ws/install/order_msgs/include/order_msgs/order_msgs/srv/order.hpp
[1.551s] -- Up-to-date: /home/bok/project_ws/install/order_msgs/include/order_msgs/order_msgs/srv/detail
[1.552s] -- Up-to-date: /home/bok/project_ws/install/order_msgs/include/order_msgs/order_msgs/srv/detail/order_food__traits.hpp
[1.552s] -- Up-to-date: /home/bok/project_ws/install/order_msgs/include/order_msgs/order_msgs/srv/detail/order_food__builder.hpp
[1.552s] -- Up-to-date: /home/bok/project_ws/install/order_msgs/include/order_msgs/order_msgs/srv/detail/order__struct.hpp
[1.553s] -- Up-to-date: /home/bok/project_ws/install/order_msgs/include/order_msgs/order_msgs/srv/detail/order__traits.hpp
[1.553s] -- Up-to-date: /home/bok/project_ws/install/order_msgs/include/order_msgs/order_msgs/srv/detail/order_food__struct.hpp
[1.554s] -- Up-to-date: /home/bok/project_ws/install/order_msgs/include/order_msgs/order_msgs/srv/detail/order__builder.hpp
[1.554s] -- Up-to-date: /home/bok/project_ws/install/order_msgs/include/order_msgs/order_msgs/msg
[1.556s] -- Up-to-date: /home/bok/project_ws/install/order_msgs/include/order_msgs/order_msgs/msg/order_msg.hpp
[1.556s] -- Up-to-date: /home/bok/project_ws/install/order_msgs/include/order_msgs/order_msgs/msg/detail
[1.557s] -- Up-to-date: /home/bok/project_ws/install/order_msgs/include/order_msgs/order_msgs/msg/detail/order_msg__traits.hpp
[1.557s] -- Up-to-date: /home/bok/project_ws/install/order_msgs/include/order_msgs/order_msgs/msg/detail/order_msg__builder.hpp
[1.557s] -- Up-to-date: /home/bok/project_ws/install/order_msgs/include/order_msgs/order_msgs/msg/detail/order_msg__struct.hpp
[1.557s] -- Up-to-date: /home/bok/project_ws/install/order_msgs/include/order_msgs/order_msgs
[1.557s] -- Up-to-date: /home/bok/project_ws/install/order_msgs/include/order_msgs/order_msgs/srv
[1.558s] -- Up-to-date: /home/bok/project_ws/install/order_msgs/include/order_msgs/order_msgs/srv/detail
[1.558s] -- Up-to-date: /home/bok/project_ws/install/order_msgs/include/order_msgs/order_msgs/srv/detail/dds_fastrtps
[1.558s] -- Up-to-date: /home/bok/project_ws/install/order_msgs/include/order_msgs/order_msgs/srv/detail/order_food__rosidl_typesupport_fastrtps_cpp.hpp
[1.559s] -- Up-to-date: /home/bok/project_ws/install/order_msgs/include/order_msgs/order_msgs/srv/detail/order__rosidl_typesupport_fastrtps_cpp.hpp
[1.559s] -- Up-to-date: /home/bok/project_ws/install/order_msgs/include/order_msgs/order_msgs/msg
[1.559s] -- Up-to-date: /home/bok/project_ws/install/order_msgs/include/order_msgs/order_msgs/msg/rosidl_typesupport_fastrtps_cpp__visibility_control.h
[1.559s] -- Up-to-date: /home/bok/project_ws/install/order_msgs/include/order_msgs/order_msgs/msg/detail
[1.559s] -- Up-to-date: /home/bok/project_ws/install/order_msgs/include/order_msgs/order_msgs/msg/detail/dds_fastrtps
[1.559s] -- Up-to-date: /home/bok/project_ws/install/order_msgs/include/order_msgs/order_msgs/msg/detail/order_msg__rosidl_typesupport_fastrtps_cpp.hpp
[1.559s] -- Up-to-date: /home/bok/project_ws/install/order_msgs/lib/liborder_msgs__rosidl_typesupport_fastrtps_cpp.so
[1.560s] -- Up-to-date: /home/bok/project_ws/install/order_msgs/include/order_msgs/order_msgs
[1.560s] -- Up-to-date: /home/bok/project_ws/install/order_msgs/include/order_msgs/order_msgs/srv
[1.560s] -- Up-to-date: /home/bok/project_ws/install/order_msgs/include/order_msgs/order_msgs/srv/detail
[1.560s] -- Up-to-date: /home/bok/project_ws/install/order_msgs/include/order_msgs/order_msgs/srv/detail/order__type_support.cpp
[1.560s] -- Up-to-date: /home/bok/project_ws/install/order_msgs/include/order_msgs/order_msgs/srv/detail/order__rosidl_typesupport_introspection_cpp.hpp
[1.560s] -- Up-to-date: /home/bok/project_ws/install/order_msgs/include/order_msgs/order_msgs/srv/detail/order_food__rosidl_typesupport_introspection_cpp.hpp
[1.560s] -- Up-to-date: /home/bok/project_ws/install/order_msgs/include/order_msgs/order_msgs/srv/detail/order_food__type_support.cpp
[1.561s] -- Up-to-date: /home/bok/project_ws/install/order_msgs/include/order_msgs/order_msgs/msg
[1.561s] -- Up-to-date: /home/bok/project_ws/install/order_msgs/include/order_msgs/order_msgs/msg/detail
[1.561s] -- Up-to-date: /home/bok/project_ws/install/order_msgs/include/order_msgs/order_msgs/msg/detail/order_msg__type_support.cpp
[1.561s] -- Up-to-date: /home/bok/project_ws/install/order_msgs/include/order_msgs/order_msgs/msg/detail/order_msg__rosidl_typesupport_introspection_cpp.hpp
[1.561s] -- Up-to-date: /home/bok/project_ws/install/order_msgs/lib/liborder_msgs__rosidl_typesupport_introspection_cpp.so
[1.561s] -- Up-to-date: /home/bok/project_ws/install/order_msgs/lib/liborder_msgs__rosidl_typesupport_cpp.so
[1.562s] -- Up-to-date: /home/bok/project_ws/install/order_msgs/share/order_msgs/environment/pythonpath.sh
[1.562s] -- Up-to-date: /home/bok/project_ws/install/order_msgs/share/order_msgs/environment/pythonpath.dsv
[1.562s] -- Up-to-date: /home/bok/project_ws/install/order_msgs/local/lib/python3.10/dist-packages/order_msgs-0.0.0-py3.10.egg-info
[1.562s] -- Installing: /home/bok/project_ws/install/order_msgs/local/lib/python3.10/dist-packages/order_msgs-0.0.0-py3.10.egg-info/dependency_links.txt
[1.562s] -- Installing: /home/bok/project_ws/install/order_msgs/local/lib/python3.10/dist-packages/order_msgs-0.0.0-py3.10.egg-info/SOURCES.txt
[1.562s] -- Installing: /home/bok/project_ws/install/order_msgs/local/lib/python3.10/dist-packages/order_msgs-0.0.0-py3.10.egg-info/PKG-INFO
[1.562s] -- Installing: /home/bok/project_ws/install/order_msgs/local/lib/python3.10/dist-packages/order_msgs-0.0.0-py3.10.egg-info/top_level.txt
[1.562s] -- Up-to-date: /home/bok/project_ws/install/order_msgs/local/lib/python3.10/dist-packages/order_msgs
[1.563s] -- Up-to-date: /home/bok/project_ws/install/order_msgs/local/lib/python3.10/dist-packages/order_msgs/_order_msgs_s.ep.rosidl_typesupport_c.c
[1.563s] -- Up-to-date: /home/bok/project_ws/install/order_msgs/local/lib/python3.10/dist-packages/order_msgs/order_msgs_s__rosidl_typesupport_c.cpython-310-x86_64-linux-gnu.so
[1.563s] -- Up-to-date: /home/bok/project_ws/install/order_msgs/local/lib/python3.10/dist-packages/order_msgs/liborder_msgs__rosidl_generator_py.so
[1.563s] -- Up-to-date: /home/bok/project_ws/install/order_msgs/local/lib/python3.10/dist-packages/order_msgs/_order_msgs_s.ep.rosidl_typesupport_fastrtps_c.c
[1.563s] -- Up-to-date: /home/bok/project_ws/install/order_msgs/local/lib/python3.10/dist-packages/order_msgs/srv
[1.563s] -- Up-to-date: /home/bok/project_ws/install/order_msgs/local/lib/python3.10/dist-packages/order_msgs/srv/_order_s.c
[1.563s] -- Up-to-date: /home/bok/project_ws/install/order_msgs/local/lib/python3.10/dist-packages/order_msgs/srv/_order.py
[1.564s] -- Up-to-date: /home/bok/project_ws/install/order_msgs/local/lib/python3.10/dist-packages/order_msgs/srv/_order_food.py
[1.564s] -- Up-to-date: /home/bok/project_ws/install/order_msgs/local/lib/python3.10/dist-packages/order_msgs/srv/_order_food_s.c
[1.564s] -- Up-to-date: /home/bok/project_ws/install/order_msgs/local/lib/python3.10/dist-packages/order_msgs/srv/__init__.py
[1.564s] -- Up-to-date: /home/bok/project_ws/install/order_msgs/local/lib/python3.10/dist-packages/order_msgs/_order_msgs_s.ep.rosidl_typesupport_introspection_c.c
[1.564s] -- Up-to-date: /home/bok/project_ws/install/order_msgs/local/lib/python3.10/dist-packages/order_msgs/__init__.py
[1.564s] -- Up-to-date: /home/bok/project_ws/install/order_msgs/local/lib/python3.10/dist-packages/order_msgs/order_msgs_s__rosidl_typesupport_fastrtps_c.cpython-310-x86_64-linux-gnu.so
[1.564s] -- Up-to-date: /home/bok/project_ws/install/order_msgs/local/lib/python3.10/dist-packages/order_msgs/order_msgs_s__rosidl_typesupport_introspection_c.cpython-310-x86_64-linux-gnu.so
[1.565s] -- Up-to-date: /home/bok/project_ws/install/order_msgs/local/lib/python3.10/dist-packages/order_msgs/msg
[1.565s] -- Up-to-date: /home/bok/project_ws/install/order_msgs/local/lib/python3.10/dist-packages/order_msgs/msg/_order_msg_s.c
[1.565s] -- Up-to-date: /home/bok/project_ws/install/order_msgs/local/lib/python3.10/dist-packages/order_msgs/msg/_order_msg.py
[1.565s] -- Up-to-date: /home/bok/project_ws/install/order_msgs/local/lib/python3.10/dist-packages/order_msgs/msg/__init__.py
[1.620s] Listing '/home/bok/project_ws/install/order_msgs/local/lib/python3.10/dist-packages/order_msgs'...
[1.620s] Listing '/home/bok/project_ws/install/order_msgs/local/lib/python3.10/dist-packages/order_msgs/msg'...
[1.620s] Listing '/home/bok/project_ws/install/order_msgs/local/lib/python3.10/dist-packages/order_msgs/srv'...
[1.627s] -- Up-to-date: /home/bok/project_ws/install/order_msgs/local/lib/python3.10/dist-packages/order_msgs/order_msgs_s__rosidl_typesupport_fastrtps_c.cpython-310-x86_64-linux-gnu.so
[1.628s] -- Up-to-date: /home/bok/project_ws/install/order_msgs/local/lib/python3.10/dist-packages/order_msgs/order_msgs_s__rosidl_typesupport_introspection_c.cpython-310-x86_64-linux-gnu.so
[1.628s] -- Up-to-date: /home/bok/project_ws/install/order_msgs/local/lib/python3.10/dist-packages/order_msgs/order_msgs_s__rosidl_typesupport_c.cpython-310-x86_64-linux-gnu.so
[1.629s] -- Up-to-date: /home/bok/project_ws/install/order_msgs/lib/liborder_msgs__rosidl_generator_py.so
[1.629s] -- Up-to-date: /home/bok/project_ws/install/order_msgs/share/order_msgs/srv/Order.idl
[1.629s] -- Up-to-date: /home/bok/project_ws/install/order_msgs/share/order_msgs/srv/Order.srv
[1.630s] -- Up-to-date: /home/bok/project_ws/install/order_msgs/share/order_msgs/srv/Order_Request.msg
[1.630s] -- Up-to-date: /home/bok/project_ws/install/order_msgs/share/order_msgs/srv/Order_Response.msg
[1.630s] -- Up-to-date: /home/bok/project_ws/install/order_msgs/share/ament_index/resource_index/package_run_dependencies/order_msgs
[1.630s] -- Up-to-date: /home/bok/project_ws/install/order_msgs/share/ament_index/resource_index/parent_prefix_path/order_msgs
[1.630s] -- Up-to-date: /home/bok/project_ws/install/order_msgs/share/order_msgs/environment/ament_prefix_path.sh
[1.631s] -- Up-to-date: /home/bok/project_ws/install/order_msgs/share/order_msgs/environment/ament_prefix_path.dsv
[1.631s] -- Up-to-date: /home/bok/project_ws/install/order_msgs/share/order_msgs/environment/path.sh
[1.631s] -- Up-to-date: /home/bok/project_ws/install/order_msgs/share/order_msgs/environment/path.dsv
[1.631s] -- Up-to-date: /home/bok/project_ws/install/order_msgs/share/order_msgs/local_setup.bash
[1.631s] -- Up-to-date: /home/bok/project_ws/install/order_msgs/share/order_msgs/local_setup.sh
[1.632s] -- Up-to-date: /home/bok/project_ws/install/order_msgs/share/order_msgs/local_setup.zsh
[1.632s] -- Up-to-date: /home/bok/project_ws/install/order_msgs/share/order_msgs/local_setup.dsv
[1.632s] -- Installing: /home/bok/project_ws/install/order_msgs/share/order_msgs/package.dsv
[1.632s] -- Up-to-date: /home/bok/project_ws/install/order_msgs/share/ament_index/resource_index/packages/order_msgs
[1.633s] -- Up-to-date: /home/bok/project_ws/install/order_msgs/share/order_msgs/cmake/export_order_msgs__rosidl_generator_cExport.cmake
[1.633s] -- Up-to-date: /home/bok/project_ws/install/order_msgs/share/order_msgs/cmake/export_order_msgs__rosidl_generator_cExport-noconfig.cmake
[1.633s] -- Up-to-date: /home/bok/project_ws/install/order_msgs/share/order_msgs/cmake/export_order_msgs__rosidl_typesupport_fastrtps_cExport.cmake
[1.633s] -- Up-to-date: /home/bok/project_ws/install/order_msgs/share/order_msgs/cmake/export_order_msgs__rosidl_typesupport_fastrtps_cExport-noconfig.cmake
[1.633s] -- Up-to-date: /home/bok/project_ws/install/order_msgs/share/order_msgs/cmake/order_msgs__rosidl_typesupport_introspection_cExport.cmake
[1.633s] -- Up-to-date: /home/bok/project_ws/install/order_msgs/share/order_msgs/cmake/order_msgs__rosidl_typesupport_introspection_cExport-noconfig.cmake
[1.633s] -- Up-to-date: /home/bok/project_ws/install/order_msgs/share/order_msgs/cmake/order_msgs__rosidl_typesupport_cExport.cmake
[1.633s] -- Up-to-date: /home/bok/project_ws/install/order_msgs/share/order_msgs/cmake/order_msgs__rosidl_typesupport_cExport-noconfig.cmake
[1.634s] -- Up-to-date: /home/bok/project_ws/install/order_msgs/share/order_msgs/cmake/export_order_msgs__rosidl_generator_cppExport.cmake
[1.634s] -- Up-to-date: /home/bok/project_ws/install/order_msgs/share/order_msgs/cmake/export_order_msgs__rosidl_typesupport_fastrtps_cppExport.cmake
[1.634s] -- Up-to-date: /home/bok/project_ws/install/order_msgs/share/order_msgs/cmake/export_order_msgs__rosidl_typesupport_fastrtps_cppExport-noconfig.cmake
[1.634s] -- Up-to-date: /home/bok/project_ws/install/order_msgs/share/order_msgs/cmake/order_msgs__rosidl_typesupport_introspection_cppExport.cmake
[1.634s] -- Up-to-date: /home/bok/project_ws/install/order_msgs/share/order_msgs/cmake/order_msgs__rosidl_typesupport_introspection_cppExport-noconfig.cmake
[1.634s] -- Up-to-date: /home/bok/project_ws/install/order_msgs/share/order_msgs/cmake/order_msgs__rosidl_typesupport_cppExport.cmake
[1.634s] -- Up-to-date: /home/bok/project_ws/install/order_msgs/share/order_msgs/cmake/order_msgs__rosidl_typesupport_cppExport-noconfig.cmake
[1.634s] -- Up-to-date: /home/bok/project_ws/install/order_msgs/share/order_msgs/cmake/export_order_msgs__rosidl_generator_pyExport.cmake
[1.635s] -- Up-to-date: /home/bok/project_ws/install/order_msgs/share/order_msgs/cmake/export_order_msgs__rosidl_generator_pyExport-noconfig.cmake
[1.635s] -- Up-to-date: /home/bok/project_ws/install/order_msgs/share/order_msgs/cmake/rosidl_cmake-extras.cmake
[1.635s] -- Up-to-date: /home/bok/project_ws/install/order_msgs/share/order_msgs/cmake/ament_cmake_export_dependencies-extras.cmake
[1.635s] -- Up-to-date: /home/bok/project_ws/install/order_msgs/share/order_msgs/cmake/ament_cmake_export_include_directories-extras.cmake
[1.635s] -- Up-to-date: /home/bok/project_ws/install/order_msgs/share/order_msgs/cmake/ament_cmake_export_libraries-extras.cmake
[1.635s] -- Up-to-date: /home/bok/project_ws/install/order_msgs/share/order_msgs/cmake/ament_cmake_export_targets-extras.cmake
[1.636s] -- Up-to-date: /home/bok/project_ws/install/order_msgs/share/order_msgs/cmake/rosidl_cmake_export_typesupport_targets-extras.cmake
[1.636s] -- Up-to-date: /home/bok/project_ws/install/order_msgs/share/order_msgs/cmake/rosidl_cmake_export_typesupport_libraries-extras.cmake
[1.637s] -- Up-to-date: /home/bok/project_ws/install/order_msgs/share/order_msgs/cmake/order_msgsConfig.cmake
[1.637s] -- Up-to-date: /home/bok/project_ws/install/order_msgs/share/order_msgs/cmake/order_msgsConfig-version.cmake
[1.637s] -- Up-to-date: /home/bok/project_ws/install/order_msgs/share/order_msgs/package.xml
[1.638s] Invoked command in '/home/bok/project_ws/build/order_msgs' returned '0': CMAKE_PREFIX_PATH=${CMAKE_PREFIX_PATH}:/home/bok/project_ws/install/turtlebot:/home/bok/project_ws/src/install/turtlebot:/home/bok/turtlebot3_ws/install/turtlebot3_teleop:/home/bok/turtlebot3_ws/install/turtlebot3_example:/home/bok/ros2_ws/install/ros_study_py:/home/bok/ros2_ws/install/ex_calculator:/home/bok/ros2_ws/install/py_pubsub:/home/bok/ros2_ws/src/install/ros_study_py:/home/bok/ros2_ws/src/install/ex_calculator:/opt/ros/humble /usr/bin/cmake --install /home/bok/project_ws/build/order_msgs
