[0.752s] Invoking command in '/home/rokey/Desktop/ros_ws/src/cleaning': PYTHONPATH=/home/rokey/Desktop/ros_ws/build/cleaning/prefix_override:/usr/lib/python3/dist-packages/colcon_core/task/python/colcon_distutils_commands:/home/rokey/Desktop/ros_ws/install/cleaning/lib/python3.10/site-packages:${PYTHONPATH} /usr/bin/python3 -W ignore:setup.py install is deprecated -W ignore:easy_install command is deprecated setup.py egg_info --egg-base ../../build/cleaning build --build-base /home/rokey/Desktop/ros_ws/build/cleaning/build install --record /home/rokey/Desktop/ros_ws/build/cleaning/install.log --single-version-externally-managed install_data
[1.062s] running egg_info
[1.064s] writing ../../build/cleaning/cleaning.egg-info/PKG-INFO
[1.064s] writing dependency_links to ../../build/cleaning/cleaning.egg-info/dependency_links.txt
[1.064s] writing entry points to ../../build/cleaning/cleaning.egg-info/entry_points.txt
[1.064s] writing requirements to ../../build/cleaning/cleaning.egg-info/requires.txt
[1.064s] writing top-level names to ../../build/cleaning/cleaning.egg-info/top_level.txt
[1.067s] reading manifest file '../../build/cleaning/cleaning.egg-info/SOURCES.txt'
[1.069s] writing manifest file '../../build/cleaning/cleaning.egg-info/SOURCES.txt'
[1.069s] running build
[1.069s] running build_py
[1.072s] running install
[1.072s] running install_lib
[1.072s] running install_data
[1.073s] running install_egg_info
[1.078s] removing '/home/rokey/Desktop/ros_ws/install/cleaning/lib/python3.10/site-packages/cleaning-0.0.0-py3.10.egg-info' (and everything under it)
[1.078s] Copying ../../build/cleaning/cleaning.egg-info to /home/rokey/Desktop/ros_ws/install/cleaning/lib/python3.10/site-packages/cleaning-0.0.0-py3.10.egg-info
[1.078s] running install_scripts
[1.100s] Installing clean script to /home/rokey/Desktop/ros_ws/install/cleaning/lib/cleaning
[1.100s] Installing find script to /home/rokey/Desktop/ros_ws/install/cleaning/lib/cleaning
[1.100s] writing list of installed files to '/home/rokey/Desktop/ros_ws/build/cleaning/install.log'
[1.139s] Invoked command in '/home/rokey/Desktop/ros_ws/src/cleaning' returned '0': PYTHONPATH=/home/rokey/Desktop/ros_ws/build/cleaning/prefix_override:/usr/lib/python3/dist-packages/colcon_core/task/python/colcon_distutils_commands:/home/rokey/Desktop/ros_ws/install/cleaning/lib/python3.10/site-packages:${PYTHONPATH} /usr/bin/python3 -W ignore:setup.py install is deprecated -W ignore:easy_install command is deprecated setup.py egg_info --egg-base ../../build/cleaning build --build-base /home/rokey/Desktop/ros_ws/build/cleaning/build install --record /home/rokey/Desktop/ros_ws/build/cleaning/install.log --single-version-externally-managed install_data
