[35m[1mConsolidate compiler generated dependencies of target order_msgs__rosidl_generator_c[0m
[  3%] Built target order_msgs__cpp
[ 12%] Built target order_msgs__rosidl_generator_c
[ 12%] Built target ament_cmake_python_copy_order_msgs
[35m[1mConsolidate compiler generated dependencies of target order_msgs__rosidl_typesupport_cpp[0m
[35m[1mConsolidate compiler generated dependencies of target order_msgs__rosidl_typesupport_fastrtps_c[0m
[35m[1mConsolidate compiler generated dependencies of target order_msgs__rosidl_typesupport_fastrtps_cpp[0m
[ 22%] Built target order_msgs__rosidl_typesupport_cpp
[35m[1mConsolidate compiler generated dependencies of target order_msgs__rosidl_typesupport_introspection_cpp[0m
[ 32%] Built target order_msgs__rosidl_typesupport_fastrtps_c
[35m[1mConsolidate compiler generated dependencies of target order_msgs__rosidl_typesupport_introspection_c[0m
[ 41%] Built target order_msgs__rosidl_typesupport_fastrtps_cpp
[ 51%] Built target order_msgs__rosidl_typesupport_introspection_cpp
[35m[1mConsolidate compiler generated dependencies of target order_msgs__rosidl_typesupport_c[0m
[ 61%] Built target order_msgs__rosidl_typesupport_introspection_c
[ 70%] Built target order_msgs__rosidl_typesupport_c
[ 70%] Built target order_msgs
[ 74%] Built target order_msgs__py
[35m[1mConsolidate compiler generated dependencies of target order_msgs__rosidl_generator_py[0m
[ 80%] Built target order_msgs__rosidl_generator_py
[ 83%] [32mBuilding C object CMakeFiles/order_msgs__rosidl_typesupport_c__pyext.dir/rosidl_generator_py/order_msgs/_order_msgs_s.ep.rosidl_typesupport_c.c.o[0m
[ 87%] [32mBuilding C object CMakeFiles/order_msgs__rosidl_typesupport_introspection_c__pyext.dir/rosidl_generator_py/order_msgs/_order_msgs_s.ep.rosidl_typesupport_introspection_c.c.o[0m
[ 90%] [32mBuilding C object CMakeFiles/order_msgs__rosidl_typesupport_fastrtps_c__pyext.dir/rosidl_generator_py/order_msgs/_order_msgs_s.ep.rosidl_typesupport_fastrtps_c.c.o[0m
running egg_info
writing order_msgs.egg-info/PKG-INFO
writing dependency_links to order_msgs.egg-info/dependency_links.txt
writing top-level names to order_msgs.egg-info/top_level.txt
reading manifest file 'order_msgs.egg-info/SOURCES.txt'
writing manifest file 'order_msgs.egg-info/SOURCES.txt'
[ 90%] Built target ament_cmake_python_build_order_msgs_egg
