[1.604s] Invoking command in '/home/bok/ff_ws/src/project': PYTHONPATH=/home/bok/ff_ws/build/project/prefix_override:/usr/lib/python3/dist-packages/colcon_core/task/python/colcon_distutils_commands:/home/bok/ff_ws/install/project/lib/python3.10/site-packages:${PYTHONPATH} /usr/bin/python3 -W ignore:setup.py install is deprecated setup.py egg_info --egg-base ../../build/project build --build-base /home/bok/ff_ws/build/project/build install --record /home/bok/ff_ws/build/project/install.log --single-version-externally-managed install_data
[1.804s] /home/bok/.local/lib/python3.10/site-packages/setuptools/_distutils/dist.py:261: UserWarning: Unknown distribution option: 'tests_require'
[1.805s]   warnings.warn(msg)
[1.967s] running egg_info
[1.991s] writing ../../build/project/project.egg-info/PKG-INFO
[1.992s] writing dependency_links to ../../build/project/project.egg-info/dependency_links.txt
[1.992s] writing entry points to ../../build/project/project.egg-info/entry_points.txt
[1.992s] writing requirements to ../../build/project/project.egg-info/requires.txt
[1.992s] writing top-level names to ../../build/project/project.egg-info/top_level.txt
[2.045s] reading manifest file '../../build/project/project.egg-info/SOURCES.txt'
[2.046s] writing manifest file '../../build/project/project.egg-info/SOURCES.txt'
[2.047s] running build
[2.047s] running build_py
[2.047s] copying project/server_test.py -> /home/bok/ff_ws/build/project/build/lib/project
[2.048s] copying project/control_tower_server.py -> /home/bok/ff_ws/build/project/build/lib/project
[2.048s] copying project/control_tower.py -> /home/bok/ff_ws/build/project/build/lib/project
[2.048s] copying project/camera.py -> /home/bok/ff_ws/build/project/build/lib/project
[2.048s] copying project/tower_test.py -> /home/bok/ff_ws/build/project/build/lib/project
[2.049s] copying project/camera_test.py -> /home/bok/ff_ws/build/project/build/lib/project
[2.049s] copying project/__init__.py -> /home/bok/ff_ws/build/project/build/lib/project
[2.049s] copying project/serial_test.py -> /home/bok/ff_ws/build/project/build/lib/project
[2.050s] running install
[2.056s] running install_lib
[2.081s] copying /home/bok/ff_ws/build/project/build/lib/project/tower_test.py -> /home/bok/ff_ws/install/project/lib/python3.10/site-packages/project
[2.082s] byte-compiling /home/bok/ff_ws/install/project/lib/python3.10/site-packages/project/tower_test.py to tower_test.cpython-310.pyc
[2.085s] running install_data
[2.085s] copying resource/project -> /home/bok/ff_ws/install/project/share/ament_index/resource_index/packages
[2.086s] copying package.xml -> /home/bok/ff_ws/install/project/share/project
[2.086s] running install_egg_info
[2.112s] removing '/home/bok/ff_ws/install/project/lib/python3.10/site-packages/project-0.0.0-py3.10.egg-info' (and everything under it)
[2.112s] Copying ../../build/project/project.egg-info to /home/bok/ff_ws/install/project/lib/python3.10/site-packages/project-0.0.0-py3.10.egg-info
[2.113s] running install_scripts
[2.313s] Installing camera script to /home/bok/ff_ws/install/project/lib/project
[2.313s] Installing control_tower script to /home/bok/ff_ws/install/project/lib/project
[2.313s] Installing server_test script to /home/bok/ff_ws/install/project/lib/project
[2.314s] Installing sub script to /home/bok/ff_ws/install/project/lib/project
[2.314s] Installing tower_test script to /home/bok/ff_ws/install/project/lib/project
[2.314s] writing list of installed files to '/home/bok/ff_ws/build/project/install.log'
[2.352s] Invoked command in '/home/bok/ff_ws/src/project' returned '0': PYTHONPATH=/home/bok/ff_ws/build/project/prefix_override:/usr/lib/python3/dist-packages/colcon_core/task/python/colcon_distutils_commands:/home/bok/ff_ws/install/project/lib/python3.10/site-packages:${PYTHONPATH} /usr/bin/python3 -W ignore:setup.py install is deprecated setup.py egg_info --egg-base ../../build/project build --build-base /home/bok/ff_ws/build/project/build install --record /home/bok/ff_ws/build/project/install.log --single-version-externally-managed install_data
