[1.465s] Invoking command in '/home/bok/ff_ws/src/project': PYTHONPATH=/home/bok/ff_ws/build/project/prefix_override:/usr/lib/python3/dist-packages/colcon_core/task/python/colcon_distutils_commands:/home/bok/ff_ws/install/project/lib/python3.10/site-packages:${PYTHONPATH} /usr/bin/python3 -W ignore:setup.py install is deprecated setup.py egg_info --egg-base ../../build/project build --build-base /home/bok/ff_ws/build/project/build install --record /home/bok/ff_ws/build/project/install.log --single-version-externally-managed install_data
[1.723s] /home/bok/.local/lib/python3.10/site-packages/setuptools/_distutils/dist.py:261: UserWarning: Unknown distribution option: 'tests_require'
[1.723s]   warnings.warn(msg)
[2.000s] running egg_info
[2.027s] writing ../../build/project/project.egg-info/PKG-INFO
[2.027s] writing dependency_links to ../../build/project/project.egg-info/dependency_links.txt
[2.028s] writing entry points to ../../build/project/project.egg-info/entry_points.txt
[2.028s] writing requirements to ../../build/project/project.egg-info/requires.txt
[2.028s] writing top-level names to ../../build/project/project.egg-info/top_level.txt
[2.083s] reading manifest file '../../build/project/project.egg-info/SOURCES.txt'
[2.085s] writing manifest file '../../build/project/project.egg-info/SOURCES.txt'
[2.085s] running build
[2.086s] running build_py
[2.086s] copying project/fix_rotation.py -> /home/bok/ff_ws/build/project/build/lib/project
[2.086s] copying project/temp.py -> /home/bok/ff_ws/build/project/build/lib/project
[2.086s] copying project/control_tower_server.py -> /home/bok/ff_ws/build/project/build/lib/project
[2.087s] copying project/subscription.py -> /home/bok/ff_ws/build/project/build/lib/project
[2.087s] copying project/manipulator.py -> /home/bok/ff_ws/build/project/build/lib/project
[2.087s] copying project/control_tower.py -> /home/bok/ff_ws/build/project/build/lib/project
[2.088s] copying project/camera.py -> /home/bok/ff_ws/build/project/build/lib/project
[2.088s] copying project/inverse_test.py -> /home/bok/ff_ws/build/project/build/lib/project
[2.088s] copying project/nnnn.py -> /home/bok/ff_ws/build/project/build/lib/project
[2.088s] copying project/__init__.py -> /home/bok/ff_ws/build/project/build/lib/project
[2.089s] running install
[2.098s] running install_lib
[2.123s] copying /home/bok/ff_ws/build/project/build/lib/project/subscription.py -> /home/bok/ff_ws/install/project/lib/python3.10/site-packages/project
[2.125s] byte-compiling /home/bok/ff_ws/install/project/lib/python3.10/site-packages/project/subscription.py to subscription.cpython-310.pyc
[2.128s] running install_data
[2.129s] copying resource/project -> /home/bok/ff_ws/install/project/share/ament_index/resource_index/packages
[2.129s] copying package.xml -> /home/bok/ff_ws/install/project/share/project
[2.129s] running install_egg_info
[2.157s] removing '/home/bok/ff_ws/install/project/lib/python3.10/site-packages/project-0.0.0-py3.10.egg-info' (and everything under it)
[2.158s] Copying ../../build/project/project.egg-info to /home/bok/ff_ws/install/project/lib/python3.10/site-packages/project-0.0.0-py3.10.egg-info
[2.159s] running install_scripts
[2.362s] Installing camera script to /home/bok/ff_ws/install/project/lib/project
[2.362s] Installing control_tower script to /home/bok/ff_ws/install/project/lib/project
[2.362s] Installing mani_control script to /home/bok/ff_ws/install/project/lib/project
[2.362s] Installing server script to /home/bok/ff_ws/install/project/lib/project
[2.363s] writing list of installed files to '/home/bok/ff_ws/build/project/install.log'
[2.403s] Invoked command in '/home/bok/ff_ws/src/project' returned '0': PYTHONPATH=/home/bok/ff_ws/build/project/prefix_override:/usr/lib/python3/dist-packages/colcon_core/task/python/colcon_distutils_commands:/home/bok/ff_ws/install/project/lib/python3.10/site-packages:${PYTHONPATH} /usr/bin/python3 -W ignore:setup.py install is deprecated setup.py egg_info --egg-base ../../build/project build --build-base /home/bok/ff_ws/build/project/build install --record /home/bok/ff_ws/build/project/install.log --single-version-externally-managed install_data
