[1.672s] Invoking command in '/home/bok/ff_ws/src/project': PYTHONPATH=/home/bok/ff_ws/build/project/prefix_override:/usr/lib/python3/dist-packages/colcon_core/task/python/colcon_distutils_commands:/home/bok/ff_ws/install/project/lib/python3.10/site-packages:${PYTHONPATH} /usr/bin/python3 -W ignore:setup.py install is deprecated setup.py egg_info --egg-base ../../build/project build --build-base /home/bok/ff_ws/build/project/build install --record /home/bok/ff_ws/build/project/install.log --single-version-externally-managed install_data
[1.913s] /home/bok/.local/lib/python3.10/site-packages/setuptools/_distutils/dist.py:261: UserWarning: Unknown distribution option: 'tests_require'
[1.913s]   warnings.warn(msg)
[2.069s] running egg_info
[2.093s] writing ../../build/project/project.egg-info/PKG-INFO
[2.094s] writing dependency_links to ../../build/project/project.egg-info/dependency_links.txt
[2.094s] writing entry points to ../../build/project/project.egg-info/entry_points.txt
[2.094s] writing requirements to ../../build/project/project.egg-info/requires.txt
[2.095s] writing top-level names to ../../build/project/project.egg-info/top_level.txt
[2.147s] reading manifest file '../../build/project/project.egg-info/SOURCES.txt'
[2.150s] writing manifest file '../../build/project/project.egg-info/SOURCES.txt'
[2.150s] running build
[2.150s] running build_py
[2.150s] copying project/server_test.py -> /home/bok/ff_ws/build/project/build/lib/project
[2.151s] copying project/control_tower_server.py -> /home/bok/ff_ws/build/project/build/lib/project
[2.151s] copying project/control_tower.py -> /home/bok/ff_ws/build/project/build/lib/project
[2.151s] copying project/camera.py -> /home/bok/ff_ws/build/project/build/lib/project
[2.151s] copying project/tower_test.py -> /home/bok/ff_ws/build/project/build/lib/project
[2.152s] copying project/camera_test.py -> /home/bok/ff_ws/build/project/build/lib/project
[2.152s] copying project/__init__.py -> /home/bok/ff_ws/build/project/build/lib/project
[2.152s] copying project/serial_test.py -> /home/bok/ff_ws/build/project/build/lib/project
[2.153s] running install
[2.159s] running install_lib
[2.184s] copying /home/bok/ff_ws/build/project/build/lib/project/server_test.py -> /home/bok/ff_ws/install/project/lib/python3.10/site-packages/project
[2.185s] byte-compiling /home/bok/ff_ws/install/project/lib/python3.10/site-packages/project/server_test.py to server_test.cpython-310.pyc
[2.187s] running install_data
[2.187s] copying resource/project -> /home/bok/ff_ws/install/project/share/ament_index/resource_index/packages
[2.188s] copying package.xml -> /home/bok/ff_ws/install/project/share/project
[2.188s] running install_egg_info
[2.214s] removing '/home/bok/ff_ws/install/project/lib/python3.10/site-packages/project-0.0.0-py3.10.egg-info' (and everything under it)
[2.214s] Copying ../../build/project/project.egg-info to /home/bok/ff_ws/install/project/lib/python3.10/site-packages/project-0.0.0-py3.10.egg-info
[2.215s] running install_scripts
[2.411s] Installing camera script to /home/bok/ff_ws/install/project/lib/project
[2.411s] Installing control_tower script to /home/bok/ff_ws/install/project/lib/project
[2.411s] Installing server_test script to /home/bok/ff_ws/install/project/lib/project
[2.411s] Installing sub script to /home/bok/ff_ws/install/project/lib/project
[2.412s] Installing tower_test script to /home/bok/ff_ws/install/project/lib/project
[2.412s] writing list of installed files to '/home/bok/ff_ws/build/project/install.log'
[2.448s] Invoked command in '/home/bok/ff_ws/src/project' returned '0': PYTHONPATH=/home/bok/ff_ws/build/project/prefix_override:/usr/lib/python3/dist-packages/colcon_core/task/python/colcon_distutils_commands:/home/bok/ff_ws/install/project/lib/python3.10/site-packages:${PYTHONPATH} /usr/bin/python3 -W ignore:setup.py install is deprecated setup.py egg_info --egg-base ../../build/project build --build-base /home/bok/ff_ws/build/project/build install --record /home/bok/ff_ws/build/project/install.log --single-version-externally-managed install_data
