/home/bok/ff_ws/install/project/lib/python3.10/site-packages/project/fix_rotation.py
/home/bok/ff_ws/install/project/lib/python3.10/site-packages/project/temp.py
/home/bok/ff_ws/install/project/lib/python3.10/site-packages/project/control_tower_server.py
/home/bok/ff_ws/install/project/lib/python3.10/site-packages/project/subscription.py
/home/bok/ff_ws/install/project/lib/python3.10/site-packages/project/manipulator.py
/home/bok/ff_ws/install/project/lib/python3.10/site-packages/project/control_tower.py
/home/bok/ff_ws/install/project/lib/python3.10/site-packages/project/camera.py
/home/bok/ff_ws/install/project/lib/python3.10/site-packages/project/inverse_test.py
/home/bok/ff_ws/install/project/lib/python3.10/site-packages/project/nnnn.py
/home/bok/ff_ws/install/project/lib/python3.10/site-packages/project/__init__.py
/home/bok/ff_ws/install/project/lib/python3.10/site-packages/project/__pycache__/fix_rotation.cpython-310.pyc
/home/bok/ff_ws/install/project/lib/python3.10/site-packages/project/__pycache__/temp.cpython-310.pyc
/home/bok/ff_ws/install/project/lib/python3.10/site-packages/project/__pycache__/control_tower_server.cpython-310.pyc
/home/bok/ff_ws/install/project/lib/python3.10/site-packages/project/__pycache__/subscription.cpython-310.pyc
/home/bok/ff_ws/install/project/lib/python3.10/site-packages/project/__pycache__/manipulator.cpython-310.pyc
/home/bok/ff_ws/install/project/lib/python3.10/site-packages/project/__pycache__/control_tower.cpython-310.pyc
/home/bok/ff_ws/install/project/lib/python3.10/site-packages/project/__pycache__/camera.cpython-310.pyc
/home/bok/ff_ws/install/project/lib/python3.10/site-packages/project/__pycache__/inverse_test.cpython-310.pyc
/home/bok/ff_ws/install/project/lib/python3.10/site-packages/project/__pycache__/nnnn.cpython-310.pyc
/home/bok/ff_ws/install/project/lib/python3.10/site-packages/project/__pycache__/__init__.cpython-310.pyc
/home/bok/ff_ws/install/project/share/ament_index/resource_index/packages/project
/home/bok/ff_ws/install/project/share/project/package.xml
/home/bok/ff_ws/install/project/share/project/launch/project.launch.py
/home/bok/ff_ws/install/project/lib/python3.10/site-packages/project-0.0.0-py3.10.egg-info/requires.txt
/home/bok/ff_ws/install/project/lib/python3.10/site-packages/project-0.0.0-py3.10.egg-info/dependency_links.txt
/home/bok/ff_ws/install/project/lib/python3.10/site-packages/project-0.0.0-py3.10.egg-info/SOURCES.txt
/home/bok/ff_ws/install/project/lib/python3.10/site-packages/project-0.0.0-py3.10.egg-info/PKG-INFO
/home/bok/ff_ws/install/project/lib/python3.10/site-packages/project-0.0.0-py3.10.egg-info/top_level.txt
/home/bok/ff_ws/install/project/lib/python3.10/site-packages/project-0.0.0-py3.10.egg-info/entry_points.txt
/home/bok/ff_ws/install/project/lib/python3.10/site-packages/project-0.0.0-py3.10.egg-info/zip-safe
/home/bok/ff_ws/install/project/lib/project/camera
/home/bok/ff_ws/install/project/lib/project/control_tower
/home/bok/ff_ws/install/project/lib/project/fix_rotation
/home/bok/ff_ws/install/project/lib/project/mani_control
/home/bok/ff_ws/install/project/lib/project/server
