[0.157s] DEBUG:colcon:Command line arguments: ['/usr/bin/colcon', 'build']
[0.157s] DEBUG:colcon:Parsed command line arguments: Namespace(log_base=None, log_level=None, verb_name='build', build_base='build', install_base='install', merge_install=False, symlink_install=False, test_result_base=None, continue_on_error=False, executor='parallel', parallel_workers=4, event_handlers=None, ignore_user_meta=False, metas=['./colcon.meta'], base_paths=['.'], packages_ignore=None, packages_ignore_regex=None, paths=None, packages_up_to=None, packages_up_to_regex=None, packages_above=None, packages_above_and_dependencies=None, packages_above_depth=None, packages_select_by_dep=None, packages_skip_by_dep=None, packages_skip_up_to=None, packages_select_build_failed=False, packages_skip_build_finished=False, packages_select_test_failures=False, packages_skip_test_passed=False, packages_select=None, packages_skip=None, packages_select_regex=None, packages_skip_regex=None, packages_start=None, packages_end=None, allow_overriding=[], cmake_args=None, cmake_target=None, cmake_target_skip_unavailable=False, cmake_clean_cache=False, cmake_clean_first=False, cmake_force_configure=False, ament_cmake_args=None, catkin_cmake_args=None, catkin_skip_building_tests=False, verb_parser=<colcon_defaults.argument_parser.defaults.DefaultArgumentsDecorator object at 0x7bf6b3fa6bc0>, verb_extension=<colcon_core.verb.build.BuildVerb object at 0x7bf6b3fa6650>, main=<bound method BuildVerb.main of <colcon_core.verb.build.BuildVerb object at 0x7bf6b3fa6650>>)
[0.425s] Level 1:colcon.colcon_core.package_discovery:discover_packages(colcon_meta) check parameters
[0.425s] Level 1:colcon.colcon_core.package_discovery:discover_packages(recursive) check parameters
[0.425s] Level 1:colcon.colcon_core.package_discovery:discover_packages(ignore) check parameters
[0.425s] Level 1:colcon.colcon_core.package_discovery:discover_packages(path) check parameters
[0.425s] Level 1:colcon.colcon_core.package_discovery:discover_packages(colcon_meta) discover
[0.425s] Level 1:colcon.colcon_core.package_discovery:discover_packages(recursive) discover
[0.425s] INFO:colcon.colcon_core.package_discovery:Crawling recursively for packages in '/home/bok/project_ws'
[0.425s] Level 1:colcon.colcon_core.package_identification:_identify(.) by extensions ['ignore', 'ignore_ament_install']
[0.426s] Level 1:colcon.colcon_core.package_identification:_identify(.) by extension 'ignore'
[0.426s] Level 1:colcon.colcon_core.package_identification:_identify(.) by extension 'ignore_ament_install'
[0.426s] Level 1:colcon.colcon_core.package_identification:_identify(.) by extensions ['colcon_pkg']
[0.426s] Level 1:colcon.colcon_core.package_identification:_identify(.) by extension 'colcon_pkg'
[0.426s] Level 1:colcon.colcon_core.package_identification:_identify(.) by extensions ['colcon_meta']
[0.426s] Level 1:colcon.colcon_core.package_identification:_identify(.) by extension 'colcon_meta'
[0.426s] Level 1:colcon.colcon_core.package_identification:_identify(.) by extensions ['ros']
[0.426s] Level 1:colcon.colcon_core.package_identification:_identify(.) by extension 'ros'
[0.438s] Level 1:colcon.colcon_core.package_identification:_identify(.) by extensions ['cmake', 'python']
[0.438s] Level 1:colcon.colcon_core.package_identification:_identify(.) by extension 'cmake'
[0.438s] Level 1:colcon.colcon_core.package_identification:_identify(.) by extension 'python'
[0.438s] Level 1:colcon.colcon_core.package_identification:_identify(.) by extensions ['python_setup_py']
[0.439s] Level 1:colcon.colcon_core.package_identification:_identify(.) by extension 'python_setup_py'
[0.439s] Level 1:colcon.colcon_core.package_identification:_identify(build) by extensions ['ignore', 'ignore_ament_install']
[0.439s] Level 1:colcon.colcon_core.package_identification:_identify(build) by extension 'ignore'
[0.439s] Level 1:colcon.colcon_core.package_identification:_identify(build) ignored
[0.439s] Level 1:colcon.colcon_core.package_identification:_identify(images) by extensions ['ignore', 'ignore_ament_install']
[0.439s] Level 1:colcon.colcon_core.package_identification:_identify(images) by extension 'ignore'
[0.439s] Level 1:colcon.colcon_core.package_identification:_identify(images) by extension 'ignore_ament_install'
[0.439s] Level 1:colcon.colcon_core.package_identification:_identify(images) by extensions ['colcon_pkg']
[0.439s] Level 1:colcon.colcon_core.package_identification:_identify(images) by extension 'colcon_pkg'
[0.440s] Level 1:colcon.colcon_core.package_identification:_identify(images) by extensions ['colcon_meta']
[0.440s] Level 1:colcon.colcon_core.package_identification:_identify(images) by extension 'colcon_meta'
[0.440s] Level 1:colcon.colcon_core.package_identification:_identify(images) by extensions ['ros']
[0.440s] Level 1:colcon.colcon_core.package_identification:_identify(images) by extension 'ros'
[0.440s] Level 1:colcon.colcon_core.package_identification:_identify(images) by extensions ['cmake', 'python']
[0.440s] Level 1:colcon.colcon_core.package_identification:_identify(images) by extension 'cmake'
[0.440s] Level 1:colcon.colcon_core.package_identification:_identify(images) by extension 'python'
[0.440s] Level 1:colcon.colcon_core.package_identification:_identify(images) by extensions ['python_setup_py']
[0.440s] Level 1:colcon.colcon_core.package_identification:_identify(images) by extension 'python_setup_py'
[0.440s] Level 1:colcon.colcon_core.package_identification:_identify(install) by extensions ['ignore', 'ignore_ament_install']
[0.440s] Level 1:colcon.colcon_core.package_identification:_identify(install) by extension 'ignore'
[0.440s] Level 1:colcon.colcon_core.package_identification:_identify(install) ignored
[0.441s] Level 1:colcon.colcon_core.package_identification:_identify(log) by extensions ['ignore', 'ignore_ament_install']
[0.441s] Level 1:colcon.colcon_core.package_identification:_identify(log) by extension 'ignore'
[0.441s] Level 1:colcon.colcon_core.package_identification:_identify(log) ignored
[0.441s] Level 1:colcon.colcon_core.package_identification:_identify(src) by extensions ['ignore', 'ignore_ament_install']
[0.441s] Level 1:colcon.colcon_core.package_identification:_identify(src) by extension 'ignore'
[0.441s] Level 1:colcon.colcon_core.package_identification:_identify(src) by extension 'ignore_ament_install'
[0.441s] Level 1:colcon.colcon_core.package_identification:_identify(src) by extensions ['colcon_pkg']
[0.441s] Level 1:colcon.colcon_core.package_identification:_identify(src) by extension 'colcon_pkg'
[0.442s] Level 1:colcon.colcon_core.package_identification:_identify(src) by extensions ['colcon_meta']
[0.442s] Level 1:colcon.colcon_core.package_identification:_identify(src) by extension 'colcon_meta'
[0.442s] Level 1:colcon.colcon_core.package_identification:_identify(src) by extensions ['ros']
[0.442s] Level 1:colcon.colcon_core.package_identification:_identify(src) by extension 'ros'
[0.442s] Level 1:colcon.colcon_core.package_identification:_identify(src) by extensions ['cmake', 'python']
[0.442s] Level 1:colcon.colcon_core.package_identification:_identify(src) by extension 'cmake'
[0.442s] Level 1:colcon.colcon_core.package_identification:_identify(src) by extension 'python'
[0.442s] Level 1:colcon.colcon_core.package_identification:_identify(src) by extensions ['python_setup_py']
[0.442s] Level 1:colcon.colcon_core.package_identification:_identify(src) by extension 'python_setup_py'
[0.442s] Level 1:colcon.colcon_core.package_identification:_identify(src/build) by extensions ['ignore', 'ignore_ament_install']
[0.442s] Level 1:colcon.colcon_core.package_identification:_identify(src/build) by extension 'ignore'
[0.442s] Level 1:colcon.colcon_core.package_identification:_identify(src/build) ignored
[0.443s] Level 1:colcon.colcon_core.package_identification:_identify(src/install) by extensions ['ignore', 'ignore_ament_install']
[0.443s] Level 1:colcon.colcon_core.package_identification:_identify(src/install) by extension 'ignore'
[0.443s] Level 1:colcon.colcon_core.package_identification:_identify(src/install) ignored
[0.443s] Level 1:colcon.colcon_core.package_identification:_identify(src/log) by extensions ['ignore', 'ignore_ament_install']
[0.443s] Level 1:colcon.colcon_core.package_identification:_identify(src/log) by extension 'ignore'
[0.443s] Level 1:colcon.colcon_core.package_identification:_identify(src/log) ignored
[0.443s] Level 1:colcon.colcon_core.package_identification:_identify(src/order_msgs) by extensions ['ignore', 'ignore_ament_install']
[0.443s] Level 1:colcon.colcon_core.package_identification:_identify(src/order_msgs) by extension 'ignore'
[0.443s] Level 1:colcon.colcon_core.package_identification:_identify(src/order_msgs) by extension 'ignore_ament_install'
[0.444s] Level 1:colcon.colcon_core.package_identification:_identify(src/order_msgs) by extensions ['colcon_pkg']
[0.444s] Level 1:colcon.colcon_core.package_identification:_identify(src/order_msgs) by extension 'colcon_pkg'
[0.444s] Level 1:colcon.colcon_core.package_identification:_identify(src/order_msgs) by extensions ['colcon_meta']
[0.444s] Level 1:colcon.colcon_core.package_identification:_identify(src/order_msgs) by extension 'colcon_meta'
[0.444s] Level 1:colcon.colcon_core.package_identification:_identify(src/order_msgs) by extensions ['ros']
[0.444s] Level 1:colcon.colcon_core.package_identification:_identify(src/order_msgs) by extension 'ros'
[0.447s] DEBUG:colcon.colcon_core.package_identification:Package 'src/order_msgs' with type 'ros.ament_cmake' and name 'order_msgs'
[0.447s] Level 1:colcon.colcon_core.package_identification:_identify(src/turtlebot) by extensions ['ignore', 'ignore_ament_install']
[0.447s] Level 1:colcon.colcon_core.package_identification:_identify(src/turtlebot) by extension 'ignore'
[0.447s] Level 1:colcon.colcon_core.package_identification:_identify(src/turtlebot) by extension 'ignore_ament_install'
[0.447s] Level 1:colcon.colcon_core.package_identification:_identify(src/turtlebot) by extensions ['colcon_pkg']
[0.447s] Level 1:colcon.colcon_core.package_identification:_identify(src/turtlebot) by extension 'colcon_pkg'
[0.447s] Level 1:colcon.colcon_core.package_identification:_identify(src/turtlebot) by extensions ['colcon_meta']
[0.447s] Level 1:colcon.colcon_core.package_identification:_identify(src/turtlebot) by extension 'colcon_meta'
[0.447s] Level 1:colcon.colcon_core.package_identification:_identify(src/turtlebot) by extensions ['ros']
[0.447s] Level 1:colcon.colcon_core.package_identification:_identify(src/turtlebot) by extension 'ros'
[0.448s] DEBUG:colcon.colcon_core.package_identification:Package 'src/turtlebot' with type 'ros.ament_python' and name 'turtlebot'
[0.448s] Level 1:colcon.colcon_core.package_discovery:discover_packages(recursive) using defaults
[0.448s] Level 1:colcon.colcon_core.package_discovery:discover_packages(ignore) discover
[0.448s] Level 1:colcon.colcon_core.package_discovery:discover_packages(ignore) using defaults
[0.448s] Level 1:colcon.colcon_core.package_discovery:discover_packages(path) discover
[0.448s] Level 1:colcon.colcon_core.package_discovery:discover_packages(path) using defaults
[0.469s] Level 1:colcon.colcon_core.package_discovery:discover_packages(prefix_path) check parameters
[0.469s] Level 1:colcon.colcon_core.package_discovery:discover_packages(prefix_path) discover
[0.472s] DEBUG:colcon.colcon_installed_package_information.package_discovery:Found 2 installed packages in /home/bok/project_ws/install
[0.473s] DEBUG:colcon.colcon_installed_package_information.package_discovery:Found 2 installed packages in /home/bok/project_ws/src/install
[0.474s] DEBUG:colcon.colcon_installed_package_information.package_discovery:Found 13 installed packages in /home/bok/turtlebot3_ws/install
[0.474s] DEBUG:colcon.colcon_installed_package_information.package_discovery:Found 4 installed packages in /home/bok/ros2_ws/install
[0.475s] DEBUG:colcon.colcon_installed_package_information.package_discovery:Found 3 installed packages in /home/bok/ros2_ws/src/install
[0.477s] DEBUG:colcon.colcon_installed_package_information.package_discovery:Found 380 installed packages in /opt/ros/humble
[0.480s] Level 1:colcon.colcon_core.package_discovery:discover_packages(prefix_path) using defaults
[0.531s] Level 5:colcon.colcon_core.verb:set package 'order_msgs' build argument 'cmake_args' from command line to 'None'
[0.531s] Level 5:colcon.colcon_core.verb:set package 'order_msgs' build argument 'cmake_target' from command line to 'None'
[0.531s] Level 5:colcon.colcon_core.verb:set package 'order_msgs' build argument 'cmake_target_skip_unavailable' from command line to 'False'
[0.531s] Level 5:colcon.colcon_core.verb:set package 'order_msgs' build argument 'cmake_clean_cache' from command line to 'False'
[0.531s] Level 5:colcon.colcon_core.verb:set package 'order_msgs' build argument 'cmake_clean_first' from command line to 'False'
[0.531s] Level 5:colcon.colcon_core.verb:set package 'order_msgs' build argument 'cmake_force_configure' from command line to 'False'
[0.531s] Level 5:colcon.colcon_core.verb:set package 'order_msgs' build argument 'ament_cmake_args' from command line to 'None'
[0.531s] Level 5:colcon.colcon_core.verb:set package 'order_msgs' build argument 'catkin_cmake_args' from command line to 'None'
[0.531s] Level 5:colcon.colcon_core.verb:set package 'order_msgs' build argument 'catkin_skip_building_tests' from command line to 'False'
[0.532s] DEBUG:colcon.colcon_core.verb:Building package 'order_msgs' with the following arguments: {'ament_cmake_args': None, 'build_base': '/home/bok/project_ws/build/order_msgs', 'catkin_cmake_args': None, 'catkin_skip_building_tests': False, 'cmake_args': None, 'cmake_clean_cache': False, 'cmake_clean_first': False, 'cmake_force_configure': False, 'cmake_target': None, 'cmake_target_skip_unavailable': False, 'install_base': '/home/bok/project_ws/install/order_msgs', 'merge_install': False, 'path': '/home/bok/project_ws/src/order_msgs', 'symlink_install': False, 'test_result_base': None}
[0.532s] Level 5:colcon.colcon_core.verb:set package 'turtlebot' build argument 'cmake_args' from command line to 'None'
[0.532s] Level 5:colcon.colcon_core.verb:set package 'turtlebot' build argument 'cmake_target' from command line to 'None'
[0.532s] Level 5:colcon.colcon_core.verb:set package 'turtlebot' build argument 'cmake_target_skip_unavailable' from command line to 'False'
[0.532s] Level 5:colcon.colcon_core.verb:set package 'turtlebot' build argument 'cmake_clean_cache' from command line to 'False'
[0.532s] Level 5:colcon.colcon_core.verb:set package 'turtlebot' build argument 'cmake_clean_first' from command line to 'False'
[0.532s] Level 5:colcon.colcon_core.verb:set package 'turtlebot' build argument 'cmake_force_configure' from command line to 'False'
[0.532s] Level 5:colcon.colcon_core.verb:set package 'turtlebot' build argument 'ament_cmake_args' from command line to 'None'
[0.532s] Level 5:colcon.colcon_core.verb:set package 'turtlebot' build argument 'catkin_cmake_args' from command line to 'None'
[0.532s] Level 5:colcon.colcon_core.verb:set package 'turtlebot' build argument 'catkin_skip_building_tests' from command line to 'False'
[0.532s] DEBUG:colcon.colcon_core.verb:Building package 'turtlebot' with the following arguments: {'ament_cmake_args': None, 'build_base': '/home/bok/project_ws/build/turtlebot', 'catkin_cmake_args': None, 'catkin_skip_building_tests': False, 'cmake_args': None, 'cmake_clean_cache': False, 'cmake_clean_first': False, 'cmake_force_configure': False, 'cmake_target': None, 'cmake_target_skip_unavailable': False, 'install_base': '/home/bok/project_ws/install/turtlebot', 'merge_install': False, 'path': '/home/bok/project_ws/src/turtlebot', 'symlink_install': False, 'test_result_base': None}
[0.533s] INFO:colcon.colcon_core.executor:Executing jobs using 'parallel' executor
[0.534s] DEBUG:colcon.colcon_parallel_executor.executor.parallel:run_until_complete
[0.534s] INFO:colcon.colcon_ros.task.ament_cmake.build:Building ROS package in '/home/bok/project_ws/src/order_msgs' with build type 'ament_cmake'
[0.534s] INFO:colcon.colcon_cmake.task.cmake.build:Building CMake package in '/home/bok/project_ws/src/order_msgs'
[0.537s] INFO:colcon.colcon_core.plugin_system:Skipping extension 'colcon_core.shell.bat': Not used on non-Windows systems
[0.537s] INFO:colcon.colcon_core.shell:Skip shell extension 'powershell' for command environment: Not usable outside of PowerShell
[0.537s] DEBUG:colcon.colcon_core.shell:Skip shell extension 'dsv' for command environment
[0.552s] DEBUG:colcon.colcon_core.event_handler.log_command:Invoking command in '/home/bok/project_ws/build/order_msgs': CMAKE_PREFIX_PATH=${CMAKE_PREFIX_PATH}:/home/bok/project_ws/install/turtlebot:/home/bok/project_ws/src/install/turtlebot:/home/bok/turtlebot3_ws/install/turtlebot3_teleop:/home/bok/turtlebot3_ws/install/turtlebot3_example:/home/bok/ros2_ws/install/ros_study_py:/home/bok/ros2_ws/install/ex_calculator:/home/bok/ros2_ws/install/py_pubsub:/home/bok/ros2_ws/src/install/ros_study_py:/home/bok/ros2_ws/src/install/ex_calculator:/opt/ros/humble /usr/bin/cmake --build /home/bok/project_ws/build/order_msgs -- -j4 -l4
[1.382s] DEBUG:colcon.colcon_core.event_handler.log_command:Invoked command in '/home/bok/project_ws/build/order_msgs' returned '0': CMAKE_PREFIX_PATH=${CMAKE_PREFIX_PATH}:/home/bok/project_ws/install/turtlebot:/home/bok/project_ws/src/install/turtlebot:/home/bok/turtlebot3_ws/install/turtlebot3_teleop:/home/bok/turtlebot3_ws/install/turtlebot3_example:/home/bok/ros2_ws/install/ros_study_py:/home/bok/ros2_ws/install/ex_calculator:/home/bok/ros2_ws/install/py_pubsub:/home/bok/ros2_ws/src/install/ros_study_py:/home/bok/ros2_ws/src/install/ex_calculator:/opt/ros/humble /usr/bin/cmake --build /home/bok/project_ws/build/order_msgs -- -j4 -l4
[1.475s] DEBUG:colcon.colcon_core.event_handler.log_command:Invoking command in '/home/bok/project_ws/build/order_msgs': CMAKE_PREFIX_PATH=${CMAKE_PREFIX_PATH}:/home/bok/project_ws/install/turtlebot:/home/bok/project_ws/src/install/turtlebot:/home/bok/turtlebot3_ws/install/turtlebot3_teleop:/home/bok/turtlebot3_ws/install/turtlebot3_example:/home/bok/ros2_ws/install/ros_study_py:/home/bok/ros2_ws/install/ex_calculator:/home/bok/ros2_ws/install/py_pubsub:/home/bok/ros2_ws/src/install/ros_study_py:/home/bok/ros2_ws/src/install/ex_calculator:/opt/ros/humble /usr/bin/cmake --install /home/bok/project_ws/build/order_msgs
[1.588s] Level 1:colcon.colcon_core.environment:create_environment_scripts_only(order_msgs)
[1.589s] DEBUG:colcon.colcon_core.event_handler.log_command:Invoked command in '/home/bok/project_ws/build/order_msgs' returned '0': CMAKE_PREFIX_PATH=${CMAKE_PREFIX_PATH}:/home/bok/project_ws/install/turtlebot:/home/bok/project_ws/src/install/turtlebot:/home/bok/turtlebot3_ws/install/turtlebot3_teleop:/home/bok/turtlebot3_ws/install/turtlebot3_example:/home/bok/ros2_ws/install/ros_study_py:/home/bok/ros2_ws/install/ex_calculator:/home/bok/ros2_ws/install/py_pubsub:/home/bok/ros2_ws/src/install/ros_study_py:/home/bok/ros2_ws/src/install/ex_calculator:/opt/ros/humble /usr/bin/cmake --install /home/bok/project_ws/build/order_msgs
[1.593s] Level 1:colcon.colcon_core.environment:checking '/home/bok/project_ws/install/order_msgs' for CMake module files
[1.594s] Level 1:colcon.colcon_core.environment:checking '/home/bok/project_ws/install/order_msgs' for CMake config files
[1.595s] Level 1:colcon.colcon_core.shell:create_environment_hook('order_msgs', 'cmake_prefix_path')
[1.595s] INFO:colcon.colcon_core.shell:Creating environment hook '/home/bok/project_ws/install/order_msgs/share/order_msgs/hook/cmake_prefix_path.ps1'
[1.596s] INFO:colcon.colcon_core.shell:Creating environment descriptor '/home/bok/project_ws/install/order_msgs/share/order_msgs/hook/cmake_prefix_path.dsv'
[1.597s] INFO:colcon.colcon_core.shell:Creating environment hook '/home/bok/project_ws/install/order_msgs/share/order_msgs/hook/cmake_prefix_path.sh'
[1.598s] Level 1:colcon.colcon_core.environment:checking '/home/bok/project_ws/install/order_msgs/lib'
[1.598s] Level 1:colcon.colcon_core.shell:create_environment_hook('order_msgs', 'ld_library_path_lib')
[1.599s] INFO:colcon.colcon_core.shell:Creating environment hook '/home/bok/project_ws/install/order_msgs/share/order_msgs/hook/ld_library_path_lib.ps1'
[1.600s] INFO:colcon.colcon_core.shell:Creating environment descriptor '/home/bok/project_ws/install/order_msgs/share/order_msgs/hook/ld_library_path_lib.dsv'
[1.600s] INFO:colcon.colcon_core.shell:Creating environment hook '/home/bok/project_ws/install/order_msgs/share/order_msgs/hook/ld_library_path_lib.sh'
[1.601s] Level 1:colcon.colcon_core.environment:checking '/home/bok/project_ws/install/order_msgs/bin'
[1.601s] Level 1:colcon.colcon_core.environment:checking '/home/bok/project_ws/install/order_msgs/lib/pkgconfig/order_msgs.pc'
[1.601s] Level 1:colcon.colcon_core.environment:checking '/home/bok/project_ws/install/order_msgs/lib/python3.10/site-packages'
[1.601s] Level 1:colcon.colcon_core.environment:checking '/home/bok/project_ws/install/order_msgs/bin'
[1.603s] INFO:colcon.colcon_core.shell:Creating package script '/home/bok/project_ws/install/order_msgs/share/order_msgs/package.ps1'
[1.604s] INFO:colcon.colcon_core.shell:Creating package descriptor '/home/bok/project_ws/install/order_msgs/share/order_msgs/package.dsv'
[1.605s] INFO:colcon.colcon_core.shell:Creating package script '/home/bok/project_ws/install/order_msgs/share/order_msgs/package.sh'
[1.606s] INFO:colcon.colcon_core.shell:Creating package script '/home/bok/project_ws/install/order_msgs/share/order_msgs/package.bash'
[1.608s] INFO:colcon.colcon_core.shell:Creating package script '/home/bok/project_ws/install/order_msgs/share/order_msgs/package.zsh'
[1.609s] Level 1:colcon.colcon_core.environment:create_file_with_runtime_dependencies(/home/bok/project_ws/install/order_msgs/share/colcon-core/packages/order_msgs)
[1.693s] Level 1:colcon.colcon_core.environment:create_environment_scripts_only(order_msgs)
[1.694s] Level 1:colcon.colcon_core.environment:checking '/home/bok/project_ws/install/order_msgs' for CMake module files
[1.695s] Level 1:colcon.colcon_core.environment:checking '/home/bok/project_ws/install/order_msgs' for CMake config files
[1.695s] Level 1:colcon.colcon_core.shell:create_environment_hook('order_msgs', 'cmake_prefix_path')
[1.695s] INFO:colcon.colcon_core.shell:Creating environment hook '/home/bok/project_ws/install/order_msgs/share/order_msgs/hook/cmake_prefix_path.ps1'
[1.696s] INFO:colcon.colcon_core.shell:Creating environment descriptor '/home/bok/project_ws/install/order_msgs/share/order_msgs/hook/cmake_prefix_path.dsv'
[1.696s] INFO:colcon.colcon_core.shell:Creating environment hook '/home/bok/project_ws/install/order_msgs/share/order_msgs/hook/cmake_prefix_path.sh'
[1.697s] Level 1:colcon.colcon_core.environment:checking '/home/bok/project_ws/install/order_msgs/lib'
[1.697s] Level 1:colcon.colcon_core.shell:create_environment_hook('order_msgs', 'ld_library_path_lib')
[1.698s] INFO:colcon.colcon_core.shell:Creating environment hook '/home/bok/project_ws/install/order_msgs/share/order_msgs/hook/ld_library_path_lib.ps1'
[1.698s] INFO:colcon.colcon_core.shell:Creating environment descriptor '/home/bok/project_ws/install/order_msgs/share/order_msgs/hook/ld_library_path_lib.dsv'
[1.699s] INFO:colcon.colcon_core.shell:Creating environment hook '/home/bok/project_ws/install/order_msgs/share/order_msgs/hook/ld_library_path_lib.sh'
[1.699s] Level 1:colcon.colcon_core.environment:checking '/home/bok/project_ws/install/order_msgs/bin'
[1.699s] Level 1:colcon.colcon_core.environment:checking '/home/bok/project_ws/install/order_msgs/lib/pkgconfig/order_msgs.pc'
[1.700s] Level 1:colcon.colcon_core.environment:checking '/home/bok/project_ws/install/order_msgs/lib/python3.10/site-packages'
[1.700s] Level 1:colcon.colcon_core.environment:checking '/home/bok/project_ws/install/order_msgs/bin'
[1.701s] INFO:colcon.colcon_core.shell:Creating package script '/home/bok/project_ws/install/order_msgs/share/order_msgs/package.ps1'
[1.701s] INFO:colcon.colcon_core.shell:Creating package descriptor '/home/bok/project_ws/install/order_msgs/share/order_msgs/package.dsv'
[1.702s] INFO:colcon.colcon_core.shell:Creating package script '/home/bok/project_ws/install/order_msgs/share/order_msgs/package.sh'
[1.703s] INFO:colcon.colcon_core.shell:Creating package script '/home/bok/project_ws/install/order_msgs/share/order_msgs/package.bash'
[1.703s] INFO:colcon.colcon_core.shell:Creating package script '/home/bok/project_ws/install/order_msgs/share/order_msgs/package.zsh'
[1.704s] Level 1:colcon.colcon_core.environment:create_file_with_runtime_dependencies(/home/bok/project_ws/install/order_msgs/share/colcon-core/packages/order_msgs)
[1.704s] INFO:colcon.colcon_ros.task.ament_python.build:Building ROS package in '/home/bok/project_ws/src/turtlebot' with build type 'ament_python'
[1.705s] Level 1:colcon.colcon_core.shell:create_environment_hook('turtlebot', 'ament_prefix_path')
[1.705s] INFO:colcon.colcon_core.shell:Creating environment hook '/home/bok/project_ws/install/turtlebot/share/turtlebot/hook/ament_prefix_path.ps1'
[1.706s] INFO:colcon.colcon_core.shell:Creating environment descriptor '/home/bok/project_ws/install/turtlebot/share/turtlebot/hook/ament_prefix_path.dsv'
[1.707s] INFO:colcon.colcon_core.shell:Creating environment hook '/home/bok/project_ws/install/turtlebot/share/turtlebot/hook/ament_prefix_path.sh'
[1.707s] INFO:colcon.colcon_core.shell:Skip shell extension 'powershell' for command environment: Not usable outside of PowerShell
[1.708s] DEBUG:colcon.colcon_core.shell:Skip shell extension 'dsv' for command environment
[2.155s] INFO:colcon.colcon_core.task.python.build:Building Python package in '/home/bok/project_ws/src/turtlebot'
[2.156s] INFO:colcon.colcon_core.shell:Skip shell extension 'powershell' for command environment: Not usable outside of PowerShell
[2.156s] DEBUG:colcon.colcon_core.shell:Skip shell extension 'dsv' for command environment
[2.725s] DEBUG:colcon.colcon_core.event_handler.log_command:Invoking command in '/home/bok/project_ws/src/turtlebot': LD_LIBRARY_PATH=/home/bok/project_ws/install/order_msgs/lib:/home/bok/turtlebot3_ws/install/turtlebot3_msgs/lib:/home/bok/ros2_ws/install/ros_study_msgs/lib:/home/bok/ros2_ws/src/install/ros_study_msgs/lib:/usr/lib/x86_64-linux-gnu/gazebo-11/plugins:/opt/ros/humble/opt/rviz_ogre_vendor/lib:/opt/ros/humble/lib/x86_64-linux-gnu:/opt/ros/humble/lib:/usr/lib/x86_64-linux-gnu/gazebo-11/plugins PYTHONPATH=/home/bok/project_ws/build/turtlebot/prefix_override:/usr/lib/python3/dist-packages/colcon_core/task/python/colcon_distutils_commands:/home/bok/project_ws/install/turtlebot/lib/python3.10/site-packages:${PYTHONPATH} /usr/bin/python3 -W ignore:setup.py install is deprecated setup.py egg_info --egg-base ../../build/turtlebot build --build-base /home/bok/project_ws/build/turtlebot/build install --record /home/bok/project_ws/build/turtlebot/install.log --single-version-externally-managed install_data
[3.174s] Level 1:colcon.colcon_core.environment:checking '/home/bok/project_ws/install/turtlebot' for CMake module files
[3.175s] DEBUG:colcon.colcon_core.event_handler.log_command:Invoked command in '/home/bok/project_ws/src/turtlebot' returned '0': LD_LIBRARY_PATH=/home/bok/project_ws/install/order_msgs/lib:/home/bok/turtlebot3_ws/install/turtlebot3_msgs/lib:/home/bok/ros2_ws/install/ros_study_msgs/lib:/home/bok/ros2_ws/src/install/ros_study_msgs/lib:/usr/lib/x86_64-linux-gnu/gazebo-11/plugins:/opt/ros/humble/opt/rviz_ogre_vendor/lib:/opt/ros/humble/lib/x86_64-linux-gnu:/opt/ros/humble/lib:/usr/lib/x86_64-linux-gnu/gazebo-11/plugins PYTHONPATH=/home/bok/project_ws/build/turtlebot/prefix_override:/usr/lib/python3/dist-packages/colcon_core/task/python/colcon_distutils_commands:/home/bok/project_ws/install/turtlebot/lib/python3.10/site-packages:${PYTHONPATH} /usr/bin/python3 -W ignore:setup.py install is deprecated setup.py egg_info --egg-base ../../build/turtlebot build --build-base /home/bok/project_ws/build/turtlebot/build install --record /home/bok/project_ws/build/turtlebot/install.log --single-version-externally-managed install_data
[3.175s] Level 1:colcon.colcon_core.environment:checking '/home/bok/project_ws/install/turtlebot' for CMake config files
[3.176s] Level 1:colcon.colcon_core.environment:checking '/home/bok/project_ws/install/turtlebot/lib'
[3.176s] Level 1:colcon.colcon_core.environment:checking '/home/bok/project_ws/install/turtlebot/bin'
[3.176s] Level 1:colcon.colcon_core.environment:checking '/home/bok/project_ws/install/turtlebot/lib/pkgconfig/turtlebot.pc'
[3.177s] Level 1:colcon.colcon_core.environment:checking '/home/bok/project_ws/install/turtlebot/lib/python3.10/site-packages'
[3.177s] Level 1:colcon.colcon_core.shell:create_environment_hook('turtlebot', 'pythonpath')
[3.177s] INFO:colcon.colcon_core.shell:Creating environment hook '/home/bok/project_ws/install/turtlebot/share/turtlebot/hook/pythonpath.ps1'
[3.178s] INFO:colcon.colcon_core.shell:Creating environment descriptor '/home/bok/project_ws/install/turtlebot/share/turtlebot/hook/pythonpath.dsv'
[3.178s] INFO:colcon.colcon_core.shell:Creating environment hook '/home/bok/project_ws/install/turtlebot/share/turtlebot/hook/pythonpath.sh'
[3.179s] Level 1:colcon.colcon_core.environment:checking '/home/bok/project_ws/install/turtlebot/bin'
[3.179s] Level 1:colcon.colcon_core.environment:create_environment_scripts_only(turtlebot)
[3.180s] INFO:colcon.colcon_core.shell:Creating package script '/home/bok/project_ws/install/turtlebot/share/turtlebot/package.ps1'
[3.181s] INFO:colcon.colcon_core.shell:Creating package descriptor '/home/bok/project_ws/install/turtlebot/share/turtlebot/package.dsv'
[3.182s] INFO:colcon.colcon_core.shell:Creating package script '/home/bok/project_ws/install/turtlebot/share/turtlebot/package.sh'
[3.182s] INFO:colcon.colcon_core.shell:Creating package script '/home/bok/project_ws/install/turtlebot/share/turtlebot/package.bash'
[3.183s] INFO:colcon.colcon_core.shell:Creating package script '/home/bok/project_ws/install/turtlebot/share/turtlebot/package.zsh'
[3.183s] Level 1:colcon.colcon_core.environment:create_file_with_runtime_dependencies(/home/bok/project_ws/install/turtlebot/share/colcon-core/packages/turtlebot)
[3.184s] DEBUG:colcon.colcon_parallel_executor.executor.parallel:closing loop
[3.184s] DEBUG:colcon.colcon_parallel_executor.executor.parallel:loop closed
[3.184s] DEBUG:colcon.colcon_parallel_executor.executor.parallel:run_until_complete finished with '0'
[3.184s] DEBUG:colcon.colcon_core.event_reactor:joining thread
[3.193s] INFO:colcon.colcon_core.plugin_system:Skipping extension 'colcon_notification.desktop_notification.terminal_notifier': Not used on non-Darwin systems
[3.193s] INFO:colcon.colcon_core.plugin_system:Skipping extension 'colcon_notification.desktop_notification.win32': Not used on non-Windows systems
[3.193s] INFO:colcon.colcon_notification.desktop_notification:Sending desktop notification using 'notify2'
[3.209s] DEBUG:colcon.colcon_core.event_reactor:joined thread
[3.210s] INFO:colcon.colcon_core.shell:Creating prefix script '/home/bok/project_ws/install/local_setup.ps1'
[3.211s] INFO:colcon.colcon_core.shell:Creating prefix util module '/home/bok/project_ws/install/_local_setup_util_ps1.py'
[3.214s] INFO:colcon.colcon_core.shell:Creating prefix chain script '/home/bok/project_ws/install/setup.ps1'
[3.217s] INFO:colcon.colcon_core.shell:Creating prefix script '/home/bok/project_ws/install/local_setup.sh'
[3.218s] INFO:colcon.colcon_core.shell:Creating prefix util module '/home/bok/project_ws/install/_local_setup_util_sh.py'
[3.219s] INFO:colcon.colcon_core.shell:Creating prefix chain script '/home/bok/project_ws/install/setup.sh'
[3.221s] INFO:colcon.colcon_core.shell:Creating prefix script '/home/bok/project_ws/install/local_setup.bash'
[3.222s] INFO:colcon.colcon_core.shell:Creating prefix chain script '/home/bok/project_ws/install/setup.bash'
[3.224s] INFO:colcon.colcon_core.shell:Creating prefix script '/home/bok/project_ws/install/local_setup.zsh'
[3.225s] INFO:colcon.colcon_core.shell:Creating prefix chain script '/home/bok/project_ws/install/setup.zsh'
