[2.830s] Invoking command in '/home/bok/ff_ws/src/project': PYTHONPATH=/home/bok/ff_ws/build/project/prefix_override:/usr/lib/python3/dist-packages/colcon_core/task/python/colcon_distutils_commands:/home/bok/ff_ws/install/project/lib/python3.10/site-packages:${PYTHONPATH} /usr/bin/python3 -W ignore:setup.py install is deprecated setup.py egg_info --egg-base ../../build/project build --build-base /home/bok/ff_ws/build/project/build install --record /home/bok/ff_ws/build/project/install.log --single-version-externally-managed install_data
[3.233s] /home/bok/.local/lib/python3.10/site-packages/setuptools/_distutils/dist.py:261: UserWarning: Unknown distribution option: 'tests_require'
[3.233s]   warnings.warn(msg)
[3.487s] running egg_info
[3.525s] writing ../../build/project/project.egg-info/PKG-INFO
[3.527s] writing dependency_links to ../../build/project/project.egg-info/dependency_links.txt
[3.528s] writing entry points to ../../build/project/project.egg-info/entry_points.txt
[3.528s] writing requirements to ../../build/project/project.egg-info/requires.txt
[3.528s] writing top-level names to ../../build/project/project.egg-info/top_level.txt
[3.616s] reading manifest file '../../build/project/project.egg-info/SOURCES.txt'
[3.626s] writing manifest file '../../build/project/project.egg-info/SOURCES.txt'
[3.626s] running build
[3.626s] running build_py
[3.626s] copying project/fix_rotation.py -> /home/bok/ff_ws/build/project/build/lib/project
[3.626s] copying project/temp.py -> /home/bok/ff_ws/build/project/build/lib/project
[3.627s] copying project/control_tower_server.py -> /home/bok/ff_ws/build/project/build/lib/project
[3.627s] copying project/subscription.py -> /home/bok/ff_ws/build/project/build/lib/project
[3.627s] copying project/manipulator.py -> /home/bok/ff_ws/build/project/build/lib/project
[3.627s] copying project/control_tower.py -> /home/bok/ff_ws/build/project/build/lib/project
[3.636s] copying project/camera.py -> /home/bok/ff_ws/build/project/build/lib/project
[3.636s] copying project/inverse_test.py -> /home/bok/ff_ws/build/project/build/lib/project
[3.637s] copying project/nnnn.py -> /home/bok/ff_ws/build/project/build/lib/project
[3.637s] copying project/__init__.py -> /home/bok/ff_ws/build/project/build/lib/project
[3.638s] running install
[3.638s] running install_lib
[3.684s] running install_data
[3.684s] copying resource/project -> /home/bok/ff_ws/install/project/share/ament_index/resource_index/packages
[3.684s] copying package.xml -> /home/bok/ff_ws/install/project/share/project
[3.685s] copying launch/project.launch.py -> /home/bok/ff_ws/install/project/share/project/launch
[3.685s] running install_egg_info
[3.731s] removing '/home/bok/ff_ws/install/project/lib/python3.10/site-packages/project-0.0.0-py3.10.egg-info' (and everything under it)
[3.733s] Copying ../../build/project/project.egg-info to /home/bok/ff_ws/install/project/lib/python3.10/site-packages/project-0.0.0-py3.10.egg-info
[3.733s] running install_scripts
[4.114s] Installing camera script to /home/bok/ff_ws/install/project/lib/project
[4.116s] Installing control_tower script to /home/bok/ff_ws/install/project/lib/project
[4.117s] Installing fix_rotation script to /home/bok/ff_ws/install/project/lib/project
[4.117s] Installing mani_control script to /home/bok/ff_ws/install/project/lib/project
[4.117s] Installing server script to /home/bok/ff_ws/install/project/lib/project
[4.117s] writing list of installed files to '/home/bok/ff_ws/build/project/install.log'
[4.182s] Invoked command in '/home/bok/ff_ws/src/project' returned '0': PYTHONPATH=/home/bok/ff_ws/build/project/prefix_override:/usr/lib/python3/dist-packages/colcon_core/task/python/colcon_distutils_commands:/home/bok/ff_ws/install/project/lib/python3.10/site-packages:${PYTHONPATH} /usr/bin/python3 -W ignore:setup.py install is deprecated setup.py egg_info --egg-base ../../build/project build --build-base /home/bok/ff_ws/build/project/build install --record /home/bok/ff_ws/build/project/install.log --single-version-externally-managed install_data
