[0.336s] Invoking command in '/home/bok/ff_ws/build/type': CMAKE_PREFIX_PATH=${CMAKE_PREFIX_PATH}:/home/bok/ff_ws/install/project:/home/bok/multitb_ws/install/get_data:/home/bok/ws_urdf/install/urdf_tutorial:/home/bok/ws_urdf/install/car_tutorial:/home/bok/turtlebot3_ws/install/turtlebot3_teleop:/home/bok/turtlebot3_ws/install/turtlebot3_example:/home/bok/baby_ws/install/bossbaby:/opt/ros/humble /usr/bin/cmake --build /home/bok/ff_ws/build/type -- -j4 -l4
[0.429s] [  3%] Built target type__cpp
[0.434s] [ 12%] Built target type__rosidl_generator_c
[0.459s] [ 12%] Built target ament_cmake_python_copy_type
[0.495s] [ 22%] Built target type__rosidl_typesupport_cpp
[0.502s] [ 32%] Built target type__rosidl_typesupport_fastrtps_cpp
[0.507s] [ 41%] Built target type__rosidl_typesupport_fastrtps_c
[0.512s] [ 51%] Built target type__rosidl_typesupport_introspection_cpp
[0.551s] [ 61%] Built target type__rosidl_typesupport_c
[0.553s] [ 70%] Built target type__rosidl_typesupport_introspection_c
[0.594s] [ 70%] Built target type
[0.628s] [ 74%] Built target type__py
[0.666s] [ 80%] Built target type__rosidl_generator_py
[0.724s] [ 87%] Built target type__rosidl_typesupport_c__pyext
[0.731s] [ 93%] Built target type__rosidl_typesupport_introspection_c__pyext
[0.733s] [100%] Built target type__rosidl_typesupport_fastrtps_c__pyext
[0.994s] running egg_info
[1.042s] writing type.egg-info/PKG-INFO
[1.043s] writing dependency_links to type.egg-info/dependency_links.txt
[1.043s] writing top-level names to type.egg-info/top_level.txt
[1.167s] reading manifest file 'type.egg-info/SOURCES.txt'
[1.170s] writing manifest file 'type.egg-info/SOURCES.txt'
[1.225s] [100%] Built target ament_cmake_python_build_type_egg
[1.243s] Invoked command in '/home/bok/ff_ws/build/type' returned '0': CMAKE_PREFIX_PATH=${CMAKE_PREFIX_PATH}:/home/bok/ff_ws/install/project:/home/bok/multitb_ws/install/get_data:/home/bok/ws_urdf/install/urdf_tutorial:/home/bok/ws_urdf/install/car_tutorial:/home/bok/turtlebot3_ws/install/turtlebot3_teleop:/home/bok/turtlebot3_ws/install/turtlebot3_example:/home/bok/baby_ws/install/bossbaby:/opt/ros/humble /usr/bin/cmake --build /home/bok/ff_ws/build/type -- -j4 -l4
[1.366s] Invoking command in '/home/bok/ff_ws/build/type': CMAKE_PREFIX_PATH=${CMAKE_PREFIX_PATH}:/home/bok/ff_ws/install/project:/home/bok/multitb_ws/install/get_data:/home/bok/ws_urdf/install/urdf_tutorial:/home/bok/ws_urdf/install/car_tutorial:/home/bok/turtlebot3_ws/install/turtlebot3_teleop:/home/bok/turtlebot3_ws/install/turtlebot3_example:/home/bok/baby_ws/install/bossbaby:/opt/ros/humble /usr/bin/cmake --install /home/bok/ff_ws/build/type
[1.388s] -- Install configuration: ""
[1.389s] -- Up-to-date: /home/bok/ff_ws/install/type/share/ament_index/resource_index/rosidl_interfaces/type
[1.389s] -- Up-to-date: /home/bok/ff_ws/install/type/include/type/type
[1.389s] -- Up-to-date: /home/bok/ff_ws/install/type/include/type/type/srv
[1.390s] -- Up-to-date: /home/bok/ff_ws/install/type/include/type/type/srv/start_time.h
[1.390s] -- Up-to-date: /home/bok/ff_ws/install/type/include/type/type/srv/detail
[1.390s] -- Up-to-date: /home/bok/ff_ws/install/type/include/type/type/srv/detail/start_time__type_support.h
[1.390s] -- Up-to-date: /home/bok/ff_ws/install/type/include/type/type/srv/detail/start_time__functions.c
[1.390s] -- Up-to-date: /home/bok/ff_ws/install/type/include/type/type/srv/detail/start_time__functions.h
[1.390s] -- Up-to-date: /home/bok/ff_ws/install/type/include/type/type/srv/detail/start_time__struct.h
[1.390s] -- Up-to-date: /home/bok/ff_ws/install/type/include/type/type/msg
[1.391s] -- Up-to-date: /home/bok/ff_ws/install/type/include/type/type/msg/rosidl_generator_c__visibility_control.h
[1.393s] -- Up-to-date: /home/bok/ff_ws/install/type/share/type/environment/library_path.sh
[1.394s] -- Up-to-date: /home/bok/ff_ws/install/type/share/type/environment/library_path.dsv
[1.395s] -- Up-to-date: /home/bok/ff_ws/install/type/lib/libtype__rosidl_generator_c.so
[1.395s] -- Up-to-date: /home/bok/ff_ws/install/type/include/type/type
[1.395s] -- Up-to-date: /home/bok/ff_ws/install/type/include/type/type/srv
[1.395s] -- Up-to-date: /home/bok/ff_ws/install/type/include/type/type/srv/detail
[1.396s] -- Up-to-date: /home/bok/ff_ws/install/type/include/type/type/srv/detail/start_time__rosidl_typesupport_fastrtps_c.h
[1.396s] -- Up-to-date: /home/bok/ff_ws/install/type/include/type/type/msg
[1.396s] -- Up-to-date: /home/bok/ff_ws/install/type/include/type/type/msg/rosidl_typesupport_fastrtps_c__visibility_control.h
[1.396s] -- Up-to-date: /home/bok/ff_ws/install/type/lib/libtype__rosidl_typesupport_fastrtps_c.so
[1.396s] -- Up-to-date: /home/bok/ff_ws/install/type/include/type/type
[1.396s] -- Up-to-date: /home/bok/ff_ws/install/type/include/type/type/srv
[1.396s] -- Up-to-date: /home/bok/ff_ws/install/type/include/type/type/srv/start_time.hpp
[1.396s] -- Up-to-date: /home/bok/ff_ws/install/type/include/type/type/srv/detail
[1.397s] -- Up-to-date: /home/bok/ff_ws/install/type/include/type/type/srv/detail/start_time__struct.hpp
[1.397s] -- Up-to-date: /home/bok/ff_ws/install/type/include/type/type/srv/detail/start_time__traits.hpp
[1.397s] -- Up-to-date: /home/bok/ff_ws/install/type/include/type/type/srv/detail/start_time__builder.hpp
[1.397s] -- Up-to-date: /home/bok/ff_ws/install/type/include/type/type
[1.397s] -- Up-to-date: /home/bok/ff_ws/install/type/include/type/type/srv
[1.397s] -- Up-to-date: /home/bok/ff_ws/install/type/include/type/type/srv/detail
[1.400s] -- Up-to-date: /home/bok/ff_ws/install/type/include/type/type/srv/detail/start_time__rosidl_typesupport_fastrtps_cpp.hpp
[1.400s] -- Up-to-date: /home/bok/ff_ws/install/type/include/type/type/srv/detail/dds_fastrtps
[1.400s] -- Up-to-date: /home/bok/ff_ws/install/type/include/type/type/msg
[1.401s] -- Up-to-date: /home/bok/ff_ws/install/type/include/type/type/msg/rosidl_typesupport_fastrtps_cpp__visibility_control.h
[1.401s] -- Up-to-date: /home/bok/ff_ws/install/type/lib/libtype__rosidl_typesupport_fastrtps_cpp.so
[1.401s] -- Up-to-date: /home/bok/ff_ws/install/type/include/type/type
[1.401s] -- Up-to-date: /home/bok/ff_ws/install/type/include/type/type/srv
[1.401s] -- Up-to-date: /home/bok/ff_ws/install/type/include/type/type/srv/detail
[1.401s] -- Up-to-date: /home/bok/ff_ws/install/type/include/type/type/srv/detail/start_time__type_support.c
[1.402s] -- Up-to-date: /home/bok/ff_ws/install/type/include/type/type/srv/detail/start_time__rosidl_typesupport_introspection_c.h
[1.402s] -- Up-to-date: /home/bok/ff_ws/install/type/include/type/type/msg
[1.402s] -- Up-to-date: /home/bok/ff_ws/install/type/include/type/type/msg/rosidl_typesupport_introspection_c__visibility_control.h
[1.405s] -- Up-to-date: /home/bok/ff_ws/install/type/lib/libtype__rosidl_typesupport_introspection_c.so
[1.405s] -- Up-to-date: /home/bok/ff_ws/install/type/lib/libtype__rosidl_typesupport_c.so
[1.405s] -- Up-to-date: /home/bok/ff_ws/install/type/include/type/type
[1.406s] -- Up-to-date: /home/bok/ff_ws/install/type/include/type/type/srv
[1.406s] -- Up-to-date: /home/bok/ff_ws/install/type/include/type/type/srv/detail
[1.406s] -- Up-to-date: /home/bok/ff_ws/install/type/include/type/type/srv/detail/start_time__rosidl_typesupport_introspection_cpp.hpp
[1.406s] -- Up-to-date: /home/bok/ff_ws/install/type/include/type/type/srv/detail/start_time__type_support.cpp
[1.406s] -- Up-to-date: /home/bok/ff_ws/install/type/lib/libtype__rosidl_typesupport_introspection_cpp.so
[1.406s] -- Up-to-date: /home/bok/ff_ws/install/type/lib/libtype__rosidl_typesupport_cpp.so
[1.406s] -- Up-to-date: /home/bok/ff_ws/install/type/share/type/environment/pythonpath.sh
[1.407s] -- Up-to-date: /home/bok/ff_ws/install/type/share/type/environment/pythonpath.dsv
[1.407s] -- Up-to-date: /home/bok/ff_ws/install/type/local/lib/python3.10/dist-packages/type-0.0.0-py3.10.egg-info
[1.407s] -- Installing: /home/bok/ff_ws/install/type/local/lib/python3.10/dist-packages/type-0.0.0-py3.10.egg-info/dependency_links.txt
[1.407s] -- Installing: /home/bok/ff_ws/install/type/local/lib/python3.10/dist-packages/type-0.0.0-py3.10.egg-info/SOURCES.txt
[1.407s] -- Installing: /home/bok/ff_ws/install/type/local/lib/python3.10/dist-packages/type-0.0.0-py3.10.egg-info/PKG-INFO
[1.407s] -- Installing: /home/bok/ff_ws/install/type/local/lib/python3.10/dist-packages/type-0.0.0-py3.10.egg-info/top_level.txt
[1.407s] -- Up-to-date: /home/bok/ff_ws/install/type/local/lib/python3.10/dist-packages/type
[1.407s] -- Up-to-date: /home/bok/ff_ws/install/type/local/lib/python3.10/dist-packages/type/type_s__rosidl_typesupport_c.cpython-310-x86_64-linux-gnu.so
[1.407s] -- Up-to-date: /home/bok/ff_ws/install/type/local/lib/python3.10/dist-packages/type/libtype__rosidl_generator_py.so
[1.408s] -- Up-to-date: /home/bok/ff_ws/install/type/local/lib/python3.10/dist-packages/type/_type_s.ep.rosidl_typesupport_c.c
[1.408s] -- Up-to-date: /home/bok/ff_ws/install/type/local/lib/python3.10/dist-packages/type/srv
[1.408s] -- Up-to-date: /home/bok/ff_ws/install/type/local/lib/python3.10/dist-packages/type/srv/_start_time_s.c
[1.408s] -- Up-to-date: /home/bok/ff_ws/install/type/local/lib/python3.10/dist-packages/type/srv/_start_time.py
[1.408s] -- Up-to-date: /home/bok/ff_ws/install/type/local/lib/python3.10/dist-packages/type/srv/__init__.py
[1.408s] -- Up-to-date: /home/bok/ff_ws/install/type/local/lib/python3.10/dist-packages/type/type_s__rosidl_typesupport_introspection_c.cpython-310-x86_64-linux-gnu.so
[1.408s] -- Up-to-date: /home/bok/ff_ws/install/type/local/lib/python3.10/dist-packages/type/type_s__rosidl_typesupport_fastrtps_c.cpython-310-x86_64-linux-gnu.so
[1.408s] -- Up-to-date: /home/bok/ff_ws/install/type/local/lib/python3.10/dist-packages/type/_type_s.ep.rosidl_typesupport_introspection_c.c
[1.409s] -- Up-to-date: /home/bok/ff_ws/install/type/local/lib/python3.10/dist-packages/type/__init__.py
[1.409s] -- Up-to-date: /home/bok/ff_ws/install/type/local/lib/python3.10/dist-packages/type/_type_s.ep.rosidl_typesupport_fastrtps_c.c
[1.483s] Listing '/home/bok/ff_ws/install/type/local/lib/python3.10/dist-packages/type'...
[1.484s] Listing '/home/bok/ff_ws/install/type/local/lib/python3.10/dist-packages/type/srv'...
[1.490s] -- Up-to-date: /home/bok/ff_ws/install/type/local/lib/python3.10/dist-packages/type/type_s__rosidl_typesupport_fastrtps_c.cpython-310-x86_64-linux-gnu.so
[1.492s] -- Up-to-date: /home/bok/ff_ws/install/type/local/lib/python3.10/dist-packages/type/type_s__rosidl_typesupport_introspection_c.cpython-310-x86_64-linux-gnu.so
[1.492s] -- Up-to-date: /home/bok/ff_ws/install/type/local/lib/python3.10/dist-packages/type/type_s__rosidl_typesupport_c.cpython-310-x86_64-linux-gnu.so
[1.493s] -- Up-to-date: /home/bok/ff_ws/install/type/lib/libtype__rosidl_generator_py.so
[1.494s] -- Up-to-date: /home/bok/ff_ws/install/type/share/type/srv/StartTime.idl
[1.495s] -- Up-to-date: /home/bok/ff_ws/install/type/share/type/srv/StartTime.srv
[1.495s] -- Up-to-date: /home/bok/ff_ws/install/type/share/type/srv/StartTime_Request.msg
[1.496s] -- Up-to-date: /home/bok/ff_ws/install/type/share/type/srv/StartTime_Response.msg
[1.497s] -- Up-to-date: /home/bok/ff_ws/install/type/share/ament_index/resource_index/package_run_dependencies/type
[1.498s] -- Up-to-date: /home/bok/ff_ws/install/type/share/ament_index/resource_index/parent_prefix_path/type
[1.498s] -- Up-to-date: /home/bok/ff_ws/install/type/share/type/environment/ament_prefix_path.sh
[1.498s] -- Up-to-date: /home/bok/ff_ws/install/type/share/type/environment/ament_prefix_path.dsv
[1.501s] -- Up-to-date: /home/bok/ff_ws/install/type/share/type/environment/path.sh
[1.501s] -- Up-to-date: /home/bok/ff_ws/install/type/share/type/environment/path.dsv
[1.501s] -- Up-to-date: /home/bok/ff_ws/install/type/share/type/local_setup.bash
[1.501s] -- Up-to-date: /home/bok/ff_ws/install/type/share/type/local_setup.sh
[1.502s] -- Up-to-date: /home/bok/ff_ws/install/type/share/type/local_setup.zsh
[1.505s] -- Up-to-date: /home/bok/ff_ws/install/type/share/type/local_setup.dsv
[1.506s] -- Installing: /home/bok/ff_ws/install/type/share/type/package.dsv
[1.506s] -- Up-to-date: /home/bok/ff_ws/install/type/share/ament_index/resource_index/packages/type
[1.506s] -- Up-to-date: /home/bok/ff_ws/install/type/share/type/cmake/export_type__rosidl_generator_cExport.cmake
[1.507s] -- Up-to-date: /home/bok/ff_ws/install/type/share/type/cmake/export_type__rosidl_generator_cExport-noconfig.cmake
[1.507s] -- Up-to-date: /home/bok/ff_ws/install/type/share/type/cmake/export_type__rosidl_typesupport_fastrtps_cExport.cmake
[1.508s] -- Up-to-date: /home/bok/ff_ws/install/type/share/type/cmake/export_type__rosidl_typesupport_fastrtps_cExport-noconfig.cmake
[1.510s] -- Up-to-date: /home/bok/ff_ws/install/type/share/type/cmake/export_type__rosidl_generator_cppExport.cmake
[1.510s] -- Up-to-date: /home/bok/ff_ws/install/type/share/type/cmake/export_type__rosidl_typesupport_fastrtps_cppExport.cmake
[1.510s] -- Up-to-date: /home/bok/ff_ws/install/type/share/type/cmake/export_type__rosidl_typesupport_fastrtps_cppExport-noconfig.cmake
[1.512s] -- Up-to-date: /home/bok/ff_ws/install/type/share/type/cmake/type__rosidl_typesupport_introspection_cExport.cmake
[1.512s] -- Up-to-date: /home/bok/ff_ws/install/type/share/type/cmake/type__rosidl_typesupport_introspection_cExport-noconfig.cmake
[1.513s] -- Up-to-date: /home/bok/ff_ws/install/type/share/type/cmake/type__rosidl_typesupport_cExport.cmake
[1.513s] -- Up-to-date: /home/bok/ff_ws/install/type/share/type/cmake/type__rosidl_typesupport_cExport-noconfig.cmake
[1.513s] -- Up-to-date: /home/bok/ff_ws/install/type/share/type/cmake/type__rosidl_typesupport_introspection_cppExport.cmake
[1.516s] -- Up-to-date: /home/bok/ff_ws/install/type/share/type/cmake/type__rosidl_typesupport_introspection_cppExport-noconfig.cmake
[1.516s] -- Up-to-date: /home/bok/ff_ws/install/type/share/type/cmake/type__rosidl_typesupport_cppExport.cmake
[1.516s] -- Up-to-date: /home/bok/ff_ws/install/type/share/type/cmake/type__rosidl_typesupport_cppExport-noconfig.cmake
[1.517s] -- Up-to-date: /home/bok/ff_ws/install/type/share/type/cmake/export_type__rosidl_generator_pyExport.cmake
[1.517s] -- Up-to-date: /home/bok/ff_ws/install/type/share/type/cmake/export_type__rosidl_generator_pyExport-noconfig.cmake
[1.521s] -- Up-to-date: /home/bok/ff_ws/install/type/share/type/cmake/rosidl_cmake-extras.cmake
[1.521s] -- Up-to-date: /home/bok/ff_ws/install/type/share/type/cmake/ament_cmake_export_dependencies-extras.cmake
[1.522s] -- Up-to-date: /home/bok/ff_ws/install/type/share/type/cmake/ament_cmake_export_include_directories-extras.cmake
[1.522s] -- Up-to-date: /home/bok/ff_ws/install/type/share/type/cmake/ament_cmake_export_libraries-extras.cmake
[1.522s] -- Up-to-date: /home/bok/ff_ws/install/type/share/type/cmake/ament_cmake_export_targets-extras.cmake
[1.522s] -- Up-to-date: /home/bok/ff_ws/install/type/share/type/cmake/rosidl_cmake_export_typesupport_targets-extras.cmake
[1.522s] -- Up-to-date: /home/bok/ff_ws/install/type/share/type/cmake/rosidl_cmake_export_typesupport_libraries-extras.cmake
[1.522s] -- Up-to-date: /home/bok/ff_ws/install/type/share/type/cmake/typeConfig.cmake
[1.522s] -- Up-to-date: /home/bok/ff_ws/install/type/share/type/cmake/typeConfig-version.cmake
[1.522s] -- Up-to-date: /home/bok/ff_ws/install/type/share/type/package.xml
[1.533s] Invoked command in '/home/bok/ff_ws/build/type' returned '0': CMAKE_PREFIX_PATH=${CMAKE_PREFIX_PATH}:/home/bok/ff_ws/install/project:/home/bok/multitb_ws/install/get_data:/home/bok/ws_urdf/install/urdf_tutorial:/home/bok/ws_urdf/install/car_tutorial:/home/bok/turtlebot3_ws/install/turtlebot3_teleop:/home/bok/turtlebot3_ws/install/turtlebot3_example:/home/bok/baby_ws/install/bossbaby:/opt/ros/humble /usr/bin/cmake --install /home/bok/ff_ws/build/type
