[0.608s] Invoking command in '/home/rokey/Desktop/ros_ws/src/cleaning': PS1=\[\e]0;\u@\h: \w\a\]${debian_chroot:+($debian_chroot)}\[\033[01;32m\]\u@\h\[\033[00m\]:\[\033[01;34m\]\w\[\033[00m\]\$ PYTHONPATH=/home/rokey/Desktop/ros_ws/build/cleaning/prefix_override:/usr/lib/python3/dist-packages/colcon_core/task/python/colcon_distutils_commands:/home/rokey/Desktop/ros_ws/install/cleaning/lib/python3.10/site-packages:${PYTHONPATH} /usr/bin/python3 -W ignore:setup.py install is deprecated -W ignore:easy_install command is deprecated setup.py egg_info --egg-base ../../build/cleaning build --build-base /home/rokey/Desktop/ros_ws/build/cleaning/build install --record /home/rokey/Desktop/ros_ws/build/cleaning/install.log --single-version-externally-managed install_data
[0.852s] running egg_info
[0.852s] creating ../../build/cleaning/cleaning.egg-info
[0.852s] writing ../../build/cleaning/cleaning.egg-info/PKG-INFO
[0.853s] writing dependency_links to ../../build/cleaning/cleaning.egg-info/dependency_links.txt
[0.853s] writing entry points to ../../build/cleaning/cleaning.egg-info/entry_points.txt
[0.853s] writing requirements to ../../build/cleaning/cleaning.egg-info/requires.txt
[0.853s] writing top-level names to ../../build/cleaning/cleaning.egg-info/top_level.txt
[0.853s] writing manifest file '../../build/cleaning/cleaning.egg-info/SOURCES.txt'
[0.856s] reading manifest file '../../build/cleaning/cleaning.egg-info/SOURCES.txt'
[0.857s] writing manifest file '../../build/cleaning/cleaning.egg-info/SOURCES.txt'
[0.857s] running build
[0.857s] running build_py
[0.857s] creating /home/rokey/Desktop/ros_ws/build/cleaning/build
[0.857s] creating /home/rokey/Desktop/ros_ws/build/cleaning/build/lib
[0.857s] creating /home/rokey/Desktop/ros_ws/build/cleaning/build/lib/cleaning
[0.858s] copying cleaning/find.py -> /home/rokey/Desktop/ros_ws/build/cleaning/build/lib/cleaning
[0.858s] copying cleaning/move.py -> /home/rokey/Desktop/ros_ws/build/cleaning/build/lib/cleaning
[0.858s] copying cleaning/bok.py -> /home/rokey/Desktop/ros_ws/build/cleaning/build/lib/cleaning
[0.858s] copying cleaning/__init__.py -> /home/rokey/Desktop/ros_ws/build/cleaning/build/lib/cleaning
[0.858s] running install
[0.858s] running install_lib
[0.859s] creating /home/rokey/Desktop/ros_ws/install/cleaning/lib/python3.10/site-packages/cleaning
[0.859s] copying /home/rokey/Desktop/ros_ws/build/cleaning/build/lib/cleaning/find.py -> /home/rokey/Desktop/ros_ws/install/cleaning/lib/python3.10/site-packages/cleaning
[0.859s] copying /home/rokey/Desktop/ros_ws/build/cleaning/build/lib/cleaning/move.py -> /home/rokey/Desktop/ros_ws/install/cleaning/lib/python3.10/site-packages/cleaning
[0.859s] copying /home/rokey/Desktop/ros_ws/build/cleaning/build/lib/cleaning/bok.py -> /home/rokey/Desktop/ros_ws/install/cleaning/lib/python3.10/site-packages/cleaning
[0.859s] copying /home/rokey/Desktop/ros_ws/build/cleaning/build/lib/cleaning/__init__.py -> /home/rokey/Desktop/ros_ws/install/cleaning/lib/python3.10/site-packages/cleaning
[0.860s] byte-compiling /home/rokey/Desktop/ros_ws/install/cleaning/lib/python3.10/site-packages/cleaning/find.py to find.cpython-310.pyc
[0.861s] byte-compiling /home/rokey/Desktop/ros_ws/install/cleaning/lib/python3.10/site-packages/cleaning/move.py to move.cpython-310.pyc
[0.862s] byte-compiling /home/rokey/Desktop/ros_ws/install/cleaning/lib/python3.10/site-packages/cleaning/bok.py to bok.cpython-310.pyc
[0.863s] byte-compiling /home/rokey/Desktop/ros_ws/install/cleaning/lib/python3.10/site-packages/cleaning/__init__.py to __init__.cpython-310.pyc
[0.863s] running install_data
[0.863s] creating /home/rokey/Desktop/ros_ws/install/cleaning/share/ament_index
[0.863s] creating /home/rokey/Desktop/ros_ws/install/cleaning/share/ament_index/resource_index
[0.863s] creating /home/rokey/Desktop/ros_ws/install/cleaning/share/ament_index/resource_index/packages
[0.863s] copying resource/cleaning -> /home/rokey/Desktop/ros_ws/install/cleaning/share/ament_index/resource_index/packages
[0.863s] copying package.xml -> /home/rokey/Desktop/ros_ws/install/cleaning/share/cleaning
[0.863s] running install_egg_info
[0.865s] Copying ../../build/cleaning/cleaning.egg-info to /home/rokey/Desktop/ros_ws/install/cleaning/lib/python3.10/site-packages/cleaning-0.0.0-py3.10.egg-info
[0.866s] running install_scripts
[0.886s] Installing bok script to /home/rokey/Desktop/ros_ws/install/cleaning/lib/cleaning
[0.886s] Installing find script to /home/rokey/Desktop/ros_ws/install/cleaning/lib/cleaning
[0.886s] Installing move script to /home/rokey/Desktop/ros_ws/install/cleaning/lib/cleaning
[0.887s] writing list of installed files to '/home/rokey/Desktop/ros_ws/build/cleaning/install.log'
[0.911s] Invoked command in '/home/rokey/Desktop/ros_ws/src/cleaning' returned '0': PS1=\[\e]0;\u@\h: \w\a\]${debian_chroot:+($debian_chroot)}\[\033[01;32m\]\u@\h\[\033[00m\]:\[\033[01;34m\]\w\[\033[00m\]\$ PYTHONPATH=/home/rokey/Desktop/ros_ws/build/cleaning/prefix_override:/usr/lib/python3/dist-packages/colcon_core/task/python/colcon_distutils_commands:/home/rokey/Desktop/ros_ws/install/cleaning/lib/python3.10/site-packages:${PYTHONPATH} /usr/bin/python3 -W ignore:setup.py install is deprecated -W ignore:easy_install command is deprecated setup.py egg_info --egg-base ../../build/cleaning build --build-base /home/rokey/Desktop/ros_ws/build/cleaning/build install --record /home/rokey/Desktop/ros_ws/build/cleaning/install.log --single-version-externally-managed install_data
