[0.994s] Invoking command in '/home/bok/project_ws/src/turtlebot': LD_LIBRARY_PATH=/home/bok/project_ws/install/order_msgs/lib:/home/bok/turtlebot3_ws/install/turtlebot3_msgs/lib:/home/bok/ros2_ws/install/ros_study_msgs/lib:/home/bok/ros2_ws/src/install/ros_study_msgs/lib:/usr/lib/x86_64-linux-gnu/gazebo-11/plugins:/opt/ros/humble/opt/rviz_ogre_vendor/lib:/opt/ros/humble/lib/x86_64-linux-gnu:/opt/ros/humble/lib:/usr/lib/x86_64-linux-gnu/gazebo-11/plugins PYTHONPATH=/home/bok/project_ws/build/turtlebot/prefix_override:/usr/lib/python3/dist-packages/colcon_core/task/python/colcon_distutils_commands:/home/bok/project_ws/install/turtlebot/lib/python3.10/site-packages:${PYTHONPATH} /usr/bin/python3 -W ignore:setup.py install is deprecated setup.py egg_info --egg-base ../../build/turtlebot build --build-base /home/bok/project_ws/build/turtlebot/build install --record /home/bok/project_ws/build/turtlebot/install.log --single-version-externally-managed install_data
[1.374s] running egg_info
[1.375s] writing ../../build/turtlebot/turtlebot.egg-info/PKG-INFO
[1.375s] writing dependency_links to ../../build/turtlebot/turtlebot.egg-info/dependency_links.txt
[1.376s] writing entry points to ../../build/turtlebot/turtlebot.egg-info/entry_points.txt
[1.376s] writing requirements to ../../build/turtlebot/turtlebot.egg-info/requires.txt
[1.376s] writing top-level names to ../../build/turtlebot/turtlebot.egg-info/top_level.txt
[1.379s] reading manifest file '../../build/turtlebot/turtlebot.egg-info/SOURCES.txt'
[1.380s] writing manifest file '../../build/turtlebot/turtlebot.egg-info/SOURCES.txt'
[1.381s] running build
[1.381s] running build_py
[1.381s] copying turtlebot/order_list.py -> /home/bok/project_ws/build/turtlebot/build/lib/turtlebot
[1.382s] copying turtlebot/turtlebot3_gui3.py -> /home/bok/project_ws/build/turtlebot/build/lib/turtlebot
[1.383s] running install
[1.383s] running install_lib
[1.384s] copying /home/bok/project_ws/build/turtlebot/build/lib/turtlebot/order_list.py -> /home/bok/project_ws/install/turtlebot/lib/python3.10/site-packages/turtlebot
[1.385s] copying /home/bok/project_ws/build/turtlebot/build/lib/turtlebot/turtlebot3_gui3.py -> /home/bok/project_ws/install/turtlebot/lib/python3.10/site-packages/turtlebot
[1.388s] byte-compiling /home/bok/project_ws/install/turtlebot/lib/python3.10/site-packages/turtlebot/order_list.py to order_list.cpython-310.pyc
[1.390s] byte-compiling /home/bok/project_ws/install/turtlebot/lib/python3.10/site-packages/turtlebot/turtlebot3_gui3.py to turtlebot3_gui3.cpython-310.pyc
[1.392s] running install_data
[1.393s] running install_egg_info
[1.395s] removing '/home/bok/project_ws/install/turtlebot/lib/python3.10/site-packages/turtlebot-0.0.0-py3.10.egg-info' (and everything under it)
[1.396s] Copying ../../build/turtlebot/turtlebot.egg-info to /home/bok/project_ws/install/turtlebot/lib/python3.10/site-packages/turtlebot-0.0.0-py3.10.egg-info
[1.397s] running install_scripts
[1.420s] Installing menu1_gui script to /home/bok/project_ws/install/turtlebot/lib/turtlebot
[1.421s] Installing menu2_gui script to /home/bok/project_ws/install/turtlebot/lib/turtlebot
[1.421s] Installing menu3_gui script to /home/bok/project_ws/install/turtlebot/lib/turtlebot
[1.421s] Installing menu4_gui script to /home/bok/project_ws/install/turtlebot/lib/turtlebot
[1.421s] Installing menu5_gui script to /home/bok/project_ws/install/turtlebot/lib/turtlebot
[1.422s] Installing menu6_gui script to /home/bok/project_ws/install/turtlebot/lib/turtlebot
[1.422s] Installing menu7_gui script to /home/bok/project_ws/install/turtlebot/lib/turtlebot
[1.422s] Installing menu8_gui script to /home/bok/project_ws/install/turtlebot/lib/turtlebot
[1.422s] Installing menu9_gui script to /home/bok/project_ws/install/turtlebot/lib/turtlebot
[1.422s] Installing menu_gui script to /home/bok/project_ws/install/turtlebot/lib/turtlebot
[1.423s] Installing order_list script to /home/bok/project_ws/install/turtlebot/lib/turtlebot
[1.423s] Installing robot_gui script to /home/bok/project_ws/install/turtlebot/lib/turtlebot
[1.423s] Installing turtle3_gui script to /home/bok/project_ws/install/turtlebot/lib/turtlebot
[1.423s] Installing turtle3_gui2 script to /home/bok/project_ws/install/turtlebot/lib/turtlebot
[1.423s] Installing turtlebot3_gui3 script to /home/bok/project_ws/install/turtlebot/lib/turtlebot
[1.423s] writing list of installed files to '/home/bok/project_ws/build/turtlebot/install.log'
[1.458s] Invoked command in '/home/bok/project_ws/src/turtlebot' returned '0': LD_LIBRARY_PATH=/home/bok/project_ws/install/order_msgs/lib:/home/bok/turtlebot3_ws/install/turtlebot3_msgs/lib:/home/bok/ros2_ws/install/ros_study_msgs/lib:/home/bok/ros2_ws/src/install/ros_study_msgs/lib:/usr/lib/x86_64-linux-gnu/gazebo-11/plugins:/opt/ros/humble/opt/rviz_ogre_vendor/lib:/opt/ros/humble/lib/x86_64-linux-gnu:/opt/ros/humble/lib:/usr/lib/x86_64-linux-gnu/gazebo-11/plugins PYTHONPATH=/home/bok/project_ws/build/turtlebot/prefix_override:/usr/lib/python3/dist-packages/colcon_core/task/python/colcon_distutils_commands:/home/bok/project_ws/install/turtlebot/lib/python3.10/site-packages:${PYTHONPATH} /usr/bin/python3 -W ignore:setup.py install is deprecated setup.py egg_info --egg-base ../../build/turtlebot build --build-base /home/bok/project_ws/build/turtlebot/build install --record /home/bok/project_ws/build/turtlebot/install.log --single-version-externally-managed install_data
