[0.015s] Invoking command in '/home/bok/project_ws/build/order_msgs': CMAKE_PREFIX_PATH=${CMAKE_PREFIX_PATH}:/home/bok/project_ws/install/turtlebot:/home/bok/project_ws/src/install/turtlebot:/home/bok/turtlebot3_ws/install/turtlebot3_teleop:/home/bok/turtlebot3_ws/install/turtlebot3_example:/home/bok/ros2_ws/install/ros_study_py:/home/bok/ros2_ws/install/ex_calculator:/home/bok/ros2_ws/install/py_pubsub:/home/bok/ros2_ws/src/install/ros_study_py:/home/bok/ros2_ws/src/install/ex_calculator:/opt/ros/humble /usr/bin/cmake --build /home/bok/project_ws/build/order_msgs -- -j4 -l4
[0.080s] [  2%] Built target order_msgs__cpp
[0.085s] [ 12%] Built target order_msgs__rosidl_generator_c
[0.091s] [ 12%] Built target ament_cmake_python_copy_order_msgs
[0.118s] [ 23%] Built target order_msgs__rosidl_typesupport_fastrtps_cpp
[0.122s] [ 33%] Built target order_msgs__rosidl_typesupport_introspection_cpp
[0.128s] [ 43%] Built target order_msgs__rosidl_typesupport_cpp
[0.130s] [ 53%] Built target order_msgs__rosidl_typesupport_fastrtps_c
[0.154s] [ 71%] Built target order_msgs__rosidl_typesupport_introspection_c
[0.155s] [ 74%] Built target order_msgs__rosidl_typesupport_c
[0.177s] [ 74%] Built target order_msgs
[0.200s] [ 76%] Built target order_msgs__py
[0.226s] [ 84%] Built target order_msgs__rosidl_generator_py
[0.262s] [ 89%] Built target order_msgs__rosidl_typesupport_fastrtps_c__pyext
[0.262s] [ 94%] Built target order_msgs__rosidl_typesupport_c__pyext
[0.266s] [100%] Built target order_msgs__rosidl_typesupport_introspection_c__pyext
[0.600s] running egg_info
[0.602s] writing order_msgs.egg-info/PKG-INFO
[0.603s] writing dependency_links to order_msgs.egg-info/dependency_links.txt
[0.607s] writing top-level names to order_msgs.egg-info/top_level.txt
[0.609s] reading manifest file 'order_msgs.egg-info/SOURCES.txt'
[0.610s] writing manifest file 'order_msgs.egg-info/SOURCES.txt'
[0.653s] [100%] Built target ament_cmake_python_build_order_msgs_egg
[0.666s] Invoked command in '/home/bok/project_ws/build/order_msgs' returned '0': CMAKE_PREFIX_PATH=${CMAKE_PREFIX_PATH}:/home/bok/project_ws/install/turtlebot:/home/bok/project_ws/src/install/turtlebot:/home/bok/turtlebot3_ws/install/turtlebot3_teleop:/home/bok/turtlebot3_ws/install/turtlebot3_example:/home/bok/ros2_ws/install/ros_study_py:/home/bok/ros2_ws/install/ex_calculator:/home/bok/ros2_ws/install/py_pubsub:/home/bok/ros2_ws/src/install/ros_study_py:/home/bok/ros2_ws/src/install/ex_calculator:/opt/ros/humble /usr/bin/cmake --build /home/bok/project_ws/build/order_msgs -- -j4 -l4
[0.772s] Invoking command in '/home/bok/project_ws/build/order_msgs': CMAKE_PREFIX_PATH=${CMAKE_PREFIX_PATH}:/home/bok/project_ws/install/turtlebot:/home/bok/project_ws/src/install/turtlebot:/home/bok/turtlebot3_ws/install/turtlebot3_teleop:/home/bok/turtlebot3_ws/install/turtlebot3_example:/home/bok/ros2_ws/install/ros_study_py:/home/bok/ros2_ws/install/ex_calculator:/home/bok/ros2_ws/install/py_pubsub:/home/bok/ros2_ws/src/install/ros_study_py:/home/bok/ros2_ws/src/install/ex_calculator:/opt/ros/humble /usr/bin/cmake --install /home/bok/project_ws/build/order_msgs
[0.780s] -- Install configuration: ""
[0.781s] -- Up-to-date: /home/bok/project_ws/install/order_msgs/share/ament_index/resource_index/rosidl_interfaces/order_msgs
[0.781s] -- Up-to-date: /home/bok/project_ws/install/order_msgs/include/order_msgs/order_msgs
[0.781s] -- Up-to-date: /home/bok/project_ws/install/order_msgs/include/order_msgs/order_msgs/srv
[0.781s] -- Up-to-date: /home/bok/project_ws/install/order_msgs/include/order_msgs/order_msgs/srv/order_food.h
[0.781s] -- Up-to-date: /home/bok/project_ws/install/order_msgs/include/order_msgs/order_msgs/srv/detail
[0.782s] -- Up-to-date: /home/bok/project_ws/install/order_msgs/include/order_msgs/order_msgs/srv/detail/order_food__struct.h
[0.782s] -- Up-to-date: /home/bok/project_ws/install/order_msgs/include/order_msgs/order_msgs/srv/detail/order_food__functions.c
[0.782s] -- Up-to-date: /home/bok/project_ws/install/order_msgs/include/order_msgs/order_msgs/srv/detail/order_food__functions.h
[0.782s] -- Up-to-date: /home/bok/project_ws/install/order_msgs/include/order_msgs/order_msgs/srv/detail/order_food__type_support.h
[0.782s] -- Up-to-date: /home/bok/project_ws/install/order_msgs/include/order_msgs/order_msgs/msg
[0.783s] -- Up-to-date: /home/bok/project_ws/install/order_msgs/include/order_msgs/order_msgs/msg/order_msg.h
[0.783s] -- Up-to-date: /home/bok/project_ws/install/order_msgs/include/order_msgs/order_msgs/msg/rosidl_generator_c__visibility_control.h
[0.783s] -- Up-to-date: /home/bok/project_ws/install/order_msgs/include/order_msgs/order_msgs/msg/detail
[0.783s] -- Up-to-date: /home/bok/project_ws/install/order_msgs/include/order_msgs/order_msgs/msg/detail/order_msg__functions.c
[0.783s] -- Up-to-date: /home/bok/project_ws/install/order_msgs/include/order_msgs/order_msgs/msg/detail/order_msg__struct.h
[0.784s] -- Up-to-date: /home/bok/project_ws/install/order_msgs/include/order_msgs/order_msgs/msg/detail/order_msg__type_support.h
[0.784s] -- Up-to-date: /home/bok/project_ws/install/order_msgs/include/order_msgs/order_msgs/msg/detail/order_msg__functions.h
[0.784s] -- Up-to-date: /home/bok/project_ws/install/order_msgs/share/order_msgs/environment/library_path.sh
[0.784s] -- Up-to-date: /home/bok/project_ws/install/order_msgs/share/order_msgs/environment/library_path.dsv
[0.784s] -- Up-to-date: /home/bok/project_ws/install/order_msgs/lib/liborder_msgs__rosidl_generator_c.so
[0.784s] -- Up-to-date: /home/bok/project_ws/install/order_msgs/include/order_msgs/order_msgs
[0.785s] -- Up-to-date: /home/bok/project_ws/install/order_msgs/include/order_msgs/order_msgs/srv
[0.785s] -- Up-to-date: /home/bok/project_ws/install/order_msgs/include/order_msgs/order_msgs/srv/detail
[0.785s] -- Up-to-date: /home/bok/project_ws/install/order_msgs/include/order_msgs/order_msgs/srv/detail/order_food__rosidl_typesupport_fastrtps_c.h
[0.785s] -- Up-to-date: /home/bok/project_ws/install/order_msgs/include/order_msgs/order_msgs/msg
[0.785s] -- Up-to-date: /home/bok/project_ws/install/order_msgs/include/order_msgs/order_msgs/msg/rosidl_typesupport_fastrtps_c__visibility_control.h
[0.786s] -- Up-to-date: /home/bok/project_ws/install/order_msgs/include/order_msgs/order_msgs/msg/detail
[0.786s] -- Up-to-date: /home/bok/project_ws/install/order_msgs/include/order_msgs/order_msgs/msg/detail/order_msg__rosidl_typesupport_fastrtps_c.h
[0.786s] -- Up-to-date: /home/bok/project_ws/install/order_msgs/lib/liborder_msgs__rosidl_typesupport_fastrtps_c.so
[0.786s] -- Up-to-date: /home/bok/project_ws/install/order_msgs/include/order_msgs/order_msgs
[0.786s] -- Up-to-date: /home/bok/project_ws/install/order_msgs/include/order_msgs/order_msgs/srv
[0.786s] -- Up-to-date: /home/bok/project_ws/install/order_msgs/include/order_msgs/order_msgs/srv/order_food.hpp
[0.786s] -- Up-to-date: /home/bok/project_ws/install/order_msgs/include/order_msgs/order_msgs/srv/detail
[0.787s] -- Up-to-date: /home/bok/project_ws/install/order_msgs/include/order_msgs/order_msgs/srv/detail/order_food__traits.hpp
[0.787s] -- Up-to-date: /home/bok/project_ws/install/order_msgs/include/order_msgs/order_msgs/srv/detail/order_food__builder.hpp
[0.787s] -- Up-to-date: /home/bok/project_ws/install/order_msgs/include/order_msgs/order_msgs/srv/detail/order_food__struct.hpp
[0.787s] -- Up-to-date: /home/bok/project_ws/install/order_msgs/include/order_msgs/order_msgs/msg
[0.787s] -- Up-to-date: /home/bok/project_ws/install/order_msgs/include/order_msgs/order_msgs/msg/order_msg.hpp
[0.787s] -- Up-to-date: /home/bok/project_ws/install/order_msgs/include/order_msgs/order_msgs/msg/detail
[0.788s] -- Up-to-date: /home/bok/project_ws/install/order_msgs/include/order_msgs/order_msgs/msg/detail/order_msg__traits.hpp
[0.788s] -- Up-to-date: /home/bok/project_ws/install/order_msgs/include/order_msgs/order_msgs/msg/detail/order_msg__builder.hpp
[0.788s] -- Up-to-date: /home/bok/project_ws/install/order_msgs/include/order_msgs/order_msgs/msg/detail/order_msg__struct.hpp
[0.788s] -- Up-to-date: /home/bok/project_ws/install/order_msgs/include/order_msgs/order_msgs
[0.788s] -- Up-to-date: /home/bok/project_ws/install/order_msgs/include/order_msgs/order_msgs/srv
[0.788s] -- Up-to-date: /home/bok/project_ws/install/order_msgs/include/order_msgs/order_msgs/srv/detail
[0.789s] -- Up-to-date: /home/bok/project_ws/install/order_msgs/include/order_msgs/order_msgs/srv/detail/dds_fastrtps
[0.789s] -- Up-to-date: /home/bok/project_ws/install/order_msgs/include/order_msgs/order_msgs/srv/detail/order_food__rosidl_typesupport_fastrtps_cpp.hpp
[0.789s] -- Up-to-date: /home/bok/project_ws/install/order_msgs/include/order_msgs/order_msgs/msg
[0.789s] -- Up-to-date: /home/bok/project_ws/install/order_msgs/include/order_msgs/order_msgs/msg/rosidl_typesupport_fastrtps_cpp__visibility_control.h
[0.789s] -- Up-to-date: /home/bok/project_ws/install/order_msgs/include/order_msgs/order_msgs/msg/detail
[0.789s] -- Up-to-date: /home/bok/project_ws/install/order_msgs/include/order_msgs/order_msgs/msg/detail/dds_fastrtps
[0.790s] -- Up-to-date: /home/bok/project_ws/install/order_msgs/include/order_msgs/order_msgs/msg/detail/order_msg__rosidl_typesupport_fastrtps_cpp.hpp
[0.790s] -- Up-to-date: /home/bok/project_ws/install/order_msgs/lib/liborder_msgs__rosidl_typesupport_fastrtps_cpp.so
[0.790s] -- Up-to-date: /home/bok/project_ws/install/order_msgs/include/order_msgs/order_msgs
[0.790s] -- Up-to-date: /home/bok/project_ws/install/order_msgs/include/order_msgs/order_msgs/srv
[0.790s] -- Up-to-date: /home/bok/project_ws/install/order_msgs/include/order_msgs/order_msgs/srv/detail
[0.790s] -- Up-to-date: /home/bok/project_ws/install/order_msgs/include/order_msgs/order_msgs/srv/detail/order_food__type_support.c
[0.790s] -- Up-to-date: /home/bok/project_ws/install/order_msgs/include/order_msgs/order_msgs/srv/detail/order_food__rosidl_typesupport_introspection_c.h
[0.790s] -- Up-to-date: /home/bok/project_ws/install/order_msgs/include/order_msgs/order_msgs/msg
[0.790s] -- Up-to-date: /home/bok/project_ws/install/order_msgs/include/order_msgs/order_msgs/msg/rosidl_typesupport_introspection_c__visibility_control.h
[0.790s] -- Up-to-date: /home/bok/project_ws/install/order_msgs/include/order_msgs/order_msgs/msg/detail
[0.790s] -- Up-to-date: /home/bok/project_ws/install/order_msgs/include/order_msgs/order_msgs/msg/detail/order_msg__type_support.c
[0.790s] -- Up-to-date: /home/bok/project_ws/install/order_msgs/include/order_msgs/order_msgs/msg/detail/order_msg__rosidl_typesupport_introspection_c.h
[0.791s] -- Up-to-date: /home/bok/project_ws/install/order_msgs/lib/liborder_msgs__rosidl_typesupport_introspection_c.so
[0.791s] -- Up-to-date: /home/bok/project_ws/install/order_msgs/lib/liborder_msgs__rosidl_typesupport_c.so
[0.791s] -- Up-to-date: /home/bok/project_ws/install/order_msgs/include/order_msgs/order_msgs
[0.791s] -- Up-to-date: /home/bok/project_ws/install/order_msgs/include/order_msgs/order_msgs/srv
[0.791s] -- Up-to-date: /home/bok/project_ws/install/order_msgs/include/order_msgs/order_msgs/srv/detail
[0.791s] -- Up-to-date: /home/bok/project_ws/install/order_msgs/include/order_msgs/order_msgs/srv/detail/order_food__rosidl_typesupport_introspection_cpp.hpp
[0.791s] -- Up-to-date: /home/bok/project_ws/install/order_msgs/include/order_msgs/order_msgs/srv/detail/order_food__type_support.cpp
[0.791s] -- Up-to-date: /home/bok/project_ws/install/order_msgs/include/order_msgs/order_msgs/msg
[0.791s] -- Up-to-date: /home/bok/project_ws/install/order_msgs/include/order_msgs/order_msgs/msg/detail
[0.791s] -- Up-to-date: /home/bok/project_ws/install/order_msgs/include/order_msgs/order_msgs/msg/detail/order_msg__type_support.cpp
[0.791s] -- Up-to-date: /home/bok/project_ws/install/order_msgs/include/order_msgs/order_msgs/msg/detail/order_msg__rosidl_typesupport_introspection_cpp.hpp
[0.791s] -- Up-to-date: /home/bok/project_ws/install/order_msgs/lib/liborder_msgs__rosidl_typesupport_introspection_cpp.so
[0.791s] -- Up-to-date: /home/bok/project_ws/install/order_msgs/lib/liborder_msgs__rosidl_typesupport_cpp.so
[0.791s] -- Up-to-date: /home/bok/project_ws/install/order_msgs/share/order_msgs/environment/pythonpath.sh
[0.791s] -- Up-to-date: /home/bok/project_ws/install/order_msgs/share/order_msgs/environment/pythonpath.dsv
[0.791s] -- Up-to-date: /home/bok/project_ws/install/order_msgs/local/lib/python3.10/dist-packages/order_msgs-0.0.0-py3.10.egg-info
[0.792s] -- Installing: /home/bok/project_ws/install/order_msgs/local/lib/python3.10/dist-packages/order_msgs-0.0.0-py3.10.egg-info/dependency_links.txt
[0.792s] -- Installing: /home/bok/project_ws/install/order_msgs/local/lib/python3.10/dist-packages/order_msgs-0.0.0-py3.10.egg-info/SOURCES.txt
[0.792s] -- Installing: /home/bok/project_ws/install/order_msgs/local/lib/python3.10/dist-packages/order_msgs-0.0.0-py3.10.egg-info/PKG-INFO
[0.792s] -- Installing: /home/bok/project_ws/install/order_msgs/local/lib/python3.10/dist-packages/order_msgs-0.0.0-py3.10.egg-info/top_level.txt
[0.792s] -- Up-to-date: /home/bok/project_ws/install/order_msgs/local/lib/python3.10/dist-packages/order_msgs
[0.792s] -- Up-to-date: /home/bok/project_ws/install/order_msgs/local/lib/python3.10/dist-packages/order_msgs/_order_msgs_s.ep.rosidl_typesupport_c.c
[0.792s] -- Up-to-date: /home/bok/project_ws/install/order_msgs/local/lib/python3.10/dist-packages/order_msgs/order_msgs_s__rosidl_typesupport_c.cpython-310-x86_64-linux-gnu.so
[0.792s] -- Up-to-date: /home/bok/project_ws/install/order_msgs/local/lib/python3.10/dist-packages/order_msgs/liborder_msgs__rosidl_generator_py.so
[0.792s] -- Up-to-date: /home/bok/project_ws/install/order_msgs/local/lib/python3.10/dist-packages/order_msgs/_order_msgs_s.ep.rosidl_typesupport_fastrtps_c.c
[0.792s] -- Up-to-date: /home/bok/project_ws/install/order_msgs/local/lib/python3.10/dist-packages/order_msgs/srv
[0.792s] -- Up-to-date: /home/bok/project_ws/install/order_msgs/local/lib/python3.10/dist-packages/order_msgs/srv/_order_food.py
[0.792s] -- Up-to-date: /home/bok/project_ws/install/order_msgs/local/lib/python3.10/dist-packages/order_msgs/srv/_order_food_s.c
[0.792s] -- Up-to-date: /home/bok/project_ws/install/order_msgs/local/lib/python3.10/dist-packages/order_msgs/srv/__init__.py
[0.792s] -- Up-to-date: /home/bok/project_ws/install/order_msgs/local/lib/python3.10/dist-packages/order_msgs/_order_msgs_s.ep.rosidl_typesupport_introspection_c.c
[0.792s] -- Up-to-date: /home/bok/project_ws/install/order_msgs/local/lib/python3.10/dist-packages/order_msgs/__init__.py
[0.793s] -- Up-to-date: /home/bok/project_ws/install/order_msgs/local/lib/python3.10/dist-packages/order_msgs/order_msgs_s__rosidl_typesupport_fastrtps_c.cpython-310-x86_64-linux-gnu.so
[0.793s] -- Up-to-date: /home/bok/project_ws/install/order_msgs/local/lib/python3.10/dist-packages/order_msgs/order_msgs_s__rosidl_typesupport_introspection_c.cpython-310-x86_64-linux-gnu.so
[0.793s] -- Up-to-date: /home/bok/project_ws/install/order_msgs/local/lib/python3.10/dist-packages/order_msgs/msg
[0.793s] -- Up-to-date: /home/bok/project_ws/install/order_msgs/local/lib/python3.10/dist-packages/order_msgs/msg/_order_msg_s.c
[0.793s] -- Up-to-date: /home/bok/project_ws/install/order_msgs/local/lib/python3.10/dist-packages/order_msgs/msg/_order_msg.py
[0.793s] -- Up-to-date: /home/bok/project_ws/install/order_msgs/local/lib/python3.10/dist-packages/order_msgs/msg/__init__.py
[0.848s] Listing '/home/bok/project_ws/install/order_msgs/local/lib/python3.10/dist-packages/order_msgs'...
[0.848s] Listing '/home/bok/project_ws/install/order_msgs/local/lib/python3.10/dist-packages/order_msgs/msg'...
[0.848s] Listing '/home/bok/project_ws/install/order_msgs/local/lib/python3.10/dist-packages/order_msgs/srv'...
[0.854s] -- Up-to-date: /home/bok/project_ws/install/order_msgs/local/lib/python3.10/dist-packages/order_msgs/order_msgs_s__rosidl_typesupport_fastrtps_c.cpython-310-x86_64-linux-gnu.so
[0.855s] -- Up-to-date: /home/bok/project_ws/install/order_msgs/local/lib/python3.10/dist-packages/order_msgs/order_msgs_s__rosidl_typesupport_introspection_c.cpython-310-x86_64-linux-gnu.so
[0.855s] -- Up-to-date: /home/bok/project_ws/install/order_msgs/local/lib/python3.10/dist-packages/order_msgs/order_msgs_s__rosidl_typesupport_c.cpython-310-x86_64-linux-gnu.so
[0.856s] -- Up-to-date: /home/bok/project_ws/install/order_msgs/lib/liborder_msgs__rosidl_generator_py.so
[0.856s] -- Up-to-date: /home/bok/project_ws/install/order_msgs/share/order_msgs/msg/OrderMsg.idl
[0.856s] -- Up-to-date: /home/bok/project_ws/install/order_msgs/share/order_msgs/srv/OrderFood.idl
[0.856s] -- Up-to-date: /home/bok/project_ws/install/order_msgs/share/order_msgs/msg/OrderMsg.msg
[0.857s] -- Up-to-date: /home/bok/project_ws/install/order_msgs/share/order_msgs/srv/OrderFood.srv
[0.857s] -- Up-to-date: /home/bok/project_ws/install/order_msgs/share/order_msgs/srv/OrderFood_Request.msg
[0.857s] -- Up-to-date: /home/bok/project_ws/install/order_msgs/share/order_msgs/srv/OrderFood_Response.msg
[0.857s] -- Up-to-date: /home/bok/project_ws/install/order_msgs/share/ament_index/resource_index/package_run_dependencies/order_msgs
[0.857s] -- Up-to-date: /home/bok/project_ws/install/order_msgs/share/ament_index/resource_index/parent_prefix_path/order_msgs
[0.857s] -- Up-to-date: /home/bok/project_ws/install/order_msgs/share/order_msgs/environment/ament_prefix_path.sh
[0.858s] -- Up-to-date: /home/bok/project_ws/install/order_msgs/share/order_msgs/environment/ament_prefix_path.dsv
[0.858s] -- Up-to-date: /home/bok/project_ws/install/order_msgs/share/order_msgs/environment/path.sh
[0.858s] -- Up-to-date: /home/bok/project_ws/install/order_msgs/share/order_msgs/environment/path.dsv
[0.858s] -- Up-to-date: /home/bok/project_ws/install/order_msgs/share/order_msgs/local_setup.bash
[0.858s] -- Up-to-date: /home/bok/project_ws/install/order_msgs/share/order_msgs/local_setup.sh
[0.858s] -- Up-to-date: /home/bok/project_ws/install/order_msgs/share/order_msgs/local_setup.zsh
[0.859s] -- Up-to-date: /home/bok/project_ws/install/order_msgs/share/order_msgs/local_setup.dsv
[0.859s] -- Installing: /home/bok/project_ws/install/order_msgs/share/order_msgs/package.dsv
[0.859s] -- Up-to-date: /home/bok/project_ws/install/order_msgs/share/ament_index/resource_index/packages/order_msgs
[0.859s] -- Up-to-date: /home/bok/project_ws/install/order_msgs/share/order_msgs/cmake/export_order_msgs__rosidl_generator_cExport.cmake
[0.859s] -- Up-to-date: /home/bok/project_ws/install/order_msgs/share/order_msgs/cmake/export_order_msgs__rosidl_generator_cExport-noconfig.cmake
[0.859s] -- Up-to-date: /home/bok/project_ws/install/order_msgs/share/order_msgs/cmake/export_order_msgs__rosidl_typesupport_fastrtps_cExport.cmake
[0.860s] -- Up-to-date: /home/bok/project_ws/install/order_msgs/share/order_msgs/cmake/export_order_msgs__rosidl_typesupport_fastrtps_cExport-noconfig.cmake
[0.860s] -- Up-to-date: /home/bok/project_ws/install/order_msgs/share/order_msgs/cmake/export_order_msgs__rosidl_generator_cppExport.cmake
[0.860s] -- Up-to-date: /home/bok/project_ws/install/order_msgs/share/order_msgs/cmake/export_order_msgs__rosidl_typesupport_fastrtps_cppExport.cmake
[0.860s] -- Up-to-date: /home/bok/project_ws/install/order_msgs/share/order_msgs/cmake/export_order_msgs__rosidl_typesupport_fastrtps_cppExport-noconfig.cmake
[0.860s] -- Up-to-date: /home/bok/project_ws/install/order_msgs/share/order_msgs/cmake/order_msgs__rosidl_typesupport_introspection_cExport.cmake
[0.860s] -- Up-to-date: /home/bok/project_ws/install/order_msgs/share/order_msgs/cmake/order_msgs__rosidl_typesupport_introspection_cExport-noconfig.cmake
[0.861s] -- Up-to-date: /home/bok/project_ws/install/order_msgs/share/order_msgs/cmake/order_msgs__rosidl_typesupport_cExport.cmake
[0.861s] -- Up-to-date: /home/bok/project_ws/install/order_msgs/share/order_msgs/cmake/order_msgs__rosidl_typesupport_cExport-noconfig.cmake
[0.861s] -- Up-to-date: /home/bok/project_ws/install/order_msgs/share/order_msgs/cmake/order_msgs__rosidl_typesupport_introspection_cppExport.cmake
[0.861s] -- Up-to-date: /home/bok/project_ws/install/order_msgs/share/order_msgs/cmake/order_msgs__rosidl_typesupport_introspection_cppExport-noconfig.cmake
[0.861s] -- Up-to-date: /home/bok/project_ws/install/order_msgs/share/order_msgs/cmake/order_msgs__rosidl_typesupport_cppExport.cmake
[0.861s] -- Up-to-date: /home/bok/project_ws/install/order_msgs/share/order_msgs/cmake/order_msgs__rosidl_typesupport_cppExport-noconfig.cmake
[0.861s] -- Up-to-date: /home/bok/project_ws/install/order_msgs/share/order_msgs/cmake/export_order_msgs__rosidl_generator_pyExport.cmake
[0.861s] -- Up-to-date: /home/bok/project_ws/install/order_msgs/share/order_msgs/cmake/export_order_msgs__rosidl_generator_pyExport-noconfig.cmake
[0.862s] -- Up-to-date: /home/bok/project_ws/install/order_msgs/share/order_msgs/cmake/rosidl_cmake-extras.cmake
[0.862s] -- Up-to-date: /home/bok/project_ws/install/order_msgs/share/order_msgs/cmake/ament_cmake_export_dependencies-extras.cmake
[0.862s] -- Up-to-date: /home/bok/project_ws/install/order_msgs/share/order_msgs/cmake/ament_cmake_export_include_directories-extras.cmake
[0.862s] -- Up-to-date: /home/bok/project_ws/install/order_msgs/share/order_msgs/cmake/ament_cmake_export_libraries-extras.cmake
[0.862s] -- Up-to-date: /home/bok/project_ws/install/order_msgs/share/order_msgs/cmake/ament_cmake_export_targets-extras.cmake
[0.862s] -- Up-to-date: /home/bok/project_ws/install/order_msgs/share/order_msgs/cmake/rosidl_cmake_export_typesupport_targets-extras.cmake
[0.862s] -- Up-to-date: /home/bok/project_ws/install/order_msgs/share/order_msgs/cmake/rosidl_cmake_export_typesupport_libraries-extras.cmake
[0.863s] -- Up-to-date: /home/bok/project_ws/install/order_msgs/share/order_msgs/cmake/order_msgsConfig.cmake
[0.863s] -- Up-to-date: /home/bok/project_ws/install/order_msgs/share/order_msgs/cmake/order_msgsConfig-version.cmake
[0.863s] -- Up-to-date: /home/bok/project_ws/install/order_msgs/share/order_msgs/package.xml
[0.864s] Invoked command in '/home/bok/project_ws/build/order_msgs' returned '0': CMAKE_PREFIX_PATH=${CMAKE_PREFIX_PATH}:/home/bok/project_ws/install/turtlebot:/home/bok/project_ws/src/install/turtlebot:/home/bok/turtlebot3_ws/install/turtlebot3_teleop:/home/bok/turtlebot3_ws/install/turtlebot3_example:/home/bok/ros2_ws/install/ros_study_py:/home/bok/ros2_ws/install/ex_calculator:/home/bok/ros2_ws/install/py_pubsub:/home/bok/ros2_ws/src/install/ros_study_py:/home/bok/ros2_ws/src/install/ex_calculator:/opt/ros/humble /usr/bin/cmake --install /home/bok/project_ws/build/order_msgs
