[1.121s] Invoking command in '/home/bok/multitb_ws/src/get_data': PYTHONPATH=/home/bok/multitb_ws/build/get_data/prefix_override:/usr/lib/python3/dist-packages/colcon_core/task/python/colcon_distutils_commands:/home/bok/multitb_ws/install/get_data/lib/python3.10/site-packages:${PYTHONPATH} /usr/bin/python3 -W ignore:setup.py install is deprecated setup.py egg_info --egg-base ../../build/get_data build --build-base /home/bok/multitb_ws/build/get_data/build install --record /home/bok/multitb_ws/build/get_data/install.log --single-version-externally-managed install_data
[1.462s] running egg_info
[1.486s] writing ../../build/get_data/get_data.egg-info/PKG-INFO
[1.487s] writing dependency_links to ../../build/get_data/get_data.egg-info/dependency_links.txt
[1.487s] writing entry points to ../../build/get_data/get_data.egg-info/entry_points.txt
[1.487s] writing requirements to ../../build/get_data/get_data.egg-info/requires.txt
[1.488s] writing top-level names to ../../build/get_data/get_data.egg-info/top_level.txt
[1.541s] reading manifest file '../../build/get_data/get_data.egg-info/SOURCES.txt'
[1.543s] writing manifest file '../../build/get_data/get_data.egg-info/SOURCES.txt'
[1.543s] running build
[1.543s] running build_py
[1.543s] copying get_data/yolo.py -> /home/bok/multitb_ws/build/get_data/build/lib/get_data
[1.544s] copying get_data/thief_spawn.py -> /home/bok/multitb_ws/build/get_data/build/lib/get_data
[1.544s] copying get_data/camera.py -> /home/bok/multitb_ws/build/get_data/build/lib/get_data
[1.544s] copying get_data/get_data.py -> /home/bok/multitb_ws/build/get_data/build/lib/get_data
[1.544s] copying get_data/qt_update.py -> /home/bok/multitb_ws/build/get_data/build/lib/get_data
[1.545s] copying get_data/__init__.py -> /home/bok/multitb_ws/build/get_data/build/lib/get_data
[1.545s] running install
[1.553s] running install_lib
[1.577s] copying /home/bok/multitb_ws/build/get_data/build/lib/get_data/camera.py -> /home/bok/multitb_ws/install/get_data/lib/python3.10/site-packages/get_data
[1.579s] byte-compiling /home/bok/multitb_ws/install/get_data/lib/python3.10/site-packages/get_data/camera.py to camera.cpython-310.pyc
[1.583s] running install_data
[1.584s] copying resource/get_data -> /home/bok/multitb_ws/install/get_data/share/ament_index/resource_index/packages
[1.584s] copying package.xml -> /home/bok/multitb_ws/install/get_data/share/get_data
[1.584s] running install_egg_info
[1.613s] removing '/home/bok/multitb_ws/install/get_data/lib/python3.10/site-packages/get_data-0.0.0-py3.10.egg-info' (and everything under it)
[1.617s] Copying ../../build/get_data/get_data.egg-info to /home/bok/multitb_ws/install/get_data/lib/python3.10/site-packages/get_data-0.0.0-py3.10.egg-info
[1.617s] running install_scripts
[1.870s] Installing camera script to /home/bok/multitb_ws/install/get_data/lib/get_data
[1.871s] Installing get_data script to /home/bok/multitb_ws/install/get_data/lib/get_data
[1.871s] Installing qt_update script to /home/bok/multitb_ws/install/get_data/lib/get_data
[1.871s] Installing thief_spawn script to /home/bok/multitb_ws/install/get_data/lib/get_data
[1.871s] writing list of installed files to '/home/bok/multitb_ws/build/get_data/install.log'
[1.903s] Invoked command in '/home/bok/multitb_ws/src/get_data' returned '0': PYTHONPATH=/home/bok/multitb_ws/build/get_data/prefix_override:/usr/lib/python3/dist-packages/colcon_core/task/python/colcon_distutils_commands:/home/bok/multitb_ws/install/get_data/lib/python3.10/site-packages:${PYTHONPATH} /usr/bin/python3 -W ignore:setup.py install is deprecated setup.py egg_info --egg-base ../../build/get_data build --build-base /home/bok/multitb_ws/build/get_data/build install --record /home/bok/multitb_ws/build/get_data/install.log --single-version-externally-managed install_data
