[1.526s] Invoking command in '/home/bok/ff_ws/src/project': PYTHONPATH=/home/bok/ff_ws/build/project/prefix_override:/usr/lib/python3/dist-packages/colcon_core/task/python/colcon_distutils_commands:/home/bok/ff_ws/install/project/lib/python3.10/site-packages:${PYTHONPATH} /usr/bin/python3 -W ignore:setup.py install is deprecated setup.py egg_info --egg-base ../../build/project build --build-base /home/bok/ff_ws/build/project/build install --record /home/bok/ff_ws/build/project/install.log --single-version-externally-managed install_data
[1.783s] /home/bok/.local/lib/python3.10/site-packages/setuptools/_distutils/dist.py:261: UserWarning: Unknown distribution option: 'tests_require'
[1.783s]   warnings.warn(msg)
[1.946s] running egg_info
[1.971s] writing ../../build/project/project.egg-info/PKG-INFO
[1.971s] writing dependency_links to ../../build/project/project.egg-info/dependency_links.txt
[1.972s] writing entry points to ../../build/project/project.egg-info/entry_points.txt
[1.972s] writing requirements to ../../build/project/project.egg-info/requires.txt
[1.972s] writing top-level names to ../../build/project/project.egg-info/top_level.txt
[2.026s] reading manifest file '../../build/project/project.egg-info/SOURCES.txt'
[2.027s] writing manifest file '../../build/project/project.egg-info/SOURCES.txt'
[2.028s] running build
[2.028s] running build_py
[2.028s] copying project/fix_rotation.py -> /home/bok/ff_ws/build/project/build/lib/project
[2.029s] copying project/temp.py -> /home/bok/ff_ws/build/project/build/lib/project
[2.029s] copying project/control_tower_server.py -> /home/bok/ff_ws/build/project/build/lib/project
[2.030s] copying project/subscription.py -> /home/bok/ff_ws/build/project/build/lib/project
[2.030s] copying project/manipulator.py -> /home/bok/ff_ws/build/project/build/lib/project
[2.031s] copying project/control_tower.py -> /home/bok/ff_ws/build/project/build/lib/project
[2.031s] copying project/camera.py -> /home/bok/ff_ws/build/project/build/lib/project
[2.031s] copying project/inverse_test.py -> /home/bok/ff_ws/build/project/build/lib/project
[2.032s] copying project/nnnn.py -> /home/bok/ff_ws/build/project/build/lib/project
[2.032s] copying project/__init__.py -> /home/bok/ff_ws/build/project/build/lib/project
[2.032s] running install
[2.038s] running install_lib
[2.064s] copying /home/bok/ff_ws/build/project/build/lib/project/subscription.py -> /home/bok/ff_ws/install/project/lib/python3.10/site-packages/project
[2.064s] copying /home/bok/ff_ws/build/project/build/lib/project/manipulator.py -> /home/bok/ff_ws/install/project/lib/python3.10/site-packages/project
[2.065s] copying /home/bok/ff_ws/build/project/build/lib/project/inverse_test.py -> /home/bok/ff_ws/install/project/lib/python3.10/site-packages/project
[2.066s] byte-compiling /home/bok/ff_ws/install/project/lib/python3.10/site-packages/project/subscription.py to subscription.cpython-310.pyc
[2.068s] byte-compiling /home/bok/ff_ws/install/project/lib/python3.10/site-packages/project/manipulator.py to manipulator.cpython-310.pyc
[2.070s] byte-compiling /home/bok/ff_ws/install/project/lib/python3.10/site-packages/project/inverse_test.py to inverse_test.cpython-310.pyc
[2.072s] running install_data
[2.072s] copying resource/project -> /home/bok/ff_ws/install/project/share/ament_index/resource_index/packages
[2.072s] copying package.xml -> /home/bok/ff_ws/install/project/share/project
[2.073s] running install_egg_info
[2.099s] removing '/home/bok/ff_ws/install/project/lib/python3.10/site-packages/project-0.0.0-py3.10.egg-info' (and everything under it)
[2.100s] Copying ../../build/project/project.egg-info to /home/bok/ff_ws/install/project/lib/python3.10/site-packages/project-0.0.0-py3.10.egg-info
[2.101s] running install_scripts
[2.355s] Installing camera script to /home/bok/ff_ws/install/project/lib/project
[2.356s] Installing control_tower script to /home/bok/ff_ws/install/project/lib/project
[2.356s] Installing mani_control script to /home/bok/ff_ws/install/project/lib/project
[2.357s] Installing server script to /home/bok/ff_ws/install/project/lib/project
[2.359s] writing list of installed files to '/home/bok/ff_ws/build/project/install.log'
[2.406s] Invoked command in '/home/bok/ff_ws/src/project' returned '0': PYTHONPATH=/home/bok/ff_ws/build/project/prefix_override:/usr/lib/python3/dist-packages/colcon_core/task/python/colcon_distutils_commands:/home/bok/ff_ws/install/project/lib/python3.10/site-packages:${PYTHONPATH} /usr/bin/python3 -W ignore:setup.py install is deprecated setup.py egg_info --egg-base ../../build/project build --build-base /home/bok/ff_ws/build/project/build install --record /home/bok/ff_ws/build/project/install.log --single-version-externally-managed install_data
