[0.310s] Invoking command in '/home/bok/ff_ws/build/type': CMAKE_PREFIX_PATH=${CMAKE_PREFIX_PATH}:/home/bok/ff_ws/install/project:/home/bok/multitb_ws/install/get_data:/home/bok/ws_urdf/install/urdf_tutorial:/home/bok/ws_urdf/install/car_tutorial:/home/bok/turtlebot3_ws/install/turtlebot3_teleop:/home/bok/turtlebot3_ws/install/turtlebot3_example:/home/bok/baby_ws/install/bossbaby:/opt/ros/humble /usr/bin/cmake --build /home/bok/ff_ws/build/type -- -j4 -l4
[0.347s] -- Found ament_cmake: 1.3.10 (/opt/ros/humble/share/ament_cmake/cmake)
[0.601s] -- Found builtin_interfaces: 1.2.1 (/opt/ros/humble/share/builtin_interfaces/cmake)
[0.645s] -- Found rosidl_generator_c: 3.1.5 (/opt/ros/humble/share/rosidl_generator_c/cmake)
[0.650s] -- Found rosidl_adapter: 3.1.5 (/opt/ros/humble/share/rosidl_adapter/cmake)
[0.661s] -- Found rosidl_generator_cpp: 3.1.5 (/opt/ros/humble/share/rosidl_generator_cpp/cmake)
[0.681s] -- Using all available rosidl_typesupport_c: rosidl_typesupport_fastrtps_c;rosidl_typesupport_introspection_c
[0.706s] -- Using all available rosidl_typesupport_cpp: rosidl_typesupport_fastrtps_cpp;rosidl_typesupport_introspection_cpp
[0.729s] -- Found rosidl_default_generators: 1.2.0 (/opt/ros/humble/share/rosidl_default_generators/cmake)
[1.084s] -- Found ament_cmake_ros: 0.10.0 (/opt/ros/humble/share/ament_cmake_ros/cmake)
[1.490s] -- Using all available rosidl_typesupport_c: rosidl_typesupport_fastrtps_c;rosidl_typesupport_introspection_c
[1.661s] -- Using all available rosidl_typesupport_cpp: rosidl_typesupport_fastrtps_cpp;rosidl_typesupport_introspection_cpp
[1.690s] -- Found python_cmake_module: 0.10.0 (/opt/ros/humble/share/python_cmake_module/cmake)
[1.719s] -- Using PYTHON_EXECUTABLE: /usr/bin/python3
[1.719s] -- Using PYTHON_INCLUDE_DIRS: /usr/include/python3.10
[1.719s] -- Using PYTHON_LIBRARIES: /usr/lib/x86_64-linux-gnu/libpython3.10.so
[1.745s] -- Found ament_lint_auto: 0.12.11 (/opt/ros/humble/share/ament_lint_auto/cmake)
[1.756s] -- Added test 'lint_cmake' to check CMake code style
[1.757s] -- Added test 'xmllint' to check XML markup files
[1.759s] -- Configuring done
[1.807s] -- Generating done
[1.810s] -- Build files have been written to: /home/bok/ff_ws/build/type
[1.877s] [35m[1mConsolidate compiler generated dependencies of target type__rosidl_generator_c[0m
[1.882s] [  3%] Built target type__cpp
[1.918s] [35m[1mConsolidate compiler generated dependencies of target type__rosidl_typesupport_cpp[0m
[1.928s] [35m[1mConsolidate compiler generated dependencies of target type__rosidl_typesupport_fastrtps_cpp[0m
[1.933s] [  3%] Built target ament_cmake_python_copy_type
[1.936s] [ 12%] Built target type__rosidl_generator_c
[1.954s] [ 22%] Built target type__rosidl_typesupport_cpp
[1.971s] [35m[1mConsolidate compiler generated dependencies of target type__rosidl_typesupport_introspection_cpp[0m
[1.972s] [ 32%] Built target type__rosidl_typesupport_fastrtps_cpp
[1.983s] [35m[1mConsolidate compiler generated dependencies of target type__rosidl_typesupport_fastrtps_c[0m
[1.997s] [35m[1mConsolidate compiler generated dependencies of target type__rosidl_typesupport_introspection_c[0m
[2.013s] [ 41%] Built target type__rosidl_typesupport_introspection_cpp
[2.035s] [ 51%] Built target type__rosidl_typesupport_fastrtps_c
[2.038s] [ 61%] Built target type__rosidl_typesupport_introspection_c
[2.046s] [35m[1mConsolidate compiler generated dependencies of target type__rosidl_typesupport_c[0m
[2.073s] [ 70%] Built target type__rosidl_typesupport_c
[2.107s] [ 70%] Built target type
[2.143s] [ 74%] Built target type__py
[2.160s] [35m[1mConsolidate compiler generated dependencies of target type__rosidl_generator_py[0m
[2.182s] [ 80%] Built target type__rosidl_generator_py
[2.213s] [35m[1mConsolidate compiler generated dependencies of target type__rosidl_typesupport_c__pyext[0m
[2.220s] [35m[1mConsolidate compiler generated dependencies of target type__rosidl_typesupport_fastrtps_c__pyext[0m
[2.222s] [35m[1mConsolidate compiler generated dependencies of target type__rosidl_typesupport_introspection_c__pyext[0m
[2.258s] [ 87%] Built target type__rosidl_typesupport_introspection_c__pyext
[2.278s] [ 93%] Built target type__rosidl_typesupport_fastrtps_c__pyext
[2.281s] [100%] Built target type__rosidl_typesupport_c__pyext
[2.572s] running egg_info
[2.600s] writing type.egg-info/PKG-INFO
[2.600s] writing dependency_links to type.egg-info/dependency_links.txt
[2.601s] writing top-level names to type.egg-info/top_level.txt
[2.703s] reading manifest file 'type.egg-info/SOURCES.txt'
[2.705s] writing manifest file 'type.egg-info/SOURCES.txt'
[2.747s] [100%] Built target ament_cmake_python_build_type_egg
[2.762s] Invoked command in '/home/bok/ff_ws/build/type' returned '0': CMAKE_PREFIX_PATH=${CMAKE_PREFIX_PATH}:/home/bok/ff_ws/install/project:/home/bok/multitb_ws/install/get_data:/home/bok/ws_urdf/install/urdf_tutorial:/home/bok/ws_urdf/install/car_tutorial:/home/bok/turtlebot3_ws/install/turtlebot3_teleop:/home/bok/turtlebot3_ws/install/turtlebot3_example:/home/bok/baby_ws/install/bossbaby:/opt/ros/humble /usr/bin/cmake --build /home/bok/ff_ws/build/type -- -j4 -l4
[2.846s] Invoking command in '/home/bok/ff_ws/build/type': CMAKE_PREFIX_PATH=${CMAKE_PREFIX_PATH}:/home/bok/ff_ws/install/project:/home/bok/multitb_ws/install/get_data:/home/bok/ws_urdf/install/urdf_tutorial:/home/bok/ws_urdf/install/car_tutorial:/home/bok/turtlebot3_ws/install/turtlebot3_teleop:/home/bok/turtlebot3_ws/install/turtlebot3_example:/home/bok/baby_ws/install/bossbaby:/opt/ros/humble /usr/bin/cmake --install /home/bok/ff_ws/build/type
[2.857s] -- Install configuration: ""
[2.858s] -- Up-to-date: /home/bok/ff_ws/install/type/share/ament_index/resource_index/rosidl_interfaces/type
[2.858s] -- Up-to-date: /home/bok/ff_ws/install/type/include/type/type
[2.858s] -- Up-to-date: /home/bok/ff_ws/install/type/include/type/type/srv
[2.858s] -- Up-to-date: /home/bok/ff_ws/install/type/include/type/type/srv/start_time.h
[2.858s] -- Up-to-date: /home/bok/ff_ws/install/type/include/type/type/srv/detail
[2.858s] -- Up-to-date: /home/bok/ff_ws/install/type/include/type/type/srv/detail/start_time__type_support.h
[2.859s] -- Up-to-date: /home/bok/ff_ws/install/type/include/type/type/srv/detail/start_time__functions.c
[2.859s] -- Up-to-date: /home/bok/ff_ws/install/type/include/type/type/srv/detail/start_time__functions.h
[2.859s] -- Up-to-date: /home/bok/ff_ws/install/type/include/type/type/srv/detail/start_time__struct.h
[2.859s] -- Up-to-date: /home/bok/ff_ws/install/type/include/type/type/msg
[2.859s] -- Up-to-date: /home/bok/ff_ws/install/type/include/type/type/msg/rosidl_generator_c__visibility_control.h
[2.859s] -- Up-to-date: /home/bok/ff_ws/install/type/share/type/environment/library_path.sh
[2.859s] -- Installing: /home/bok/ff_ws/install/type/share/type/environment/library_path.dsv
[2.860s] -- Up-to-date: /home/bok/ff_ws/install/type/lib/libtype__rosidl_generator_c.so
[2.860s] -- Up-to-date: /home/bok/ff_ws/install/type/include/type/type
[2.860s] -- Up-to-date: /home/bok/ff_ws/install/type/include/type/type/srv
[2.860s] -- Up-to-date: /home/bok/ff_ws/install/type/include/type/type/srv/detail
[2.860s] -- Up-to-date: /home/bok/ff_ws/install/type/include/type/type/srv/detail/start_time__rosidl_typesupport_fastrtps_c.h
[2.860s] -- Up-to-date: /home/bok/ff_ws/install/type/include/type/type/msg
[2.861s] -- Up-to-date: /home/bok/ff_ws/install/type/include/type/type/msg/rosidl_typesupport_fastrtps_c__visibility_control.h
[2.861s] -- Up-to-date: /home/bok/ff_ws/install/type/lib/libtype__rosidl_typesupport_fastrtps_c.so
[2.861s] -- Up-to-date: /home/bok/ff_ws/install/type/include/type/type
[2.861s] -- Up-to-date: /home/bok/ff_ws/install/type/include/type/type/srv
[2.861s] -- Up-to-date: /home/bok/ff_ws/install/type/include/type/type/srv/start_time.hpp
[2.861s] -- Up-to-date: /home/bok/ff_ws/install/type/include/type/type/srv/detail
[2.862s] -- Up-to-date: /home/bok/ff_ws/install/type/include/type/type/srv/detail/start_time__struct.hpp
[2.862s] -- Up-to-date: /home/bok/ff_ws/install/type/include/type/type/srv/detail/start_time__traits.hpp
[2.862s] -- Up-to-date: /home/bok/ff_ws/install/type/include/type/type/srv/detail/start_time__builder.hpp
[2.862s] -- Up-to-date: /home/bok/ff_ws/install/type/include/type/type
[2.862s] -- Up-to-date: /home/bok/ff_ws/install/type/include/type/type/srv
[2.862s] -- Up-to-date: /home/bok/ff_ws/install/type/include/type/type/srv/detail
[2.862s] -- Up-to-date: /home/bok/ff_ws/install/type/include/type/type/srv/detail/start_time__rosidl_typesupport_fastrtps_cpp.hpp
[2.863s] -- Up-to-date: /home/bok/ff_ws/install/type/include/type/type/srv/detail/dds_fastrtps
[2.863s] -- Up-to-date: /home/bok/ff_ws/install/type/include/type/type/msg
[2.863s] -- Up-to-date: /home/bok/ff_ws/install/type/include/type/type/msg/rosidl_typesupport_fastrtps_cpp__visibility_control.h
[2.863s] -- Up-to-date: /home/bok/ff_ws/install/type/lib/libtype__rosidl_typesupport_fastrtps_cpp.so
[2.863s] -- Up-to-date: /home/bok/ff_ws/install/type/include/type/type
[2.863s] -- Up-to-date: /home/bok/ff_ws/install/type/include/type/type/srv
[2.864s] -- Up-to-date: /home/bok/ff_ws/install/type/include/type/type/srv/detail
[2.864s] -- Up-to-date: /home/bok/ff_ws/install/type/include/type/type/srv/detail/start_time__type_support.c
[2.864s] -- Up-to-date: /home/bok/ff_ws/install/type/include/type/type/srv/detail/start_time__rosidl_typesupport_introspection_c.h
[2.864s] -- Up-to-date: /home/bok/ff_ws/install/type/include/type/type/msg
[2.864s] -- Up-to-date: /home/bok/ff_ws/install/type/include/type/type/msg/rosidl_typesupport_introspection_c__visibility_control.h
[2.864s] -- Up-to-date: /home/bok/ff_ws/install/type/lib/libtype__rosidl_typesupport_introspection_c.so
[2.864s] -- Up-to-date: /home/bok/ff_ws/install/type/lib/libtype__rosidl_typesupport_c.so
[2.865s] -- Up-to-date: /home/bok/ff_ws/install/type/include/type/type
[2.865s] -- Up-to-date: /home/bok/ff_ws/install/type/include/type/type/srv
[2.865s] -- Up-to-date: /home/bok/ff_ws/install/type/include/type/type/srv/detail
[2.865s] -- Up-to-date: /home/bok/ff_ws/install/type/include/type/type/srv/detail/start_time__rosidl_typesupport_introspection_cpp.hpp
[2.865s] -- Up-to-date: /home/bok/ff_ws/install/type/include/type/type/srv/detail/start_time__type_support.cpp
[2.865s] -- Up-to-date: /home/bok/ff_ws/install/type/lib/libtype__rosidl_typesupport_introspection_cpp.so
[2.865s] -- Up-to-date: /home/bok/ff_ws/install/type/lib/libtype__rosidl_typesupport_cpp.so
[2.865s] -- Up-to-date: /home/bok/ff_ws/install/type/share/type/environment/pythonpath.sh
[2.866s] -- Installing: /home/bok/ff_ws/install/type/share/type/environment/pythonpath.dsv
[2.866s] -- Up-to-date: /home/bok/ff_ws/install/type/local/lib/python3.10/dist-packages/type-0.0.0-py3.10.egg-info
[2.866s] -- Installing: /home/bok/ff_ws/install/type/local/lib/python3.10/dist-packages/type-0.0.0-py3.10.egg-info/dependency_links.txt
[2.866s] -- Installing: /home/bok/ff_ws/install/type/local/lib/python3.10/dist-packages/type-0.0.0-py3.10.egg-info/SOURCES.txt
[2.866s] -- Installing: /home/bok/ff_ws/install/type/local/lib/python3.10/dist-packages/type-0.0.0-py3.10.egg-info/PKG-INFO
[2.866s] -- Installing: /home/bok/ff_ws/install/type/local/lib/python3.10/dist-packages/type-0.0.0-py3.10.egg-info/top_level.txt
[2.866s] -- Up-to-date: /home/bok/ff_ws/install/type/local/lib/python3.10/dist-packages/type
[2.866s] -- Up-to-date: /home/bok/ff_ws/install/type/local/lib/python3.10/dist-packages/type/type_s__rosidl_typesupport_c.cpython-310-x86_64-linux-gnu.so
[2.867s] -- Up-to-date: /home/bok/ff_ws/install/type/local/lib/python3.10/dist-packages/type/libtype__rosidl_generator_py.so
[2.867s] -- Up-to-date: /home/bok/ff_ws/install/type/local/lib/python3.10/dist-packages/type/_type_s.ep.rosidl_typesupport_c.c
[2.867s] -- Up-to-date: /home/bok/ff_ws/install/type/local/lib/python3.10/dist-packages/type/srv
[2.867s] -- Up-to-date: /home/bok/ff_ws/install/type/local/lib/python3.10/dist-packages/type/srv/_start_time_s.c
[2.867s] -- Up-to-date: /home/bok/ff_ws/install/type/local/lib/python3.10/dist-packages/type/srv/_start_time.py
[2.867s] -- Up-to-date: /home/bok/ff_ws/install/type/local/lib/python3.10/dist-packages/type/srv/__init__.py
[2.867s] -- Up-to-date: /home/bok/ff_ws/install/type/local/lib/python3.10/dist-packages/type/type_s__rosidl_typesupport_introspection_c.cpython-310-x86_64-linux-gnu.so
[2.867s] -- Up-to-date: /home/bok/ff_ws/install/type/local/lib/python3.10/dist-packages/type/type_s__rosidl_typesupport_fastrtps_c.cpython-310-x86_64-linux-gnu.so
[2.867s] -- Up-to-date: /home/bok/ff_ws/install/type/local/lib/python3.10/dist-packages/type/_type_s.ep.rosidl_typesupport_introspection_c.c
[2.868s] -- Installing: /home/bok/ff_ws/install/type/local/lib/python3.10/dist-packages/type/__init__.py
[2.868s] -- Up-to-date: /home/bok/ff_ws/install/type/local/lib/python3.10/dist-packages/type/_type_s.ep.rosidl_typesupport_fastrtps_c.c
[2.925s] Listing '/home/bok/ff_ws/install/type/local/lib/python3.10/dist-packages/type'...
[2.925s] Compiling '/home/bok/ff_ws/install/type/local/lib/python3.10/dist-packages/type/__init__.py'...
[2.925s] Listing '/home/bok/ff_ws/install/type/local/lib/python3.10/dist-packages/type/srv'...
[2.932s] -- Up-to-date: /home/bok/ff_ws/install/type/local/lib/python3.10/dist-packages/type/type_s__rosidl_typesupport_fastrtps_c.cpython-310-x86_64-linux-gnu.so
[2.932s] -- Up-to-date: /home/bok/ff_ws/install/type/local/lib/python3.10/dist-packages/type/type_s__rosidl_typesupport_introspection_c.cpython-310-x86_64-linux-gnu.so
[2.932s] -- Up-to-date: /home/bok/ff_ws/install/type/local/lib/python3.10/dist-packages/type/type_s__rosidl_typesupport_c.cpython-310-x86_64-linux-gnu.so
[2.933s] -- Up-to-date: /home/bok/ff_ws/install/type/lib/libtype__rosidl_generator_py.so
[2.933s] -- Up-to-date: /home/bok/ff_ws/install/type/share/type/srv/StartTime.idl
[2.933s] -- Up-to-date: /home/bok/ff_ws/install/type/share/type/srv/StartTime.srv
[2.934s] -- Up-to-date: /home/bok/ff_ws/install/type/share/type/srv/StartTime_Request.msg
[2.934s] -- Up-to-date: /home/bok/ff_ws/install/type/share/type/srv/StartTime_Response.msg
[2.934s] -- Up-to-date: /home/bok/ff_ws/install/type/share/ament_index/resource_index/package_run_dependencies/type
[2.934s] -- Up-to-date: /home/bok/ff_ws/install/type/share/ament_index/resource_index/parent_prefix_path/type
[2.934s] -- Up-to-date: /home/bok/ff_ws/install/type/share/type/environment/ament_prefix_path.sh
[2.936s] -- Installing: /home/bok/ff_ws/install/type/share/type/environment/ament_prefix_path.dsv
[2.936s] -- Up-to-date: /home/bok/ff_ws/install/type/share/type/environment/path.sh
[2.936s] -- Installing: /home/bok/ff_ws/install/type/share/type/environment/path.dsv
[2.937s] -- Up-to-date: /home/bok/ff_ws/install/type/share/type/local_setup.bash
[2.937s] -- Up-to-date: /home/bok/ff_ws/install/type/share/type/local_setup.sh
[2.937s] -- Up-to-date: /home/bok/ff_ws/install/type/share/type/local_setup.zsh
[2.937s] -- Installing: /home/bok/ff_ws/install/type/share/type/local_setup.dsv
[2.937s] -- Installing: /home/bok/ff_ws/install/type/share/type/package.dsv
[2.938s] -- Up-to-date: /home/bok/ff_ws/install/type/share/ament_index/resource_index/packages/type
[2.938s] -- Up-to-date: /home/bok/ff_ws/install/type/share/type/cmake/export_type__rosidl_generator_cExport.cmake
[2.938s] -- Up-to-date: /home/bok/ff_ws/install/type/share/type/cmake/export_type__rosidl_generator_cExport-noconfig.cmake
[2.938s] -- Up-to-date: /home/bok/ff_ws/install/type/share/type/cmake/export_type__rosidl_typesupport_fastrtps_cExport.cmake
[2.938s] -- Up-to-date: /home/bok/ff_ws/install/type/share/type/cmake/export_type__rosidl_typesupport_fastrtps_cExport-noconfig.cmake
[2.938s] -- Up-to-date: /home/bok/ff_ws/install/type/share/type/cmake/export_type__rosidl_generator_cppExport.cmake
[2.939s] -- Up-to-date: /home/bok/ff_ws/install/type/share/type/cmake/export_type__rosidl_typesupport_fastrtps_cppExport.cmake
[2.939s] -- Up-to-date: /home/bok/ff_ws/install/type/share/type/cmake/export_type__rosidl_typesupport_fastrtps_cppExport-noconfig.cmake
[2.939s] -- Up-to-date: /home/bok/ff_ws/install/type/share/type/cmake/type__rosidl_typesupport_introspection_cExport.cmake
[2.939s] -- Up-to-date: /home/bok/ff_ws/install/type/share/type/cmake/type__rosidl_typesupport_introspection_cExport-noconfig.cmake
[2.939s] -- Up-to-date: /home/bok/ff_ws/install/type/share/type/cmake/type__rosidl_typesupport_cExport.cmake
[2.939s] -- Up-to-date: /home/bok/ff_ws/install/type/share/type/cmake/type__rosidl_typesupport_cExport-noconfig.cmake
[2.939s] -- Up-to-date: /home/bok/ff_ws/install/type/share/type/cmake/type__rosidl_typesupport_introspection_cppExport.cmake
[2.939s] -- Up-to-date: /home/bok/ff_ws/install/type/share/type/cmake/type__rosidl_typesupport_introspection_cppExport-noconfig.cmake
[2.940s] -- Up-to-date: /home/bok/ff_ws/install/type/share/type/cmake/type__rosidl_typesupport_cppExport.cmake
[2.940s] -- Up-to-date: /home/bok/ff_ws/install/type/share/type/cmake/type__rosidl_typesupport_cppExport-noconfig.cmake
[2.940s] -- Up-to-date: /home/bok/ff_ws/install/type/share/type/cmake/export_type__rosidl_generator_pyExport.cmake
[2.940s] -- Up-to-date: /home/bok/ff_ws/install/type/share/type/cmake/export_type__rosidl_generator_pyExport-noconfig.cmake
[2.940s] -- Up-to-date: /home/bok/ff_ws/install/type/share/type/cmake/rosidl_cmake-extras.cmake
[2.940s] -- Up-to-date: /home/bok/ff_ws/install/type/share/type/cmake/ament_cmake_export_dependencies-extras.cmake
[2.940s] -- Up-to-date: /home/bok/ff_ws/install/type/share/type/cmake/ament_cmake_export_include_directories-extras.cmake
[2.940s] -- Up-to-date: /home/bok/ff_ws/install/type/share/type/cmake/ament_cmake_export_libraries-extras.cmake
[2.941s] -- Up-to-date: /home/bok/ff_ws/install/type/share/type/cmake/ament_cmake_export_targets-extras.cmake
[2.941s] -- Up-to-date: /home/bok/ff_ws/install/type/share/type/cmake/rosidl_cmake_export_typesupport_targets-extras.cmake
[2.941s] -- Up-to-date: /home/bok/ff_ws/install/type/share/type/cmake/rosidl_cmake_export_typesupport_libraries-extras.cmake
[2.941s] -- Up-to-date: /home/bok/ff_ws/install/type/share/type/cmake/typeConfig.cmake
[2.941s] -- Up-to-date: /home/bok/ff_ws/install/type/share/type/cmake/typeConfig-version.cmake
[2.941s] -- Up-to-date: /home/bok/ff_ws/install/type/share/type/package.xml
[2.943s] Invoked command in '/home/bok/ff_ws/build/type' returned '0': CMAKE_PREFIX_PATH=${CMAKE_PREFIX_PATH}:/home/bok/ff_ws/install/project:/home/bok/multitb_ws/install/get_data:/home/bok/ws_urdf/install/urdf_tutorial:/home/bok/ws_urdf/install/car_tutorial:/home/bok/turtlebot3_ws/install/turtlebot3_teleop:/home/bok/turtlebot3_ws/install/turtlebot3_example:/home/bok/baby_ws/install/bossbaby:/opt/ros/humble /usr/bin/cmake --install /home/bok/ff_ws/build/type
