[1.507s] Invoking command in '/home/bok/ff_ws/src/project': PYTHONPATH=/home/bok/ff_ws/build/project/prefix_override:/usr/lib/python3/dist-packages/colcon_core/task/python/colcon_distutils_commands:/home/bok/ff_ws/install/project/lib/python3.10/site-packages:${PYTHONPATH} /usr/bin/python3 -W ignore:setup.py install is deprecated setup.py egg_info --egg-base ../../build/project build --build-base /home/bok/ff_ws/build/project/build install --record /home/bok/ff_ws/build/project/install.log --single-version-externally-managed install_data
[1.704s] /home/bok/.local/lib/python3.10/site-packages/setuptools/_distutils/dist.py:261: UserWarning: Unknown distribution option: 'tests_require'
[1.704s]   warnings.warn(msg)
[1.855s] running egg_info
[1.880s] writing ../../build/project/project.egg-info/PKG-INFO
[1.881s] writing dependency_links to ../../build/project/project.egg-info/dependency_links.txt
[1.881s] writing entry points to ../../build/project/project.egg-info/entry_points.txt
[1.881s] writing requirements to ../../build/project/project.egg-info/requires.txt
[1.881s] writing top-level names to ../../build/project/project.egg-info/top_level.txt
[1.952s] reading manifest file '../../build/project/project.egg-info/SOURCES.txt'
[1.955s] writing manifest file '../../build/project/project.egg-info/SOURCES.txt'
[1.955s] running build
[1.956s] running build_py
[1.956s] copying project/fix_rotation.py -> /home/bok/ff_ws/build/project/build/lib/project
[1.957s] copying project/temp.py -> /home/bok/ff_ws/build/project/build/lib/project
[1.957s] copying project/control_tower_server.py -> /home/bok/ff_ws/build/project/build/lib/project
[1.958s] copying project/subscription.py -> /home/bok/ff_ws/build/project/build/lib/project
[1.958s] copying project/manipulator.py -> /home/bok/ff_ws/build/project/build/lib/project
[1.958s] copying project/control_tower.py -> /home/bok/ff_ws/build/project/build/lib/project
[1.958s] copying project/camera.py -> /home/bok/ff_ws/build/project/build/lib/project
[1.959s] copying project/inverse_test.py -> /home/bok/ff_ws/build/project/build/lib/project
[1.959s] copying project/nnnn.py -> /home/bok/ff_ws/build/project/build/lib/project
[1.959s] copying project/__init__.py -> /home/bok/ff_ws/build/project/build/lib/project
[1.959s] running install
[1.968s] running install_lib
[1.993s] copying /home/bok/ff_ws/build/project/build/lib/project/camera.py -> /home/bok/ff_ws/install/project/lib/python3.10/site-packages/project
[1.995s] byte-compiling /home/bok/ff_ws/install/project/lib/python3.10/site-packages/project/camera.py to camera.cpython-310.pyc
[1.997s] running install_data
[1.997s] copying resource/project -> /home/bok/ff_ws/install/project/share/ament_index/resource_index/packages
[1.997s] copying package.xml -> /home/bok/ff_ws/install/project/share/project
[1.998s] running install_egg_info
[2.024s] removing '/home/bok/ff_ws/install/project/lib/python3.10/site-packages/project-0.0.0-py3.10.egg-info' (and everything under it)
[2.025s] Copying ../../build/project/project.egg-info to /home/bok/ff_ws/install/project/lib/python3.10/site-packages/project-0.0.0-py3.10.egg-info
[2.026s] running install_scripts
[2.229s] Installing camera script to /home/bok/ff_ws/install/project/lib/project
[2.229s] Installing control_tower script to /home/bok/ff_ws/install/project/lib/project
[2.229s] Installing mani_control script to /home/bok/ff_ws/install/project/lib/project
[2.229s] Installing server script to /home/bok/ff_ws/install/project/lib/project
[2.230s] writing list of installed files to '/home/bok/ff_ws/build/project/install.log'
[2.268s] Invoked command in '/home/bok/ff_ws/src/project' returned '0': PYTHONPATH=/home/bok/ff_ws/build/project/prefix_override:/usr/lib/python3/dist-packages/colcon_core/task/python/colcon_distutils_commands:/home/bok/ff_ws/install/project/lib/python3.10/site-packages:${PYTHONPATH} /usr/bin/python3 -W ignore:setup.py install is deprecated setup.py egg_info --egg-base ../../build/project build --build-base /home/bok/ff_ws/build/project/build install --record /home/bok/ff_ws/build/project/install.log --single-version-externally-managed install_data
