[1.942s] Invoking command in '/home/bok/project_ws/src/turtlebot': LD_LIBRARY_PATH=/home/bok/project_ws/install/order_msgs/lib:/home/bok/turtlebot3_ws/install/turtlebot3_msgs/lib:/home/bok/ros2_ws/install/ros_study_msgs/lib:/home/bok/ros2_ws/src/install/ros_study_msgs/lib:/usr/lib/x86_64-linux-gnu/gazebo-11/plugins:/opt/ros/humble/opt/rviz_ogre_vendor/lib:/opt/ros/humble/lib/x86_64-linux-gnu:/opt/ros/humble/lib:/usr/lib/x86_64-linux-gnu/gazebo-11/plugins PYTHONPATH=/home/bok/project_ws/build/turtlebot/prefix_override:/usr/lib/python3/dist-packages/colcon_core/task/python/colcon_distutils_commands:/home/bok/project_ws/install/turtlebot/lib/python3.10/site-packages:${PYTHONPATH} /usr/bin/python3 -W ignore:setup.py install is deprecated setup.py egg_info --egg-base ../../build/turtlebot build --build-base /home/bok/project_ws/build/turtlebot/build install --record /home/bok/project_ws/build/turtlebot/install.log --single-version-externally-managed install_data
[2.656s] running egg_info
[2.658s] writing ../../build/turtlebot/turtlebot.egg-info/PKG-INFO
[2.662s] writing dependency_links to ../../build/turtlebot/turtlebot.egg-info/dependency_links.txt
[2.662s] writing entry points to ../../build/turtlebot/turtlebot.egg-info/entry_points.txt
[2.662s] writing requirements to ../../build/turtlebot/turtlebot.egg-info/requires.txt
[2.662s] writing top-level names to ../../build/turtlebot/turtlebot.egg-info/top_level.txt
[2.670s] reading manifest file '../../build/turtlebot/turtlebot.egg-info/SOURCES.txt'
[2.674s] writing manifest file '../../build/turtlebot/turtlebot.egg-info/SOURCES.txt'
[2.675s] running build
[2.675s] running build_py
[2.676s] copying turtlebot/turtlebot3_gui3.py -> /home/bok/project_ws/build/turtlebot/build/lib/turtlebot
[2.677s] running install
[2.685s] running install_lib
[2.685s] copying /home/bok/project_ws/build/turtlebot/build/lib/turtlebot/turtlebot3_gui3.py -> /home/bok/project_ws/install/turtlebot/lib/python3.10/site-packages/turtlebot
[2.693s] byte-compiling /home/bok/project_ws/install/turtlebot/lib/python3.10/site-packages/turtlebot/turtlebot3_gui3.py to turtlebot3_gui3.cpython-310.pyc
[2.706s] running install_data
[2.706s] running install_egg_info
[2.719s] removing '/home/bok/project_ws/install/turtlebot/lib/python3.10/site-packages/turtlebot-0.0.0-py3.10.egg-info' (and everything under it)
[2.721s] Copying ../../build/turtlebot/turtlebot.egg-info to /home/bok/project_ws/install/turtlebot/lib/python3.10/site-packages/turtlebot-0.0.0-py3.10.egg-info
[2.729s] running install_scripts
[2.771s] Installing menu1_gui script to /home/bok/project_ws/install/turtlebot/lib/turtlebot
[2.774s] Installing menu2_gui script to /home/bok/project_ws/install/turtlebot/lib/turtlebot
[2.778s] Installing menu3_gui script to /home/bok/project_ws/install/turtlebot/lib/turtlebot
[2.778s] Installing menu4_gui script to /home/bok/project_ws/install/turtlebot/lib/turtlebot
[2.778s] Installing menu5_gui script to /home/bok/project_ws/install/turtlebot/lib/turtlebot
[2.778s] Installing menu6_gui script to /home/bok/project_ws/install/turtlebot/lib/turtlebot
[2.778s] Installing menu7_gui script to /home/bok/project_ws/install/turtlebot/lib/turtlebot
[2.778s] Installing menu8_gui script to /home/bok/project_ws/install/turtlebot/lib/turtlebot
[2.779s] Installing menu9_gui script to /home/bok/project_ws/install/turtlebot/lib/turtlebot
[2.779s] Installing menu_gui script to /home/bok/project_ws/install/turtlebot/lib/turtlebot
[2.779s] Installing order_list script to /home/bok/project_ws/install/turtlebot/lib/turtlebot
[2.780s] Installing robot_gui script to /home/bok/project_ws/install/turtlebot/lib/turtlebot
[2.780s] Installing turtle3_gui script to /home/bok/project_ws/install/turtlebot/lib/turtlebot
[2.788s] Installing turtle3_gui2 script to /home/bok/project_ws/install/turtlebot/lib/turtlebot
[2.788s] Installing turtlebot3_gui3 script to /home/bok/project_ws/install/turtlebot/lib/turtlebot
[2.788s] writing list of installed files to '/home/bok/project_ws/build/turtlebot/install.log'
[2.880s] Invoked command in '/home/bok/project_ws/src/turtlebot' returned '0': LD_LIBRARY_PATH=/home/bok/project_ws/install/order_msgs/lib:/home/bok/turtlebot3_ws/install/turtlebot3_msgs/lib:/home/bok/ros2_ws/install/ros_study_msgs/lib:/home/bok/ros2_ws/src/install/ros_study_msgs/lib:/usr/lib/x86_64-linux-gnu/gazebo-11/plugins:/opt/ros/humble/opt/rviz_ogre_vendor/lib:/opt/ros/humble/lib/x86_64-linux-gnu:/opt/ros/humble/lib:/usr/lib/x86_64-linux-gnu/gazebo-11/plugins PYTHONPATH=/home/bok/project_ws/build/turtlebot/prefix_override:/usr/lib/python3/dist-packages/colcon_core/task/python/colcon_distutils_commands:/home/bok/project_ws/install/turtlebot/lib/python3.10/site-packages:${PYTHONPATH} /usr/bin/python3 -W ignore:setup.py install is deprecated setup.py egg_info --egg-base ../../build/turtlebot build --build-base /home/bok/project_ws/build/turtlebot/build install --record /home/bok/project_ws/build/turtlebot/install.log --single-version-externally-managed install_data
