[0.280s] Invoking command in '/home/bok/ff_ws/build/type': CMAKE_PREFIX_PATH=${CMAKE_PREFIX_PATH}:/home/bok/ff_ws/install/project:/home/bok/multitb_ws/install/get_data:/home/bok/ws_urdf/install/urdf_tutorial:/home/bok/ws_urdf/install/car_tutorial:/home/bok/turtlebot3_ws/install/turtlebot3_teleop:/home/bok/turtlebot3_ws/install/turtlebot3_example:/home/bok/baby_ws/install/bossbaby:/opt/ros/humble /usr/bin/cmake --build /home/bok/ff_ws/build/type -- -j4 -l4
[0.351s] [  3%] Built target type__cpp
[0.356s] [ 12%] Built target type__rosidl_generator_c
[0.371s] [ 12%] Built target ament_cmake_python_copy_type
[0.404s] [ 22%] Built target type__rosidl_typesupport_introspection_cpp
[0.404s] [ 32%] Built target type__rosidl_typesupport_cpp
[0.413s] [ 41%] Built target type__rosidl_typesupport_fastrtps_cpp
[0.447s] [ 51%] Built target type__rosidl_typesupport_c
[0.454s] [ 61%] Built target type__rosidl_typesupport_fastrtps_c
[0.466s] [ 70%] Built target type__rosidl_typesupport_introspection_c
[0.517s] [ 70%] Built target type
[0.557s] [ 74%] Built target type__py
[0.594s] [ 80%] Built target type__rosidl_generator_py
[0.659s] [ 87%] Built target type__rosidl_typesupport_fastrtps_c__pyext
[0.669s] [ 93%] Built target type__rosidl_typesupport_introspection_c__pyext
[0.673s] [100%] Built target type__rosidl_typesupport_c__pyext
[0.921s] running egg_info
[0.969s] writing type.egg-info/PKG-INFO
[0.970s] writing dependency_links to type.egg-info/dependency_links.txt
[0.970s] writing top-level names to type.egg-info/top_level.txt
[1.103s] reading manifest file 'type.egg-info/SOURCES.txt'
[1.105s] writing manifest file 'type.egg-info/SOURCES.txt'
[1.156s] [100%] Built target ament_cmake_python_build_type_egg
[1.175s] Invoked command in '/home/bok/ff_ws/build/type' returned '0': CMAKE_PREFIX_PATH=${CMAKE_PREFIX_PATH}:/home/bok/ff_ws/install/project:/home/bok/multitb_ws/install/get_data:/home/bok/ws_urdf/install/urdf_tutorial:/home/bok/ws_urdf/install/car_tutorial:/home/bok/turtlebot3_ws/install/turtlebot3_teleop:/home/bok/turtlebot3_ws/install/turtlebot3_example:/home/bok/baby_ws/install/bossbaby:/opt/ros/humble /usr/bin/cmake --build /home/bok/ff_ws/build/type -- -j4 -l4
[1.296s] Invoking command in '/home/bok/ff_ws/build/type': CMAKE_PREFIX_PATH=${CMAKE_PREFIX_PATH}:/home/bok/ff_ws/install/project:/home/bok/multitb_ws/install/get_data:/home/bok/ws_urdf/install/urdf_tutorial:/home/bok/ws_urdf/install/car_tutorial:/home/bok/turtlebot3_ws/install/turtlebot3_teleop:/home/bok/turtlebot3_ws/install/turtlebot3_example:/home/bok/baby_ws/install/bossbaby:/opt/ros/humble /usr/bin/cmake --install /home/bok/ff_ws/build/type
[1.306s] -- Install configuration: ""
[1.307s] -- Up-to-date: /home/bok/ff_ws/install/type/share/ament_index/resource_index/rosidl_interfaces/type
[1.307s] -- Up-to-date: /home/bok/ff_ws/install/type/include/type/type
[1.307s] -- Up-to-date: /home/bok/ff_ws/install/type/include/type/type/srv
[1.307s] -- Up-to-date: /home/bok/ff_ws/install/type/include/type/type/srv/start_time.h
[1.308s] -- Up-to-date: /home/bok/ff_ws/install/type/include/type/type/srv/detail
[1.308s] -- Up-to-date: /home/bok/ff_ws/install/type/include/type/type/srv/detail/start_time__type_support.h
[1.308s] -- Up-to-date: /home/bok/ff_ws/install/type/include/type/type/srv/detail/start_time__functions.c
[1.308s] -- Up-to-date: /home/bok/ff_ws/install/type/include/type/type/srv/detail/start_time__functions.h
[1.309s] -- Up-to-date: /home/bok/ff_ws/install/type/include/type/type/srv/detail/start_time__struct.h
[1.309s] -- Up-to-date: /home/bok/ff_ws/install/type/include/type/type/msg
[1.309s] -- Up-to-date: /home/bok/ff_ws/install/type/include/type/type/msg/rosidl_generator_c__visibility_control.h
[1.309s] -- Up-to-date: /home/bok/ff_ws/install/type/share/type/environment/library_path.sh
[1.310s] -- Up-to-date: /home/bok/ff_ws/install/type/share/type/environment/library_path.dsv
[1.310s] -- Up-to-date: /home/bok/ff_ws/install/type/lib/libtype__rosidl_generator_c.so
[1.311s] -- Up-to-date: /home/bok/ff_ws/install/type/include/type/type
[1.311s] -- Up-to-date: /home/bok/ff_ws/install/type/include/type/type/srv
[1.311s] -- Up-to-date: /home/bok/ff_ws/install/type/include/type/type/srv/detail
[1.312s] -- Up-to-date: /home/bok/ff_ws/install/type/include/type/type/srv/detail/start_time__rosidl_typesupport_fastrtps_c.h
[1.312s] -- Up-to-date: /home/bok/ff_ws/install/type/include/type/type/msg
[1.312s] -- Up-to-date: /home/bok/ff_ws/install/type/include/type/type/msg/rosidl_typesupport_fastrtps_c__visibility_control.h
[1.312s] -- Up-to-date: /home/bok/ff_ws/install/type/lib/libtype__rosidl_typesupport_fastrtps_c.so
[1.313s] -- Up-to-date: /home/bok/ff_ws/install/type/include/type/type
[1.313s] -- Up-to-date: /home/bok/ff_ws/install/type/include/type/type/srv
[1.313s] -- Up-to-date: /home/bok/ff_ws/install/type/include/type/type/srv/start_time.hpp
[1.313s] -- Up-to-date: /home/bok/ff_ws/install/type/include/type/type/srv/detail
[1.314s] -- Up-to-date: /home/bok/ff_ws/install/type/include/type/type/srv/detail/start_time__struct.hpp
[1.314s] -- Up-to-date: /home/bok/ff_ws/install/type/include/type/type/srv/detail/start_time__traits.hpp
[1.314s] -- Up-to-date: /home/bok/ff_ws/install/type/include/type/type/srv/detail/start_time__builder.hpp
[1.315s] -- Up-to-date: /home/bok/ff_ws/install/type/include/type/type
[1.315s] -- Up-to-date: /home/bok/ff_ws/install/type/include/type/type/srv
[1.315s] -- Up-to-date: /home/bok/ff_ws/install/type/include/type/type/srv/detail
[1.315s] -- Up-to-date: /home/bok/ff_ws/install/type/include/type/type/srv/detail/start_time__rosidl_typesupport_fastrtps_cpp.hpp
[1.315s] -- Up-to-date: /home/bok/ff_ws/install/type/include/type/type/srv/detail/dds_fastrtps
[1.316s] -- Up-to-date: /home/bok/ff_ws/install/type/include/type/type/msg
[1.316s] -- Up-to-date: /home/bok/ff_ws/install/type/include/type/type/msg/rosidl_typesupport_fastrtps_cpp__visibility_control.h
[1.317s] -- Up-to-date: /home/bok/ff_ws/install/type/lib/libtype__rosidl_typesupport_fastrtps_cpp.so
[1.317s] -- Up-to-date: /home/bok/ff_ws/install/type/include/type/type
[1.317s] -- Up-to-date: /home/bok/ff_ws/install/type/include/type/type/srv
[1.317s] -- Up-to-date: /home/bok/ff_ws/install/type/include/type/type/srv/detail
[1.318s] -- Up-to-date: /home/bok/ff_ws/install/type/include/type/type/srv/detail/start_time__type_support.c
[1.318s] -- Up-to-date: /home/bok/ff_ws/install/type/include/type/type/srv/detail/start_time__rosidl_typesupport_introspection_c.h
[1.318s] -- Up-to-date: /home/bok/ff_ws/install/type/include/type/type/msg
[1.318s] -- Up-to-date: /home/bok/ff_ws/install/type/include/type/type/msg/rosidl_typesupport_introspection_c__visibility_control.h
[1.319s] -- Up-to-date: /home/bok/ff_ws/install/type/lib/libtype__rosidl_typesupport_introspection_c.so
[1.319s] -- Up-to-date: /home/bok/ff_ws/install/type/lib/libtype__rosidl_typesupport_c.so
[1.319s] -- Up-to-date: /home/bok/ff_ws/install/type/include/type/type
[1.319s] -- Up-to-date: /home/bok/ff_ws/install/type/include/type/type/srv
[1.320s] -- Up-to-date: /home/bok/ff_ws/install/type/include/type/type/srv/detail
[1.320s] -- Up-to-date: /home/bok/ff_ws/install/type/include/type/type/srv/detail/start_time__rosidl_typesupport_introspection_cpp.hpp
[1.321s] -- Up-to-date: /home/bok/ff_ws/install/type/include/type/type/srv/detail/start_time__type_support.cpp
[1.321s] -- Up-to-date: /home/bok/ff_ws/install/type/lib/libtype__rosidl_typesupport_introspection_cpp.so
[1.322s] -- Up-to-date: /home/bok/ff_ws/install/type/lib/libtype__rosidl_typesupport_cpp.so
[1.322s] -- Up-to-date: /home/bok/ff_ws/install/type/share/type/environment/pythonpath.sh
[1.323s] -- Up-to-date: /home/bok/ff_ws/install/type/share/type/environment/pythonpath.dsv
[1.323s] -- Up-to-date: /home/bok/ff_ws/install/type/local/lib/python3.10/dist-packages/type-0.0.0-py3.10.egg-info
[1.323s] -- Installing: /home/bok/ff_ws/install/type/local/lib/python3.10/dist-packages/type-0.0.0-py3.10.egg-info/dependency_links.txt
[1.324s] -- Installing: /home/bok/ff_ws/install/type/local/lib/python3.10/dist-packages/type-0.0.0-py3.10.egg-info/SOURCES.txt
[1.324s] -- Installing: /home/bok/ff_ws/install/type/local/lib/python3.10/dist-packages/type-0.0.0-py3.10.egg-info/PKG-INFO
[1.325s] -- Installing: /home/bok/ff_ws/install/type/local/lib/python3.10/dist-packages/type-0.0.0-py3.10.egg-info/top_level.txt
[1.325s] -- Up-to-date: /home/bok/ff_ws/install/type/local/lib/python3.10/dist-packages/type
[1.325s] -- Up-to-date: /home/bok/ff_ws/install/type/local/lib/python3.10/dist-packages/type/type_s__rosidl_typesupport_c.cpython-310-x86_64-linux-gnu.so
[1.326s] -- Up-to-date: /home/bok/ff_ws/install/type/local/lib/python3.10/dist-packages/type/libtype__rosidl_generator_py.so
[1.326s] -- Up-to-date: /home/bok/ff_ws/install/type/local/lib/python3.10/dist-packages/type/_type_s.ep.rosidl_typesupport_c.c
[1.326s] -- Up-to-date: /home/bok/ff_ws/install/type/local/lib/python3.10/dist-packages/type/srv
[1.326s] -- Up-to-date: /home/bok/ff_ws/install/type/local/lib/python3.10/dist-packages/type/srv/_start_time_s.c
[1.326s] -- Up-to-date: /home/bok/ff_ws/install/type/local/lib/python3.10/dist-packages/type/srv/_start_time.py
[1.327s] -- Up-to-date: /home/bok/ff_ws/install/type/local/lib/python3.10/dist-packages/type/srv/__init__.py
[1.327s] -- Up-to-date: /home/bok/ff_ws/install/type/local/lib/python3.10/dist-packages/type/type_s__rosidl_typesupport_introspection_c.cpython-310-x86_64-linux-gnu.so
[1.327s] -- Up-to-date: /home/bok/ff_ws/install/type/local/lib/python3.10/dist-packages/type/type_s__rosidl_typesupport_fastrtps_c.cpython-310-x86_64-linux-gnu.so
[1.327s] -- Up-to-date: /home/bok/ff_ws/install/type/local/lib/python3.10/dist-packages/type/_type_s.ep.rosidl_typesupport_introspection_c.c
[1.328s] -- Up-to-date: /home/bok/ff_ws/install/type/local/lib/python3.10/dist-packages/type/__init__.py
[1.328s] -- Up-to-date: /home/bok/ff_ws/install/type/local/lib/python3.10/dist-packages/type/_type_s.ep.rosidl_typesupport_fastrtps_c.c
[1.380s] Listing '/home/bok/ff_ws/install/type/local/lib/python3.10/dist-packages/type'...
[1.380s] Listing '/home/bok/ff_ws/install/type/local/lib/python3.10/dist-packages/type/srv'...
[1.388s] -- Up-to-date: /home/bok/ff_ws/install/type/local/lib/python3.10/dist-packages/type/type_s__rosidl_typesupport_fastrtps_c.cpython-310-x86_64-linux-gnu.so
[1.388s] -- Up-to-date: /home/bok/ff_ws/install/type/local/lib/python3.10/dist-packages/type/type_s__rosidl_typesupport_introspection_c.cpython-310-x86_64-linux-gnu.so
[1.388s] -- Up-to-date: /home/bok/ff_ws/install/type/local/lib/python3.10/dist-packages/type/type_s__rosidl_typesupport_c.cpython-310-x86_64-linux-gnu.so
[1.389s] -- Up-to-date: /home/bok/ff_ws/install/type/lib/libtype__rosidl_generator_py.so
[1.389s] -- Up-to-date: /home/bok/ff_ws/install/type/share/type/srv/StartTime.idl
[1.389s] -- Up-to-date: /home/bok/ff_ws/install/type/share/type/srv/StartTime.srv
[1.389s] -- Up-to-date: /home/bok/ff_ws/install/type/share/type/srv/StartTime_Request.msg
[1.389s] -- Up-to-date: /home/bok/ff_ws/install/type/share/type/srv/StartTime_Response.msg
[1.389s] -- Up-to-date: /home/bok/ff_ws/install/type/share/ament_index/resource_index/package_run_dependencies/type
[1.389s] -- Up-to-date: /home/bok/ff_ws/install/type/share/ament_index/resource_index/parent_prefix_path/type
[1.390s] -- Up-to-date: /home/bok/ff_ws/install/type/share/type/environment/ament_prefix_path.sh
[1.390s] -- Up-to-date: /home/bok/ff_ws/install/type/share/type/environment/ament_prefix_path.dsv
[1.390s] -- Up-to-date: /home/bok/ff_ws/install/type/share/type/environment/path.sh
[1.390s] -- Up-to-date: /home/bok/ff_ws/install/type/share/type/environment/path.dsv
[1.390s] -- Up-to-date: /home/bok/ff_ws/install/type/share/type/local_setup.bash
[1.390s] -- Up-to-date: /home/bok/ff_ws/install/type/share/type/local_setup.sh
[1.390s] -- Up-to-date: /home/bok/ff_ws/install/type/share/type/local_setup.zsh
[1.390s] -- Up-to-date: /home/bok/ff_ws/install/type/share/type/local_setup.dsv
[1.394s] -- Installing: /home/bok/ff_ws/install/type/share/type/package.dsv
[1.394s] -- Up-to-date: /home/bok/ff_ws/install/type/share/ament_index/resource_index/packages/type
[1.394s] -- Up-to-date: /home/bok/ff_ws/install/type/share/type/cmake/export_type__rosidl_generator_cExport.cmake
[1.395s] -- Up-to-date: /home/bok/ff_ws/install/type/share/type/cmake/export_type__rosidl_generator_cExport-noconfig.cmake
[1.395s] -- Up-to-date: /home/bok/ff_ws/install/type/share/type/cmake/export_type__rosidl_typesupport_fastrtps_cExport.cmake
[1.395s] -- Up-to-date: /home/bok/ff_ws/install/type/share/type/cmake/export_type__rosidl_typesupport_fastrtps_cExport-noconfig.cmake
[1.395s] -- Up-to-date: /home/bok/ff_ws/install/type/share/type/cmake/export_type__rosidl_generator_cppExport.cmake
[1.395s] -- Up-to-date: /home/bok/ff_ws/install/type/share/type/cmake/export_type__rosidl_typesupport_fastrtps_cppExport.cmake
[1.395s] -- Up-to-date: /home/bok/ff_ws/install/type/share/type/cmake/export_type__rosidl_typesupport_fastrtps_cppExport-noconfig.cmake
[1.395s] -- Up-to-date: /home/bok/ff_ws/install/type/share/type/cmake/type__rosidl_typesupport_introspection_cExport.cmake
[1.395s] -- Up-to-date: /home/bok/ff_ws/install/type/share/type/cmake/type__rosidl_typesupport_introspection_cExport-noconfig.cmake
[1.395s] -- Up-to-date: /home/bok/ff_ws/install/type/share/type/cmake/type__rosidl_typesupport_cExport.cmake
[1.396s] -- Up-to-date: /home/bok/ff_ws/install/type/share/type/cmake/type__rosidl_typesupport_cExport-noconfig.cmake
[1.396s] -- Up-to-date: /home/bok/ff_ws/install/type/share/type/cmake/type__rosidl_typesupport_introspection_cppExport.cmake
[1.396s] -- Up-to-date: /home/bok/ff_ws/install/type/share/type/cmake/type__rosidl_typesupport_introspection_cppExport-noconfig.cmake
[1.396s] -- Up-to-date: /home/bok/ff_ws/install/type/share/type/cmake/type__rosidl_typesupport_cppExport.cmake
[1.396s] -- Up-to-date: /home/bok/ff_ws/install/type/share/type/cmake/type__rosidl_typesupport_cppExport-noconfig.cmake
[1.396s] -- Up-to-date: /home/bok/ff_ws/install/type/share/type/cmake/export_type__rosidl_generator_pyExport.cmake
[1.396s] -- Up-to-date: /home/bok/ff_ws/install/type/share/type/cmake/export_type__rosidl_generator_pyExport-noconfig.cmake
[1.396s] -- Up-to-date: /home/bok/ff_ws/install/type/share/type/cmake/rosidl_cmake-extras.cmake
[1.396s] -- Up-to-date: /home/bok/ff_ws/install/type/share/type/cmake/ament_cmake_export_dependencies-extras.cmake
[1.396s] -- Up-to-date: /home/bok/ff_ws/install/type/share/type/cmake/ament_cmake_export_include_directories-extras.cmake
[1.396s] -- Up-to-date: /home/bok/ff_ws/install/type/share/type/cmake/ament_cmake_export_libraries-extras.cmake
[1.397s] -- Up-to-date: /home/bok/ff_ws/install/type/share/type/cmake/ament_cmake_export_targets-extras.cmake
[1.397s] -- Up-to-date: /home/bok/ff_ws/install/type/share/type/cmake/rosidl_cmake_export_typesupport_targets-extras.cmake
[1.400s] -- Up-to-date: /home/bok/ff_ws/install/type/share/type/cmake/rosidl_cmake_export_typesupport_libraries-extras.cmake
[1.400s] -- Up-to-date: /home/bok/ff_ws/install/type/share/type/cmake/typeConfig.cmake
[1.400s] -- Up-to-date: /home/bok/ff_ws/install/type/share/type/cmake/typeConfig-version.cmake
[1.400s] -- Up-to-date: /home/bok/ff_ws/install/type/share/type/package.xml
[1.401s] Invoked command in '/home/bok/ff_ws/build/type' returned '0': CMAKE_PREFIX_PATH=${CMAKE_PREFIX_PATH}:/home/bok/ff_ws/install/project:/home/bok/multitb_ws/install/get_data:/home/bok/ws_urdf/install/urdf_tutorial:/home/bok/ws_urdf/install/car_tutorial:/home/bok/turtlebot3_ws/install/turtlebot3_teleop:/home/bok/turtlebot3_ws/install/turtlebot3_example:/home/bok/baby_ws/install/bossbaby:/opt/ros/humble /usr/bin/cmake --install /home/bok/ff_ws/build/type
