[0.914s] Invoking command in '/home/bok/project_ws/src/turtlebot': PYTHONPATH=/home/bok/project_ws/build/turtlebot/prefix_override:/usr/lib/python3/dist-packages/colcon_core/task/python/colcon_distutils_commands:/home/bok/project_ws/install/turtlebot/lib/python3.10/site-packages:${PYTHONPATH} /usr/bin/python3 -W ignore:setup.py install is deprecated setup.py egg_info --egg-base ../../build/turtlebot build --build-base /home/bok/project_ws/build/turtlebot/build install --record /home/bok/project_ws/build/turtlebot/install.log --single-version-externally-managed install_data
[1.273s] running egg_info
[1.277s] writing ../../build/turtlebot/turtlebot.egg-info/PKG-INFO
[1.277s] writing dependency_links to ../../build/turtlebot/turtlebot.egg-info/dependency_links.txt
[1.277s] writing entry points to ../../build/turtlebot/turtlebot.egg-info/entry_points.txt
[1.277s] writing requirements to ../../build/turtlebot/turtlebot.egg-info/requires.txt
[1.277s] writing top-level names to ../../build/turtlebot/turtlebot.egg-info/top_level.txt
[1.280s] reading manifest file '../../build/turtlebot/turtlebot.egg-info/SOURCES.txt'
[1.280s] writing manifest file '../../build/turtlebot/turtlebot.egg-info/SOURCES.txt'
[1.280s] running build
[1.280s] running build_py
[1.281s] running install
[1.281s] running install_lib
[1.282s] running install_data
[1.283s] running install_egg_info
[1.286s] removing '/home/bok/project_ws/install/turtlebot/lib/python3.10/site-packages/turtlebot-0.0.0-py3.10.egg-info' (and everything under it)
[1.286s] Copying ../../build/turtlebot/turtlebot.egg-info to /home/bok/project_ws/install/turtlebot/lib/python3.10/site-packages/turtlebot-0.0.0-py3.10.egg-info
[1.288s] running install_scripts
[1.323s] Installing menu_gui script to /home/bok/project_ws/install/turtlebot/lib/turtlebot
[1.323s] Installing menu_sub script to /home/bok/project_ws/install/turtlebot/lib/turtlebot
[1.323s] Installing pub_topic script to /home/bok/project_ws/install/turtlebot/lib/turtlebot
[1.324s] Installing send_goal script to /home/bok/project_ws/install/turtlebot/lib/turtlebot
[1.324s] Installing sub_topic script to /home/bok/project_ws/install/turtlebot/lib/turtlebot
[1.324s] Installing turtle3_gui script to /home/bok/project_ws/install/turtlebot/lib/turtlebot
[1.324s] Installing turtle3_gui2 script to /home/bok/project_ws/install/turtlebot/lib/turtlebot
[1.324s] writing list of installed files to '/home/bok/project_ws/build/turtlebot/install.log'
[1.371s] Invoked command in '/home/bok/project_ws/src/turtlebot' returned '0': PYTHONPATH=/home/bok/project_ws/build/turtlebot/prefix_override:/usr/lib/python3/dist-packages/colcon_core/task/python/colcon_distutils_commands:/home/bok/project_ws/install/turtlebot/lib/python3.10/site-packages:${PYTHONPATH} /usr/bin/python3 -W ignore:setup.py install is deprecated setup.py egg_info --egg-base ../../build/turtlebot build --build-base /home/bok/project_ws/build/turtlebot/build install --record /home/bok/project_ws/build/turtlebot/install.log --single-version-externally-managed install_data
