[1.382s] Invoking command in '/home/bok/ff_ws/src/project': PYTHONPATH=/home/bok/ff_ws/build/project/prefix_override:/usr/lib/python3/dist-packages/colcon_core/task/python/colcon_distutils_commands:/home/bok/ff_ws/install/project/lib/python3.10/site-packages:${PYTHONPATH} /usr/bin/python3 -W ignore:setup.py install is deprecated setup.py egg_info --egg-base ../../build/project build --build-base /home/bok/ff_ws/build/project/build install --record /home/bok/ff_ws/build/project/install.log --single-version-externally-managed install_data
[1.583s] /home/bok/.local/lib/python3.10/site-packages/setuptools/_distutils/dist.py:261: UserWarning: Unknown distribution option: 'tests_require'
[1.583s]   warnings.warn(msg)
[1.748s] running egg_info
[1.772s] writing ../../build/project/project.egg-info/PKG-INFO
[1.773s] writing dependency_links to ../../build/project/project.egg-info/dependency_links.txt
[1.773s] writing entry points to ../../build/project/project.egg-info/entry_points.txt
[1.774s] writing requirements to ../../build/project/project.egg-info/requires.txt
[1.774s] writing top-level names to ../../build/project/project.egg-info/top_level.txt
[1.827s] reading manifest file '../../build/project/project.egg-info/SOURCES.txt'
[1.829s] writing manifest file '../../build/project/project.egg-info/SOURCES.txt'
[1.829s] running build
[1.829s] running build_py
[1.830s] copying project/fix_rotation.py -> /home/bok/ff_ws/build/project/build/lib/project
[1.830s] copying project/temp.py -> /home/bok/ff_ws/build/project/build/lib/project
[1.830s] copying project/control_tower_server.py -> /home/bok/ff_ws/build/project/build/lib/project
[1.831s] copying project/subscription.py -> /home/bok/ff_ws/build/project/build/lib/project
[1.831s] copying project/manipulator.py -> /home/bok/ff_ws/build/project/build/lib/project
[1.831s] copying project/control_tower.py -> /home/bok/ff_ws/build/project/build/lib/project
[1.832s] copying project/camera.py -> /home/bok/ff_ws/build/project/build/lib/project
[1.832s] copying project/inverse_test.py -> /home/bok/ff_ws/build/project/build/lib/project
[1.832s] copying project/nnnn.py -> /home/bok/ff_ws/build/project/build/lib/project
[1.832s] copying project/__init__.py -> /home/bok/ff_ws/build/project/build/lib/project
[1.833s] running install
[1.842s] running install_lib
[1.867s] copying /home/bok/ff_ws/build/project/build/lib/project/fix_rotation.py -> /home/bok/ff_ws/install/project/lib/python3.10/site-packages/project
[1.867s] copying /home/bok/ff_ws/build/project/build/lib/project/control_tower_server.py -> /home/bok/ff_ws/install/project/lib/python3.10/site-packages/project
[1.868s] copying /home/bok/ff_ws/build/project/build/lib/project/subscription.py -> /home/bok/ff_ws/install/project/lib/python3.10/site-packages/project
[1.868s] copying /home/bok/ff_ws/build/project/build/lib/project/inverse_test.py -> /home/bok/ff_ws/install/project/lib/python3.10/site-packages/project
[1.869s] byte-compiling /home/bok/ff_ws/install/project/lib/python3.10/site-packages/project/fix_rotation.py to fix_rotation.cpython-310.pyc
[1.871s] byte-compiling /home/bok/ff_ws/install/project/lib/python3.10/site-packages/project/control_tower_server.py to control_tower_server.cpython-310.pyc
[1.873s] byte-compiling /home/bok/ff_ws/install/project/lib/python3.10/site-packages/project/subscription.py to subscription.cpython-310.pyc
[1.876s] byte-compiling /home/bok/ff_ws/install/project/lib/python3.10/site-packages/project/inverse_test.py to inverse_test.cpython-310.pyc
[1.877s] running install_data
[1.877s] copying resource/project -> /home/bok/ff_ws/install/project/share/ament_index/resource_index/packages
[1.878s] copying package.xml -> /home/bok/ff_ws/install/project/share/project
[1.878s] copying launch/project.launch.py -> /home/bok/ff_ws/install/project/share/project/launch
[1.878s] running install_egg_info
[1.904s] removing '/home/bok/ff_ws/install/project/lib/python3.10/site-packages/project-0.0.0-py3.10.egg-info' (and everything under it)
[1.905s] Copying ../../build/project/project.egg-info to /home/bok/ff_ws/install/project/lib/python3.10/site-packages/project-0.0.0-py3.10.egg-info
[1.906s] running install_scripts
[2.125s] Installing camera script to /home/bok/ff_ws/install/project/lib/project
[2.126s] Installing control_tower script to /home/bok/ff_ws/install/project/lib/project
[2.126s] Installing fix_rotation script to /home/bok/ff_ws/install/project/lib/project
[2.126s] Installing mani_control script to /home/bok/ff_ws/install/project/lib/project
[2.126s] Installing server script to /home/bok/ff_ws/install/project/lib/project
[2.127s] writing list of installed files to '/home/bok/ff_ws/build/project/install.log'
[2.177s] Invoked command in '/home/bok/ff_ws/src/project' returned '0': PYTHONPATH=/home/bok/ff_ws/build/project/prefix_override:/usr/lib/python3/dist-packages/colcon_core/task/python/colcon_distutils_commands:/home/bok/ff_ws/install/project/lib/python3.10/site-packages:${PYTHONPATH} /usr/bin/python3 -W ignore:setup.py install is deprecated setup.py egg_info --egg-base ../../build/project build --build-base /home/bok/ff_ws/build/project/build install --record /home/bok/ff_ws/build/project/install.log --single-version-externally-managed install_data
