-- Found ament_cmake: 1.3.10 (/opt/ros/humble/share/ament_cmake/cmake)
-- Found builtin_interfaces: 1.2.1 (/opt/ros/humble/share/builtin_interfaces/cmake)
-- Found rosidl_generator_c: 3.1.5 (/opt/ros/humble/share/rosidl_generator_c/cmake)
-- Found rosidl_adapter: 3.1.5 (/opt/ros/humble/share/rosidl_adapter/cmake)
-- Found rosidl_generator_cpp: 3.1.5 (/opt/ros/humble/share/rosidl_generator_cpp/cmake)
-- Using all available rosidl_typesupport_c: rosidl_typesupport_fastrtps_c;rosidl_typesupport_introspection_c
-- Using all available rosidl_typesupport_cpp: rosidl_typesupport_fastrtps_cpp;rosidl_typesupport_introspection_cpp
-- Found rosidl_default_generators: 1.2.0 (/opt/ros/humble/share/rosidl_default_generators/cmake)
-- Found ament_cmake_ros: 0.10.0 (/opt/ros/humble/share/ament_cmake_ros/cmake)
-- Using all available rosidl_typesupport_c: rosidl_typesupport_fastrtps_c;rosidl_typesupport_introspection_c
-- Using all available rosidl_typesupport_cpp: rosidl_typesupport_fastrtps_cpp;rosidl_typesupport_introspection_cpp
-- Found python_cmake_module: 0.10.0 (/opt/ros/humble/share/python_cmake_module/cmake)
-- Using PYTHON_EXECUTABLE: /usr/bin/python3
-- Using PYTHON_INCLUDE_DIRS: /usr/include/python3.10
-- Using PYTHON_LIBRARIES: /usr/lib/x86_64-linux-gnu/libpython3.10.so
-- Found ament_lint_auto: 0.12.11 (/opt/ros/humble/share/ament_lint_auto/cmake)
-- Added test 'lint_cmake' to check CMake code style
-- Added test 'xmllint' to check XML markup files
-- Configuring done
-- Generating done
-- Build files have been written to: /home/bok/ff_ws/build/type
[35m[1mConsolidate compiler generated dependencies of target type__rosidl_generator_c[0m
[  3%] Built target type__cpp
[ 12%] Built target type__rosidl_generator_c
[ 12%] Built target ament_cmake_python_copy_type
[35m[1mConsolidate compiler generated dependencies of target type__rosidl_typesupport_introspection_cpp[0m
[35m[1mConsolidate compiler generated dependencies of target type__rosidl_typesupport_fastrtps_cpp[0m
[35m[1mConsolidate compiler generated dependencies of target type__rosidl_typesupport_cpp[0m
[35m[1mConsolidate compiler generated dependencies of target type__rosidl_typesupport_fastrtps_c[0m
[ 22%] Built target type__rosidl_typesupport_introspection_cpp
[ 32%] Built target type__rosidl_typesupport_fastrtps_cpp
[ 41%] Built target type__rosidl_typesupport_fastrtps_c
[ 51%] Built target type__rosidl_typesupport_cpp
[35m[1mConsolidate compiler generated dependencies of target type__rosidl_typesupport_introspection_c[0m
[35m[1mConsolidate compiler generated dependencies of target type__rosidl_typesupport_c[0m
[ 61%] Built target type__rosidl_typesupport_introspection_c
[ 70%] Built target type__rosidl_typesupport_c
[ 70%] Built target type
[ 74%] Built target type__py
[35m[1mConsolidate compiler generated dependencies of target type__rosidl_generator_py[0m
[ 80%] Built target type__rosidl_generator_py
[35m[1mConsolidate compiler generated dependencies of target type__rosidl_typesupport_introspection_c__pyext[0m
[35m[1mConsolidate compiler generated dependencies of target type__rosidl_typesupport_c__pyext[0m
[35m[1mConsolidate compiler generated dependencies of target type__rosidl_typesupport_fastrtps_c__pyext[0m
[ 87%] Built target type__rosidl_typesupport_c__pyext
[ 93%] Built target type__rosidl_typesupport_fastrtps_c__pyext
[100%] Built target type__rosidl_typesupport_introspection_c__pyext
running egg_info
writing type.egg-info/PKG-INFO
writing dependency_links to type.egg-info/dependency_links.txt
writing top-level names to type.egg-info/top_level.txt
reading manifest file 'type.egg-info/SOURCES.txt'
writing manifest file 'type.egg-info/SOURCES.txt'
[100%] Built target ament_cmake_python_build_type_egg
-- Install configuration: ""
-- Up-to-date: /home/bok/ff_ws/install/type/share/ament_index/resource_index/rosidl_interfaces/type
-- Up-to-date: /home/bok/ff_ws/install/type/include/type/type
-- Up-to-date: /home/bok/ff_ws/install/type/include/type/type/srv
-- Up-to-date: /home/bok/ff_ws/install/type/include/type/type/srv/start_time.h
-- Up-to-date: /home/bok/ff_ws/install/type/include/type/type/srv/detail
-- Up-to-date: /home/bok/ff_ws/install/type/include/type/type/srv/detail/start_time__type_support.h
-- Up-to-date: /home/bok/ff_ws/install/type/include/type/type/srv/detail/start_time__functions.c
-- Up-to-date: /home/bok/ff_ws/install/type/include/type/type/srv/detail/start_time__functions.h
-- Up-to-date: /home/bok/ff_ws/install/type/include/type/type/srv/detail/start_time__struct.h
-- Up-to-date: /home/bok/ff_ws/install/type/include/type/type/msg
-- Up-to-date: /home/bok/ff_ws/install/type/include/type/type/msg/rosidl_generator_c__visibility_control.h
-- Up-to-date: /home/bok/ff_ws/install/type/share/type/environment/library_path.sh
-- Installing: /home/bok/ff_ws/install/type/share/type/environment/library_path.dsv
-- Up-to-date: /home/bok/ff_ws/install/type/lib/libtype__rosidl_generator_c.so
-- Up-to-date: /home/bok/ff_ws/install/type/include/type/type
-- Up-to-date: /home/bok/ff_ws/install/type/include/type/type/srv
-- Up-to-date: /home/bok/ff_ws/install/type/include/type/type/srv/detail
-- Up-to-date: /home/bok/ff_ws/install/type/include/type/type/srv/detail/start_time__rosidl_typesupport_fastrtps_c.h
-- Up-to-date: /home/bok/ff_ws/install/type/include/type/type/msg
-- Up-to-date: /home/bok/ff_ws/install/type/include/type/type/msg/rosidl_typesupport_fastrtps_c__visibility_control.h
-- Up-to-date: /home/bok/ff_ws/install/type/lib/libtype__rosidl_typesupport_fastrtps_c.so
-- Up-to-date: /home/bok/ff_ws/install/type/include/type/type
-- Up-to-date: /home/bok/ff_ws/install/type/include/type/type/srv
-- Up-to-date: /home/bok/ff_ws/install/type/include/type/type/srv/start_time.hpp
-- Up-to-date: /home/bok/ff_ws/install/type/include/type/type/srv/detail
-- Up-to-date: /home/bok/ff_ws/install/type/include/type/type/srv/detail/start_time__struct.hpp
-- Up-to-date: /home/bok/ff_ws/install/type/include/type/type/srv/detail/start_time__traits.hpp
-- Up-to-date: /home/bok/ff_ws/install/type/include/type/type/srv/detail/start_time__builder.hpp
-- Up-to-date: /home/bok/ff_ws/install/type/include/type/type
-- Up-to-date: /home/bok/ff_ws/install/type/include/type/type/srv
-- Up-to-date: /home/bok/ff_ws/install/type/include/type/type/srv/detail
-- Up-to-date: /home/bok/ff_ws/install/type/include/type/type/srv/detail/start_time__rosidl_typesupport_fastrtps_cpp.hpp
-- Up-to-date: /home/bok/ff_ws/install/type/include/type/type/srv/detail/dds_fastrtps
-- Up-to-date: /home/bok/ff_ws/install/type/include/type/type/msg
-- Up-to-date: /home/bok/ff_ws/install/type/include/type/type/msg/rosidl_typesupport_fastrtps_cpp__visibility_control.h
-- Up-to-date: /home/bok/ff_ws/install/type/lib/libtype__rosidl_typesupport_fastrtps_cpp.so
-- Up-to-date: /home/bok/ff_ws/install/type/include/type/type
-- Up-to-date: /home/bok/ff_ws/install/type/include/type/type/srv
-- Up-to-date: /home/bok/ff_ws/install/type/include/type/type/srv/detail
-- Up-to-date: /home/bok/ff_ws/install/type/include/type/type/srv/detail/start_time__type_support.c
-- Up-to-date: /home/bok/ff_ws/install/type/include/type/type/srv/detail/start_time__rosidl_typesupport_introspection_c.h
-- Up-to-date: /home/bok/ff_ws/install/type/include/type/type/msg
-- Up-to-date: /home/bok/ff_ws/install/type/include/type/type/msg/rosidl_typesupport_introspection_c__visibility_control.h
-- Up-to-date: /home/bok/ff_ws/install/type/lib/libtype__rosidl_typesupport_introspection_c.so
-- Up-to-date: /home/bok/ff_ws/install/type/lib/libtype__rosidl_typesupport_c.so
-- Up-to-date: /home/bok/ff_ws/install/type/include/type/type
-- Up-to-date: /home/bok/ff_ws/install/type/include/type/type/srv
-- Up-to-date: /home/bok/ff_ws/install/type/include/type/type/srv/detail
-- Up-to-date: /home/bok/ff_ws/install/type/include/type/type/srv/detail/start_time__rosidl_typesupport_introspection_cpp.hpp
-- Up-to-date: /home/bok/ff_ws/install/type/include/type/type/srv/detail/start_time__type_support.cpp
-- Up-to-date: /home/bok/ff_ws/install/type/lib/libtype__rosidl_typesupport_introspection_cpp.so
-- Up-to-date: /home/bok/ff_ws/install/type/lib/libtype__rosidl_typesupport_cpp.so
-- Up-to-date: /home/bok/ff_ws/install/type/share/type/environment/pythonpath.sh
-- Installing: /home/bok/ff_ws/install/type/share/type/environment/pythonpath.dsv
-- Up-to-date: /home/bok/ff_ws/install/type/local/lib/python3.10/dist-packages/type-0.0.0-py3.10.egg-info
-- Installing: /home/bok/ff_ws/install/type/local/lib/python3.10/dist-packages/type-0.0.0-py3.10.egg-info/dependency_links.txt
-- Installing: /home/bok/ff_ws/install/type/local/lib/python3.10/dist-packages/type-0.0.0-py3.10.egg-info/SOURCES.txt
-- Installing: /home/bok/ff_ws/install/type/local/lib/python3.10/dist-packages/type-0.0.0-py3.10.egg-info/PKG-INFO
-- Installing: /home/bok/ff_ws/install/type/local/lib/python3.10/dist-packages/type-0.0.0-py3.10.egg-info/top_level.txt
-- Up-to-date: /home/bok/ff_ws/install/type/local/lib/python3.10/dist-packages/type
-- Up-to-date: /home/bok/ff_ws/install/type/local/lib/python3.10/dist-packages/type/type_s__rosidl_typesupport_c.cpython-310-x86_64-linux-gnu.so
-- Up-to-date: /home/bok/ff_ws/install/type/local/lib/python3.10/dist-packages/type/libtype__rosidl_generator_py.so
-- Up-to-date: /home/bok/ff_ws/install/type/local/lib/python3.10/dist-packages/type/_type_s.ep.rosidl_typesupport_c.c
-- Up-to-date: /home/bok/ff_ws/install/type/local/lib/python3.10/dist-packages/type/srv
-- Up-to-date: /home/bok/ff_ws/install/type/local/lib/python3.10/dist-packages/type/srv/_start_time_s.c
-- Up-to-date: /home/bok/ff_ws/install/type/local/lib/python3.10/dist-packages/type/srv/_start_time.py
-- Up-to-date: /home/bok/ff_ws/install/type/local/lib/python3.10/dist-packages/type/srv/__init__.py
-- Up-to-date: /home/bok/ff_ws/install/type/local/lib/python3.10/dist-packages/type/type_s__rosidl_typesupport_introspection_c.cpython-310-x86_64-linux-gnu.so
-- Up-to-date: /home/bok/ff_ws/install/type/local/lib/python3.10/dist-packages/type/type_s__rosidl_typesupport_fastrtps_c.cpython-310-x86_64-linux-gnu.so
-- Up-to-date: /home/bok/ff_ws/install/type/local/lib/python3.10/dist-packages/type/_type_s.ep.rosidl_typesupport_introspection_c.c
-- Installing: /home/bok/ff_ws/install/type/local/lib/python3.10/dist-packages/type/__init__.py
-- Up-to-date: /home/bok/ff_ws/install/type/local/lib/python3.10/dist-packages/type/_type_s.ep.rosidl_typesupport_fastrtps_c.c
Listing '/home/bok/ff_ws/install/type/local/lib/python3.10/dist-packages/type'...
Compiling '/home/bok/ff_ws/install/type/local/lib/python3.10/dist-packages/type/__init__.py'...
Listing '/home/bok/ff_ws/install/type/local/lib/python3.10/dist-packages/type/srv'...
-- Up-to-date: /home/bok/ff_ws/install/type/local/lib/python3.10/dist-packages/type/type_s__rosidl_typesupport_fastrtps_c.cpython-310-x86_64-linux-gnu.so
-- Up-to-date: /home/bok/ff_ws/install/type/local/lib/python3.10/dist-packages/type/type_s__rosidl_typesupport_introspection_c.cpython-310-x86_64-linux-gnu.so
-- Up-to-date: /home/bok/ff_ws/install/type/local/lib/python3.10/dist-packages/type/type_s__rosidl_typesupport_c.cpython-310-x86_64-linux-gnu.so
-- Up-to-date: /home/bok/ff_ws/install/type/lib/libtype__rosidl_generator_py.so
-- Up-to-date: /home/bok/ff_ws/install/type/share/type/srv/StartTime.idl
-- Up-to-date: /home/bok/ff_ws/install/type/share/type/srv/StartTime.srv
-- Up-to-date: /home/bok/ff_ws/install/type/share/type/srv/StartTime_Request.msg
-- Up-to-date: /home/bok/ff_ws/install/type/share/type/srv/StartTime_Response.msg
