[0.877s] Invoking command in '/home/bok/project_ws/src/turtlebot': LD_LIBRARY_PATH=/home/bok/project_ws/install/order_msgs/lib:/home/bok/turtlebot3_ws/install/turtlebot3_msgs/lib:/home/bok/ros2_ws/install/ros_study_msgs/lib:/home/bok/ros2_ws/src/install/ros_study_msgs/lib:/usr/lib/x86_64-linux-gnu/gazebo-11/plugins:/opt/ros/humble/opt/rviz_ogre_vendor/lib:/opt/ros/humble/lib/x86_64-linux-gnu:/opt/ros/humble/lib:/usr/lib/x86_64-linux-gnu/gazebo-11/plugins PYTHONPATH=/home/bok/project_ws/build/turtlebot/prefix_override:/usr/lib/python3/dist-packages/colcon_core/task/python/colcon_distutils_commands:/home/bok/project_ws/install/turtlebot/lib/python3.10/site-packages:${PYTHONPATH} /usr/bin/python3 -W ignore:setup.py install is deprecated setup.py egg_info --egg-base ../../build/turtlebot build --build-base /home/bok/project_ws/build/turtlebot/build install --record /home/bok/project_ws/build/turtlebot/install.log --single-version-externally-managed install_data
[1.218s] running egg_info
[1.219s] writing ../../build/turtlebot/turtlebot.egg-info/PKG-INFO
[1.219s] writing dependency_links to ../../build/turtlebot/turtlebot.egg-info/dependency_links.txt
[1.219s] writing entry points to ../../build/turtlebot/turtlebot.egg-info/entry_points.txt
[1.220s] writing requirements to ../../build/turtlebot/turtlebot.egg-info/requires.txt
[1.220s] writing top-level names to ../../build/turtlebot/turtlebot.egg-info/top_level.txt
[1.222s] reading manifest file '../../build/turtlebot/turtlebot.egg-info/SOURCES.txt'
[1.223s] writing manifest file '../../build/turtlebot/turtlebot.egg-info/SOURCES.txt'
[1.223s] running build
[1.223s] running build_py
[1.223s] copying turtlebot/menu8_gui.py -> /home/bok/project_ws/build/turtlebot/build/lib/turtlebot
[1.224s] copying turtlebot/order_list.py -> /home/bok/project_ws/build/turtlebot/build/lib/turtlebot
[1.224s] copying turtlebot/menu1_gui.py -> /home/bok/project_ws/build/turtlebot/build/lib/turtlebot
[1.224s] copying turtlebot/menu7_gui.py -> /home/bok/project_ws/build/turtlebot/build/lib/turtlebot
[1.224s] copying turtlebot/menu2_gui.py -> /home/bok/project_ws/build/turtlebot/build/lib/turtlebot
[1.225s] copying turtlebot/menu4_gui.py -> /home/bok/project_ws/build/turtlebot/build/lib/turtlebot
[1.225s] copying turtlebot/menu6_gui.py -> /home/bok/project_ws/build/turtlebot/build/lib/turtlebot
[1.225s] copying turtlebot/menu3_gui.py -> /home/bok/project_ws/build/turtlebot/build/lib/turtlebot
[1.225s] copying turtlebot/menu9_gui.py -> /home/bok/project_ws/build/turtlebot/build/lib/turtlebot
[1.225s] copying turtlebot/menu5_gui.py -> /home/bok/project_ws/build/turtlebot/build/lib/turtlebot
[1.226s] running install
[1.226s] running install_lib
[1.227s] copying /home/bok/project_ws/build/turtlebot/build/lib/turtlebot/menu8_gui.py -> /home/bok/project_ws/install/turtlebot/lib/python3.10/site-packages/turtlebot
[1.227s] copying /home/bok/project_ws/build/turtlebot/build/lib/turtlebot/order_list.py -> /home/bok/project_ws/install/turtlebot/lib/python3.10/site-packages/turtlebot
[1.228s] copying /home/bok/project_ws/build/turtlebot/build/lib/turtlebot/menu1_gui.py -> /home/bok/project_ws/install/turtlebot/lib/python3.10/site-packages/turtlebot
[1.228s] copying /home/bok/project_ws/build/turtlebot/build/lib/turtlebot/menu7_gui.py -> /home/bok/project_ws/install/turtlebot/lib/python3.10/site-packages/turtlebot
[1.228s] copying /home/bok/project_ws/build/turtlebot/build/lib/turtlebot/menu2_gui.py -> /home/bok/project_ws/install/turtlebot/lib/python3.10/site-packages/turtlebot
[1.228s] copying /home/bok/project_ws/build/turtlebot/build/lib/turtlebot/menu4_gui.py -> /home/bok/project_ws/install/turtlebot/lib/python3.10/site-packages/turtlebot
[1.228s] copying /home/bok/project_ws/build/turtlebot/build/lib/turtlebot/menu6_gui.py -> /home/bok/project_ws/install/turtlebot/lib/python3.10/site-packages/turtlebot
[1.229s] copying /home/bok/project_ws/build/turtlebot/build/lib/turtlebot/menu3_gui.py -> /home/bok/project_ws/install/turtlebot/lib/python3.10/site-packages/turtlebot
[1.229s] copying /home/bok/project_ws/build/turtlebot/build/lib/turtlebot/menu9_gui.py -> /home/bok/project_ws/install/turtlebot/lib/python3.10/site-packages/turtlebot
[1.229s] copying /home/bok/project_ws/build/turtlebot/build/lib/turtlebot/menu5_gui.py -> /home/bok/project_ws/install/turtlebot/lib/python3.10/site-packages/turtlebot
[1.230s] byte-compiling /home/bok/project_ws/install/turtlebot/lib/python3.10/site-packages/turtlebot/menu8_gui.py to menu8_gui.cpython-310.pyc
[1.232s] byte-compiling /home/bok/project_ws/install/turtlebot/lib/python3.10/site-packages/turtlebot/order_list.py to order_list.cpython-310.pyc
[1.235s] byte-compiling /home/bok/project_ws/install/turtlebot/lib/python3.10/site-packages/turtlebot/menu1_gui.py to menu1_gui.cpython-310.pyc
[1.236s] byte-compiling /home/bok/project_ws/install/turtlebot/lib/python3.10/site-packages/turtlebot/menu7_gui.py to menu7_gui.cpython-310.pyc
[1.237s] byte-compiling /home/bok/project_ws/install/turtlebot/lib/python3.10/site-packages/turtlebot/menu2_gui.py to menu2_gui.cpython-310.pyc
[1.239s] byte-compiling /home/bok/project_ws/install/turtlebot/lib/python3.10/site-packages/turtlebot/menu4_gui.py to menu4_gui.cpython-310.pyc
[1.240s] byte-compiling /home/bok/project_ws/install/turtlebot/lib/python3.10/site-packages/turtlebot/menu6_gui.py to menu6_gui.cpython-310.pyc
[1.242s] byte-compiling /home/bok/project_ws/install/turtlebot/lib/python3.10/site-packages/turtlebot/menu3_gui.py to menu3_gui.cpython-310.pyc
[1.243s] byte-compiling /home/bok/project_ws/install/turtlebot/lib/python3.10/site-packages/turtlebot/menu9_gui.py to menu9_gui.cpython-310.pyc
[1.245s] byte-compiling /home/bok/project_ws/install/turtlebot/lib/python3.10/site-packages/turtlebot/menu5_gui.py to menu5_gui.cpython-310.pyc
[1.246s] running install_data
[1.246s] running install_egg_info
[1.249s] removing '/home/bok/project_ws/install/turtlebot/lib/python3.10/site-packages/turtlebot-0.0.0-py3.10.egg-info' (and everything under it)
[1.249s] Copying ../../build/turtlebot/turtlebot.egg-info to /home/bok/project_ws/install/turtlebot/lib/python3.10/site-packages/turtlebot-0.0.0-py3.10.egg-info
[1.250s] running install_scripts
[1.272s] Installing menu1_gui script to /home/bok/project_ws/install/turtlebot/lib/turtlebot
[1.272s] Installing menu2_gui script to /home/bok/project_ws/install/turtlebot/lib/turtlebot
[1.272s] Installing menu3_gui script to /home/bok/project_ws/install/turtlebot/lib/turtlebot
[1.272s] Installing menu4_gui script to /home/bok/project_ws/install/turtlebot/lib/turtlebot
[1.272s] Installing menu5_gui script to /home/bok/project_ws/install/turtlebot/lib/turtlebot
[1.273s] Installing menu6_gui script to /home/bok/project_ws/install/turtlebot/lib/turtlebot
[1.273s] Installing menu7_gui script to /home/bok/project_ws/install/turtlebot/lib/turtlebot
[1.273s] Installing menu8_gui script to /home/bok/project_ws/install/turtlebot/lib/turtlebot
[1.273s] Installing menu9_gui script to /home/bok/project_ws/install/turtlebot/lib/turtlebot
[1.273s] Installing menu_gui script to /home/bok/project_ws/install/turtlebot/lib/turtlebot
[1.273s] Installing order_list script to /home/bok/project_ws/install/turtlebot/lib/turtlebot
[1.273s] Installing robot_gui script to /home/bok/project_ws/install/turtlebot/lib/turtlebot
[1.273s] Installing turtle3_gui script to /home/bok/project_ws/install/turtlebot/lib/turtlebot
[1.273s] Installing turtle3_gui2 script to /home/bok/project_ws/install/turtlebot/lib/turtlebot
[1.274s] Installing turtlebot3_gui3 script to /home/bok/project_ws/install/turtlebot/lib/turtlebot
[1.274s] writing list of installed files to '/home/bok/project_ws/build/turtlebot/install.log'
[1.303s] Invoked command in '/home/bok/project_ws/src/turtlebot' returned '0': LD_LIBRARY_PATH=/home/bok/project_ws/install/order_msgs/lib:/home/bok/turtlebot3_ws/install/turtlebot3_msgs/lib:/home/bok/ros2_ws/install/ros_study_msgs/lib:/home/bok/ros2_ws/src/install/ros_study_msgs/lib:/usr/lib/x86_64-linux-gnu/gazebo-11/plugins:/opt/ros/humble/opt/rviz_ogre_vendor/lib:/opt/ros/humble/lib/x86_64-linux-gnu:/opt/ros/humble/lib:/usr/lib/x86_64-linux-gnu/gazebo-11/plugins PYTHONPATH=/home/bok/project_ws/build/turtlebot/prefix_override:/usr/lib/python3/dist-packages/colcon_core/task/python/colcon_distutils_commands:/home/bok/project_ws/install/turtlebot/lib/python3.10/site-packages:${PYTHONPATH} /usr/bin/python3 -W ignore:setup.py install is deprecated setup.py egg_info --egg-base ../../build/turtlebot build --build-base /home/bok/project_ws/build/turtlebot/build install --record /home/bok/project_ws/build/turtlebot/install.log --single-version-externally-managed install_data
