[0.723s] Invoking command in '/home/rokey/Desktop/ros_ws/src/cleaning': PS1=\[\e]0;\u@\h: \w\a\]${debian_chroot:+($debian_chroot)}\[\033[01;32m\]\u@\h\[\033[00m\]:\[\033[01;34m\]\w\[\033[00m\]\$ PYTHONPATH=/home/rokey/Desktop/ros_ws/build/cleaning/prefix_override:/usr/lib/python3/dist-packages/colcon_core/task/python/colcon_distutils_commands:/home/rokey/Desktop/ros_ws/install/cleaning/lib/python3.10/site-packages:${PYTHONPATH} /usr/bin/python3 -W ignore:setup.py install is deprecated -W ignore:easy_install command is deprecated setup.py egg_info --egg-base ../../build/cleaning build --build-base /home/rokey/Desktop/ros_ws/build/cleaning/build install --record /home/rokey/Desktop/ros_ws/build/cleaning/install.log --single-version-externally-managed install_data
[1.020s] running egg_info
[1.021s] writing ../../build/cleaning/cleaning.egg-info/PKG-INFO
[1.021s] writing dependency_links to ../../build/cleaning/cleaning.egg-info/dependency_links.txt
[1.021s] writing entry points to ../../build/cleaning/cleaning.egg-info/entry_points.txt
[1.021s] writing requirements to ../../build/cleaning/cleaning.egg-info/requires.txt
[1.021s] writing top-level names to ../../build/cleaning/cleaning.egg-info/top_level.txt
[1.023s] reading manifest file '../../build/cleaning/cleaning.egg-info/SOURCES.txt'
[1.025s] writing manifest file '../../build/cleaning/cleaning.egg-info/SOURCES.txt'
[1.025s] running build
[1.026s] running build_py
[1.026s] running install
[1.026s] running install_lib
[1.028s] running install_data
[1.028s] running install_egg_info
[1.030s] removing '/home/rokey/Desktop/ros_ws/install/cleaning/lib/python3.10/site-packages/cleaning-0.0.0-py3.10.egg-info' (and everything under it)
[1.030s] Copying ../../build/cleaning/cleaning.egg-info to /home/rokey/Desktop/ros_ws/install/cleaning/lib/python3.10/site-packages/cleaning-0.0.0-py3.10.egg-info
[1.031s] running install_scripts
[1.055s] Installing bok script to /home/rokey/Desktop/ros_ws/install/cleaning/lib/cleaning
[1.055s] Installing find script to /home/rokey/Desktop/ros_ws/install/cleaning/lib/cleaning
[1.055s] Installing move script to /home/rokey/Desktop/ros_ws/install/cleaning/lib/cleaning
[1.056s] writing list of installed files to '/home/rokey/Desktop/ros_ws/build/cleaning/install.log'
[1.083s] Invoked command in '/home/rokey/Desktop/ros_ws/src/cleaning' returned '0': PS1=\[\e]0;\u@\h: \w\a\]${debian_chroot:+($debian_chroot)}\[\033[01;32m\]\u@\h\[\033[00m\]:\[\033[01;34m\]\w\[\033[00m\]\$ PYTHONPATH=/home/rokey/Desktop/ros_ws/build/cleaning/prefix_override:/usr/lib/python3/dist-packages/colcon_core/task/python/colcon_distutils_commands:/home/rokey/Desktop/ros_ws/install/cleaning/lib/python3.10/site-packages:${PYTHONPATH} /usr/bin/python3 -W ignore:setup.py install is deprecated -W ignore:easy_install command is deprecated setup.py egg_info --egg-base ../../build/cleaning build --build-base /home/rokey/Desktop/ros_ws/build/cleaning/build install --record /home/rokey/Desktop/ros_ws/build/cleaning/install.log --single-version-externally-managed install_data
