[0.016s] Invoking command in '/home/bok/project_ws/build/order_msgs': CMAKE_PREFIX_PATH=${CMAKE_PREFIX_PATH}:/home/bok/project_ws/install/turtlebot:/home/bok/project_ws/src/install/turtlebot:/home/bok/turtlebot3_ws/install/turtlebot3_teleop:/home/bok/turtlebot3_ws/install/turtlebot3_example:/home/bok/ros2_ws/install/ros_study_py:/home/bok/ros2_ws/install/ex_calculator:/home/bok/ros2_ws/install/py_pubsub:/home/bok/ros2_ws/src/install/ros_study_py:/home/bok/ros2_ws/src/install/ex_calculator:/opt/ros/humble /usr/bin/cmake --build /home/bok/project_ws/build/order_msgs -- -j4 -l4
[0.094s] [  9%] Built target order_msgs__rosidl_generator_c
[0.094s] [ 12%] Built target order_msgs__cpp
[0.114s] [ 12%] Built target ament_cmake_python_copy_order_msgs
[0.143s] [ 22%] Built target order_msgs__rosidl_typesupport_introspection_c
[0.150s] [ 32%] Built target order_msgs__rosidl_typesupport_fastrtps_c
[0.158s] [ 41%] Built target order_msgs__rosidl_typesupport_c
[0.199s] [ 51%] Built target order_msgs__rosidl_typesupport_fastrtps_cpp
[0.203s] [ 61%] Built target order_msgs__rosidl_typesupport_introspection_cpp
[0.217s] [ 70%] Built target order_msgs__rosidl_typesupport_cpp
[0.287s] [ 70%] Built target order_msgs
[0.366s] [ 74%] Built target order_msgs__py
[0.414s] [ 80%] Built target order_msgs__rosidl_generator_py
[0.493s] [ 87%] Built target order_msgs__rosidl_typesupport_introspection_c__pyext
[0.500s] [ 93%] Built target order_msgs__rosidl_typesupport_fastrtps_c__pyext
[0.500s] [100%] Built target order_msgs__rosidl_typesupport_c__pyext
[0.740s] running egg_info
[0.742s] writing order_msgs.egg-info/PKG-INFO
[0.742s] writing dependency_links to order_msgs.egg-info/dependency_links.txt
[0.742s] writing top-level names to order_msgs.egg-info/top_level.txt
[0.745s] reading manifest file 'order_msgs.egg-info/SOURCES.txt'
[0.746s] writing manifest file 'order_msgs.egg-info/SOURCES.txt'
[0.781s] [100%] Built target ament_cmake_python_build_order_msgs_egg
[0.796s] Invoked command in '/home/bok/project_ws/build/order_msgs' returned '0': CMAKE_PREFIX_PATH=${CMAKE_PREFIX_PATH}:/home/bok/project_ws/install/turtlebot:/home/bok/project_ws/src/install/turtlebot:/home/bok/turtlebot3_ws/install/turtlebot3_teleop:/home/bok/turtlebot3_ws/install/turtlebot3_example:/home/bok/ros2_ws/install/ros_study_py:/home/bok/ros2_ws/install/ex_calculator:/home/bok/ros2_ws/install/py_pubsub:/home/bok/ros2_ws/src/install/ros_study_py:/home/bok/ros2_ws/src/install/ex_calculator:/opt/ros/humble /usr/bin/cmake --build /home/bok/project_ws/build/order_msgs -- -j4 -l4
[0.912s] Invoking command in '/home/bok/project_ws/build/order_msgs': CMAKE_PREFIX_PATH=${CMAKE_PREFIX_PATH}:/home/bok/project_ws/install/turtlebot:/home/bok/project_ws/src/install/turtlebot:/home/bok/turtlebot3_ws/install/turtlebot3_teleop:/home/bok/turtlebot3_ws/install/turtlebot3_example:/home/bok/ros2_ws/install/ros_study_py:/home/bok/ros2_ws/install/ex_calculator:/home/bok/ros2_ws/install/py_pubsub:/home/bok/ros2_ws/src/install/ros_study_py:/home/bok/ros2_ws/src/install/ex_calculator:/opt/ros/humble /usr/bin/cmake --install /home/bok/project_ws/build/order_msgs
[0.926s] -- Install configuration: ""
[0.926s] -- Up-to-date: /home/bok/project_ws/install/order_msgs/share/ament_index/resource_index/rosidl_interfaces/order_msgs
[0.926s] -- Up-to-date: /home/bok/project_ws/install/order_msgs/include/order_msgs/order_msgs
[0.926s] -- Up-to-date: /home/bok/project_ws/install/order_msgs/include/order_msgs/order_msgs/srv
[0.927s] -- Up-to-date: /home/bok/project_ws/install/order_msgs/include/order_msgs/order_msgs/srv/order.h
[0.927s] -- Up-to-date: /home/bok/project_ws/install/order_msgs/include/order_msgs/order_msgs/srv/order_food.h
[0.927s] -- Up-to-date: /home/bok/project_ws/install/order_msgs/include/order_msgs/order_msgs/srv/detail
[0.927s] -- Up-to-date: /home/bok/project_ws/install/order_msgs/include/order_msgs/order_msgs/srv/detail/order__struct.h
[0.928s] -- Up-to-date: /home/bok/project_ws/install/order_msgs/include/order_msgs/order_msgs/srv/detail/order_food__struct.h
[0.928s] -- Up-to-date: /home/bok/project_ws/install/order_msgs/include/order_msgs/order_msgs/srv/detail/order_food__functions.c
[0.928s] -- Up-to-date: /home/bok/project_ws/install/order_msgs/include/order_msgs/order_msgs/srv/detail/order_food__functions.h
[0.928s] -- Up-to-date: /home/bok/project_ws/install/order_msgs/include/order_msgs/order_msgs/srv/detail/order_food__type_support.h
[0.929s] -- Up-to-date: /home/bok/project_ws/install/order_msgs/include/order_msgs/order_msgs/srv/detail/order__functions.c
[0.929s] -- Up-to-date: /home/bok/project_ws/install/order_msgs/include/order_msgs/order_msgs/srv/detail/order__type_support.h
[0.929s] -- Up-to-date: /home/bok/project_ws/install/order_msgs/include/order_msgs/order_msgs/srv/detail/order__functions.h
[0.929s] -- Up-to-date: /home/bok/project_ws/install/order_msgs/include/order_msgs/order_msgs/msg
[0.929s] -- Up-to-date: /home/bok/project_ws/install/order_msgs/include/order_msgs/order_msgs/msg/order_msg.h
[0.930s] -- Up-to-date: /home/bok/project_ws/install/order_msgs/include/order_msgs/order_msgs/msg/rosidl_generator_c__visibility_control.h
[0.930s] -- Up-to-date: /home/bok/project_ws/install/order_msgs/include/order_msgs/order_msgs/msg/detail
[0.930s] -- Up-to-date: /home/bok/project_ws/install/order_msgs/include/order_msgs/order_msgs/msg/detail/order_msg__functions.c
[0.930s] -- Up-to-date: /home/bok/project_ws/install/order_msgs/include/order_msgs/order_msgs/msg/detail/order_msg__struct.h
[0.930s] -- Up-to-date: /home/bok/project_ws/install/order_msgs/include/order_msgs/order_msgs/msg/detail/order_msg__type_support.h
[0.930s] -- Up-to-date: /home/bok/project_ws/install/order_msgs/include/order_msgs/order_msgs/msg/detail/order_msg__functions.h
[0.930s] -- Up-to-date: /home/bok/project_ws/install/order_msgs/share/order_msgs/environment/library_path.sh
[0.930s] -- Up-to-date: /home/bok/project_ws/install/order_msgs/share/order_msgs/environment/library_path.dsv
[0.930s] -- Up-to-date: /home/bok/project_ws/install/order_msgs/lib/liborder_msgs__rosidl_generator_c.so
[0.930s] -- Up-to-date: /home/bok/project_ws/install/order_msgs/include/order_msgs/order_msgs
[0.930s] -- Up-to-date: /home/bok/project_ws/install/order_msgs/include/order_msgs/order_msgs/srv
[0.933s] -- Up-to-date: /home/bok/project_ws/install/order_msgs/include/order_msgs/order_msgs/srv/detail
[0.933s] -- Up-to-date: /home/bok/project_ws/install/order_msgs/include/order_msgs/order_msgs/srv/detail/order_food__rosidl_typesupport_fastrtps_c.h
[0.933s] -- Up-to-date: /home/bok/project_ws/install/order_msgs/include/order_msgs/order_msgs/srv/detail/order__rosidl_typesupport_fastrtps_c.h
[0.933s] -- Up-to-date: /home/bok/project_ws/install/order_msgs/include/order_msgs/order_msgs/msg
[0.933s] -- Up-to-date: /home/bok/project_ws/install/order_msgs/include/order_msgs/order_msgs/msg/rosidl_typesupport_fastrtps_c__visibility_control.h
[0.933s] -- Up-to-date: /home/bok/project_ws/install/order_msgs/include/order_msgs/order_msgs/msg/detail
[0.933s] -- Up-to-date: /home/bok/project_ws/install/order_msgs/include/order_msgs/order_msgs/msg/detail/order_msg__rosidl_typesupport_fastrtps_c.h
[0.933s] -- Up-to-date: /home/bok/project_ws/install/order_msgs/lib/liborder_msgs__rosidl_typesupport_fastrtps_c.so
[0.934s] -- Up-to-date: /home/bok/project_ws/install/order_msgs/include/order_msgs/order_msgs
[0.934s] -- Up-to-date: /home/bok/project_ws/install/order_msgs/include/order_msgs/order_msgs/srv
[0.935s] -- Up-to-date: /home/bok/project_ws/install/order_msgs/include/order_msgs/order_msgs/srv/detail
[0.935s] -- Up-to-date: /home/bok/project_ws/install/order_msgs/include/order_msgs/order_msgs/srv/detail/order__type_support.c
[0.935s] -- Up-to-date: /home/bok/project_ws/install/order_msgs/include/order_msgs/order_msgs/srv/detail/order_food__type_support.c
[0.935s] -- Up-to-date: /home/bok/project_ws/install/order_msgs/include/order_msgs/order_msgs/srv/detail/order__rosidl_typesupport_introspection_c.h
[0.935s] -- Up-to-date: /home/bok/project_ws/install/order_msgs/include/order_msgs/order_msgs/srv/detail/order_food__rosidl_typesupport_introspection_c.h
[0.936s] -- Up-to-date: /home/bok/project_ws/install/order_msgs/include/order_msgs/order_msgs/msg
[0.936s] -- Up-to-date: /home/bok/project_ws/install/order_msgs/include/order_msgs/order_msgs/msg/rosidl_typesupport_introspection_c__visibility_control.h
[0.936s] -- Up-to-date: /home/bok/project_ws/install/order_msgs/include/order_msgs/order_msgs/msg/detail
[0.936s] -- Up-to-date: /home/bok/project_ws/install/order_msgs/include/order_msgs/order_msgs/msg/detail/order_msg__type_support.c
[0.936s] -- Up-to-date: /home/bok/project_ws/install/order_msgs/include/order_msgs/order_msgs/msg/detail/order_msg__rosidl_typesupport_introspection_c.h
[0.936s] -- Up-to-date: /home/bok/project_ws/install/order_msgs/lib/liborder_msgs__rosidl_typesupport_introspection_c.so
[0.939s] -- Up-to-date: /home/bok/project_ws/install/order_msgs/lib/liborder_msgs__rosidl_typesupport_c.so
[0.939s] -- Up-to-date: /home/bok/project_ws/install/order_msgs/include/order_msgs/order_msgs
[0.939s] -- Up-to-date: /home/bok/project_ws/install/order_msgs/include/order_msgs/order_msgs/srv
[0.939s] -- Up-to-date: /home/bok/project_ws/install/order_msgs/include/order_msgs/order_msgs/srv/order_food.hpp
[0.940s] -- Up-to-date: /home/bok/project_ws/install/order_msgs/include/order_msgs/order_msgs/srv/order.hpp
[0.940s] -- Up-to-date: /home/bok/project_ws/install/order_msgs/include/order_msgs/order_msgs/srv/detail
[0.940s] -- Up-to-date: /home/bok/project_ws/install/order_msgs/include/order_msgs/order_msgs/srv/detail/order_food__traits.hpp
[0.940s] -- Up-to-date: /home/bok/project_ws/install/order_msgs/include/order_msgs/order_msgs/srv/detail/order_food__builder.hpp
[0.941s] -- Up-to-date: /home/bok/project_ws/install/order_msgs/include/order_msgs/order_msgs/srv/detail/order__struct.hpp
[0.941s] -- Up-to-date: /home/bok/project_ws/install/order_msgs/include/order_msgs/order_msgs/srv/detail/order__traits.hpp
[0.941s] -- Up-to-date: /home/bok/project_ws/install/order_msgs/include/order_msgs/order_msgs/srv/detail/order_food__struct.hpp
[0.941s] -- Up-to-date: /home/bok/project_ws/install/order_msgs/include/order_msgs/order_msgs/srv/detail/order__builder.hpp
[0.941s] -- Up-to-date: /home/bok/project_ws/install/order_msgs/include/order_msgs/order_msgs/msg
[0.942s] -- Up-to-date: /home/bok/project_ws/install/order_msgs/include/order_msgs/order_msgs/msg/order_msg.hpp
[0.942s] -- Up-to-date: /home/bok/project_ws/install/order_msgs/include/order_msgs/order_msgs/msg/detail
[0.942s] -- Up-to-date: /home/bok/project_ws/install/order_msgs/include/order_msgs/order_msgs/msg/detail/order_msg__traits.hpp
[0.944s] -- Up-to-date: /home/bok/project_ws/install/order_msgs/include/order_msgs/order_msgs/msg/detail/order_msg__builder.hpp
[0.944s] -- Up-to-date: /home/bok/project_ws/install/order_msgs/include/order_msgs/order_msgs/msg/detail/order_msg__struct.hpp
[0.944s] -- Up-to-date: /home/bok/project_ws/install/order_msgs/include/order_msgs/order_msgs
[0.944s] -- Up-to-date: /home/bok/project_ws/install/order_msgs/include/order_msgs/order_msgs/srv
[0.944s] -- Up-to-date: /home/bok/project_ws/install/order_msgs/include/order_msgs/order_msgs/srv/detail
[0.944s] -- Up-to-date: /home/bok/project_ws/install/order_msgs/include/order_msgs/order_msgs/srv/detail/dds_fastrtps
[0.944s] -- Up-to-date: /home/bok/project_ws/install/order_msgs/include/order_msgs/order_msgs/srv/detail/order_food__rosidl_typesupport_fastrtps_cpp.hpp
[0.944s] -- Up-to-date: /home/bok/project_ws/install/order_msgs/include/order_msgs/order_msgs/srv/detail/order__rosidl_typesupport_fastrtps_cpp.hpp
[0.944s] -- Up-to-date: /home/bok/project_ws/install/order_msgs/include/order_msgs/order_msgs/msg
[0.946s] -- Up-to-date: /home/bok/project_ws/install/order_msgs/include/order_msgs/order_msgs/msg/rosidl_typesupport_fastrtps_cpp__visibility_control.h
[0.946s] -- Up-to-date: /home/bok/project_ws/install/order_msgs/include/order_msgs/order_msgs/msg/detail
[0.946s] -- Up-to-date: /home/bok/project_ws/install/order_msgs/include/order_msgs/order_msgs/msg/detail/dds_fastrtps
[0.946s] -- Up-to-date: /home/bok/project_ws/install/order_msgs/include/order_msgs/order_msgs/msg/detail/order_msg__rosidl_typesupport_fastrtps_cpp.hpp
[0.946s] -- Up-to-date: /home/bok/project_ws/install/order_msgs/lib/liborder_msgs__rosidl_typesupport_fastrtps_cpp.so
[0.946s] -- Up-to-date: /home/bok/project_ws/install/order_msgs/include/order_msgs/order_msgs
[0.946s] -- Up-to-date: /home/bok/project_ws/install/order_msgs/include/order_msgs/order_msgs/srv
[0.946s] -- Up-to-date: /home/bok/project_ws/install/order_msgs/include/order_msgs/order_msgs/srv/detail
[0.946s] -- Up-to-date: /home/bok/project_ws/install/order_msgs/include/order_msgs/order_msgs/srv/detail/order__type_support.cpp
[0.946s] -- Up-to-date: /home/bok/project_ws/install/order_msgs/include/order_msgs/order_msgs/srv/detail/order__rosidl_typesupport_introspection_cpp.hpp
[0.950s] -- Up-to-date: /home/bok/project_ws/install/order_msgs/include/order_msgs/order_msgs/srv/detail/order_food__rosidl_typesupport_introspection_cpp.hpp
[0.950s] -- Up-to-date: /home/bok/project_ws/install/order_msgs/include/order_msgs/order_msgs/srv/detail/order_food__type_support.cpp
[0.950s] -- Up-to-date: /home/bok/project_ws/install/order_msgs/include/order_msgs/order_msgs/msg
[0.950s] -- Up-to-date: /home/bok/project_ws/install/order_msgs/include/order_msgs/order_msgs/msg/detail
[0.950s] -- Up-to-date: /home/bok/project_ws/install/order_msgs/include/order_msgs/order_msgs/msg/detail/order_msg__type_support.cpp
[0.950s] -- Up-to-date: /home/bok/project_ws/install/order_msgs/include/order_msgs/order_msgs/msg/detail/order_msg__rosidl_typesupport_introspection_cpp.hpp
[0.950s] -- Up-to-date: /home/bok/project_ws/install/order_msgs/lib/liborder_msgs__rosidl_typesupport_introspection_cpp.so
[0.950s] -- Up-to-date: /home/bok/project_ws/install/order_msgs/lib/liborder_msgs__rosidl_typesupport_cpp.so
[0.951s] -- Up-to-date: /home/bok/project_ws/install/order_msgs/share/order_msgs/environment/pythonpath.sh
[0.951s] -- Up-to-date: /home/bok/project_ws/install/order_msgs/share/order_msgs/environment/pythonpath.dsv
[0.951s] -- Up-to-date: /home/bok/project_ws/install/order_msgs/local/lib/python3.10/dist-packages/order_msgs-0.0.0-py3.10.egg-info
[0.951s] -- Installing: /home/bok/project_ws/install/order_msgs/local/lib/python3.10/dist-packages/order_msgs-0.0.0-py3.10.egg-info/dependency_links.txt
[0.951s] -- Installing: /home/bok/project_ws/install/order_msgs/local/lib/python3.10/dist-packages/order_msgs-0.0.0-py3.10.egg-info/SOURCES.txt
[0.951s] -- Installing: /home/bok/project_ws/install/order_msgs/local/lib/python3.10/dist-packages/order_msgs-0.0.0-py3.10.egg-info/PKG-INFO
[0.951s] -- Installing: /home/bok/project_ws/install/order_msgs/local/lib/python3.10/dist-packages/order_msgs-0.0.0-py3.10.egg-info/top_level.txt
[0.951s] -- Up-to-date: /home/bok/project_ws/install/order_msgs/local/lib/python3.10/dist-packages/order_msgs
[0.955s] -- Up-to-date: /home/bok/project_ws/install/order_msgs/local/lib/python3.10/dist-packages/order_msgs/_order_msgs_s.ep.rosidl_typesupport_c.c
[0.955s] -- Up-to-date: /home/bok/project_ws/install/order_msgs/local/lib/python3.10/dist-packages/order_msgs/order_msgs_s__rosidl_typesupport_c.cpython-310-x86_64-linux-gnu.so
[0.955s] -- Up-to-date: /home/bok/project_ws/install/order_msgs/local/lib/python3.10/dist-packages/order_msgs/liborder_msgs__rosidl_generator_py.so
[0.955s] -- Up-to-date: /home/bok/project_ws/install/order_msgs/local/lib/python3.10/dist-packages/order_msgs/_order_msgs_s.ep.rosidl_typesupport_fastrtps_c.c
[0.955s] -- Up-to-date: /home/bok/project_ws/install/order_msgs/local/lib/python3.10/dist-packages/order_msgs/srv
[0.955s] -- Up-to-date: /home/bok/project_ws/install/order_msgs/local/lib/python3.10/dist-packages/order_msgs/srv/_order_s.c
[0.957s] -- Up-to-date: /home/bok/project_ws/install/order_msgs/local/lib/python3.10/dist-packages/order_msgs/srv/_order.py
[0.957s] -- Up-to-date: /home/bok/project_ws/install/order_msgs/local/lib/python3.10/dist-packages/order_msgs/srv/_order_food.py
[0.957s] -- Up-to-date: /home/bok/project_ws/install/order_msgs/local/lib/python3.10/dist-packages/order_msgs/srv/_order_food_s.c
[0.957s] -- Up-to-date: /home/bok/project_ws/install/order_msgs/local/lib/python3.10/dist-packages/order_msgs/srv/__init__.py
[0.957s] -- Up-to-date: /home/bok/project_ws/install/order_msgs/local/lib/python3.10/dist-packages/order_msgs/_order_msgs_s.ep.rosidl_typesupport_introspection_c.c
[0.957s] -- Up-to-date: /home/bok/project_ws/install/order_msgs/local/lib/python3.10/dist-packages/order_msgs/__init__.py
[0.957s] -- Up-to-date: /home/bok/project_ws/install/order_msgs/local/lib/python3.10/dist-packages/order_msgs/order_msgs_s__rosidl_typesupport_fastrtps_c.cpython-310-x86_64-linux-gnu.so
[0.958s] -- Up-to-date: /home/bok/project_ws/install/order_msgs/local/lib/python3.10/dist-packages/order_msgs/order_msgs_s__rosidl_typesupport_introspection_c.cpython-310-x86_64-linux-gnu.so
[0.958s] -- Up-to-date: /home/bok/project_ws/install/order_msgs/local/lib/python3.10/dist-packages/order_msgs/msg
[0.958s] -- Up-to-date: /home/bok/project_ws/install/order_msgs/local/lib/python3.10/dist-packages/order_msgs/msg/_order_msg_s.c
[0.958s] -- Up-to-date: /home/bok/project_ws/install/order_msgs/local/lib/python3.10/dist-packages/order_msgs/msg/_order_msg.py
[0.958s] -- Up-to-date: /home/bok/project_ws/install/order_msgs/local/lib/python3.10/dist-packages/order_msgs/msg/__init__.py
[1.013s] Listing '/home/bok/project_ws/install/order_msgs/local/lib/python3.10/dist-packages/order_msgs'...
[1.013s] Listing '/home/bok/project_ws/install/order_msgs/local/lib/python3.10/dist-packages/order_msgs/msg'...
[1.013s] Listing '/home/bok/project_ws/install/order_msgs/local/lib/python3.10/dist-packages/order_msgs/srv'...
[1.021s] -- Up-to-date: /home/bok/project_ws/install/order_msgs/local/lib/python3.10/dist-packages/order_msgs/order_msgs_s__rosidl_typesupport_fastrtps_c.cpython-310-x86_64-linux-gnu.so
[1.022s] -- Up-to-date: /home/bok/project_ws/install/order_msgs/local/lib/python3.10/dist-packages/order_msgs/order_msgs_s__rosidl_typesupport_introspection_c.cpython-310-x86_64-linux-gnu.so
[1.027s] -- Up-to-date: /home/bok/project_ws/install/order_msgs/local/lib/python3.10/dist-packages/order_msgs/order_msgs_s__rosidl_typesupport_c.cpython-310-x86_64-linux-gnu.so
[1.027s] -- Up-to-date: /home/bok/project_ws/install/order_msgs/lib/liborder_msgs__rosidl_generator_py.so
[1.028s] -- Up-to-date: /home/bok/project_ws/install/order_msgs/share/order_msgs/srv/Order.idl
[1.028s] -- Up-to-date: /home/bok/project_ws/install/order_msgs/share/order_msgs/srv/Order.srv
[1.028s] -- Up-to-date: /home/bok/project_ws/install/order_msgs/share/order_msgs/srv/Order_Request.msg
[1.028s] -- Up-to-date: /home/bok/project_ws/install/order_msgs/share/order_msgs/srv/Order_Response.msg
[1.028s] -- Up-to-date: /home/bok/project_ws/install/order_msgs/share/ament_index/resource_index/package_run_dependencies/order_msgs
[1.029s] -- Up-to-date: /home/bok/project_ws/install/order_msgs/share/ament_index/resource_index/parent_prefix_path/order_msgs
[1.029s] -- Up-to-date: /home/bok/project_ws/install/order_msgs/share/order_msgs/environment/ament_prefix_path.sh
[1.029s] -- Up-to-date: /home/bok/project_ws/install/order_msgs/share/order_msgs/environment/ament_prefix_path.dsv
[1.029s] -- Up-to-date: /home/bok/project_ws/install/order_msgs/share/order_msgs/environment/path.sh
[1.029s] -- Up-to-date: /home/bok/project_ws/install/order_msgs/share/order_msgs/environment/path.dsv
[1.029s] -- Up-to-date: /home/bok/project_ws/install/order_msgs/share/order_msgs/local_setup.bash
[1.029s] -- Up-to-date: /home/bok/project_ws/install/order_msgs/share/order_msgs/local_setup.sh
[1.029s] -- Up-to-date: /home/bok/project_ws/install/order_msgs/share/order_msgs/local_setup.zsh
[1.030s] -- Up-to-date: /home/bok/project_ws/install/order_msgs/share/order_msgs/local_setup.dsv
[1.030s] -- Installing: /home/bok/project_ws/install/order_msgs/share/order_msgs/package.dsv
[1.038s] -- Up-to-date: /home/bok/project_ws/install/order_msgs/share/ament_index/resource_index/packages/order_msgs
[1.038s] -- Up-to-date: /home/bok/project_ws/install/order_msgs/share/order_msgs/cmake/export_order_msgs__rosidl_generator_cExport.cmake
[1.038s] -- Up-to-date: /home/bok/project_ws/install/order_msgs/share/order_msgs/cmake/export_order_msgs__rosidl_generator_cExport-noconfig.cmake
[1.042s] -- Up-to-date: /home/bok/project_ws/install/order_msgs/share/order_msgs/cmake/export_order_msgs__rosidl_typesupport_fastrtps_cExport.cmake
[1.043s] -- Up-to-date: /home/bok/project_ws/install/order_msgs/share/order_msgs/cmake/export_order_msgs__rosidl_typesupport_fastrtps_cExport-noconfig.cmake
[1.045s] -- Up-to-date: /home/bok/project_ws/install/order_msgs/share/order_msgs/cmake/order_msgs__rosidl_typesupport_introspection_cExport.cmake
[1.045s] -- Up-to-date: /home/bok/project_ws/install/order_msgs/share/order_msgs/cmake/order_msgs__rosidl_typesupport_introspection_cExport-noconfig.cmake
[1.045s] -- Up-to-date: /home/bok/project_ws/install/order_msgs/share/order_msgs/cmake/order_msgs__rosidl_typesupport_cExport.cmake
[1.045s] -- Up-to-date: /home/bok/project_ws/install/order_msgs/share/order_msgs/cmake/order_msgs__rosidl_typesupport_cExport-noconfig.cmake
[1.045s] -- Up-to-date: /home/bok/project_ws/install/order_msgs/share/order_msgs/cmake/export_order_msgs__rosidl_generator_cppExport.cmake
[1.045s] -- Up-to-date: /home/bok/project_ws/install/order_msgs/share/order_msgs/cmake/export_order_msgs__rosidl_typesupport_fastrtps_cppExport.cmake
[1.045s] -- Up-to-date: /home/bok/project_ws/install/order_msgs/share/order_msgs/cmake/export_order_msgs__rosidl_typesupport_fastrtps_cppExport-noconfig.cmake
[1.045s] -- Up-to-date: /home/bok/project_ws/install/order_msgs/share/order_msgs/cmake/order_msgs__rosidl_typesupport_introspection_cppExport.cmake
[1.046s] -- Up-to-date: /home/bok/project_ws/install/order_msgs/share/order_msgs/cmake/order_msgs__rosidl_typesupport_introspection_cppExport-noconfig.cmake
[1.047s] -- Up-to-date: /home/bok/project_ws/install/order_msgs/share/order_msgs/cmake/order_msgs__rosidl_typesupport_cppExport.cmake
[1.047s] -- Up-to-date: /home/bok/project_ws/install/order_msgs/share/order_msgs/cmake/order_msgs__rosidl_typesupport_cppExport-noconfig.cmake
[1.047s] -- Up-to-date: /home/bok/project_ws/install/order_msgs/share/order_msgs/cmake/export_order_msgs__rosidl_generator_pyExport.cmake
[1.047s] -- Up-to-date: /home/bok/project_ws/install/order_msgs/share/order_msgs/cmake/export_order_msgs__rosidl_generator_pyExport-noconfig.cmake
[1.048s] -- Up-to-date: /home/bok/project_ws/install/order_msgs/share/order_msgs/cmake/rosidl_cmake-extras.cmake
[1.048s] -- Up-to-date: /home/bok/project_ws/install/order_msgs/share/order_msgs/cmake/ament_cmake_export_dependencies-extras.cmake
[1.048s] -- Up-to-date: /home/bok/project_ws/install/order_msgs/share/order_msgs/cmake/ament_cmake_export_include_directories-extras.cmake
[1.049s] -- Up-to-date: /home/bok/project_ws/install/order_msgs/share/order_msgs/cmake/ament_cmake_export_libraries-extras.cmake
[1.049s] -- Up-to-date: /home/bok/project_ws/install/order_msgs/share/order_msgs/cmake/ament_cmake_export_targets-extras.cmake
[1.049s] -- Up-to-date: /home/bok/project_ws/install/order_msgs/share/order_msgs/cmake/rosidl_cmake_export_typesupport_targets-extras.cmake
[1.049s] -- Up-to-date: /home/bok/project_ws/install/order_msgs/share/order_msgs/cmake/rosidl_cmake_export_typesupport_libraries-extras.cmake
[1.049s] -- Up-to-date: /home/bok/project_ws/install/order_msgs/share/order_msgs/cmake/order_msgsConfig.cmake
[1.052s] -- Up-to-date: /home/bok/project_ws/install/order_msgs/share/order_msgs/cmake/order_msgsConfig-version.cmake
[1.052s] -- Up-to-date: /home/bok/project_ws/install/order_msgs/share/order_msgs/package.xml
[1.061s] Invoked command in '/home/bok/project_ws/build/order_msgs' returned '0': CMAKE_PREFIX_PATH=${CMAKE_PREFIX_PATH}:/home/bok/project_ws/install/turtlebot:/home/bok/project_ws/src/install/turtlebot:/home/bok/turtlebot3_ws/install/turtlebot3_teleop:/home/bok/turtlebot3_ws/install/turtlebot3_example:/home/bok/ros2_ws/install/ros_study_py:/home/bok/ros2_ws/install/ex_calculator:/home/bok/ros2_ws/install/py_pubsub:/home/bok/ros2_ws/src/install/ros_study_py:/home/bok/ros2_ws/src/install/ex_calculator:/opt/ros/humble /usr/bin/cmake --install /home/bok/project_ws/build/order_msgs
