[0.014s] Invoking command in '/home/bok/project_ws/build/order_msgs': CMAKE_PREFIX_PATH=${CMAKE_PREFIX_PATH}:/home/bok/project_ws/install/turtlebot:/home/bok/project_ws/src/install/turtlebot:/home/bok/turtlebot3_ws/install/turtlebot3_teleop:/home/bok/turtlebot3_ws/install/turtlebot3_example:/home/bok/ros2_ws/install/ros_study_py:/home/bok/ros2_ws/install/ex_calculator:/home/bok/ros2_ws/install/py_pubsub:/home/bok/ros2_ws/src/install/ros_study_py:/home/bok/ros2_ws/src/install/ex_calculator:/opt/ros/humble /usr/bin/cmake --build /home/bok/project_ws/build/order_msgs -- -j4 -l4
[0.084s] [ 12%] Built target order_msgs__rosidl_generator_c
[0.084s] [ 12%] Built target order_msgs__cpp
[0.097s] [ 12%] Built target ament_cmake_python_copy_order_msgs
[0.124s] [ 22%] Built target order_msgs__rosidl_typesupport_cpp
[0.135s] [ 32%] Built target order_msgs__rosidl_typesupport_fastrtps_c
[0.140s] [ 41%] Built target order_msgs__rosidl_typesupport_introspection_c
[0.148s] [ 51%] Built target order_msgs__rosidl_typesupport_c
[0.166s] [ 61%] Built target order_msgs__rosidl_typesupport_fastrtps_cpp
[0.170s] [ 70%] Built target order_msgs__rosidl_typesupport_introspection_cpp
[0.202s] [ 70%] Built target order_msgs
[0.238s] [ 74%] Built target order_msgs__py
[0.276s] [ 80%] Built target order_msgs__rosidl_generator_py
[0.324s] [ 87%] Built target order_msgs__rosidl_typesupport_c__pyext
[0.332s] [ 93%] Built target order_msgs__rosidl_typesupport_fastrtps_c__pyext
[0.336s] [100%] Built target order_msgs__rosidl_typesupport_introspection_c__pyext
[0.603s] running egg_info
[0.604s] writing order_msgs.egg-info/PKG-INFO
[0.604s] writing dependency_links to order_msgs.egg-info/dependency_links.txt
[0.604s] writing top-level names to order_msgs.egg-info/top_level.txt
[0.607s] reading manifest file 'order_msgs.egg-info/SOURCES.txt'
[0.608s] writing manifest file 'order_msgs.egg-info/SOURCES.txt'
[0.645s] [100%] Built target ament_cmake_python_build_order_msgs_egg
[0.659s] Invoked command in '/home/bok/project_ws/build/order_msgs' returned '0': CMAKE_PREFIX_PATH=${CMAKE_PREFIX_PATH}:/home/bok/project_ws/install/turtlebot:/home/bok/project_ws/src/install/turtlebot:/home/bok/turtlebot3_ws/install/turtlebot3_teleop:/home/bok/turtlebot3_ws/install/turtlebot3_example:/home/bok/ros2_ws/install/ros_study_py:/home/bok/ros2_ws/install/ex_calculator:/home/bok/ros2_ws/install/py_pubsub:/home/bok/ros2_ws/src/install/ros_study_py:/home/bok/ros2_ws/src/install/ex_calculator:/opt/ros/humble /usr/bin/cmake --build /home/bok/project_ws/build/order_msgs -- -j4 -l4
[0.749s] Invoking command in '/home/bok/project_ws/build/order_msgs': CMAKE_PREFIX_PATH=${CMAKE_PREFIX_PATH}:/home/bok/project_ws/install/turtlebot:/home/bok/project_ws/src/install/turtlebot:/home/bok/turtlebot3_ws/install/turtlebot3_teleop:/home/bok/turtlebot3_ws/install/turtlebot3_example:/home/bok/ros2_ws/install/ros_study_py:/home/bok/ros2_ws/install/ex_calculator:/home/bok/ros2_ws/install/py_pubsub:/home/bok/ros2_ws/src/install/ros_study_py:/home/bok/ros2_ws/src/install/ex_calculator:/opt/ros/humble /usr/bin/cmake --install /home/bok/project_ws/build/order_msgs
[0.758s] -- Install configuration: ""
[0.759s] -- Up-to-date: /home/bok/project_ws/install/order_msgs/share/ament_index/resource_index/rosidl_interfaces/order_msgs
[0.759s] -- Up-to-date: /home/bok/project_ws/install/order_msgs/include/order_msgs/order_msgs
[0.759s] -- Up-to-date: /home/bok/project_ws/install/order_msgs/include/order_msgs/order_msgs/srv
[0.759s] -- Up-to-date: /home/bok/project_ws/install/order_msgs/include/order_msgs/order_msgs/srv/order.h
[0.760s] -- Up-to-date: /home/bok/project_ws/install/order_msgs/include/order_msgs/order_msgs/srv/order_food.h
[0.760s] -- Up-to-date: /home/bok/project_ws/install/order_msgs/include/order_msgs/order_msgs/srv/detail
[0.760s] -- Up-to-date: /home/bok/project_ws/install/order_msgs/include/order_msgs/order_msgs/srv/detail/order__struct.h
[0.760s] -- Up-to-date: /home/bok/project_ws/install/order_msgs/include/order_msgs/order_msgs/srv/detail/order_food__struct.h
[0.760s] -- Up-to-date: /home/bok/project_ws/install/order_msgs/include/order_msgs/order_msgs/srv/detail/order_food__functions.c
[0.760s] -- Up-to-date: /home/bok/project_ws/install/order_msgs/include/order_msgs/order_msgs/srv/detail/order_food__functions.h
[0.761s] -- Up-to-date: /home/bok/project_ws/install/order_msgs/include/order_msgs/order_msgs/srv/detail/order_food__type_support.h
[0.761s] -- Up-to-date: /home/bok/project_ws/install/order_msgs/include/order_msgs/order_msgs/srv/detail/order__functions.c
[0.761s] -- Up-to-date: /home/bok/project_ws/install/order_msgs/include/order_msgs/order_msgs/srv/detail/order__type_support.h
[0.761s] -- Up-to-date: /home/bok/project_ws/install/order_msgs/include/order_msgs/order_msgs/srv/detail/order__functions.h
[0.761s] -- Up-to-date: /home/bok/project_ws/install/order_msgs/include/order_msgs/order_msgs/msg
[0.762s] -- Up-to-date: /home/bok/project_ws/install/order_msgs/include/order_msgs/order_msgs/msg/order_msg.h
[0.762s] -- Up-to-date: /home/bok/project_ws/install/order_msgs/include/order_msgs/order_msgs/msg/rosidl_generator_c__visibility_control.h
[0.762s] -- Up-to-date: /home/bok/project_ws/install/order_msgs/include/order_msgs/order_msgs/msg/detail
[0.762s] -- Up-to-date: /home/bok/project_ws/install/order_msgs/include/order_msgs/order_msgs/msg/detail/order_msg__functions.c
[0.762s] -- Up-to-date: /home/bok/project_ws/install/order_msgs/include/order_msgs/order_msgs/msg/detail/order_msg__struct.h
[0.762s] -- Up-to-date: /home/bok/project_ws/install/order_msgs/include/order_msgs/order_msgs/msg/detail/order_msg__type_support.h
[0.762s] -- Up-to-date: /home/bok/project_ws/install/order_msgs/include/order_msgs/order_msgs/msg/detail/order_msg__functions.h
[0.762s] -- Up-to-date: /home/bok/project_ws/install/order_msgs/share/order_msgs/environment/library_path.sh
[0.763s] -- Up-to-date: /home/bok/project_ws/install/order_msgs/share/order_msgs/environment/library_path.dsv
[0.763s] -- Up-to-date: /home/bok/project_ws/install/order_msgs/lib/liborder_msgs__rosidl_generator_c.so
[0.763s] -- Up-to-date: /home/bok/project_ws/install/order_msgs/include/order_msgs/order_msgs
[0.763s] -- Up-to-date: /home/bok/project_ws/install/order_msgs/include/order_msgs/order_msgs/srv
[0.763s] -- Up-to-date: /home/bok/project_ws/install/order_msgs/include/order_msgs/order_msgs/srv/detail
[0.763s] -- Up-to-date: /home/bok/project_ws/install/order_msgs/include/order_msgs/order_msgs/srv/detail/order_food__rosidl_typesupport_fastrtps_c.h
[0.763s] -- Up-to-date: /home/bok/project_ws/install/order_msgs/include/order_msgs/order_msgs/srv/detail/order__rosidl_typesupport_fastrtps_c.h
[0.763s] -- Up-to-date: /home/bok/project_ws/install/order_msgs/include/order_msgs/order_msgs/msg
[0.764s] -- Up-to-date: /home/bok/project_ws/install/order_msgs/include/order_msgs/order_msgs/msg/rosidl_typesupport_fastrtps_c__visibility_control.h
[0.764s] -- Up-to-date: /home/bok/project_ws/install/order_msgs/include/order_msgs/order_msgs/msg/detail
[0.764s] -- Up-to-date: /home/bok/project_ws/install/order_msgs/include/order_msgs/order_msgs/msg/detail/order_msg__rosidl_typesupport_fastrtps_c.h
[0.764s] -- Up-to-date: /home/bok/project_ws/install/order_msgs/lib/liborder_msgs__rosidl_typesupport_fastrtps_c.so
[0.764s] -- Up-to-date: /home/bok/project_ws/install/order_msgs/include/order_msgs/order_msgs
[0.764s] -- Up-to-date: /home/bok/project_ws/install/order_msgs/include/order_msgs/order_msgs/srv
[0.764s] -- Up-to-date: /home/bok/project_ws/install/order_msgs/include/order_msgs/order_msgs/srv/detail
[0.765s] -- Up-to-date: /home/bok/project_ws/install/order_msgs/include/order_msgs/order_msgs/srv/detail/order__type_support.c
[0.765s] -- Up-to-date: /home/bok/project_ws/install/order_msgs/include/order_msgs/order_msgs/srv/detail/order_food__type_support.c
[0.765s] -- Up-to-date: /home/bok/project_ws/install/order_msgs/include/order_msgs/order_msgs/srv/detail/order__rosidl_typesupport_introspection_c.h
[0.765s] -- Up-to-date: /home/bok/project_ws/install/order_msgs/include/order_msgs/order_msgs/srv/detail/order_food__rosidl_typesupport_introspection_c.h
[0.765s] -- Up-to-date: /home/bok/project_ws/install/order_msgs/include/order_msgs/order_msgs/msg
[0.765s] -- Up-to-date: /home/bok/project_ws/install/order_msgs/include/order_msgs/order_msgs/msg/rosidl_typesupport_introspection_c__visibility_control.h
[0.765s] -- Up-to-date: /home/bok/project_ws/install/order_msgs/include/order_msgs/order_msgs/msg/detail
[0.765s] -- Up-to-date: /home/bok/project_ws/install/order_msgs/include/order_msgs/order_msgs/msg/detail/order_msg__type_support.c
[0.766s] -- Up-to-date: /home/bok/project_ws/install/order_msgs/include/order_msgs/order_msgs/msg/detail/order_msg__rosidl_typesupport_introspection_c.h
[0.766s] -- Up-to-date: /home/bok/project_ws/install/order_msgs/lib/liborder_msgs__rosidl_typesupport_introspection_c.so
[0.766s] -- Up-to-date: /home/bok/project_ws/install/order_msgs/lib/liborder_msgs__rosidl_typesupport_c.so
[0.766s] -- Up-to-date: /home/bok/project_ws/install/order_msgs/include/order_msgs/order_msgs
[0.766s] -- Up-to-date: /home/bok/project_ws/install/order_msgs/include/order_msgs/order_msgs/srv
[0.766s] -- Up-to-date: /home/bok/project_ws/install/order_msgs/include/order_msgs/order_msgs/srv/order_food.hpp
[0.766s] -- Up-to-date: /home/bok/project_ws/install/order_msgs/include/order_msgs/order_msgs/srv/order.hpp
[0.766s] -- Up-to-date: /home/bok/project_ws/install/order_msgs/include/order_msgs/order_msgs/srv/detail
[0.766s] -- Up-to-date: /home/bok/project_ws/install/order_msgs/include/order_msgs/order_msgs/srv/detail/order_food__traits.hpp
[0.767s] -- Up-to-date: /home/bok/project_ws/install/order_msgs/include/order_msgs/order_msgs/srv/detail/order_food__builder.hpp
[0.767s] -- Up-to-date: /home/bok/project_ws/install/order_msgs/include/order_msgs/order_msgs/srv/detail/order__struct.hpp
[0.767s] -- Up-to-date: /home/bok/project_ws/install/order_msgs/include/order_msgs/order_msgs/srv/detail/order__traits.hpp
[0.767s] -- Up-to-date: /home/bok/project_ws/install/order_msgs/include/order_msgs/order_msgs/srv/detail/order_food__struct.hpp
[0.767s] -- Up-to-date: /home/bok/project_ws/install/order_msgs/include/order_msgs/order_msgs/srv/detail/order__builder.hpp
[0.767s] -- Up-to-date: /home/bok/project_ws/install/order_msgs/include/order_msgs/order_msgs/msg
[0.768s] -- Up-to-date: /home/bok/project_ws/install/order_msgs/include/order_msgs/order_msgs/msg/order_msg.hpp
[0.768s] -- Up-to-date: /home/bok/project_ws/install/order_msgs/include/order_msgs/order_msgs/msg/detail
[0.768s] -- Up-to-date: /home/bok/project_ws/install/order_msgs/include/order_msgs/order_msgs/msg/detail/order_msg__traits.hpp
[0.768s] -- Up-to-date: /home/bok/project_ws/install/order_msgs/include/order_msgs/order_msgs/msg/detail/order_msg__builder.hpp
[0.768s] -- Up-to-date: /home/bok/project_ws/install/order_msgs/include/order_msgs/order_msgs/msg/detail/order_msg__struct.hpp
[0.768s] -- Up-to-date: /home/bok/project_ws/install/order_msgs/include/order_msgs/order_msgs
[0.768s] -- Up-to-date: /home/bok/project_ws/install/order_msgs/include/order_msgs/order_msgs/srv
[0.769s] -- Up-to-date: /home/bok/project_ws/install/order_msgs/include/order_msgs/order_msgs/srv/detail
[0.769s] -- Up-to-date: /home/bok/project_ws/install/order_msgs/include/order_msgs/order_msgs/srv/detail/dds_fastrtps
[0.769s] -- Up-to-date: /home/bok/project_ws/install/order_msgs/include/order_msgs/order_msgs/srv/detail/order_food__rosidl_typesupport_fastrtps_cpp.hpp
[0.769s] -- Up-to-date: /home/bok/project_ws/install/order_msgs/include/order_msgs/order_msgs/srv/detail/order__rosidl_typesupport_fastrtps_cpp.hpp
[0.769s] -- Up-to-date: /home/bok/project_ws/install/order_msgs/include/order_msgs/order_msgs/msg
[0.769s] -- Up-to-date: /home/bok/project_ws/install/order_msgs/include/order_msgs/order_msgs/msg/rosidl_typesupport_fastrtps_cpp__visibility_control.h
[0.769s] -- Up-to-date: /home/bok/project_ws/install/order_msgs/include/order_msgs/order_msgs/msg/detail
[0.769s] -- Up-to-date: /home/bok/project_ws/install/order_msgs/include/order_msgs/order_msgs/msg/detail/dds_fastrtps
[0.769s] -- Up-to-date: /home/bok/project_ws/install/order_msgs/include/order_msgs/order_msgs/msg/detail/order_msg__rosidl_typesupport_fastrtps_cpp.hpp
[0.770s] -- Up-to-date: /home/bok/project_ws/install/order_msgs/lib/liborder_msgs__rosidl_typesupport_fastrtps_cpp.so
[0.770s] -- Up-to-date: /home/bok/project_ws/install/order_msgs/include/order_msgs/order_msgs
[0.770s] -- Up-to-date: /home/bok/project_ws/install/order_msgs/include/order_msgs/order_msgs/srv
[0.770s] -- Up-to-date: /home/bok/project_ws/install/order_msgs/include/order_msgs/order_msgs/srv/detail
[0.770s] -- Up-to-date: /home/bok/project_ws/install/order_msgs/include/order_msgs/order_msgs/srv/detail/order__type_support.cpp
[0.770s] -- Up-to-date: /home/bok/project_ws/install/order_msgs/include/order_msgs/order_msgs/srv/detail/order__rosidl_typesupport_introspection_cpp.hpp
[0.770s] -- Up-to-date: /home/bok/project_ws/install/order_msgs/include/order_msgs/order_msgs/srv/detail/order_food__rosidl_typesupport_introspection_cpp.hpp
[0.770s] -- Up-to-date: /home/bok/project_ws/install/order_msgs/include/order_msgs/order_msgs/srv/detail/order_food__type_support.cpp
[0.771s] -- Up-to-date: /home/bok/project_ws/install/order_msgs/include/order_msgs/order_msgs/msg
[0.771s] -- Up-to-date: /home/bok/project_ws/install/order_msgs/include/order_msgs/order_msgs/msg/detail
[0.771s] -- Up-to-date: /home/bok/project_ws/install/order_msgs/include/order_msgs/order_msgs/msg/detail/order_msg__type_support.cpp
[0.771s] -- Up-to-date: /home/bok/project_ws/install/order_msgs/include/order_msgs/order_msgs/msg/detail/order_msg__rosidl_typesupport_introspection_cpp.hpp
[0.771s] -- Up-to-date: /home/bok/project_ws/install/order_msgs/lib/liborder_msgs__rosidl_typesupport_introspection_cpp.so
[0.771s] -- Up-to-date: /home/bok/project_ws/install/order_msgs/lib/liborder_msgs__rosidl_typesupport_cpp.so
[0.771s] -- Up-to-date: /home/bok/project_ws/install/order_msgs/share/order_msgs/environment/pythonpath.sh
[0.771s] -- Up-to-date: /home/bok/project_ws/install/order_msgs/share/order_msgs/environment/pythonpath.dsv
[0.771s] -- Up-to-date: /home/bok/project_ws/install/order_msgs/local/lib/python3.10/dist-packages/order_msgs-0.0.0-py3.10.egg-info
[0.772s] -- Installing: /home/bok/project_ws/install/order_msgs/local/lib/python3.10/dist-packages/order_msgs-0.0.0-py3.10.egg-info/dependency_links.txt
[0.772s] -- Installing: /home/bok/project_ws/install/order_msgs/local/lib/python3.10/dist-packages/order_msgs-0.0.0-py3.10.egg-info/SOURCES.txt
[0.772s] -- Installing: /home/bok/project_ws/install/order_msgs/local/lib/python3.10/dist-packages/order_msgs-0.0.0-py3.10.egg-info/PKG-INFO
[0.772s] -- Installing: /home/bok/project_ws/install/order_msgs/local/lib/python3.10/dist-packages/order_msgs-0.0.0-py3.10.egg-info/top_level.txt
[0.772s] -- Up-to-date: /home/bok/project_ws/install/order_msgs/local/lib/python3.10/dist-packages/order_msgs
[0.772s] -- Up-to-date: /home/bok/project_ws/install/order_msgs/local/lib/python3.10/dist-packages/order_msgs/_order_msgs_s.ep.rosidl_typesupport_c.c
[0.772s] -- Up-to-date: /home/bok/project_ws/install/order_msgs/local/lib/python3.10/dist-packages/order_msgs/order_msgs_s__rosidl_typesupport_c.cpython-310-x86_64-linux-gnu.so
[0.772s] -- Up-to-date: /home/bok/project_ws/install/order_msgs/local/lib/python3.10/dist-packages/order_msgs/liborder_msgs__rosidl_generator_py.so
[0.773s] -- Up-to-date: /home/bok/project_ws/install/order_msgs/local/lib/python3.10/dist-packages/order_msgs/_order_msgs_s.ep.rosidl_typesupport_fastrtps_c.c
[0.773s] -- Up-to-date: /home/bok/project_ws/install/order_msgs/local/lib/python3.10/dist-packages/order_msgs/srv
[0.773s] -- Up-to-date: /home/bok/project_ws/install/order_msgs/local/lib/python3.10/dist-packages/order_msgs/srv/_order_s.c
[0.773s] -- Up-to-date: /home/bok/project_ws/install/order_msgs/local/lib/python3.10/dist-packages/order_msgs/srv/_order.py
[0.773s] -- Up-to-date: /home/bok/project_ws/install/order_msgs/local/lib/python3.10/dist-packages/order_msgs/srv/_order_food.py
[0.773s] -- Up-to-date: /home/bok/project_ws/install/order_msgs/local/lib/python3.10/dist-packages/order_msgs/srv/_order_food_s.c
[0.773s] -- Up-to-date: /home/bok/project_ws/install/order_msgs/local/lib/python3.10/dist-packages/order_msgs/srv/__init__.py
[0.773s] -- Up-to-date: /home/bok/project_ws/install/order_msgs/local/lib/python3.10/dist-packages/order_msgs/_order_msgs_s.ep.rosidl_typesupport_introspection_c.c
[0.774s] -- Up-to-date: /home/bok/project_ws/install/order_msgs/local/lib/python3.10/dist-packages/order_msgs/__init__.py
[0.774s] -- Up-to-date: /home/bok/project_ws/install/order_msgs/local/lib/python3.10/dist-packages/order_msgs/order_msgs_s__rosidl_typesupport_fastrtps_c.cpython-310-x86_64-linux-gnu.so
[0.774s] -- Up-to-date: /home/bok/project_ws/install/order_msgs/local/lib/python3.10/dist-packages/order_msgs/order_msgs_s__rosidl_typesupport_introspection_c.cpython-310-x86_64-linux-gnu.so
[0.774s] -- Up-to-date: /home/bok/project_ws/install/order_msgs/local/lib/python3.10/dist-packages/order_msgs/msg
[0.774s] -- Up-to-date: /home/bok/project_ws/install/order_msgs/local/lib/python3.10/dist-packages/order_msgs/msg/_order_msg_s.c
[0.774s] -- Up-to-date: /home/bok/project_ws/install/order_msgs/local/lib/python3.10/dist-packages/order_msgs/msg/_order_msg.py
[0.774s] -- Up-to-date: /home/bok/project_ws/install/order_msgs/local/lib/python3.10/dist-packages/order_msgs/msg/__init__.py
[0.829s] Listing '/home/bok/project_ws/install/order_msgs/local/lib/python3.10/dist-packages/order_msgs'...
[0.830s] Listing '/home/bok/project_ws/install/order_msgs/local/lib/python3.10/dist-packages/order_msgs/msg'...
[0.830s] Listing '/home/bok/project_ws/install/order_msgs/local/lib/python3.10/dist-packages/order_msgs/srv'...
[0.838s] -- Up-to-date: /home/bok/project_ws/install/order_msgs/local/lib/python3.10/dist-packages/order_msgs/order_msgs_s__rosidl_typesupport_fastrtps_c.cpython-310-x86_64-linux-gnu.so
[0.838s] -- Up-to-date: /home/bok/project_ws/install/order_msgs/local/lib/python3.10/dist-packages/order_msgs/order_msgs_s__rosidl_typesupport_introspection_c.cpython-310-x86_64-linux-gnu.so
[0.839s] -- Up-to-date: /home/bok/project_ws/install/order_msgs/local/lib/python3.10/dist-packages/order_msgs/order_msgs_s__rosidl_typesupport_c.cpython-310-x86_64-linux-gnu.so
[0.839s] -- Up-to-date: /home/bok/project_ws/install/order_msgs/lib/liborder_msgs__rosidl_generator_py.so
[0.839s] -- Up-to-date: /home/bok/project_ws/install/order_msgs/share/order_msgs/srv/Order.idl
[0.840s] -- Up-to-date: /home/bok/project_ws/install/order_msgs/share/order_msgs/srv/Order.srv
[0.840s] -- Up-to-date: /home/bok/project_ws/install/order_msgs/share/order_msgs/srv/Order_Request.msg
[0.840s] -- Up-to-date: /home/bok/project_ws/install/order_msgs/share/order_msgs/srv/Order_Response.msg
[0.840s] -- Up-to-date: /home/bok/project_ws/install/order_msgs/share/ament_index/resource_index/package_run_dependencies/order_msgs
[0.840s] -- Up-to-date: /home/bok/project_ws/install/order_msgs/share/ament_index/resource_index/parent_prefix_path/order_msgs
[0.840s] -- Up-to-date: /home/bok/project_ws/install/order_msgs/share/order_msgs/environment/ament_prefix_path.sh
[0.841s] -- Up-to-date: /home/bok/project_ws/install/order_msgs/share/order_msgs/environment/ament_prefix_path.dsv
[0.841s] -- Up-to-date: /home/bok/project_ws/install/order_msgs/share/order_msgs/environment/path.sh
[0.841s] -- Up-to-date: /home/bok/project_ws/install/order_msgs/share/order_msgs/environment/path.dsv
[0.841s] -- Up-to-date: /home/bok/project_ws/install/order_msgs/share/order_msgs/local_setup.bash
[0.841s] -- Up-to-date: /home/bok/project_ws/install/order_msgs/share/order_msgs/local_setup.sh
[0.842s] -- Up-to-date: /home/bok/project_ws/install/order_msgs/share/order_msgs/local_setup.zsh
[0.842s] -- Up-to-date: /home/bok/project_ws/install/order_msgs/share/order_msgs/local_setup.dsv
[0.842s] -- Installing: /home/bok/project_ws/install/order_msgs/share/order_msgs/package.dsv
[0.842s] -- Up-to-date: /home/bok/project_ws/install/order_msgs/share/ament_index/resource_index/packages/order_msgs
[0.842s] -- Up-to-date: /home/bok/project_ws/install/order_msgs/share/order_msgs/cmake/export_order_msgs__rosidl_generator_cExport.cmake
[0.842s] -- Up-to-date: /home/bok/project_ws/install/order_msgs/share/order_msgs/cmake/export_order_msgs__rosidl_generator_cExport-noconfig.cmake
[0.843s] -- Up-to-date: /home/bok/project_ws/install/order_msgs/share/order_msgs/cmake/export_order_msgs__rosidl_typesupport_fastrtps_cExport.cmake
[0.843s] -- Up-to-date: /home/bok/project_ws/install/order_msgs/share/order_msgs/cmake/export_order_msgs__rosidl_typesupport_fastrtps_cExport-noconfig.cmake
[0.843s] -- Up-to-date: /home/bok/project_ws/install/order_msgs/share/order_msgs/cmake/order_msgs__rosidl_typesupport_introspection_cExport.cmake
[0.843s] -- Up-to-date: /home/bok/project_ws/install/order_msgs/share/order_msgs/cmake/order_msgs__rosidl_typesupport_introspection_cExport-noconfig.cmake
[0.843s] -- Up-to-date: /home/bok/project_ws/install/order_msgs/share/order_msgs/cmake/order_msgs__rosidl_typesupport_cExport.cmake
[0.843s] -- Up-to-date: /home/bok/project_ws/install/order_msgs/share/order_msgs/cmake/order_msgs__rosidl_typesupport_cExport-noconfig.cmake
[0.843s] -- Up-to-date: /home/bok/project_ws/install/order_msgs/share/order_msgs/cmake/export_order_msgs__rosidl_generator_cppExport.cmake
[0.843s] -- Up-to-date: /home/bok/project_ws/install/order_msgs/share/order_msgs/cmake/export_order_msgs__rosidl_typesupport_fastrtps_cppExport.cmake
[0.843s] -- Up-to-date: /home/bok/project_ws/install/order_msgs/share/order_msgs/cmake/export_order_msgs__rosidl_typesupport_fastrtps_cppExport-noconfig.cmake
[0.844s] -- Up-to-date: /home/bok/project_ws/install/order_msgs/share/order_msgs/cmake/order_msgs__rosidl_typesupport_introspection_cppExport.cmake
[0.844s] -- Up-to-date: /home/bok/project_ws/install/order_msgs/share/order_msgs/cmake/order_msgs__rosidl_typesupport_introspection_cppExport-noconfig.cmake
[0.844s] -- Up-to-date: /home/bok/project_ws/install/order_msgs/share/order_msgs/cmake/order_msgs__rosidl_typesupport_cppExport.cmake
[0.844s] -- Up-to-date: /home/bok/project_ws/install/order_msgs/share/order_msgs/cmake/order_msgs__rosidl_typesupport_cppExport-noconfig.cmake
[0.844s] -- Up-to-date: /home/bok/project_ws/install/order_msgs/share/order_msgs/cmake/export_order_msgs__rosidl_generator_pyExport.cmake
[0.845s] -- Up-to-date: /home/bok/project_ws/install/order_msgs/share/order_msgs/cmake/export_order_msgs__rosidl_generator_pyExport-noconfig.cmake
[0.845s] -- Up-to-date: /home/bok/project_ws/install/order_msgs/share/order_msgs/cmake/rosidl_cmake-extras.cmake
[0.845s] -- Up-to-date: /home/bok/project_ws/install/order_msgs/share/order_msgs/cmake/ament_cmake_export_dependencies-extras.cmake
[0.845s] -- Up-to-date: /home/bok/project_ws/install/order_msgs/share/order_msgs/cmake/ament_cmake_export_include_directories-extras.cmake
[0.845s] -- Up-to-date: /home/bok/project_ws/install/order_msgs/share/order_msgs/cmake/ament_cmake_export_libraries-extras.cmake
[0.845s] -- Up-to-date: /home/bok/project_ws/install/order_msgs/share/order_msgs/cmake/ament_cmake_export_targets-extras.cmake
[0.845s] -- Up-to-date: /home/bok/project_ws/install/order_msgs/share/order_msgs/cmake/rosidl_cmake_export_typesupport_targets-extras.cmake
[0.845s] -- Up-to-date: /home/bok/project_ws/install/order_msgs/share/order_msgs/cmake/rosidl_cmake_export_typesupport_libraries-extras.cmake
[0.846s] -- Up-to-date: /home/bok/project_ws/install/order_msgs/share/order_msgs/cmake/order_msgsConfig.cmake
[0.846s] -- Up-to-date: /home/bok/project_ws/install/order_msgs/share/order_msgs/cmake/order_msgsConfig-version.cmake
[0.846s] -- Up-to-date: /home/bok/project_ws/install/order_msgs/share/order_msgs/package.xml
[0.847s] Invoked command in '/home/bok/project_ws/build/order_msgs' returned '0': CMAKE_PREFIX_PATH=${CMAKE_PREFIX_PATH}:/home/bok/project_ws/install/turtlebot:/home/bok/project_ws/src/install/turtlebot:/home/bok/turtlebot3_ws/install/turtlebot3_teleop:/home/bok/turtlebot3_ws/install/turtlebot3_example:/home/bok/ros2_ws/install/ros_study_py:/home/bok/ros2_ws/install/ex_calculator:/home/bok/ros2_ws/install/py_pubsub:/home/bok/ros2_ws/src/install/ros_study_py:/home/bok/ros2_ws/src/install/ex_calculator:/opt/ros/humble /usr/bin/cmake --install /home/bok/project_ws/build/order_msgs
