[0.013s] Invoking command in '/home/bok/project_ws/build/order_msgs': CMAKE_PREFIX_PATH=${CMAKE_PREFIX_PATH}:/home/bok/project_ws/src/install/turtlebot:/home/bok/turtlebot3_ws/install/turtlebot3_teleop:/home/bok/turtlebot3_ws/install/turtlebot3_example:/home/bok/project_ws/install/turtlebot:/home/bok/ros2_ws/install/ros_study_py:/home/bok/ros2_ws/install/ex_calculator:/home/bok/ros2_ws/install/py_pubsub:/home/bok/ros2_ws/src/install/ros_study_py:/home/bok/ros2_ws/src/install/ex_calculator:/opt/ros/humble /usr/bin/cmake /home/bok/project_ws/src/order_msgs -DCMAKE_INSTALL_PREFIX=/home/bok/project_ws/install/order_msgs
[0.029s] -- Found ament_cmake: 1.3.10 (/opt/ros/humble/share/ament_cmake/cmake)
[0.188s] -- Found builtin_interfaces: 1.2.1 (/opt/ros/humble/share/builtin_interfaces/cmake)
[0.226s] -- Found rosidl_generator_c: 3.1.5 (/opt/ros/humble/share/rosidl_generator_c/cmake)
[0.232s] -- Found rosidl_adapter: 3.1.5 (/opt/ros/humble/share/rosidl_adapter/cmake)
[0.241s] -- Found rosidl_generator_cpp: 3.1.5 (/opt/ros/humble/share/rosidl_generator_cpp/cmake)
[0.252s] -- Using all available rosidl_typesupport_c: rosidl_typesupport_fastrtps_c;rosidl_typesupport_introspection_c
[0.268s] -- Using all available rosidl_typesupport_cpp: rosidl_typesupport_fastrtps_cpp;rosidl_typesupport_introspection_cpp
[0.281s] -- Found rosidl_default_generators: 1.2.0 (/opt/ros/humble/share/rosidl_default_generators/cmake)
[0.604s] -- Found ament_cmake_ros: 0.10.0 (/opt/ros/humble/share/ament_cmake_ros/cmake)
[0.994s] -- Using all available rosidl_typesupport_c: rosidl_typesupport_fastrtps_c;rosidl_typesupport_introspection_c
[1.145s] -- Using all available rosidl_typesupport_cpp: rosidl_typesupport_fastrtps_cpp;rosidl_typesupport_introspection_cpp
[1.174s] -- Found PythonInterp: /usr/bin/python3 (found suitable version "3.10.12", minimum required is "3.6") 
[1.179s] -- Found python_cmake_module: 0.10.0 (/opt/ros/humble/share/python_cmake_module/cmake)
[1.215s] -- Found PythonLibs: /usr/lib/x86_64-linux-gnu/libpython3.10.so (found suitable version "3.10.12", minimum required is "3.5") 
[1.215s] -- Using PYTHON_EXECUTABLE: /usr/bin/python3
[1.215s] -- Using PYTHON_INCLUDE_DIRS: /usr/include/python3.10
[1.215s] -- Using PYTHON_LIBRARIES: /usr/lib/x86_64-linux-gnu/libpython3.10.so
[1.244s] -- Found PythonExtra: .so  
[1.304s] -- Found ament_lint_auto: 0.12.11 (/opt/ros/humble/share/ament_lint_auto/cmake)
[1.347s] -- Added test 'lint_cmake' to check CMake code style
[1.349s] -- Added test 'xmllint' to check XML markup files
[1.353s] -- Configuring done
[1.390s] -- Generating done
[1.393s] -- Build files have been written to: /home/bok/project_ws/build/order_msgs
[1.402s] Invoked command in '/home/bok/project_ws/build/order_msgs' returned '0': CMAKE_PREFIX_PATH=${CMAKE_PREFIX_PATH}:/home/bok/project_ws/src/install/turtlebot:/home/bok/turtlebot3_ws/install/turtlebot3_teleop:/home/bok/turtlebot3_ws/install/turtlebot3_example:/home/bok/project_ws/install/turtlebot:/home/bok/ros2_ws/install/ros_study_py:/home/bok/ros2_ws/install/ex_calculator:/home/bok/ros2_ws/install/py_pubsub:/home/bok/ros2_ws/src/install/ros_study_py:/home/bok/ros2_ws/src/install/ex_calculator:/opt/ros/humble /usr/bin/cmake /home/bok/project_ws/src/order_msgs -DCMAKE_INSTALL_PREFIX=/home/bok/project_ws/install/order_msgs
[1.405s] Invoking command in '/home/bok/project_ws/build/order_msgs': CMAKE_PREFIX_PATH=${CMAKE_PREFIX_PATH}:/home/bok/project_ws/src/install/turtlebot:/home/bok/turtlebot3_ws/install/turtlebot3_teleop:/home/bok/turtlebot3_ws/install/turtlebot3_example:/home/bok/project_ws/install/turtlebot:/home/bok/ros2_ws/install/ros_study_py:/home/bok/ros2_ws/install/ex_calculator:/home/bok/ros2_ws/install/py_pubsub:/home/bok/ros2_ws/src/install/ros_study_py:/home/bok/ros2_ws/src/install/ex_calculator:/opt/ros/humble /usr/bin/cmake --build /home/bok/project_ws/build/order_msgs -- -j4 -l4
[1.455s] [  2%] [34m[1mGenerating C code for ROS interfaces[0m
[1.474s] [  5%] [34m[1mGenerating C++ code for ROS interfaces[0m
[1.487s] [  5%] Built target ament_cmake_python_copy_order_msgs
[1.974s] [  5%] Built target order_msgs__cpp
[1.991s] [ 10%] [34m[1mGenerating C++ type support dispatch for ROS interfaces[0m
[1.991s] [ 10%] [34m[1mGenerating C++ type support for eProsima Fast-RTPS[0m
[2.108s] running egg_info
[2.108s] creating order_msgs.egg-info
[2.109s] writing order_msgs.egg-info/PKG-INFO
[2.109s] writing dependency_links to order_msgs.egg-info/dependency_links.txt
[2.110s] writing top-level names to order_msgs.egg-info/top_level.txt
[2.112s] writing manifest file 'order_msgs.egg-info/SOURCES.txt'
[2.114s] reading manifest file 'order_msgs.egg-info/SOURCES.txt'
[2.115s] writing manifest file 'order_msgs.egg-info/SOURCES.txt'
[2.176s] [ 10%] Built target ament_cmake_python_build_order_msgs_egg
[2.199s] [ 12%] [34m[1mGenerating C++ introspection for ROS interfaces[0m
[2.309s] [ 15%] [32mBuilding C object CMakeFiles/order_msgs__rosidl_generator_c.dir/rosidl_generator_c/order_msgs/msg/detail/order_msg__functions.c.o[0m
[2.398s] [ 17%] [32mBuilding C object CMakeFiles/order_msgs__rosidl_generator_c.dir/rosidl_generator_c/order_msgs/srv/detail/order_food__functions.c.o[0m
[2.501s] [ 20%] [32m[1mLinking C shared library liborder_msgs__rosidl_generator_c.so[0m
[2.571s] [ 20%] Built target order_msgs__rosidl_generator_c
[2.587s] [ 23%] [34m[1mGenerating C type support for eProsima Fast-RTPS[0m
[2.612s] [ 25%] [32mBuilding CXX object CMakeFiles/order_msgs__rosidl_typesupport_cpp.dir/rosidl_typesupport_cpp/order_msgs/msg/order_msg__type_support.cpp.o[0m
[2.791s] [ 28%] [32mBuilding CXX object CMakeFiles/order_msgs__rosidl_typesupport_fastrtps_cpp.dir/rosidl_typesupport_fastrtps_cpp/order_msgs/msg/detail/dds_fastrtps/order_msg__type_support.cpp.o[0m
[2.929s] [ 30%] [32mBuilding CXX object CMakeFiles/order_msgs__rosidl_typesupport_introspection_cpp.dir/rosidl_typesupport_introspection_cpp/order_msgs/msg/detail/order_msg__type_support.cpp.o[0m
[3.106s] [ 33%] [32mBuilding CXX object CMakeFiles/order_msgs__rosidl_typesupport_cpp.dir/rosidl_typesupport_cpp/order_msgs/srv/order_food__type_support.cpp.o[0m
[3.310s] [ 35%] [32mBuilding CXX object CMakeFiles/order_msgs__rosidl_typesupport_fastrtps_c.dir/rosidl_typesupport_fastrtps_c/order_msgs/msg/detail/order_msg__type_support_c.cpp.o[0m
[3.541s] [ 38%] [32mBuilding CXX object CMakeFiles/order_msgs__rosidl_typesupport_fastrtps_cpp.dir/rosidl_typesupport_fastrtps_cpp/order_msgs/srv/detail/dds_fastrtps/order_food__type_support.cpp.o[0m
[3.604s] [ 41%] [32m[1mLinking CXX shared library liborder_msgs__rosidl_typesupport_cpp.so[0m
[3.662s] [ 43%] [32mBuilding CXX object CMakeFiles/order_msgs__rosidl_typesupport_introspection_cpp.dir/rosidl_typesupport_introspection_cpp/order_msgs/srv/detail/order_food__type_support.cpp.o[0m
[3.691s] [ 43%] Built target order_msgs__rosidl_typesupport_cpp
[3.704s] [ 46%] [32mBuilding CXX object CMakeFiles/order_msgs__rosidl_typesupport_fastrtps_c.dir/rosidl_typesupport_fastrtps_c/order_msgs/srv/detail/order_food__type_support_c.cpp.o[0m
[3.929s] [ 48%] [34m[1mGenerating C introspection for ROS interfaces[0m
[4.346s] [ 51%] [32m[1mLinking CXX shared library liborder_msgs__rosidl_typesupport_fastrtps_cpp.so[0m
[4.376s] [ 53%] [32m[1mLinking CXX shared library liborder_msgs__rosidl_typesupport_fastrtps_c.so[0m
[4.381s] [ 56%] [32m[1mLinking CXX shared library liborder_msgs__rosidl_typesupport_introspection_cpp.so[0m
[4.522s] [ 56%] Built target order_msgs__rosidl_typesupport_introspection_cpp
[4.523s] [ 56%] Built target order_msgs__rosidl_typesupport_fastrtps_cpp
[4.536s] [ 58%] [34m[1mGenerating C type support dispatch for ROS interfaces[0m
[4.543s] [ 58%] Built target order_msgs__rosidl_typesupport_fastrtps_c
[4.619s] [ 64%] [32mBuilding C object CMakeFiles/order_msgs__rosidl_typesupport_introspection_c.dir/rosidl_typesupport_introspection_c/order_msgs/msg/detail/order_msg__type_support.c.o[0m
[4.619s] [ 64%] [32mBuilding C object CMakeFiles/order_msgs__rosidl_typesupport_introspection_c.dir/rosidl_typesupport_introspection_c/order_msgs/srv/detail/order_food__type_support.c.o[0m
[4.678s] [ 66%] [32m[1mLinking C shared library liborder_msgs__rosidl_typesupport_introspection_c.so[0m
[4.713s] [ 66%] Built target order_msgs__rosidl_typesupport_introspection_c
[4.893s] [ 71%] [32mBuilding CXX object CMakeFiles/order_msgs__rosidl_typesupport_c.dir/rosidl_typesupport_c/order_msgs/msg/order_msg__type_support.cpp.o[0m
[4.893s] [ 71%] [32mBuilding CXX object CMakeFiles/order_msgs__rosidl_typesupport_c.dir/rosidl_typesupport_c/order_msgs/srv/order_food__type_support.cpp.o[0m
[4.928s] [ 74%] [32m[1mLinking CXX shared library liborder_msgs__rosidl_typesupport_c.so[0m
[4.975s] [ 74%] Built target order_msgs__rosidl_typesupport_c
[4.999s] [ 74%] Built target order_msgs
[5.022s] [ 76%] [34m[1mGenerating Python code for ROS interfaces[0m
[5.590s] [ 76%] Built target order_msgs__py
[5.612s] [ 82%] [32mBuilding C object CMakeFiles/order_msgs__rosidl_generator_py.dir/rosidl_generator_py/order_msgs/srv/_order_food_s.c.o[0m
[5.613s] [ 82%] [32mBuilding C object CMakeFiles/order_msgs__rosidl_generator_py.dir/rosidl_generator_py/order_msgs/msg/_order_msg_s.c.o[0m
[5.807s] [ 84%] [32m[1mLinking C shared library rosidl_generator_py/order_msgs/liborder_msgs__rosidl_generator_py.so[0m
[5.852s] [ 84%] Built target order_msgs__rosidl_generator_py
[5.882s] [ 87%] [32mBuilding C object CMakeFiles/order_msgs__rosidl_typesupport_introspection_c__pyext.dir/rosidl_generator_py/order_msgs/_order_msgs_s.ep.rosidl_typesupport_introspection_c.c.o[0m
[5.884s] [ 89%] [32mBuilding C object CMakeFiles/order_msgs__rosidl_typesupport_c__pyext.dir/rosidl_generator_py/order_msgs/_order_msgs_s.ep.rosidl_typesupport_c.c.o[0m
[5.889s] [ 92%] [32mBuilding C object CMakeFiles/order_msgs__rosidl_typesupport_fastrtps_c__pyext.dir/rosidl_generator_py/order_msgs/_order_msgs_s.ep.rosidl_typesupport_fastrtps_c.c.o[0m
[6.015s] [ 94%] [32m[1mLinking C shared library rosidl_generator_py/order_msgs/order_msgs_s__rosidl_typesupport_c.cpython-310-x86_64-linux-gnu.so[0m
[6.060s] [ 94%] Built target order_msgs__rosidl_typesupport_c__pyext
[6.076s] [ 97%] [32m[1mLinking C shared library rosidl_generator_py/order_msgs/order_msgs_s__rosidl_typesupport_introspection_c.cpython-310-x86_64-linux-gnu.so[0m
[6.080s] [100%] [32m[1mLinking C shared library rosidl_generator_py/order_msgs/order_msgs_s__rosidl_typesupport_fastrtps_c.cpython-310-x86_64-linux-gnu.so[0m
[6.118s] [100%] Built target order_msgs__rosidl_typesupport_introspection_c__pyext
[6.122s] [100%] Built target order_msgs__rosidl_typesupport_fastrtps_c__pyext
[6.137s] Invoked command in '/home/bok/project_ws/build/order_msgs' returned '0': CMAKE_PREFIX_PATH=${CMAKE_PREFIX_PATH}:/home/bok/project_ws/src/install/turtlebot:/home/bok/turtlebot3_ws/install/turtlebot3_teleop:/home/bok/turtlebot3_ws/install/turtlebot3_example:/home/bok/project_ws/install/turtlebot:/home/bok/ros2_ws/install/ros_study_py:/home/bok/ros2_ws/install/ex_calculator:/home/bok/ros2_ws/install/py_pubsub:/home/bok/ros2_ws/src/install/ros_study_py:/home/bok/ros2_ws/src/install/ex_calculator:/opt/ros/humble /usr/bin/cmake --build /home/bok/project_ws/build/order_msgs -- -j4 -l4
[6.243s] Invoking command in '/home/bok/project_ws/build/order_msgs': CMAKE_PREFIX_PATH=${CMAKE_PREFIX_PATH}:/home/bok/project_ws/src/install/turtlebot:/home/bok/turtlebot3_ws/install/turtlebot3_teleop:/home/bok/turtlebot3_ws/install/turtlebot3_example:/home/bok/project_ws/install/turtlebot:/home/bok/ros2_ws/install/ros_study_py:/home/bok/ros2_ws/install/ex_calculator:/home/bok/ros2_ws/install/py_pubsub:/home/bok/ros2_ws/src/install/ros_study_py:/home/bok/ros2_ws/src/install/ex_calculator:/opt/ros/humble /usr/bin/cmake --install /home/bok/project_ws/build/order_msgs
[6.251s] -- Install configuration: ""
[6.251s] -- Installing: /home/bok/project_ws/install/order_msgs/share/ament_index/resource_index/rosidl_interfaces/order_msgs
[6.251s] -- Installing: /home/bok/project_ws/install/order_msgs/include/order_msgs/order_msgs
[6.252s] -- Installing: /home/bok/project_ws/install/order_msgs/include/order_msgs/order_msgs/srv
[6.252s] -- Installing: /home/bok/project_ws/install/order_msgs/include/order_msgs/order_msgs/srv/order_food.h
[6.252s] -- Installing: /home/bok/project_ws/install/order_msgs/include/order_msgs/order_msgs/srv/detail
[6.252s] -- Installing: /home/bok/project_ws/install/order_msgs/include/order_msgs/order_msgs/srv/detail/order_food__struct.h
[6.252s] -- Installing: /home/bok/project_ws/install/order_msgs/include/order_msgs/order_msgs/srv/detail/order_food__functions.c
[6.252s] -- Installing: /home/bok/project_ws/install/order_msgs/include/order_msgs/order_msgs/srv/detail/order_food__functions.h
[6.252s] -- Installing: /home/bok/project_ws/install/order_msgs/include/order_msgs/order_msgs/srv/detail/order_food__type_support.h
[6.253s] -- Installing: /home/bok/project_ws/install/order_msgs/include/order_msgs/order_msgs/msg
[6.253s] -- Installing: /home/bok/project_ws/install/order_msgs/include/order_msgs/order_msgs/msg/order_msg.h
[6.253s] -- Installing: /home/bok/project_ws/install/order_msgs/include/order_msgs/order_msgs/msg/rosidl_generator_c__visibility_control.h
[6.253s] -- Installing: /home/bok/project_ws/install/order_msgs/include/order_msgs/order_msgs/msg/detail
[6.253s] -- Installing: /home/bok/project_ws/install/order_msgs/include/order_msgs/order_msgs/msg/detail/order_msg__functions.c
[6.253s] -- Installing: /home/bok/project_ws/install/order_msgs/include/order_msgs/order_msgs/msg/detail/order_msg__struct.h
[6.253s] -- Installing: /home/bok/project_ws/install/order_msgs/include/order_msgs/order_msgs/msg/detail/order_msg__type_support.h
[6.254s] -- Installing: /home/bok/project_ws/install/order_msgs/include/order_msgs/order_msgs/msg/detail/order_msg__functions.h
[6.254s] -- Installing: /home/bok/project_ws/install/order_msgs/share/order_msgs/environment/library_path.sh
[6.254s] -- Installing: /home/bok/project_ws/install/order_msgs/share/order_msgs/environment/library_path.dsv
[6.254s] -- Installing: /home/bok/project_ws/install/order_msgs/lib/liborder_msgs__rosidl_generator_c.so
[6.255s] -- Set runtime path of "/home/bok/project_ws/install/order_msgs/lib/liborder_msgs__rosidl_generator_c.so" to ""
[6.255s] -- Up-to-date: /home/bok/project_ws/install/order_msgs/include/order_msgs/order_msgs
[6.255s] -- Up-to-date: /home/bok/project_ws/install/order_msgs/include/order_msgs/order_msgs/srv
[6.255s] -- Up-to-date: /home/bok/project_ws/install/order_msgs/include/order_msgs/order_msgs/srv/detail
[6.255s] -- Installing: /home/bok/project_ws/install/order_msgs/include/order_msgs/order_msgs/srv/detail/order_food__rosidl_typesupport_fastrtps_c.h
[6.255s] -- Up-to-date: /home/bok/project_ws/install/order_msgs/include/order_msgs/order_msgs/msg
[6.256s] -- Installing: /home/bok/project_ws/install/order_msgs/include/order_msgs/order_msgs/msg/rosidl_typesupport_fastrtps_c__visibility_control.h
[6.256s] -- Up-to-date: /home/bok/project_ws/install/order_msgs/include/order_msgs/order_msgs/msg/detail
[6.256s] -- Installing: /home/bok/project_ws/install/order_msgs/include/order_msgs/order_msgs/msg/detail/order_msg__rosidl_typesupport_fastrtps_c.h
[6.256s] -- Installing: /home/bok/project_ws/install/order_msgs/lib/liborder_msgs__rosidl_typesupport_fastrtps_c.so
[6.256s] -- Set runtime path of "/home/bok/project_ws/install/order_msgs/lib/liborder_msgs__rosidl_typesupport_fastrtps_c.so" to ""
[6.256s] -- Up-to-date: /home/bok/project_ws/install/order_msgs/include/order_msgs/order_msgs
[6.257s] -- Up-to-date: /home/bok/project_ws/install/order_msgs/include/order_msgs/order_msgs/srv
[6.257s] -- Installing: /home/bok/project_ws/install/order_msgs/include/order_msgs/order_msgs/srv/order_food.hpp
[6.257s] -- Up-to-date: /home/bok/project_ws/install/order_msgs/include/order_msgs/order_msgs/srv/detail
[6.257s] -- Installing: /home/bok/project_ws/install/order_msgs/include/order_msgs/order_msgs/srv/detail/order_food__traits.hpp
[6.257s] -- Installing: /home/bok/project_ws/install/order_msgs/include/order_msgs/order_msgs/srv/detail/order_food__builder.hpp
[6.258s] -- Installing: /home/bok/project_ws/install/order_msgs/include/order_msgs/order_msgs/srv/detail/order_food__struct.hpp
[6.258s] -- Up-to-date: /home/bok/project_ws/install/order_msgs/include/order_msgs/order_msgs/msg
[6.258s] -- Installing: /home/bok/project_ws/install/order_msgs/include/order_msgs/order_msgs/msg/order_msg.hpp
[6.258s] -- Up-to-date: /home/bok/project_ws/install/order_msgs/include/order_msgs/order_msgs/msg/detail
[6.258s] -- Installing: /home/bok/project_ws/install/order_msgs/include/order_msgs/order_msgs/msg/detail/order_msg__traits.hpp
[6.258s] -- Installing: /home/bok/project_ws/install/order_msgs/include/order_msgs/order_msgs/msg/detail/order_msg__builder.hpp
[6.259s] -- Installing: /home/bok/project_ws/install/order_msgs/include/order_msgs/order_msgs/msg/detail/order_msg__struct.hpp
[6.259s] -- Up-to-date: /home/bok/project_ws/install/order_msgs/include/order_msgs/order_msgs
[6.259s] -- Up-to-date: /home/bok/project_ws/install/order_msgs/include/order_msgs/order_msgs/srv
[6.259s] -- Up-to-date: /home/bok/project_ws/install/order_msgs/include/order_msgs/order_msgs/srv/detail
[6.259s] -- Installing: /home/bok/project_ws/install/order_msgs/include/order_msgs/order_msgs/srv/detail/dds_fastrtps
[6.259s] -- Installing: /home/bok/project_ws/install/order_msgs/include/order_msgs/order_msgs/srv/detail/order_food__rosidl_typesupport_fastrtps_cpp.hpp
[6.259s] -- Up-to-date: /home/bok/project_ws/install/order_msgs/include/order_msgs/order_msgs/msg
[6.259s] -- Installing: /home/bok/project_ws/install/order_msgs/include/order_msgs/order_msgs/msg/rosidl_typesupport_fastrtps_cpp__visibility_control.h
[6.260s] -- Up-to-date: /home/bok/project_ws/install/order_msgs/include/order_msgs/order_msgs/msg/detail
[6.260s] -- Installing: /home/bok/project_ws/install/order_msgs/include/order_msgs/order_msgs/msg/detail/dds_fastrtps
[6.260s] -- Installing: /home/bok/project_ws/install/order_msgs/include/order_msgs/order_msgs/msg/detail/order_msg__rosidl_typesupport_fastrtps_cpp.hpp
[6.260s] -- Installing: /home/bok/project_ws/install/order_msgs/lib/liborder_msgs__rosidl_typesupport_fastrtps_cpp.so
[6.260s] -- Set runtime path of "/home/bok/project_ws/install/order_msgs/lib/liborder_msgs__rosidl_typesupport_fastrtps_cpp.so" to ""
[6.260s] -- Up-to-date: /home/bok/project_ws/install/order_msgs/include/order_msgs/order_msgs
[6.260s] -- Up-to-date: /home/bok/project_ws/install/order_msgs/include/order_msgs/order_msgs/srv
[6.260s] -- Up-to-date: /home/bok/project_ws/install/order_msgs/include/order_msgs/order_msgs/srv/detail
[6.261s] -- Installing: /home/bok/project_ws/install/order_msgs/include/order_msgs/order_msgs/srv/detail/order_food__type_support.c
[6.261s] -- Installing: /home/bok/project_ws/install/order_msgs/include/order_msgs/order_msgs/srv/detail/order_food__rosidl_typesupport_introspection_c.h
[6.261s] -- Up-to-date: /home/bok/project_ws/install/order_msgs/include/order_msgs/order_msgs/msg
[6.261s] -- Installing: /home/bok/project_ws/install/order_msgs/include/order_msgs/order_msgs/msg/rosidl_typesupport_introspection_c__visibility_control.h
[6.261s] -- Up-to-date: /home/bok/project_ws/install/order_msgs/include/order_msgs/order_msgs/msg/detail
[6.261s] -- Installing: /home/bok/project_ws/install/order_msgs/include/order_msgs/order_msgs/msg/detail/order_msg__type_support.c
[6.261s] -- Installing: /home/bok/project_ws/install/order_msgs/include/order_msgs/order_msgs/msg/detail/order_msg__rosidl_typesupport_introspection_c.h
[6.261s] -- Installing: /home/bok/project_ws/install/order_msgs/lib/liborder_msgs__rosidl_typesupport_introspection_c.so
[6.262s] -- Set runtime path of "/home/bok/project_ws/install/order_msgs/lib/liborder_msgs__rosidl_typesupport_introspection_c.so" to ""
[6.262s] -- Installing: /home/bok/project_ws/install/order_msgs/lib/liborder_msgs__rosidl_typesupport_c.so
[6.262s] -- Set runtime path of "/home/bok/project_ws/install/order_msgs/lib/liborder_msgs__rosidl_typesupport_c.so" to ""
[6.262s] -- Up-to-date: /home/bok/project_ws/install/order_msgs/include/order_msgs/order_msgs
[6.262s] -- Up-to-date: /home/bok/project_ws/install/order_msgs/include/order_msgs/order_msgs/srv
[6.263s] -- Up-to-date: /home/bok/project_ws/install/order_msgs/include/order_msgs/order_msgs/srv/detail
[6.263s] -- Installing: /home/bok/project_ws/install/order_msgs/include/order_msgs/order_msgs/srv/detail/order_food__rosidl_typesupport_introspection_cpp.hpp
[6.263s] -- Installing: /home/bok/project_ws/install/order_msgs/include/order_msgs/order_msgs/srv/detail/order_food__type_support.cpp
[6.263s] -- Up-to-date: /home/bok/project_ws/install/order_msgs/include/order_msgs/order_msgs/msg
[6.263s] -- Up-to-date: /home/bok/project_ws/install/order_msgs/include/order_msgs/order_msgs/msg/detail
[6.263s] -- Installing: /home/bok/project_ws/install/order_msgs/include/order_msgs/order_msgs/msg/detail/order_msg__type_support.cpp
[6.263s] -- Installing: /home/bok/project_ws/install/order_msgs/include/order_msgs/order_msgs/msg/detail/order_msg__rosidl_typesupport_introspection_cpp.hpp
[6.264s] -- Installing: /home/bok/project_ws/install/order_msgs/lib/liborder_msgs__rosidl_typesupport_introspection_cpp.so
[6.264s] -- Set runtime path of "/home/bok/project_ws/install/order_msgs/lib/liborder_msgs__rosidl_typesupport_introspection_cpp.so" to ""
[6.265s] -- Installing: /home/bok/project_ws/install/order_msgs/lib/liborder_msgs__rosidl_typesupport_cpp.so
[6.265s] -- Set runtime path of "/home/bok/project_ws/install/order_msgs/lib/liborder_msgs__rosidl_typesupport_cpp.so" to ""
[6.266s] -- Installing: /home/bok/project_ws/install/order_msgs/share/order_msgs/environment/pythonpath.sh
[6.266s] -- Installing: /home/bok/project_ws/install/order_msgs/share/order_msgs/environment/pythonpath.dsv
[6.266s] -- Installing: /home/bok/project_ws/install/order_msgs/local/lib/python3.10/dist-packages/order_msgs-0.0.0-py3.10.egg-info
[6.266s] -- Installing: /home/bok/project_ws/install/order_msgs/local/lib/python3.10/dist-packages/order_msgs-0.0.0-py3.10.egg-info/dependency_links.txt
[6.267s] -- Installing: /home/bok/project_ws/install/order_msgs/local/lib/python3.10/dist-packages/order_msgs-0.0.0-py3.10.egg-info/SOURCES.txt
[6.267s] -- Installing: /home/bok/project_ws/install/order_msgs/local/lib/python3.10/dist-packages/order_msgs-0.0.0-py3.10.egg-info/PKG-INFO
[6.267s] -- Installing: /home/bok/project_ws/install/order_msgs/local/lib/python3.10/dist-packages/order_msgs-0.0.0-py3.10.egg-info/top_level.txt
[6.268s] -- Installing: /home/bok/project_ws/install/order_msgs/local/lib/python3.10/dist-packages/order_msgs
[6.268s] -- Installing: /home/bok/project_ws/install/order_msgs/local/lib/python3.10/dist-packages/order_msgs/_order_msgs_s.ep.rosidl_typesupport_c.c
[6.269s] -- Installing: /home/bok/project_ws/install/order_msgs/local/lib/python3.10/dist-packages/order_msgs/order_msgs_s__rosidl_typesupport_c.cpython-310-x86_64-linux-gnu.so
[6.269s] -- Installing: /home/bok/project_ws/install/order_msgs/local/lib/python3.10/dist-packages/order_msgs/liborder_msgs__rosidl_generator_py.so
[6.269s] -- Installing: /home/bok/project_ws/install/order_msgs/local/lib/python3.10/dist-packages/order_msgs/_order_msgs_s.ep.rosidl_typesupport_fastrtps_c.c
[6.269s] -- Installing: /home/bok/project_ws/install/order_msgs/local/lib/python3.10/dist-packages/order_msgs/srv
[6.269s] -- Installing: /home/bok/project_ws/install/order_msgs/local/lib/python3.10/dist-packages/order_msgs/srv/_order_food.py
[6.269s] -- Installing: /home/bok/project_ws/install/order_msgs/local/lib/python3.10/dist-packages/order_msgs/srv/_order_food_s.c
[6.270s] -- Installing: /home/bok/project_ws/install/order_msgs/local/lib/python3.10/dist-packages/order_msgs/srv/__init__.py
[6.270s] -- Installing: /home/bok/project_ws/install/order_msgs/local/lib/python3.10/dist-packages/order_msgs/_order_msgs_s.ep.rosidl_typesupport_introspection_c.c
[6.270s] -- Installing: /home/bok/project_ws/install/order_msgs/local/lib/python3.10/dist-packages/order_msgs/__init__.py
[6.270s] -- Installing: /home/bok/project_ws/install/order_msgs/local/lib/python3.10/dist-packages/order_msgs/order_msgs_s__rosidl_typesupport_fastrtps_c.cpython-310-x86_64-linux-gnu.so
[6.270s] -- Installing: /home/bok/project_ws/install/order_msgs/local/lib/python3.10/dist-packages/order_msgs/order_msgs_s__rosidl_typesupport_introspection_c.cpython-310-x86_64-linux-gnu.so
[6.270s] -- Installing: /home/bok/project_ws/install/order_msgs/local/lib/python3.10/dist-packages/order_msgs/msg
[6.270s] -- Installing: /home/bok/project_ws/install/order_msgs/local/lib/python3.10/dist-packages/order_msgs/msg/_order_msg_s.c
[6.270s] -- Installing: /home/bok/project_ws/install/order_msgs/local/lib/python3.10/dist-packages/order_msgs/msg/_order_msg.py
[6.270s] -- Installing: /home/bok/project_ws/install/order_msgs/local/lib/python3.10/dist-packages/order_msgs/msg/__init__.py
[6.333s] Listing '/home/bok/project_ws/install/order_msgs/local/lib/python3.10/dist-packages/order_msgs'...
[6.334s] Compiling '/home/bok/project_ws/install/order_msgs/local/lib/python3.10/dist-packages/order_msgs/__init__.py'...
[6.334s] Listing '/home/bok/project_ws/install/order_msgs/local/lib/python3.10/dist-packages/order_msgs/msg'...
[6.334s] Compiling '/home/bok/project_ws/install/order_msgs/local/lib/python3.10/dist-packages/order_msgs/msg/__init__.py'...
[6.334s] Compiling '/home/bok/project_ws/install/order_msgs/local/lib/python3.10/dist-packages/order_msgs/msg/_order_msg.py'...
[6.334s] Listing '/home/bok/project_ws/install/order_msgs/local/lib/python3.10/dist-packages/order_msgs/srv'...
[6.334s] Compiling '/home/bok/project_ws/install/order_msgs/local/lib/python3.10/dist-packages/order_msgs/srv/__init__.py'...
[6.334s] Compiling '/home/bok/project_ws/install/order_msgs/local/lib/python3.10/dist-packages/order_msgs/srv/_order_food.py'...
[6.342s] -- Installing: /home/bok/project_ws/install/order_msgs/local/lib/python3.10/dist-packages/order_msgs/order_msgs_s__rosidl_typesupport_fastrtps_c.cpython-310-x86_64-linux-gnu.so
[6.342s] -- Set runtime path of "/home/bok/project_ws/install/order_msgs/local/lib/python3.10/dist-packages/order_msgs/order_msgs_s__rosidl_typesupport_fastrtps_c.cpython-310-x86_64-linux-gnu.so" to ""
[6.343s] -- Installing: /home/bok/project_ws/install/order_msgs/local/lib/python3.10/dist-packages/order_msgs/order_msgs_s__rosidl_typesupport_introspection_c.cpython-310-x86_64-linux-gnu.so
[6.343s] -- Set runtime path of "/home/bok/project_ws/install/order_msgs/local/lib/python3.10/dist-packages/order_msgs/order_msgs_s__rosidl_typesupport_introspection_c.cpython-310-x86_64-linux-gnu.so" to ""
[6.344s] -- Installing: /home/bok/project_ws/install/order_msgs/local/lib/python3.10/dist-packages/order_msgs/order_msgs_s__rosidl_typesupport_c.cpython-310-x86_64-linux-gnu.so
[6.344s] -- Set runtime path of "/home/bok/project_ws/install/order_msgs/local/lib/python3.10/dist-packages/order_msgs/order_msgs_s__rosidl_typesupport_c.cpython-310-x86_64-linux-gnu.so" to ""
[6.344s] -- Installing: /home/bok/project_ws/install/order_msgs/lib/liborder_msgs__rosidl_generator_py.so
[6.345s] -- Set runtime path of "/home/bok/project_ws/install/order_msgs/lib/liborder_msgs__rosidl_generator_py.so" to ""
[6.345s] -- Installing: /home/bok/project_ws/install/order_msgs/share/order_msgs/msg/OrderMsg.idl
[6.345s] -- Installing: /home/bok/project_ws/install/order_msgs/share/order_msgs/srv/OrderFood.idl
[6.345s] -- Installing: /home/bok/project_ws/install/order_msgs/share/order_msgs/msg/OrderMsg.msg
[6.346s] -- Installing: /home/bok/project_ws/install/order_msgs/share/order_msgs/srv/OrderFood.srv
[6.346s] -- Installing: /home/bok/project_ws/install/order_msgs/share/order_msgs/srv/OrderFood_Request.msg
[6.346s] -- Installing: /home/bok/project_ws/install/order_msgs/share/order_msgs/srv/OrderFood_Response.msg
[6.346s] -- Installing: /home/bok/project_ws/install/order_msgs/share/ament_index/resource_index/package_run_dependencies/order_msgs
[6.346s] -- Installing: /home/bok/project_ws/install/order_msgs/share/ament_index/resource_index/parent_prefix_path/order_msgs
[6.347s] -- Installing: /home/bok/project_ws/install/order_msgs/share/order_msgs/environment/ament_prefix_path.sh
[6.347s] -- Installing: /home/bok/project_ws/install/order_msgs/share/order_msgs/environment/ament_prefix_path.dsv
[6.347s] -- Installing: /home/bok/project_ws/install/order_msgs/share/order_msgs/environment/path.sh
[6.347s] -- Installing: /home/bok/project_ws/install/order_msgs/share/order_msgs/environment/path.dsv
[6.347s] -- Installing: /home/bok/project_ws/install/order_msgs/share/order_msgs/local_setup.bash
[6.348s] -- Installing: /home/bok/project_ws/install/order_msgs/share/order_msgs/local_setup.sh
[6.348s] -- Installing: /home/bok/project_ws/install/order_msgs/share/order_msgs/local_setup.zsh
[6.348s] -- Installing: /home/bok/project_ws/install/order_msgs/share/order_msgs/local_setup.dsv
[6.348s] -- Installing: /home/bok/project_ws/install/order_msgs/share/order_msgs/package.dsv
[6.348s] -- Installing: /home/bok/project_ws/install/order_msgs/share/ament_index/resource_index/packages/order_msgs
[6.349s] -- Installing: /home/bok/project_ws/install/order_msgs/share/order_msgs/cmake/export_order_msgs__rosidl_generator_cExport.cmake
[6.349s] -- Installing: /home/bok/project_ws/install/order_msgs/share/order_msgs/cmake/export_order_msgs__rosidl_generator_cExport-noconfig.cmake
[6.349s] -- Installing: /home/bok/project_ws/install/order_msgs/share/order_msgs/cmake/export_order_msgs__rosidl_typesupport_fastrtps_cExport.cmake
[6.349s] -- Installing: /home/bok/project_ws/install/order_msgs/share/order_msgs/cmake/export_order_msgs__rosidl_typesupport_fastrtps_cExport-noconfig.cmake
[6.349s] -- Installing: /home/bok/project_ws/install/order_msgs/share/order_msgs/cmake/export_order_msgs__rosidl_generator_cppExport.cmake
[6.350s] -- Installing: /home/bok/project_ws/install/order_msgs/share/order_msgs/cmake/export_order_msgs__rosidl_typesupport_fastrtps_cppExport.cmake
[6.350s] -- Installing: /home/bok/project_ws/install/order_msgs/share/order_msgs/cmake/export_order_msgs__rosidl_typesupport_fastrtps_cppExport-noconfig.cmake
[6.350s] -- Installing: /home/bok/project_ws/install/order_msgs/share/order_msgs/cmake/order_msgs__rosidl_typesupport_introspection_cExport.cmake
[6.350s] -- Installing: /home/bok/project_ws/install/order_msgs/share/order_msgs/cmake/order_msgs__rosidl_typesupport_introspection_cExport-noconfig.cmake
[6.350s] -- Installing: /home/bok/project_ws/install/order_msgs/share/order_msgs/cmake/order_msgs__rosidl_typesupport_cExport.cmake
[6.351s] -- Installing: /home/bok/project_ws/install/order_msgs/share/order_msgs/cmake/order_msgs__rosidl_typesupport_cExport-noconfig.cmake
[6.351s] -- Installing: /home/bok/project_ws/install/order_msgs/share/order_msgs/cmake/order_msgs__rosidl_typesupport_introspection_cppExport.cmake
[6.351s] -- Installing: /home/bok/project_ws/install/order_msgs/share/order_msgs/cmake/order_msgs__rosidl_typesupport_introspection_cppExport-noconfig.cmake
[6.351s] -- Installing: /home/bok/project_ws/install/order_msgs/share/order_msgs/cmake/order_msgs__rosidl_typesupport_cppExport.cmake
[6.352s] -- Installing: /home/bok/project_ws/install/order_msgs/share/order_msgs/cmake/order_msgs__rosidl_typesupport_cppExport-noconfig.cmake
[6.352s] -- Installing: /home/bok/project_ws/install/order_msgs/share/order_msgs/cmake/export_order_msgs__rosidl_generator_pyExport.cmake
[6.352s] -- Installing: /home/bok/project_ws/install/order_msgs/share/order_msgs/cmake/export_order_msgs__rosidl_generator_pyExport-noconfig.cmake
[6.352s] -- Installing: /home/bok/project_ws/install/order_msgs/share/order_msgs/cmake/rosidl_cmake-extras.cmake
[6.352s] -- Installing: /home/bok/project_ws/install/order_msgs/share/order_msgs/cmake/ament_cmake_export_dependencies-extras.cmake
[6.353s] -- Installing: /home/bok/project_ws/install/order_msgs/share/order_msgs/cmake/ament_cmake_export_include_directories-extras.cmake
[6.353s] -- Installing: /home/bok/project_ws/install/order_msgs/share/order_msgs/cmake/ament_cmake_export_libraries-extras.cmake
[6.353s] -- Installing: /home/bok/project_ws/install/order_msgs/share/order_msgs/cmake/ament_cmake_export_targets-extras.cmake
[6.353s] -- Installing: /home/bok/project_ws/install/order_msgs/share/order_msgs/cmake/rosidl_cmake_export_typesupport_targets-extras.cmake
[6.353s] -- Installing: /home/bok/project_ws/install/order_msgs/share/order_msgs/cmake/rosidl_cmake_export_typesupport_libraries-extras.cmake
[6.353s] -- Installing: /home/bok/project_ws/install/order_msgs/share/order_msgs/cmake/order_msgsConfig.cmake
[6.354s] -- Installing: /home/bok/project_ws/install/order_msgs/share/order_msgs/cmake/order_msgsConfig-version.cmake
[6.354s] -- Installing: /home/bok/project_ws/install/order_msgs/share/order_msgs/package.xml
[6.357s] Invoked command in '/home/bok/project_ws/build/order_msgs' returned '0': CMAKE_PREFIX_PATH=${CMAKE_PREFIX_PATH}:/home/bok/project_ws/src/install/turtlebot:/home/bok/turtlebot3_ws/install/turtlebot3_teleop:/home/bok/turtlebot3_ws/install/turtlebot3_example:/home/bok/project_ws/install/turtlebot:/home/bok/ros2_ws/install/ros_study_py:/home/bok/ros2_ws/install/ex_calculator:/home/bok/ros2_ws/install/py_pubsub:/home/bok/ros2_ws/src/install/ros_study_py:/home/bok/ros2_ws/src/install/ex_calculator:/opt/ros/humble /usr/bin/cmake --install /home/bok/project_ws/build/order_msgs
