/home/bok/baby_ws/install/bossbaby/lib/python3.10/site-packages/bossbaby/test.py
/home/bok/baby_ws/install/bossbaby/lib/python3.10/site-packages/bossbaby/move_test.py
/home/bok/baby_ws/install/bossbaby/lib/python3.10/site-packages/bossbaby/app.py
/home/bok/baby_ws/install/bossbaby/lib/python3.10/site-packages/bossbaby/capture.py
/home/bok/baby_ws/install/bossbaby/lib/python3.10/site-packages/bossbaby/subscriber.py
/home/bok/baby_ws/install/bossbaby/lib/python3.10/site-packages/bossbaby/up_flask.py
/home/bok/baby_ws/install/bossbaby/lib/python3.10/site-packages/bossbaby/detection.py
/home/bok/baby_ws/install/bossbaby/lib/python3.10/site-packages/bossbaby/move.py
/home/bok/baby_ws/install/bossbaby/lib/python3.10/site-packages/bossbaby/__init__.py
/home/bok/baby_ws/install/bossbaby/lib/python3.10/site-packages/bossbaby/two_camera_box.py
/home/bok/baby_ws/install/bossbaby/lib/python3.10/site-packages/bossbaby/up_camera.py
/home/bok/baby_ws/install/bossbaby/lib/python3.10/site-packages/bossbaby/__pycache__/test.cpython-310.pyc
/home/bok/baby_ws/install/bossbaby/lib/python3.10/site-packages/bossbaby/__pycache__/move_test.cpython-310.pyc
/home/bok/baby_ws/install/bossbaby/lib/python3.10/site-packages/bossbaby/__pycache__/app.cpython-310.pyc
/home/bok/baby_ws/install/bossbaby/lib/python3.10/site-packages/bossbaby/__pycache__/capture.cpython-310.pyc
/home/bok/baby_ws/install/bossbaby/lib/python3.10/site-packages/bossbaby/__pycache__/subscriber.cpython-310.pyc
/home/bok/baby_ws/install/bossbaby/lib/python3.10/site-packages/bossbaby/__pycache__/up_flask.cpython-310.pyc
/home/bok/baby_ws/install/bossbaby/lib/python3.10/site-packages/bossbaby/__pycache__/detection.cpython-310.pyc
/home/bok/baby_ws/install/bossbaby/lib/python3.10/site-packages/bossbaby/__pycache__/move.cpython-310.pyc
/home/bok/baby_ws/install/bossbaby/lib/python3.10/site-packages/bossbaby/__pycache__/__init__.cpython-310.pyc
/home/bok/baby_ws/install/bossbaby/lib/python3.10/site-packages/bossbaby/__pycache__/two_camera_box.cpython-310.pyc
/home/bok/baby_ws/install/bossbaby/lib/python3.10/site-packages/bossbaby/__pycache__/up_camera.cpython-310.pyc
/home/bok/baby_ws/install/bossbaby/share/ament_index/resource_index/packages/bossbaby
/home/bok/baby_ws/install/bossbaby/share/bossbaby/package.xml
/home/bok/baby_ws/install/bossbaby/lib/python3.10/site-packages/bossbaby-0.0.0-py3.10.egg-info/requires.txt
/home/bok/baby_ws/install/bossbaby/lib/python3.10/site-packages/bossbaby-0.0.0-py3.10.egg-info/dependency_links.txt
/home/bok/baby_ws/install/bossbaby/lib/python3.10/site-packages/bossbaby-0.0.0-py3.10.egg-info/SOURCES.txt
/home/bok/baby_ws/install/bossbaby/lib/python3.10/site-packages/bossbaby-0.0.0-py3.10.egg-info/PKG-INFO
/home/bok/baby_ws/install/bossbaby/lib/python3.10/site-packages/bossbaby-0.0.0-py3.10.egg-info/top_level.txt
/home/bok/baby_ws/install/bossbaby/lib/python3.10/site-packages/bossbaby-0.0.0-py3.10.egg-info/entry_points.txt
/home/bok/baby_ws/install/bossbaby/lib/python3.10/site-packages/bossbaby-0.0.0-py3.10.egg-info/zip-safe
/home/bok/baby_ws/install/bossbaby/lib/bossbaby/app
/home/bok/baby_ws/install/bossbaby/lib/bossbaby/detection
/home/bok/baby_ws/install/bossbaby/lib/bossbaby/move
/home/bok/baby_ws/install/bossbaby/lib/bossbaby/move_test
/home/bok/baby_ws/install/bossbaby/lib/bossbaby/subscriber
/home/bok/baby_ws/install/bossbaby/lib/bossbaby/up_camera
/home/bok/baby_ws/install/bossbaby/lib/bossbaby/up_flask
