[  3%] Built target type__cpp
[ 12%] Built target type__rosidl_generator_c
[ 12%] Built target ament_cmake_python_copy_type
[ 22%] Built target type__rosidl_typesupport_fastrtps_cpp
[ 32%] Built target type__rosidl_typesupport_cpp
[ 41%] Built target type__rosidl_typesupport_introspection_cpp
[ 51%] Built target type__rosidl_typesupport_fastrtps_c
[ 61%] Built target type__rosidl_typesupport_introspection_c
[ 70%] Built target type__rosidl_typesupport_c
[ 70%] Built target type
[ 74%] Built target type__py
[ 80%] Built target type__rosidl_generator_py
[ 93%] Built target type__rosidl_typesupport_fastrtps_c__pyext
[ 93%] Built target type__rosidl_typesupport_introspection_c__pyext
[100%] Built target type__rosidl_typesupport_c__pyext
running egg_info
writing type.egg-info/PKG-INFO
writing dependency_links to type.egg-info/dependency_links.txt
writing top-level names to type.egg-info/top_level.txt
reading manifest file 'type.egg-info/SOURCES.txt'
writing manifest file 'type.egg-info/SOURCES.txt'
[100%] Built target ament_cmake_python_build_type_egg
-- Install configuration: ""
-- Up-to-date: /home/bok/ff_ws/install/type/share/ament_index/resource_index/rosidl_interfaces/type
-- Up-to-date: /home/bok/ff_ws/install/type/include/type/type
-- Up-to-date: /home/bok/ff_ws/install/type/include/type/type/srv
-- Up-to-date: /home/bok/ff_ws/install/type/include/type/type/srv/start_time.h
-- Up-to-date: /home/bok/ff_ws/install/type/include/type/type/srv/detail
-- Up-to-date: /home/bok/ff_ws/install/type/include/type/type/srv/detail/start_time__type_support.h
-- Up-to-date: /home/bok/ff_ws/install/type/include/type/type/srv/detail/start_time__functions.c
-- Up-to-date: /home/bok/ff_ws/install/type/include/type/type/srv/detail/start_time__functions.h
-- Up-to-date: /home/bok/ff_ws/install/type/include/type/type/srv/detail/start_time__struct.h
-- Up-to-date: /home/bok/ff_ws/install/type/include/type/type/msg
-- Up-to-date: /home/bok/ff_ws/install/type/include/type/type/msg/rosidl_generator_c__visibility_control.h
-- Up-to-date: /home/bok/ff_ws/install/type/share/type/environment/library_path.sh
-- Up-to-date: /home/bok/ff_ws/install/type/share/type/environment/library_path.dsv
-- Up-to-date: /home/bok/ff_ws/install/type/lib/libtype__rosidl_generator_c.so
-- Up-to-date: /home/bok/ff_ws/install/type/include/type/type
-- Up-to-date: /home/bok/ff_ws/install/type/include/type/type/srv
-- Up-to-date: /home/bok/ff_ws/install/type/include/type/type/srv/detail
-- Up-to-date: /home/bok/ff_ws/install/type/include/type/type/srv/detail/start_time__rosidl_typesupport_fastrtps_c.h
-- Up-to-date: /home/bok/ff_ws/install/type/include/type/type/msg
-- Up-to-date: /home/bok/ff_ws/install/type/include/type/type/msg/rosidl_typesupport_fastrtps_c__visibility_control.h
-- Up-to-date: /home/bok/ff_ws/install/type/lib/libtype__rosidl_typesupport_fastrtps_c.so
-- Up-to-date: /home/bok/ff_ws/install/type/include/type/type
-- Up-to-date: /home/bok/ff_ws/install/type/include/type/type/srv
-- Up-to-date: /home/bok/ff_ws/install/type/include/type/type/srv/start_time.hpp
-- Up-to-date: /home/bok/ff_ws/install/type/include/type/type/srv/detail
-- Up-to-date: /home/bok/ff_ws/install/type/include/type/type/srv/detail/start_time__struct.hpp
-- Up-to-date: /home/bok/ff_ws/install/type/include/type/type/srv/detail/start_time__traits.hpp
-- Up-to-date: /home/bok/ff_ws/install/type/include/type/type/srv/detail/start_time__builder.hpp
-- Up-to-date: /home/bok/ff_ws/install/type/include/type/type
-- Up-to-date: /home/bok/ff_ws/install/type/include/type/type/srv
-- Up-to-date: /home/bok/ff_ws/install/type/include/type/type/srv/detail
-- Up-to-date: /home/bok/ff_ws/install/type/include/type/type/srv/detail/start_time__rosidl_typesupport_fastrtps_cpp.hpp
-- Up-to-date: /home/bok/ff_ws/install/type/include/type/type/srv/detail/dds_fastrtps
-- Up-to-date: /home/bok/ff_ws/install/type/include/type/type/msg
-- Up-to-date: /home/bok/ff_ws/install/type/include/type/type/msg/rosidl_typesupport_fastrtps_cpp__visibility_control.h
-- Up-to-date: /home/bok/ff_ws/install/type/lib/libtype__rosidl_typesupport_fastrtps_cpp.so
-- Up-to-date: /home/bok/ff_ws/install/type/include/type/type
-- Up-to-date: /home/bok/ff_ws/install/type/include/type/type/srv
-- Up-to-date: /home/bok/ff_ws/install/type/include/type/type/srv/detail
-- Up-to-date: /home/bok/ff_ws/install/type/include/type/type/srv/detail/start_time__type_support.c
-- Up-to-date: /home/bok/ff_ws/install/type/include/type/type/srv/detail/start_time__rosidl_typesupport_introspection_c.h
-- Up-to-date: /home/bok/ff_ws/install/type/include/type/type/msg
-- Up-to-date: /home/bok/ff_ws/install/type/include/type/type/msg/rosidl_typesupport_introspection_c__visibility_control.h
-- Up-to-date: /home/bok/ff_ws/install/type/lib/libtype__rosidl_typesupport_introspection_c.so
-- Up-to-date: /home/bok/ff_ws/install/type/lib/libtype__rosidl_typesupport_c.so
-- Up-to-date: /home/bok/ff_ws/install/type/include/type/type
-- Up-to-date: /home/bok/ff_ws/install/type/include/type/type/srv
-- Up-to-date: /home/bok/ff_ws/install/type/include/type/type/srv/detail
-- Up-to-date: /home/bok/ff_ws/install/type/include/type/type/srv/detail/start_time__rosidl_typesupport_introspection_cpp.hpp
-- Up-to-date: /home/bok/ff_ws/install/type/include/type/type/srv/detail/start_time__type_support.cpp
-- Up-to-date: /home/bok/ff_ws/install/type/lib/libtype__rosidl_typesupport_introspection_cpp.so
-- Up-to-date: /home/bok/ff_ws/install/type/lib/libtype__rosidl_typesupport_cpp.so
-- Up-to-date: /home/bok/ff_ws/install/type/share/type/environment/pythonpath.sh
-- Up-to-date: /home/bok/ff_ws/install/type/share/type/environment/pythonpath.dsv
-- Up-to-date: /home/bok/ff_ws/install/type/local/lib/python3.10/dist-packages/type-0.0.0-py3.10.egg-info
-- Installing: /home/bok/ff_ws/install/type/local/lib/python3.10/dist-packages/type-0.0.0-py3.10.egg-info/dependency_links.txt
-- Installing: /home/bok/ff_ws/install/type/local/lib/python3.10/dist-packages/type-0.0.0-py3.10.egg-info/SOURCES.txt
-- Installing: /home/bok/ff_ws/install/type/local/lib/python3.10/dist-packages/type-0.0.0-py3.10.egg-info/PKG-INFO
-- Installing: /home/bok/ff_ws/install/type/local/lib/python3.10/dist-packages/type-0.0.0-py3.10.egg-info/top_level.txt
-- Up-to-date: /home/bok/ff_ws/install/type/local/lib/python3.10/dist-packages/type
-- Up-to-date: /home/bok/ff_ws/install/type/local/lib/python3.10/dist-packages/type/type_s__rosidl_typesupport_c.cpython-310-x86_64-linux-gnu.so
-- Up-to-date: /home/bok/ff_ws/install/type/local/lib/python3.10/dist-packages/type/libtype__rosidl_generator_py.so
-- Up-to-date: /home/bok/ff_ws/install/type/local/lib/python3.10/dist-packages/type/_type_s.ep.rosidl_typesupport_c.c
-- Up-to-date: /home/bok/ff_ws/install/type/local/lib/python3.10/dist-packages/type/srv
-- Up-to-date: /home/bok/ff_ws/install/type/local/lib/python3.10/dist-packages/type/srv/_start_time_s.c
-- Up-to-date: /home/bok/ff_ws/install/type/local/lib/python3.10/dist-packages/type/srv/_start_time.py
-- Up-to-date: /home/bok/ff_ws/install/type/local/lib/python3.10/dist-packages/type/srv/__init__.py
-- Up-to-date: /home/bok/ff_ws/install/type/local/lib/python3.10/dist-packages/type/type_s__rosidl_typesupport_introspection_c.cpython-310-x86_64-linux-gnu.so
-- Up-to-date: /home/bok/ff_ws/install/type/local/lib/python3.10/dist-packages/type/type_s__rosidl_typesupport_fastrtps_c.cpython-310-x86_64-linux-gnu.so
-- Up-to-date: /home/bok/ff_ws/install/type/local/lib/python3.10/dist-packages/type/_type_s.ep.rosidl_typesupport_introspection_c.c
-- Up-to-date: /home/bok/ff_ws/install/type/local/lib/python3.10/dist-packages/type/__init__.py
-- Up-to-date: /home/bok/ff_ws/install/type/local/lib/python3.10/dist-packages/type/_type_s.ep.rosidl_typesupport_fastrtps_c.c
Listing '/home/bok/ff_ws/install/type/local/lib/python3.10/dist-packages/type'...
Listing '/home/bok/ff_ws/install/type/local/lib/python3.10/dist-packages/type/srv'...
-- Up-to-date: /home/bok/ff_ws/install/type/local/lib/python3.10/dist-packages/type/type_s__rosidl_typesupport_fastrtps_c.cpython-310-x86_64-linux-gnu.so
-- Up-to-date: /home/bok/ff_ws/install/type/local/lib/python3.10/dist-packages/type/type_s__rosidl_typesupport_introspection_c.cpython-310-x86_64-linux-gnu.so
-- Up-to-date: /home/bok/ff_ws/install/type/local/lib/python3.10/dist-packages/type/type_s__rosidl_typesupport_c.cpython-310-x86_64-linux-gnu.so
-- Up-to-date: /home/bok/ff_ws/install/type/lib/libtype__rosidl_generator_py.so
-- Up-to-date: /home/bok/ff_ws/install/type/share/type/srv/StartTime.idl
-- Up-to-date: /home/bok/ff_ws/install/type/share/type/srv/StartTime.srv
-- Up-to-date: /home/bok/ff_ws/install/type/share/type/srv/StartTime_Request.msg
-- Up-to-date: /home/bok/ff_ws/install/type/share/type/srv/StartTime_Response.msg
-- Up-to-date: /home/bok/ff_ws/install/type/share/ament_index/resource_index/package_run_dependencies/type
-- Up-to-date: /home/bok/ff_ws/install/type/share/ament_index/resource_index/parent_prefix_path/type
-- Up-to-date: /home/bok/ff_ws/install/type/share/type/environment/ament_prefix_path.sh
-- Up-to-date: /home/bok/ff_ws/install/type/share/type/environment/ament_prefix_path.dsv
-- Up-to-date: /home/bok/ff_ws/install/type/share/type/environment/path.sh
-- Up-to-date: /home/bok/ff_ws/install/type/share/type/environment/path.dsv
-- Up-to-date: /home/bok/ff_ws/install/type/share/type/local_setup.bash
-- Up-to-date: /home/bok/ff_ws/install/type/share/type/local_setup.sh
-- Up-to-date: /home/bok/ff_ws/install/type/share/type/local_setup.zsh
-- Up-to-date: /home/bok/ff_ws/install/type/share/type/local_setup.dsv
-- Installing: /home/bok/ff_ws/install/type/share/type/package.dsv
-- Up-to-date: /home/bok/ff_ws/install/type/share/ament_index/resource_index/packages/type
-- Up-to-date: /home/bok/ff_ws/install/type/share/type/cmake/export_type__rosidl_generator_cExport.cmake
-- Up-to-date: /home/bok/ff_ws/install/type/share/type/cmake/export_type__rosidl_generator_cExport-noconfig.cmake
-- Up-to-date: /home/bok/ff_ws/install/type/share/type/cmake/export_type__rosidl_typesupport_fastrtps_cExport.cmake
-- Up-to-date: /home/bok/ff_ws/install/type/share/type/cmake/export_type__rosidl_typesupport_fastrtps_cExport-noconfig.cmake
-- Up-to-date: /home/bok/ff_ws/install/type/share/type/cmake/export_type__rosidl_generator_cppExport.cmake
-- Up-to-date: /home/bok/ff_ws/install/type/share/type/cmake/export_type__rosidl_typesupport_fastrtps_cppExport.cmake
-- Up-to-date: /home/bok/ff_ws/install/type/share/type/cmake/export_type__rosidl_typesupport_fastrtps_cppExport-noconfig.cmake
-- Up-to-date: /home/bok/ff_ws/install/type/share/type/cmake/type__rosidl_typesupport_introspection_cExport.cmake
-- Up-to-date: /home/bok/ff_ws/install/type/share/type/cmake/type__rosidl_typesupport_introspection_cExport-noconfig.cmake
-- Up-to-date: /home/bok/ff_ws/install/type/share/type/cmake/type__rosidl_typesupport_cExport.cmake
-- Up-to-date: /home/bok/ff_ws/install/type/share/type/cmake/type__rosidl_typesupport_cExport-noconfig.cmake
-- Up-to-date: /home/bok/ff_ws/install/type/share/type/cmake/type__rosidl_typesupport_introspection_cppExport.cmake
-- Up-to-date: /home/bok/ff_ws/install/type/share/type/cmake/type__rosidl_typesupport_introspection_cppExport-noconfig.cmake
-- Up-to-date: /home/bok/ff_ws/install/type/share/type/cmake/type__rosidl_typesupport_cppExport.cmake
-- Up-to-date: /home/bok/ff_ws/install/type/share/type/cmake/type__rosidl_typesupport_cppExport-noconfig.cmake
-- Up-to-date: /home/bok/ff_ws/install/type/share/type/cmake/export_type__rosidl_generator_pyExport.cmake
-- Up-to-date: /home/bok/ff_ws/install/type/share/type/cmake/export_type__rosidl_generator_pyExport-noconfig.cmake
-- Up-to-date: /home/bok/ff_ws/install/type/share/type/cmake/rosidl_cmake-extras.cmake
-- Up-to-date: /home/bok/ff_ws/install/type/share/type/cmake/ament_cmake_export_dependencies-extras.cmake
-- Up-to-date: /home/bok/ff_ws/install/type/share/type/cmake/ament_cmake_export_include_directories-extras.cmake
-- Up-to-date: /home/bok/ff_ws/install/type/share/type/cmake/ament_cmake_export_libraries-extras.cmake
-- Up-to-date: /home/bok/ff_ws/install/type/share/type/cmake/ament_cmake_export_targets-extras.cmake
-- Up-to-date: /home/bok/ff_ws/install/type/share/type/cmake/rosidl_cmake_export_typesupport_targets-extras.cmake
-- Up-to-date: /home/bok/ff_ws/install/type/share/type/cmake/rosidl_cmake_export_typesupport_libraries-extras.cmake
-- Up-to-date: /home/bok/ff_ws/install/type/share/type/cmake/typeConfig.cmake
-- Up-to-date: /home/bok/ff_ws/install/type/share/type/cmake/typeConfig-version.cmake
-- Up-to-date: /home/bok/ff_ws/install/type/share/type/package.xml
