[0.945s] Invoking command in '/home/bok/project_ws/src/turtlebot': LD_LIBRARY_PATH=/home/bok/project_ws/install/order_msgs/lib:/home/bok/turtlebot3_ws/install/turtlebot3_msgs/lib:/home/bok/ros2_ws/install/ros_study_msgs/lib:/home/bok/ros2_ws/src/install/ros_study_msgs/lib:/usr/lib/x86_64-linux-gnu/gazebo-11/plugins:/opt/ros/humble/opt/rviz_ogre_vendor/lib:/opt/ros/humble/lib/x86_64-linux-gnu:/opt/ros/humble/lib:/usr/lib/x86_64-linux-gnu/gazebo-11/plugins PYTHONPATH=/home/bok/project_ws/build/turtlebot/prefix_override:/usr/lib/python3/dist-packages/colcon_core/task/python/colcon_distutils_commands:/home/bok/project_ws/install/turtlebot/lib/python3.10/site-packages:${PYTHONPATH} /usr/bin/python3 -W ignore:setup.py install is deprecated setup.py egg_info --egg-base ../../build/turtlebot build --build-base /home/bok/project_ws/build/turtlebot/build install --record /home/bok/project_ws/build/turtlebot/install.log --single-version-externally-managed install_data
[1.327s] running egg_info
[1.328s] writing ../../build/turtlebot/turtlebot.egg-info/PKG-INFO
[1.328s] writing dependency_links to ../../build/turtlebot/turtlebot.egg-info/dependency_links.txt
[1.328s] writing entry points to ../../build/turtlebot/turtlebot.egg-info/entry_points.txt
[1.328s] writing requirements to ../../build/turtlebot/turtlebot.egg-info/requires.txt
[1.328s] writing top-level names to ../../build/turtlebot/turtlebot.egg-info/top_level.txt
[1.331s] reading manifest file '../../build/turtlebot/turtlebot.egg-info/SOURCES.txt'
[1.332s] writing manifest file '../../build/turtlebot/turtlebot.egg-info/SOURCES.txt'
[1.333s] running build
[1.333s] running build_py
[1.333s] running install
[1.334s] running install_lib
[1.336s] running install_data
[1.337s] running install_egg_info
[1.339s] removing '/home/bok/project_ws/install/turtlebot/lib/python3.10/site-packages/turtlebot-0.0.0-py3.10.egg-info' (and everything under it)
[1.339s] Copying ../../build/turtlebot/turtlebot.egg-info to /home/bok/project_ws/install/turtlebot/lib/python3.10/site-packages/turtlebot-0.0.0-py3.10.egg-info
[1.341s] running install_scripts
[1.364s] Installing menu1_gui script to /home/bok/project_ws/install/turtlebot/lib/turtlebot
[1.365s] Installing menu2_gui script to /home/bok/project_ws/install/turtlebot/lib/turtlebot
[1.365s] Installing menu3_gui script to /home/bok/project_ws/install/turtlebot/lib/turtlebot
[1.365s] Installing menu4_gui script to /home/bok/project_ws/install/turtlebot/lib/turtlebot
[1.365s] Installing menu5_gui script to /home/bok/project_ws/install/turtlebot/lib/turtlebot
[1.366s] Installing menu6_gui script to /home/bok/project_ws/install/turtlebot/lib/turtlebot
[1.366s] Installing menu7_gui script to /home/bok/project_ws/install/turtlebot/lib/turtlebot
[1.366s] Installing menu8_gui script to /home/bok/project_ws/install/turtlebot/lib/turtlebot
[1.366s] Installing menu9_gui script to /home/bok/project_ws/install/turtlebot/lib/turtlebot
[1.367s] Installing menu_gui script to /home/bok/project_ws/install/turtlebot/lib/turtlebot
[1.367s] Installing order_list script to /home/bok/project_ws/install/turtlebot/lib/turtlebot
[1.367s] Installing robot_gui script to /home/bok/project_ws/install/turtlebot/lib/turtlebot
[1.367s] Installing turtle3_gui script to /home/bok/project_ws/install/turtlebot/lib/turtlebot
[1.367s] Installing turtle3_gui2 script to /home/bok/project_ws/install/turtlebot/lib/turtlebot
[1.367s] Installing turtlebot3_gui3 script to /home/bok/project_ws/install/turtlebot/lib/turtlebot
[1.367s] writing list of installed files to '/home/bok/project_ws/build/turtlebot/install.log'
[1.402s] Invoked command in '/home/bok/project_ws/src/turtlebot' returned '0': LD_LIBRARY_PATH=/home/bok/project_ws/install/order_msgs/lib:/home/bok/turtlebot3_ws/install/turtlebot3_msgs/lib:/home/bok/ros2_ws/install/ros_study_msgs/lib:/home/bok/ros2_ws/src/install/ros_study_msgs/lib:/usr/lib/x86_64-linux-gnu/gazebo-11/plugins:/opt/ros/humble/opt/rviz_ogre_vendor/lib:/opt/ros/humble/lib/x86_64-linux-gnu:/opt/ros/humble/lib:/usr/lib/x86_64-linux-gnu/gazebo-11/plugins PYTHONPATH=/home/bok/project_ws/build/turtlebot/prefix_override:/usr/lib/python3/dist-packages/colcon_core/task/python/colcon_distutils_commands:/home/bok/project_ws/install/turtlebot/lib/python3.10/site-packages:${PYTHONPATH} /usr/bin/python3 -W ignore:setup.py install is deprecated setup.py egg_info --egg-base ../../build/turtlebot build --build-base /home/bok/project_ws/build/turtlebot/build install --record /home/bok/project_ws/build/turtlebot/install.log --single-version-externally-managed install_data
