[0.934s] DEBUG:colcon:Command line arguments: ['/usr/bin/colcon', 'list', '-p', '--base-paths', '/home/bok/project_ws']
[0.935s] DEBUG:colcon:Parsed command line arguments: Namespace(log_base=None, log_level=None, verb_name='list', build_base='build', ignore_user_meta=False, metas=['./colcon.meta'], base_paths=['/home/bok/project_ws'], packages_ignore=None, packages_ignore_regex=None, paths=None, packages_up_to=None, packages_up_to_regex=None, packages_above=None, packages_above_and_dependencies=None, packages_above_depth=None, packages_select_by_dep=None, packages_skip_by_dep=None, packages_skip_up_to=None, packages_select_build_failed=False, packages_skip_build_finished=False, packages_select_test_failures=False, packages_skip_test_passed=False, packages_select=None, packages_skip=None, packages_select_regex=None, packages_skip_regex=None, packages_start=None, packages_end=None, allow_overriding=[], topological_order=False, names_only=False, paths_only=True, topological_graph=False, topological_graph_dot=False, topological_graph_density=False, topological_graph_legend=False, topological_graph_dot_cluster=False, topological_graph_dot_include_skipped=False, verb_parser=<colcon_defaults.argument_parser.defaults.DefaultArgumentsDecorator object at 0x75fe6f48b640>, verb_extension=<colcon_package_information.verb.list.ListVerb object at 0x75fe6f65a200>, main=<bound method ListVerb.main of <colcon_package_information.verb.list.ListVerb object at 0x75fe6f65a200>>)
[1.145s] Level 1:colcon.colcon_core.package_discovery:discover_packages(colcon_meta) check parameters
[1.145s] Level 1:colcon.colcon_core.package_discovery:discover_packages(recursive) check parameters
[1.145s] Level 1:colcon.colcon_core.package_discovery:discover_packages(ignore) check parameters
[1.145s] Level 1:colcon.colcon_core.package_discovery:discover_packages(path) check parameters
[1.145s] Level 1:colcon.colcon_core.package_discovery:discover_packages(recursive) discover
[1.145s] INFO:colcon.colcon_core.package_discovery:Crawling recursively for packages in '/home/bok/project_ws'
[1.145s] Level 1:colcon.colcon_core.package_identification:_identify(/home/bok/project_ws) by extensions ['ignore', 'ignore_ament_install']
[1.146s] Level 1:colcon.colcon_core.package_identification:_identify(/home/bok/project_ws) by extension 'ignore'
[1.146s] Level 1:colcon.colcon_core.package_identification:_identify(/home/bok/project_ws) by extension 'ignore_ament_install'
[1.146s] Level 1:colcon.colcon_core.package_identification:_identify(/home/bok/project_ws) by extensions ['colcon_pkg']
[1.146s] Level 1:colcon.colcon_core.package_identification:_identify(/home/bok/project_ws) by extension 'colcon_pkg'
[1.146s] Level 1:colcon.colcon_core.package_identification:_identify(/home/bok/project_ws) by extensions ['colcon_meta']
[1.146s] Level 1:colcon.colcon_core.package_identification:_identify(/home/bok/project_ws) by extension 'colcon_meta'
[1.146s] Level 1:colcon.colcon_core.package_identification:_identify(/home/bok/project_ws) by extensions ['ros']
[1.146s] Level 1:colcon.colcon_core.package_identification:_identify(/home/bok/project_ws) by extension 'ros'
[1.186s] Level 1:colcon.colcon_core.package_identification:_identify(/home/bok/project_ws) by extensions ['cmake', 'python']
[1.187s] Level 1:colcon.colcon_core.package_identification:_identify(/home/bok/project_ws) by extension 'cmake'
[1.187s] Level 1:colcon.colcon_core.package_identification:_identify(/home/bok/project_ws) by extension 'python'
[1.187s] Level 1:colcon.colcon_core.package_identification:_identify(/home/bok/project_ws) by extensions ['python_setup_py']
[1.187s] Level 1:colcon.colcon_core.package_identification:_identify(/home/bok/project_ws) by extension 'python_setup_py'
[1.188s] Level 1:colcon.colcon_core.package_identification:_identify(/home/bok/project_ws/build) by extensions ['ignore', 'ignore_ament_install']
[1.189s] Level 1:colcon.colcon_core.package_identification:_identify(/home/bok/project_ws/build) by extension 'ignore'
[1.189s] Level 1:colcon.colcon_core.package_identification:_identify(/home/bok/project_ws/build) ignored
[1.192s] Level 1:colcon.colcon_core.package_identification:_identify(/home/bok/project_ws/install) by extensions ['ignore', 'ignore_ament_install']
[1.193s] Level 1:colcon.colcon_core.package_identification:_identify(/home/bok/project_ws/install) by extension 'ignore'
[1.193s] Level 1:colcon.colcon_core.package_identification:_identify(/home/bok/project_ws/install) ignored
[1.196s] Level 1:colcon.colcon_core.package_identification:_identify(/home/bok/project_ws/log) by extensions ['ignore', 'ignore_ament_install']
[1.196s] Level 1:colcon.colcon_core.package_identification:_identify(/home/bok/project_ws/log) by extension 'ignore'
[1.197s] Level 1:colcon.colcon_core.package_identification:_identify(/home/bok/project_ws/log) ignored
[1.197s] Level 1:colcon.colcon_core.package_identification:_identify(/home/bok/project_ws/src) by extensions ['ignore', 'ignore_ament_install']
[1.197s] Level 1:colcon.colcon_core.package_identification:_identify(/home/bok/project_ws/src) by extension 'ignore'
[1.197s] Level 1:colcon.colcon_core.package_identification:_identify(/home/bok/project_ws/src) by extension 'ignore_ament_install'
[1.197s] Level 1:colcon.colcon_core.package_identification:_identify(/home/bok/project_ws/src) by extensions ['colcon_pkg']
[1.197s] Level 1:colcon.colcon_core.package_identification:_identify(/home/bok/project_ws/src) by extension 'colcon_pkg'
[1.197s] Level 1:colcon.colcon_core.package_identification:_identify(/home/bok/project_ws/src) by extensions ['colcon_meta']
[1.197s] Level 1:colcon.colcon_core.package_identification:_identify(/home/bok/project_ws/src) by extension 'colcon_meta'
[1.197s] Level 1:colcon.colcon_core.package_identification:_identify(/home/bok/project_ws/src) by extensions ['ros']
[1.198s] Level 1:colcon.colcon_core.package_identification:_identify(/home/bok/project_ws/src) by extension 'ros'
[1.198s] Level 1:colcon.colcon_core.package_identification:_identify(/home/bok/project_ws/src) by extensions ['cmake', 'python']
[1.198s] Level 1:colcon.colcon_core.package_identification:_identify(/home/bok/project_ws/src) by extension 'cmake'
[1.198s] Level 1:colcon.colcon_core.package_identification:_identify(/home/bok/project_ws/src) by extension 'python'
[1.198s] Level 1:colcon.colcon_core.package_identification:_identify(/home/bok/project_ws/src) by extensions ['python_setup_py']
[1.198s] Level 1:colcon.colcon_core.package_identification:_identify(/home/bok/project_ws/src) by extension 'python_setup_py'
[1.198s] Level 1:colcon.colcon_core.package_identification:_identify(/home/bok/project_ws/src/order_msgs) by extensions ['ignore', 'ignore_ament_install']
[1.208s] Level 1:colcon.colcon_core.package_identification:_identify(/home/bok/project_ws/src/order_msgs) by extension 'ignore'
[1.209s] Level 1:colcon.colcon_core.package_identification:_identify(/home/bok/project_ws/src/order_msgs) by extension 'ignore_ament_install'
[1.209s] Level 1:colcon.colcon_core.package_identification:_identify(/home/bok/project_ws/src/order_msgs) by extensions ['colcon_pkg']
[1.209s] Level 1:colcon.colcon_core.package_identification:_identify(/home/bok/project_ws/src/order_msgs) by extension 'colcon_pkg'
[1.209s] Level 1:colcon.colcon_core.package_identification:_identify(/home/bok/project_ws/src/order_msgs) by extensions ['colcon_meta']
[1.209s] Level 1:colcon.colcon_core.package_identification:_identify(/home/bok/project_ws/src/order_msgs) by extension 'colcon_meta'
[1.209s] Level 1:colcon.colcon_core.package_identification:_identify(/home/bok/project_ws/src/order_msgs) by extensions ['ros']
[1.210s] Level 1:colcon.colcon_core.package_identification:_identify(/home/bok/project_ws/src/order_msgs) by extension 'ros'
[1.225s] DEBUG:colcon.colcon_core.package_identification:Package '/home/bok/project_ws/src/order_msgs' with type 'ros.ament_cmake' and name 'order_msgs'
[1.234s] Level 1:colcon.colcon_core.package_identification:_identify(/home/bok/project_ws/src/turtlebot) by extensions ['ignore', 'ignore_ament_install']
[1.234s] Level 1:colcon.colcon_core.package_identification:_identify(/home/bok/project_ws/src/turtlebot) by extension 'ignore'
[1.236s] Level 1:colcon.colcon_core.package_identification:_identify(/home/bok/project_ws/src/turtlebot) by extension 'ignore_ament_install'
[1.236s] Level 1:colcon.colcon_core.package_identification:_identify(/home/bok/project_ws/src/turtlebot) by extensions ['colcon_pkg']
[1.237s] Level 1:colcon.colcon_core.package_identification:_identify(/home/bok/project_ws/src/turtlebot) by extension 'colcon_pkg'
[1.237s] Level 1:colcon.colcon_core.package_identification:_identify(/home/bok/project_ws/src/turtlebot) by extensions ['colcon_meta']
[1.238s] Level 1:colcon.colcon_core.package_identification:_identify(/home/bok/project_ws/src/turtlebot) by extension 'colcon_meta'
[1.238s] Level 1:colcon.colcon_core.package_identification:_identify(/home/bok/project_ws/src/turtlebot) by extensions ['ros']
[1.238s] Level 1:colcon.colcon_core.package_identification:_identify(/home/bok/project_ws/src/turtlebot) by extension 'ros'
[1.249s] DEBUG:colcon.colcon_core.package_identification:Package '/home/bok/project_ws/src/turtlebot' with type 'ros.ament_python' and name 'turtlebot'
[1.249s] Level 1:colcon.colcon_core.package_discovery:discover_packages(recursive) using defaults
