[4.840s] Invoking command in '/home/bok/multitb_ws/src/get_data': PYTHONPATH=/home/bok/multitb_ws/build/get_data/prefix_override:/usr/lib/python3/dist-packages/colcon_core/task/python/colcon_distutils_commands:/home/bok/multitb_ws/install/get_data/lib/python3.10/site-packages:${PYTHONPATH} /usr/bin/python3 -W ignore:setup.py install is deprecated setup.py egg_info --egg-base ../../build/get_data build --build-base /home/bok/multitb_ws/build/get_data/build install --record /home/bok/multitb_ws/build/get_data/install.log --single-version-externally-managed install_data
[6.217s] running egg_info
[6.293s] writing ../../build/get_data/get_data.egg-info/PKG-INFO
[6.305s] writing dependency_links to ../../build/get_data/get_data.egg-info/dependency_links.txt
[6.311s] writing entry points to ../../build/get_data/get_data.egg-info/entry_points.txt
[6.315s] writing requirements to ../../build/get_data/get_data.egg-info/requires.txt
[6.315s] writing top-level names to ../../build/get_data/get_data.egg-info/top_level.txt
[6.454s] reading manifest file '../../build/get_data/get_data.egg-info/SOURCES.txt'
[6.482s] writing manifest file '../../build/get_data/get_data.egg-info/SOURCES.txt'
[6.482s] running build
[6.485s] running build_py
[6.489s] copying get_data/yolo.py -> /home/bok/multitb_ws/build/get_data/build/lib/get_data
[6.491s] copying get_data/thief_spawn.py -> /home/bok/multitb_ws/build/get_data/build/lib/get_data
[6.499s] copying get_data/camera.py -> /home/bok/multitb_ws/build/get_data/build/lib/get_data
[6.511s] copying get_data/get_data.py -> /home/bok/multitb_ws/build/get_data/build/lib/get_data
[6.518s] copying get_data/qt_update.py -> /home/bok/multitb_ws/build/get_data/build/lib/get_data
[6.541s] copying get_data/__init__.py -> /home/bok/multitb_ws/build/get_data/build/lib/get_data
[6.548s] running install
[6.608s] running install_lib
[6.753s] copying /home/bok/multitb_ws/build/get_data/build/lib/get_data/camera.py -> /home/bok/multitb_ws/install/get_data/lib/python3.10/site-packages/get_data
[6.756s] byte-compiling /home/bok/multitb_ws/install/get_data/lib/python3.10/site-packages/get_data/camera.py to camera.cpython-310.pyc
[6.772s] running install_data
[6.772s] copying resource/get_data -> /home/bok/multitb_ws/install/get_data/share/ament_index/resource_index/packages
[6.782s] copying package.xml -> /home/bok/multitb_ws/install/get_data/share/get_data
[6.782s] running install_egg_info
[6.855s] removing '/home/bok/multitb_ws/install/get_data/lib/python3.10/site-packages/get_data-0.0.0-py3.10.egg-info' (and everything under it)
[6.858s] Copying ../../build/get_data/get_data.egg-info to /home/bok/multitb_ws/install/get_data/lib/python3.10/site-packages/get_data-0.0.0-py3.10.egg-info
[6.876s] running install_scripts
[7.494s] Installing camera script to /home/bok/multitb_ws/install/get_data/lib/get_data
[7.495s] Installing get_data script to /home/bok/multitb_ws/install/get_data/lib/get_data
[7.496s] Installing qt_update script to /home/bok/multitb_ws/install/get_data/lib/get_data
[7.496s] Installing thief_spawn script to /home/bok/multitb_ws/install/get_data/lib/get_data
[7.502s] writing list of installed files to '/home/bok/multitb_ws/build/get_data/install.log'
[7.617s] Invoked command in '/home/bok/multitb_ws/src/get_data' returned '0': PYTHONPATH=/home/bok/multitb_ws/build/get_data/prefix_override:/usr/lib/python3/dist-packages/colcon_core/task/python/colcon_distutils_commands:/home/bok/multitb_ws/install/get_data/lib/python3.10/site-packages:${PYTHONPATH} /usr/bin/python3 -W ignore:setup.py install is deprecated setup.py egg_info --egg-base ../../build/get_data build --build-base /home/bok/multitb_ws/build/get_data/build install --record /home/bok/multitb_ws/build/get_data/install.log --single-version-externally-managed install_data
