[1.251s] Invoking command in '/home/bok/ff_ws/src/project': PYTHONPATH=/home/bok/ff_ws/build/project/prefix_override:/usr/lib/python3/dist-packages/colcon_core/task/python/colcon_distutils_commands:/home/bok/ff_ws/install/project/lib/python3.10/site-packages:${PYTHONPATH} /usr/bin/python3 -W ignore:setup.py install is deprecated setup.py egg_info --egg-base ../../build/project build --build-base /home/bok/ff_ws/build/project/build install --record /home/bok/ff_ws/build/project/install.log --single-version-externally-managed install_data
[1.558s] /home/bok/.local/lib/python3.10/site-packages/setuptools/_distutils/dist.py:261: UserWarning: Unknown distribution option: 'tests_require'
[1.558s]   warnings.warn(msg)
[1.728s] running egg_info
[1.755s] writing ../../build/project/project.egg-info/PKG-INFO
[1.756s] writing dependency_links to ../../build/project/project.egg-info/dependency_links.txt
[1.756s] writing entry points to ../../build/project/project.egg-info/entry_points.txt
[1.756s] writing requirements to ../../build/project/project.egg-info/requires.txt
[1.756s] writing top-level names to ../../build/project/project.egg-info/top_level.txt
[1.805s] reading manifest file '../../build/project/project.egg-info/SOURCES.txt'
[1.807s] writing manifest file '../../build/project/project.egg-info/SOURCES.txt'
[1.808s] running build
[1.808s] running build_py
[1.808s] copying project/fix_rotation.py -> /home/bok/ff_ws/build/project/build/lib/project
[1.808s] copying project/temp.py -> /home/bok/ff_ws/build/project/build/lib/project
[1.809s] copying project/control_tower_server.py -> /home/bok/ff_ws/build/project/build/lib/project
[1.809s] copying project/subscription.py -> /home/bok/ff_ws/build/project/build/lib/project
[1.809s] copying project/manipulator.py -> /home/bok/ff_ws/build/project/build/lib/project
[1.810s] copying project/control_tower.py -> /home/bok/ff_ws/build/project/build/lib/project
[1.810s] copying project/camera.py -> /home/bok/ff_ws/build/project/build/lib/project
[1.810s] copying project/inverse_test.py -> /home/bok/ff_ws/build/project/build/lib/project
[1.810s] copying project/nnnn.py -> /home/bok/ff_ws/build/project/build/lib/project
[1.811s] copying project/__init__.py -> /home/bok/ff_ws/build/project/build/lib/project
[1.811s] running install
[1.817s] running install_lib
[1.845s] copying /home/bok/ff_ws/build/project/build/lib/project/control_tower_server.py -> /home/bok/ff_ws/install/project/lib/python3.10/site-packages/project
[1.845s] copying /home/bok/ff_ws/build/project/build/lib/project/subscription.py -> /home/bok/ff_ws/install/project/lib/python3.10/site-packages/project
[1.845s] copying /home/bok/ff_ws/build/project/build/lib/project/manipulator.py -> /home/bok/ff_ws/install/project/lib/python3.10/site-packages/project
[1.846s] copying /home/bok/ff_ws/build/project/build/lib/project/camera.py -> /home/bok/ff_ws/install/project/lib/python3.10/site-packages/project
[1.846s] copying /home/bok/ff_ws/build/project/build/lib/project/nnnn.py -> /home/bok/ff_ws/install/project/lib/python3.10/site-packages/project
[1.847s] byte-compiling /home/bok/ff_ws/install/project/lib/python3.10/site-packages/project/control_tower_server.py to control_tower_server.cpython-310.pyc
[1.849s] byte-compiling /home/bok/ff_ws/install/project/lib/python3.10/site-packages/project/subscription.py to subscription.cpython-310.pyc
[1.851s] byte-compiling /home/bok/ff_ws/install/project/lib/python3.10/site-packages/project/manipulator.py to manipulator.cpython-310.pyc
[1.853s] byte-compiling /home/bok/ff_ws/install/project/lib/python3.10/site-packages/project/camera.py to camera.cpython-310.pyc
[1.854s] byte-compiling /home/bok/ff_ws/install/project/lib/python3.10/site-packages/project/nnnn.py to nnnn.cpython-310.pyc
[1.855s] running install_data
[1.855s] copying resource/project -> /home/bok/ff_ws/install/project/share/ament_index/resource_index/packages
[1.856s] copying package.xml -> /home/bok/ff_ws/install/project/share/project
[1.856s] running install_egg_info
[1.882s] removing '/home/bok/ff_ws/install/project/lib/python3.10/site-packages/project-0.0.0-py3.10.egg-info' (and everything under it)
[1.882s] Copying ../../build/project/project.egg-info to /home/bok/ff_ws/install/project/lib/python3.10/site-packages/project-0.0.0-py3.10.egg-info
[1.883s] running install_scripts
[2.149s] Installing camera script to /home/bok/ff_ws/install/project/lib/project
[2.151s] Installing control_tower script to /home/bok/ff_ws/install/project/lib/project
[2.151s] Installing server_test script to /home/bok/ff_ws/install/project/lib/project
[2.152s] Installing sub script to /home/bok/ff_ws/install/project/lib/project
[2.153s] Installing tower_test script to /home/bok/ff_ws/install/project/lib/project
[2.155s] writing list of installed files to '/home/bok/ff_ws/build/project/install.log'
[2.198s] Invoked command in '/home/bok/ff_ws/src/project' returned '0': PYTHONPATH=/home/bok/ff_ws/build/project/prefix_override:/usr/lib/python3/dist-packages/colcon_core/task/python/colcon_distutils_commands:/home/bok/ff_ws/install/project/lib/python3.10/site-packages:${PYTHONPATH} /usr/bin/python3 -W ignore:setup.py install is deprecated setup.py egg_info --egg-base ../../build/project build --build-base /home/bok/ff_ws/build/project/build install --record /home/bok/ff_ws/build/project/install.log --single-version-externally-managed install_data
