[0.022s] Invoking command in '/home/bok/project_ws/build/order_msgs': CMAKE_PREFIX_PATH=${CMAKE_PREFIX_PATH}:/home/bok/project_ws/install/turtlebot:/home/bok/turtlebot3_ws/install/turtlebot3_teleop:/home/bok/turtlebot3_ws/install/turtlebot3_example:/home/bok/ros2_ws/install/ros_study_py:/home/bok/ros2_ws/install/ex_calculator:/home/bok/ros2_ws/install/py_pubsub:/home/bok/ros2_ws/src/install/ros_study_py:/home/bok/ros2_ws/src/install/ex_calculator:/opt/ros/humble /usr/bin/cmake --build /home/bok/project_ws/build/order_msgs -- -j4 -l4
[0.119s] [  2%] Built target order_msgs__cpp
[0.120s] [ 12%] Built target order_msgs__rosidl_generator_c
[0.167s] [ 12%] Built target ament_cmake_python_copy_order_msgs
[0.184s] [ 23%] Built target order_msgs__rosidl_typesupport_fastrtps_c
[0.188s] [ 33%] Built target order_msgs__rosidl_typesupport_introspection_c
[0.196s] [ 43%] Built target order_msgs__rosidl_typesupport_c
[0.235s] [ 53%] Built target order_msgs__rosidl_typesupport_fastrtps_cpp
[0.255s] [ 64%] Built target order_msgs__rosidl_typesupport_introspection_cpp
[0.264s] [ 74%] Built target order_msgs__rosidl_typesupport_cpp
[0.313s] [ 74%] Built target order_msgs
[0.359s] [ 76%] Built target order_msgs__py
[0.413s] [ 84%] Built target order_msgs__rosidl_generator_py
[0.477s] [ 89%] Built target order_msgs__rosidl_typesupport_introspection_c__pyext
[0.483s] [ 94%] Built target order_msgs__rosidl_typesupport_c__pyext
[0.506s] [100%] Built target order_msgs__rosidl_typesupport_fastrtps_c__pyext
[0.891s] running egg_info
[0.893s] writing order_msgs.egg-info/PKG-INFO
[0.893s] writing dependency_links to order_msgs.egg-info/dependency_links.txt
[0.893s] writing top-level names to order_msgs.egg-info/top_level.txt
[0.897s] reading manifest file 'order_msgs.egg-info/SOURCES.txt'
[0.899s] writing manifest file 'order_msgs.egg-info/SOURCES.txt'
[0.952s] [100%] Built target ament_cmake_python_build_order_msgs_egg
[0.972s] Invoked command in '/home/bok/project_ws/build/order_msgs' returned '0': CMAKE_PREFIX_PATH=${CMAKE_PREFIX_PATH}:/home/bok/project_ws/install/turtlebot:/home/bok/turtlebot3_ws/install/turtlebot3_teleop:/home/bok/turtlebot3_ws/install/turtlebot3_example:/home/bok/ros2_ws/install/ros_study_py:/home/bok/ros2_ws/install/ex_calculator:/home/bok/ros2_ws/install/py_pubsub:/home/bok/ros2_ws/src/install/ros_study_py:/home/bok/ros2_ws/src/install/ex_calculator:/opt/ros/humble /usr/bin/cmake --build /home/bok/project_ws/build/order_msgs -- -j4 -l4
[1.135s] Invoking command in '/home/bok/project_ws/build/order_msgs': CMAKE_PREFIX_PATH=${CMAKE_PREFIX_PATH}:/home/bok/project_ws/install/turtlebot:/home/bok/turtlebot3_ws/install/turtlebot3_teleop:/home/bok/turtlebot3_ws/install/turtlebot3_example:/home/bok/ros2_ws/install/ros_study_py:/home/bok/ros2_ws/install/ex_calculator:/home/bok/ros2_ws/install/py_pubsub:/home/bok/ros2_ws/src/install/ros_study_py:/home/bok/ros2_ws/src/install/ex_calculator:/opt/ros/humble /usr/bin/cmake --install /home/bok/project_ws/build/order_msgs
[1.149s] -- Install configuration: ""
[1.149s] -- Up-to-date: /home/bok/project_ws/install/order_msgs/share/ament_index/resource_index/rosidl_interfaces/order_msgs
[1.149s] -- Up-to-date: /home/bok/project_ws/install/order_msgs/include/order_msgs/order_msgs
[1.149s] -- Up-to-date: /home/bok/project_ws/install/order_msgs/include/order_msgs/order_msgs/srv
[1.150s] -- Up-to-date: /home/bok/project_ws/install/order_msgs/include/order_msgs/order_msgs/srv/order.h
[1.150s] -- Up-to-date: /home/bok/project_ws/install/order_msgs/include/order_msgs/order_msgs/srv/order_food.h
[1.150s] -- Up-to-date: /home/bok/project_ws/install/order_msgs/include/order_msgs/order_msgs/srv/detail
[1.151s] -- Up-to-date: /home/bok/project_ws/install/order_msgs/include/order_msgs/order_msgs/srv/detail/order__struct.h
[1.152s] -- Up-to-date: /home/bok/project_ws/install/order_msgs/include/order_msgs/order_msgs/srv/detail/order_food__struct.h
[1.152s] -- Up-to-date: /home/bok/project_ws/install/order_msgs/include/order_msgs/order_msgs/srv/detail/order_food__functions.c
[1.152s] -- Up-to-date: /home/bok/project_ws/install/order_msgs/include/order_msgs/order_msgs/srv/detail/order_food__functions.h
[1.153s] -- Up-to-date: /home/bok/project_ws/install/order_msgs/include/order_msgs/order_msgs/srv/detail/order_food__type_support.h
[1.153s] -- Up-to-date: /home/bok/project_ws/install/order_msgs/include/order_msgs/order_msgs/srv/detail/order__functions.c
[1.153s] -- Up-to-date: /home/bok/project_ws/install/order_msgs/include/order_msgs/order_msgs/srv/detail/order__type_support.h
[1.154s] -- Up-to-date: /home/bok/project_ws/install/order_msgs/include/order_msgs/order_msgs/srv/detail/order__functions.h
[1.154s] -- Up-to-date: /home/bok/project_ws/install/order_msgs/include/order_msgs/order_msgs/action
[1.154s] -- Up-to-date: /home/bok/project_ws/install/order_msgs/include/order_msgs/order_msgs/action/robot_action.h
[1.154s] -- Up-to-date: /home/bok/project_ws/install/order_msgs/include/order_msgs/order_msgs/action/detail
[1.155s] -- Up-to-date: /home/bok/project_ws/install/order_msgs/include/order_msgs/order_msgs/action/detail/robot_action__type_support.h
[1.155s] -- Up-to-date: /home/bok/project_ws/install/order_msgs/include/order_msgs/order_msgs/action/detail/robot_action__struct.h
[1.156s] -- Up-to-date: /home/bok/project_ws/install/order_msgs/include/order_msgs/order_msgs/action/detail/robot_action__functions.c
[1.156s] -- Up-to-date: /home/bok/project_ws/install/order_msgs/include/order_msgs/order_msgs/action/detail/robot_action__functions.h
[1.157s] -- Up-to-date: /home/bok/project_ws/install/order_msgs/include/order_msgs/order_msgs/msg
[1.157s] -- Up-to-date: /home/bok/project_ws/install/order_msgs/include/order_msgs/order_msgs/msg/order_msg.h
[1.157s] -- Up-to-date: /home/bok/project_ws/install/order_msgs/include/order_msgs/order_msgs/msg/rosidl_generator_c__visibility_control.h
[1.157s] -- Up-to-date: /home/bok/project_ws/install/order_msgs/include/order_msgs/order_msgs/msg/detail
[1.157s] -- Up-to-date: /home/bok/project_ws/install/order_msgs/include/order_msgs/order_msgs/msg/detail/order_msg__functions.c
[1.157s] -- Up-to-date: /home/bok/project_ws/install/order_msgs/include/order_msgs/order_msgs/msg/detail/order_msg__struct.h
[1.157s] -- Up-to-date: /home/bok/project_ws/install/order_msgs/include/order_msgs/order_msgs/msg/detail/order_msg__type_support.h
[1.157s] -- Up-to-date: /home/bok/project_ws/install/order_msgs/include/order_msgs/order_msgs/msg/detail/order_msg__functions.h
[1.158s] -- Up-to-date: /home/bok/project_ws/install/order_msgs/share/order_msgs/environment/library_path.sh
[1.158s] -- Up-to-date: /home/bok/project_ws/install/order_msgs/share/order_msgs/environment/library_path.dsv
[1.158s] -- Up-to-date: /home/bok/project_ws/install/order_msgs/lib/liborder_msgs__rosidl_generator_c.so
[1.158s] -- Up-to-date: /home/bok/project_ws/install/order_msgs/include/order_msgs/order_msgs
[1.158s] -- Up-to-date: /home/bok/project_ws/install/order_msgs/include/order_msgs/order_msgs/srv
[1.158s] -- Up-to-date: /home/bok/project_ws/install/order_msgs/include/order_msgs/order_msgs/srv/detail
[1.158s] -- Up-to-date: /home/bok/project_ws/install/order_msgs/include/order_msgs/order_msgs/srv/detail/order_food__rosidl_typesupport_fastrtps_c.h
[1.158s] -- Up-to-date: /home/bok/project_ws/install/order_msgs/include/order_msgs/order_msgs/srv/detail/order__rosidl_typesupport_fastrtps_c.h
[1.159s] -- Up-to-date: /home/bok/project_ws/install/order_msgs/include/order_msgs/order_msgs/action
[1.159s] -- Up-to-date: /home/bok/project_ws/install/order_msgs/include/order_msgs/order_msgs/action/detail
[1.159s] -- Up-to-date: /home/bok/project_ws/install/order_msgs/include/order_msgs/order_msgs/action/detail/robot_action__rosidl_typesupport_fastrtps_c.h
[1.159s] -- Up-to-date: /home/bok/project_ws/install/order_msgs/include/order_msgs/order_msgs/msg
[1.159s] -- Up-to-date: /home/bok/project_ws/install/order_msgs/include/order_msgs/order_msgs/msg/rosidl_typesupport_fastrtps_c__visibility_control.h
[1.159s] -- Up-to-date: /home/bok/project_ws/install/order_msgs/include/order_msgs/order_msgs/msg/detail
[1.160s] -- Up-to-date: /home/bok/project_ws/install/order_msgs/include/order_msgs/order_msgs/msg/detail/order_msg__rosidl_typesupport_fastrtps_c.h
[1.160s] -- Up-to-date: /home/bok/project_ws/install/order_msgs/lib/liborder_msgs__rosidl_typesupport_fastrtps_c.so
[1.160s] -- Up-to-date: /home/bok/project_ws/install/order_msgs/include/order_msgs/order_msgs
[1.160s] -- Up-to-date: /home/bok/project_ws/install/order_msgs/include/order_msgs/order_msgs/srv
[1.160s] -- Up-to-date: /home/bok/project_ws/install/order_msgs/include/order_msgs/order_msgs/srv/detail
[1.160s] -- Up-to-date: /home/bok/project_ws/install/order_msgs/include/order_msgs/order_msgs/srv/detail/order__type_support.c
[1.160s] -- Up-to-date: /home/bok/project_ws/install/order_msgs/include/order_msgs/order_msgs/srv/detail/order_food__type_support.c
[1.160s] -- Up-to-date: /home/bok/project_ws/install/order_msgs/include/order_msgs/order_msgs/srv/detail/order__rosidl_typesupport_introspection_c.h
[1.161s] -- Up-to-date: /home/bok/project_ws/install/order_msgs/include/order_msgs/order_msgs/srv/detail/order_food__rosidl_typesupport_introspection_c.h
[1.161s] -- Up-to-date: /home/bok/project_ws/install/order_msgs/include/order_msgs/order_msgs/action
[1.161s] -- Up-to-date: /home/bok/project_ws/install/order_msgs/include/order_msgs/order_msgs/action/detail
[1.161s] -- Up-to-date: /home/bok/project_ws/install/order_msgs/include/order_msgs/order_msgs/action/detail/robot_action__rosidl_typesupport_introspection_c.h
[1.161s] -- Up-to-date: /home/bok/project_ws/install/order_msgs/include/order_msgs/order_msgs/action/detail/robot_action__type_support.c
[1.161s] -- Up-to-date: /home/bok/project_ws/install/order_msgs/include/order_msgs/order_msgs/msg
[1.161s] -- Up-to-date: /home/bok/project_ws/install/order_msgs/include/order_msgs/order_msgs/msg/rosidl_typesupport_introspection_c__visibility_control.h
[1.161s] -- Up-to-date: /home/bok/project_ws/install/order_msgs/include/order_msgs/order_msgs/msg/detail
[1.161s] -- Up-to-date: /home/bok/project_ws/install/order_msgs/include/order_msgs/order_msgs/msg/detail/order_msg__type_support.c
[1.162s] -- Up-to-date: /home/bok/project_ws/install/order_msgs/include/order_msgs/order_msgs/msg/detail/order_msg__rosidl_typesupport_introspection_c.h
[1.162s] -- Up-to-date: /home/bok/project_ws/install/order_msgs/lib/liborder_msgs__rosidl_typesupport_introspection_c.so
[1.162s] -- Up-to-date: /home/bok/project_ws/install/order_msgs/lib/liborder_msgs__rosidl_typesupport_c.so
[1.163s] -- Up-to-date: /home/bok/project_ws/install/order_msgs/include/order_msgs/order_msgs
[1.164s] -- Up-to-date: /home/bok/project_ws/install/order_msgs/include/order_msgs/order_msgs/srv
[1.164s] -- Up-to-date: /home/bok/project_ws/install/order_msgs/include/order_msgs/order_msgs/srv/order_food.hpp
[1.164s] -- Up-to-date: /home/bok/project_ws/install/order_msgs/include/order_msgs/order_msgs/srv/order.hpp
[1.166s] -- Up-to-date: /home/bok/project_ws/install/order_msgs/include/order_msgs/order_msgs/srv/detail
[1.167s] -- Up-to-date: /home/bok/project_ws/install/order_msgs/include/order_msgs/order_msgs/srv/detail/order_food__traits.hpp
[1.167s] -- Up-to-date: /home/bok/project_ws/install/order_msgs/include/order_msgs/order_msgs/srv/detail/order_food__builder.hpp
[1.167s] -- Up-to-date: /home/bok/project_ws/install/order_msgs/include/order_msgs/order_msgs/srv/detail/order__struct.hpp
[1.167s] -- Up-to-date: /home/bok/project_ws/install/order_msgs/include/order_msgs/order_msgs/srv/detail/order__traits.hpp
[1.167s] -- Up-to-date: /home/bok/project_ws/install/order_msgs/include/order_msgs/order_msgs/srv/detail/order_food__struct.hpp
[1.167s] -- Up-to-date: /home/bok/project_ws/install/order_msgs/include/order_msgs/order_msgs/srv/detail/order__builder.hpp
[1.167s] -- Up-to-date: /home/bok/project_ws/install/order_msgs/include/order_msgs/order_msgs/action
[1.168s] -- Up-to-date: /home/bok/project_ws/install/order_msgs/include/order_msgs/order_msgs/action/robot_action.hpp
[1.168s] -- Up-to-date: /home/bok/project_ws/install/order_msgs/include/order_msgs/order_msgs/action/detail
[1.168s] -- Up-to-date: /home/bok/project_ws/install/order_msgs/include/order_msgs/order_msgs/action/detail/robot_action__struct.hpp
[1.168s] -- Up-to-date: /home/bok/project_ws/install/order_msgs/include/order_msgs/order_msgs/action/detail/robot_action__traits.hpp
[1.168s] -- Up-to-date: /home/bok/project_ws/install/order_msgs/include/order_msgs/order_msgs/action/detail/robot_action__builder.hpp
[1.168s] -- Up-to-date: /home/bok/project_ws/install/order_msgs/include/order_msgs/order_msgs/msg
[1.168s] -- Up-to-date: /home/bok/project_ws/install/order_msgs/include/order_msgs/order_msgs/msg/order_msg.hpp
[1.168s] -- Up-to-date: /home/bok/project_ws/install/order_msgs/include/order_msgs/order_msgs/msg/detail
[1.169s] -- Up-to-date: /home/bok/project_ws/install/order_msgs/include/order_msgs/order_msgs/msg/detail/order_msg__traits.hpp
[1.169s] -- Up-to-date: /home/bok/project_ws/install/order_msgs/include/order_msgs/order_msgs/msg/detail/order_msg__builder.hpp
[1.169s] -- Up-to-date: /home/bok/project_ws/install/order_msgs/include/order_msgs/order_msgs/msg/detail/order_msg__struct.hpp
[1.169s] -- Up-to-date: /home/bok/project_ws/install/order_msgs/include/order_msgs/order_msgs
[1.169s] -- Up-to-date: /home/bok/project_ws/install/order_msgs/include/order_msgs/order_msgs/srv
[1.169s] -- Up-to-date: /home/bok/project_ws/install/order_msgs/include/order_msgs/order_msgs/srv/detail
[1.169s] -- Up-to-date: /home/bok/project_ws/install/order_msgs/include/order_msgs/order_msgs/srv/detail/dds_fastrtps
[1.169s] -- Up-to-date: /home/bok/project_ws/install/order_msgs/include/order_msgs/order_msgs/srv/detail/order_food__rosidl_typesupport_fastrtps_cpp.hpp
[1.170s] -- Up-to-date: /home/bok/project_ws/install/order_msgs/include/order_msgs/order_msgs/srv/detail/order__rosidl_typesupport_fastrtps_cpp.hpp
[1.170s] -- Up-to-date: /home/bok/project_ws/install/order_msgs/include/order_msgs/order_msgs/action
[1.170s] -- Up-to-date: /home/bok/project_ws/install/order_msgs/include/order_msgs/order_msgs/action/detail
[1.170s] -- Up-to-date: /home/bok/project_ws/install/order_msgs/include/order_msgs/order_msgs/action/detail/dds_fastrtps
[1.170s] -- Up-to-date: /home/bok/project_ws/install/order_msgs/include/order_msgs/order_msgs/action/detail/robot_action__rosidl_typesupport_fastrtps_cpp.hpp
[1.170s] -- Up-to-date: /home/bok/project_ws/install/order_msgs/include/order_msgs/order_msgs/msg
[1.170s] -- Up-to-date: /home/bok/project_ws/install/order_msgs/include/order_msgs/order_msgs/msg/rosidl_typesupport_fastrtps_cpp__visibility_control.h
[1.170s] -- Up-to-date: /home/bok/project_ws/install/order_msgs/include/order_msgs/order_msgs/msg/detail
[1.170s] -- Up-to-date: /home/bok/project_ws/install/order_msgs/include/order_msgs/order_msgs/msg/detail/dds_fastrtps
[1.171s] -- Up-to-date: /home/bok/project_ws/install/order_msgs/include/order_msgs/order_msgs/msg/detail/order_msg__rosidl_typesupport_fastrtps_cpp.hpp
[1.171s] -- Up-to-date: /home/bok/project_ws/install/order_msgs/lib/liborder_msgs__rosidl_typesupport_fastrtps_cpp.so
[1.171s] -- Up-to-date: /home/bok/project_ws/install/order_msgs/include/order_msgs/order_msgs
[1.171s] -- Up-to-date: /home/bok/project_ws/install/order_msgs/include/order_msgs/order_msgs/srv
[1.171s] -- Up-to-date: /home/bok/project_ws/install/order_msgs/include/order_msgs/order_msgs/srv/detail
[1.171s] -- Up-to-date: /home/bok/project_ws/install/order_msgs/include/order_msgs/order_msgs/srv/detail/order__type_support.cpp
[1.172s] -- Up-to-date: /home/bok/project_ws/install/order_msgs/include/order_msgs/order_msgs/srv/detail/order__rosidl_typesupport_introspection_cpp.hpp
[1.172s] -- Up-to-date: /home/bok/project_ws/install/order_msgs/include/order_msgs/order_msgs/srv/detail/order_food__rosidl_typesupport_introspection_cpp.hpp
[1.172s] -- Up-to-date: /home/bok/project_ws/install/order_msgs/include/order_msgs/order_msgs/srv/detail/order_food__type_support.cpp
[1.172s] -- Up-to-date: /home/bok/project_ws/install/order_msgs/include/order_msgs/order_msgs/action
[1.172s] -- Up-to-date: /home/bok/project_ws/install/order_msgs/include/order_msgs/order_msgs/action/detail
[1.172s] -- Up-to-date: /home/bok/project_ws/install/order_msgs/include/order_msgs/order_msgs/action/detail/robot_action__type_support.cpp
[1.172s] -- Up-to-date: /home/bok/project_ws/install/order_msgs/include/order_msgs/order_msgs/action/detail/robot_action__rosidl_typesupport_introspection_cpp.hpp
[1.172s] -- Up-to-date: /home/bok/project_ws/install/order_msgs/include/order_msgs/order_msgs/msg
[1.173s] -- Up-to-date: /home/bok/project_ws/install/order_msgs/include/order_msgs/order_msgs/msg/detail
[1.173s] -- Up-to-date: /home/bok/project_ws/install/order_msgs/include/order_msgs/order_msgs/msg/detail/order_msg__type_support.cpp
[1.173s] -- Up-to-date: /home/bok/project_ws/install/order_msgs/include/order_msgs/order_msgs/msg/detail/order_msg__rosidl_typesupport_introspection_cpp.hpp
[1.175s] -- Up-to-date: /home/bok/project_ws/install/order_msgs/lib/liborder_msgs__rosidl_typesupport_introspection_cpp.so
[1.175s] -- Up-to-date: /home/bok/project_ws/install/order_msgs/lib/liborder_msgs__rosidl_typesupport_cpp.so
[1.176s] -- Up-to-date: /home/bok/project_ws/install/order_msgs/share/order_msgs/environment/pythonpath.sh
[1.176s] -- Up-to-date: /home/bok/project_ws/install/order_msgs/share/order_msgs/environment/pythonpath.dsv
[1.176s] -- Up-to-date: /home/bok/project_ws/install/order_msgs/local/lib/python3.10/dist-packages/order_msgs-0.0.0-py3.10.egg-info
[1.176s] -- Installing: /home/bok/project_ws/install/order_msgs/local/lib/python3.10/dist-packages/order_msgs-0.0.0-py3.10.egg-info/dependency_links.txt
[1.177s] -- Installing: /home/bok/project_ws/install/order_msgs/local/lib/python3.10/dist-packages/order_msgs-0.0.0-py3.10.egg-info/SOURCES.txt
[1.178s] -- Installing: /home/bok/project_ws/install/order_msgs/local/lib/python3.10/dist-packages/order_msgs-0.0.0-py3.10.egg-info/PKG-INFO
[1.178s] -- Installing: /home/bok/project_ws/install/order_msgs/local/lib/python3.10/dist-packages/order_msgs-0.0.0-py3.10.egg-info/top_level.txt
[1.178s] -- Up-to-date: /home/bok/project_ws/install/order_msgs/local/lib/python3.10/dist-packages/order_msgs
[1.179s] -- Up-to-date: /home/bok/project_ws/install/order_msgs/local/lib/python3.10/dist-packages/order_msgs/_order_msgs_s.ep.rosidl_typesupport_c.c
[1.179s] -- Up-to-date: /home/bok/project_ws/install/order_msgs/local/lib/python3.10/dist-packages/order_msgs/order_msgs_s__rosidl_typesupport_c.cpython-310-x86_64-linux-gnu.so
[1.179s] -- Up-to-date: /home/bok/project_ws/install/order_msgs/local/lib/python3.10/dist-packages/order_msgs/liborder_msgs__rosidl_generator_py.so
[1.179s] -- Up-to-date: /home/bok/project_ws/install/order_msgs/local/lib/python3.10/dist-packages/order_msgs/_order_msgs_s.ep.rosidl_typesupport_fastrtps_c.c
[1.179s] -- Up-to-date: /home/bok/project_ws/install/order_msgs/local/lib/python3.10/dist-packages/order_msgs/srv
[1.179s] -- Up-to-date: /home/bok/project_ws/install/order_msgs/local/lib/python3.10/dist-packages/order_msgs/srv/_order_s.c
[1.179s] -- Up-to-date: /home/bok/project_ws/install/order_msgs/local/lib/python3.10/dist-packages/order_msgs/srv/_order.py
[1.179s] -- Up-to-date: /home/bok/project_ws/install/order_msgs/local/lib/python3.10/dist-packages/order_msgs/srv/_order_food.py
[1.179s] -- Up-to-date: /home/bok/project_ws/install/order_msgs/local/lib/python3.10/dist-packages/order_msgs/srv/_order_food_s.c
[1.180s] -- Up-to-date: /home/bok/project_ws/install/order_msgs/local/lib/python3.10/dist-packages/order_msgs/srv/__init__.py
[1.180s] -- Up-to-date: /home/bok/project_ws/install/order_msgs/local/lib/python3.10/dist-packages/order_msgs/_order_msgs_s.ep.rosidl_typesupport_introspection_c.c
[1.180s] -- Up-to-date: /home/bok/project_ws/install/order_msgs/local/lib/python3.10/dist-packages/order_msgs/__init__.py
[1.180s] -- Up-to-date: /home/bok/project_ws/install/order_msgs/local/lib/python3.10/dist-packages/order_msgs/order_msgs_s__rosidl_typesupport_fastrtps_c.cpython-310-x86_64-linux-gnu.so
[1.180s] -- Up-to-date: /home/bok/project_ws/install/order_msgs/local/lib/python3.10/dist-packages/order_msgs/order_msgs_s__rosidl_typesupport_introspection_c.cpython-310-x86_64-linux-gnu.so
[1.180s] -- Up-to-date: /home/bok/project_ws/install/order_msgs/local/lib/python3.10/dist-packages/order_msgs/action
[1.180s] -- Up-to-date: /home/bok/project_ws/install/order_msgs/local/lib/python3.10/dist-packages/order_msgs/action/_robot_action_s.c
[1.180s] -- Up-to-date: /home/bok/project_ws/install/order_msgs/local/lib/python3.10/dist-packages/order_msgs/action/__init__.py
[1.180s] -- Up-to-date: /home/bok/project_ws/install/order_msgs/local/lib/python3.10/dist-packages/order_msgs/action/_robot_action.py
[1.181s] -- Up-to-date: /home/bok/project_ws/install/order_msgs/local/lib/python3.10/dist-packages/order_msgs/msg
[1.181s] -- Up-to-date: /home/bok/project_ws/install/order_msgs/local/lib/python3.10/dist-packages/order_msgs/msg/_order_msg_s.c
[1.181s] -- Up-to-date: /home/bok/project_ws/install/order_msgs/local/lib/python3.10/dist-packages/order_msgs/msg/_order_msg.py
[1.181s] -- Up-to-date: /home/bok/project_ws/install/order_msgs/local/lib/python3.10/dist-packages/order_msgs/msg/__init__.py
[1.261s] Listing '/home/bok/project_ws/install/order_msgs/local/lib/python3.10/dist-packages/order_msgs'...
[1.261s] Listing '/home/bok/project_ws/install/order_msgs/local/lib/python3.10/dist-packages/order_msgs/action'...
[1.261s] Listing '/home/bok/project_ws/install/order_msgs/local/lib/python3.10/dist-packages/order_msgs/msg'...
[1.261s] Listing '/home/bok/project_ws/install/order_msgs/local/lib/python3.10/dist-packages/order_msgs/srv'...
[1.279s] -- Up-to-date: /home/bok/project_ws/install/order_msgs/local/lib/python3.10/dist-packages/order_msgs/order_msgs_s__rosidl_typesupport_fastrtps_c.cpython-310-x86_64-linux-gnu.so
[1.281s] -- Up-to-date: /home/bok/project_ws/install/order_msgs/local/lib/python3.10/dist-packages/order_msgs/order_msgs_s__rosidl_typesupport_introspection_c.cpython-310-x86_64-linux-gnu.so
[1.282s] -- Up-to-date: /home/bok/project_ws/install/order_msgs/local/lib/python3.10/dist-packages/order_msgs/order_msgs_s__rosidl_typesupport_c.cpython-310-x86_64-linux-gnu.so
[1.282s] -- Up-to-date: /home/bok/project_ws/install/order_msgs/lib/liborder_msgs__rosidl_generator_py.so
[1.282s] -- Up-to-date: /home/bok/project_ws/install/order_msgs/share/order_msgs/action/RobotAction.idl
[1.282s] -- Up-to-date: /home/bok/project_ws/install/order_msgs/share/order_msgs/srv/Order.idl
[1.282s] -- Up-to-date: /home/bok/project_ws/install/order_msgs/share/order_msgs/action/RobotAction.action
[1.282s] -- Up-to-date: /home/bok/project_ws/install/order_msgs/share/order_msgs/srv/Order.srv
[1.282s] -- Up-to-date: /home/bok/project_ws/install/order_msgs/share/order_msgs/srv/Order_Request.msg
[1.282s] -- Up-to-date: /home/bok/project_ws/install/order_msgs/share/order_msgs/srv/Order_Response.msg
[1.283s] -- Up-to-date: /home/bok/project_ws/install/order_msgs/share/ament_index/resource_index/package_run_dependencies/order_msgs
[1.283s] -- Up-to-date: /home/bok/project_ws/install/order_msgs/share/ament_index/resource_index/parent_prefix_path/order_msgs
[1.283s] -- Up-to-date: /home/bok/project_ws/install/order_msgs/share/order_msgs/environment/ament_prefix_path.sh
[1.283s] -- Up-to-date: /home/bok/project_ws/install/order_msgs/share/order_msgs/environment/ament_prefix_path.dsv
[1.283s] -- Up-to-date: /home/bok/project_ws/install/order_msgs/share/order_msgs/environment/path.sh
[1.283s] -- Up-to-date: /home/bok/project_ws/install/order_msgs/share/order_msgs/environment/path.dsv
[1.283s] -- Up-to-date: /home/bok/project_ws/install/order_msgs/share/order_msgs/local_setup.bash
[1.283s] -- Up-to-date: /home/bok/project_ws/install/order_msgs/share/order_msgs/local_setup.sh
[1.284s] -- Up-to-date: /home/bok/project_ws/install/order_msgs/share/order_msgs/local_setup.zsh
[1.284s] -- Up-to-date: /home/bok/project_ws/install/order_msgs/share/order_msgs/local_setup.dsv
[1.284s] -- Installing: /home/bok/project_ws/install/order_msgs/share/order_msgs/package.dsv
[1.284s] -- Up-to-date: /home/bok/project_ws/install/order_msgs/share/ament_index/resource_index/packages/order_msgs
[1.285s] -- Up-to-date: /home/bok/project_ws/install/order_msgs/share/order_msgs/cmake/export_order_msgs__rosidl_generator_cExport.cmake
[1.286s] -- Up-to-date: /home/bok/project_ws/install/order_msgs/share/order_msgs/cmake/export_order_msgs__rosidl_generator_cExport-noconfig.cmake
[1.286s] -- Up-to-date: /home/bok/project_ws/install/order_msgs/share/order_msgs/cmake/export_order_msgs__rosidl_typesupport_fastrtps_cExport.cmake
[1.286s] -- Up-to-date: /home/bok/project_ws/install/order_msgs/share/order_msgs/cmake/export_order_msgs__rosidl_typesupport_fastrtps_cExport-noconfig.cmake
[1.289s] -- Up-to-date: /home/bok/project_ws/install/order_msgs/share/order_msgs/cmake/order_msgs__rosidl_typesupport_introspection_cExport.cmake
[1.289s] -- Up-to-date: /home/bok/project_ws/install/order_msgs/share/order_msgs/cmake/order_msgs__rosidl_typesupport_introspection_cExport-noconfig.cmake
[1.291s] -- Up-to-date: /home/bok/project_ws/install/order_msgs/share/order_msgs/cmake/order_msgs__rosidl_typesupport_cExport.cmake
[1.292s] -- Up-to-date: /home/bok/project_ws/install/order_msgs/share/order_msgs/cmake/order_msgs__rosidl_typesupport_cExport-noconfig.cmake
[1.292s] -- Up-to-date: /home/bok/project_ws/install/order_msgs/share/order_msgs/cmake/export_order_msgs__rosidl_generator_cppExport.cmake
[1.292s] -- Up-to-date: /home/bok/project_ws/install/order_msgs/share/order_msgs/cmake/export_order_msgs__rosidl_typesupport_fastrtps_cppExport.cmake
[1.293s] -- Up-to-date: /home/bok/project_ws/install/order_msgs/share/order_msgs/cmake/export_order_msgs__rosidl_typesupport_fastrtps_cppExport-noconfig.cmake
[1.293s] -- Up-to-date: /home/bok/project_ws/install/order_msgs/share/order_msgs/cmake/order_msgs__rosidl_typesupport_introspection_cppExport.cmake
[1.294s] -- Up-to-date: /home/bok/project_ws/install/order_msgs/share/order_msgs/cmake/order_msgs__rosidl_typesupport_introspection_cppExport-noconfig.cmake
[1.296s] -- Up-to-date: /home/bok/project_ws/install/order_msgs/share/order_msgs/cmake/order_msgs__rosidl_typesupport_cppExport.cmake
[1.297s] -- Up-to-date: /home/bok/project_ws/install/order_msgs/share/order_msgs/cmake/order_msgs__rosidl_typesupport_cppExport-noconfig.cmake
[1.298s] -- Up-to-date: /home/bok/project_ws/install/order_msgs/share/order_msgs/cmake/export_order_msgs__rosidl_generator_pyExport.cmake
[1.299s] -- Up-to-date: /home/bok/project_ws/install/order_msgs/share/order_msgs/cmake/export_order_msgs__rosidl_generator_pyExport-noconfig.cmake
[1.299s] -- Up-to-date: /home/bok/project_ws/install/order_msgs/share/order_msgs/cmake/rosidl_cmake-extras.cmake
[1.299s] -- Up-to-date: /home/bok/project_ws/install/order_msgs/share/order_msgs/cmake/ament_cmake_export_dependencies-extras.cmake
[1.299s] -- Up-to-date: /home/bok/project_ws/install/order_msgs/share/order_msgs/cmake/ament_cmake_export_include_directories-extras.cmake
[1.299s] -- Up-to-date: /home/bok/project_ws/install/order_msgs/share/order_msgs/cmake/ament_cmake_export_libraries-extras.cmake
[1.299s] -- Up-to-date: /home/bok/project_ws/install/order_msgs/share/order_msgs/cmake/ament_cmake_export_targets-extras.cmake
[1.299s] -- Up-to-date: /home/bok/project_ws/install/order_msgs/share/order_msgs/cmake/rosidl_cmake_export_typesupport_targets-extras.cmake
[1.299s] -- Up-to-date: /home/bok/project_ws/install/order_msgs/share/order_msgs/cmake/rosidl_cmake_export_typesupport_libraries-extras.cmake
[1.300s] -- Up-to-date: /home/bok/project_ws/install/order_msgs/share/order_msgs/cmake/order_msgsConfig.cmake
[1.300s] -- Up-to-date: /home/bok/project_ws/install/order_msgs/share/order_msgs/cmake/order_msgsConfig-version.cmake
[1.300s] -- Up-to-date: /home/bok/project_ws/install/order_msgs/share/order_msgs/package.xml
[1.303s] Invoked command in '/home/bok/project_ws/build/order_msgs' returned '0': CMAKE_PREFIX_PATH=${CMAKE_PREFIX_PATH}:/home/bok/project_ws/install/turtlebot:/home/bok/turtlebot3_ws/install/turtlebot3_teleop:/home/bok/turtlebot3_ws/install/turtlebot3_example:/home/bok/ros2_ws/install/ros_study_py:/home/bok/ros2_ws/install/ex_calculator:/home/bok/ros2_ws/install/py_pubsub:/home/bok/ros2_ws/src/install/ros_study_py:/home/bok/ros2_ws/src/install/ex_calculator:/opt/ros/humble /usr/bin/cmake --install /home/bok/project_ws/build/order_msgs
