running develop
Removing /home/bok/multitb_ws/install/get_data/lib/python3.10/site-packages/get-data.egg-link (link to .)
running egg_info
writing ../../build/get_data/get_data.egg-info/PKG-INFO
writing dependency_links to ../../build/get_data/get_data.egg-info/dependency_links.txt
writing entry points to ../../build/get_data/get_data.egg-info/entry_points.txt
writing requirements to ../../build/get_data/get_data.egg-info/requires.txt
writing top-level names to ../../build/get_data/get_data.egg-info/top_level.txt
reading manifest file '../../build/get_data/get_data.egg-info/SOURCES.txt'
writing manifest file '../../build/get_data/get_data.egg-info/SOURCES.txt'
running build
running build_py
copying get_data/yolo.py -> /home/bok/multitb_ws/build/get_data/build/lib/get_data
copying get_data/thief_spawn.py -> /home/bok/multitb_ws/build/get_data/build/lib/get_data
copying get_data/camera.py -> /home/bok/multitb_ws/build/get_data/build/lib/get_data
copying get_data/get_data.py -> /home/bok/multitb_ws/build/get_data/build/lib/get_data
copying get_data/qt_update.py -> /home/bok/multitb_ws/build/get_data/build/lib/get_data
copying get_data/__init__.py -> /home/bok/multitb_ws/build/get_data/build/lib/get_data
running install
running install_lib
copying /home/bok/multitb_ws/build/get_data/build/lib/get_data/yolo.py -> /home/bok/multitb_ws/install/get_data/lib/python3.10/site-packages/get_data
copying /home/bok/multitb_ws/build/get_data/build/lib/get_data/thief_spawn.py -> /home/bok/multitb_ws/install/get_data/lib/python3.10/site-packages/get_data
copying /home/bok/multitb_ws/build/get_data/build/lib/get_data/camera.py -> /home/bok/multitb_ws/install/get_data/lib/python3.10/site-packages/get_data
copying /home/bok/multitb_ws/build/get_data/build/lib/get_data/get_data.py -> /home/bok/multitb_ws/install/get_data/lib/python3.10/site-packages/get_data
copying /home/bok/multitb_ws/build/get_data/build/lib/get_data/qt_update.py -> /home/bok/multitb_ws/install/get_data/lib/python3.10/site-packages/get_data
copying /home/bok/multitb_ws/build/get_data/build/lib/get_data/__init__.py -> /home/bok/multitb_ws/install/get_data/lib/python3.10/site-packages/get_data
byte-compiling /home/bok/multitb_ws/install/get_data/lib/python3.10/site-packages/get_data/yolo.py to yolo.cpython-310.pyc
byte-compiling /home/bok/multitb_ws/install/get_data/lib/python3.10/site-packages/get_data/thief_spawn.py to thief_spawn.cpython-310.pyc
byte-compiling /home/bok/multitb_ws/install/get_data/lib/python3.10/site-packages/get_data/camera.py to camera.cpython-310.pyc
byte-compiling /home/bok/multitb_ws/install/get_data/lib/python3.10/site-packages/get_data/get_data.py to get_data.cpython-310.pyc
byte-compiling /home/bok/multitb_ws/install/get_data/lib/python3.10/site-packages/get_data/qt_update.py to qt_update.cpython-310.pyc
byte-compiling /home/bok/multitb_ws/install/get_data/lib/python3.10/site-packages/get_data/__init__.py to __init__.cpython-310.pyc
running install_data
copying resource/get_data -> /home/bok/multitb_ws/install/get_data/share/ament_index/resource_index/packages
copying package.xml -> /home/bok/multitb_ws/install/get_data/share/get_data
running install_egg_info
Copying ../../build/get_data/get_data.egg-info to /home/bok/multitb_ws/install/get_data/lib/python3.10/site-packages/get_data-0.0.0-py3.10.egg-info
running install_scripts
Installing camera script to /home/bok/multitb_ws/install/get_data/lib/get_data
Installing get_data script to /home/bok/multitb_ws/install/get_data/lib/get_data
Installing qt_update script to /home/bok/multitb_ws/install/get_data/lib/get_data
Installing thief_spawn script to /home/bok/multitb_ws/install/get_data/lib/get_data
writing list of installed files to '/home/bok/multitb_ws/build/get_data/install.log'
