[0.662s] Invoking command in '/home/rokey/Desktop/ros_ws/src/cleaning': PYTHONPATH=/home/rokey/Desktop/ros_ws/build/cleaning/prefix_override:/usr/lib/python3/dist-packages/colcon_core/task/python/colcon_distutils_commands:/home/rokey/Desktop/ros_ws/install/cleaning/lib/python3.10/site-packages:${PYTHONPATH} /usr/bin/python3 -W ignore:setup.py install is deprecated -W ignore:easy_install command is deprecated setup.py egg_info --egg-base ../../build/cleaning build --build-base /home/rokey/Desktop/ros_ws/build/cleaning/build install --record /home/rokey/Desktop/ros_ws/build/cleaning/install.log --single-version-externally-managed install_data
[0.914s] running egg_info
[0.915s] writing ../../build/cleaning/cleaning.egg-info/PKG-INFO
[0.915s] writing dependency_links to ../../build/cleaning/cleaning.egg-info/dependency_links.txt
[0.916s] writing entry points to ../../build/cleaning/cleaning.egg-info/entry_points.txt
[0.916s] writing requirements to ../../build/cleaning/cleaning.egg-info/requires.txt
[0.916s] writing top-level names to ../../build/cleaning/cleaning.egg-info/top_level.txt
[0.918s] reading manifest file '../../build/cleaning/cleaning.egg-info/SOURCES.txt'
[0.920s] writing manifest file '../../build/cleaning/cleaning.egg-info/SOURCES.txt'
[0.920s] running build
[0.920s] running build_py
[0.920s] copying cleaning/clean.py -> /home/rokey/Desktop/ros_ws/build/cleaning/build/lib/cleaning
[0.920s] running install
[0.921s] running install_lib
[0.922s] copying /home/rokey/Desktop/ros_ws/build/cleaning/build/lib/cleaning/clean.py -> /home/rokey/Desktop/ros_ws/install/cleaning/lib/python3.10/site-packages/cleaning
[0.922s] byte-compiling /home/rokey/Desktop/ros_ws/install/cleaning/lib/python3.10/site-packages/cleaning/clean.py to clean.cpython-310.pyc
[0.924s] running install_data
[0.924s] running install_egg_info
[0.926s] removing '/home/rokey/Desktop/ros_ws/install/cleaning/lib/python3.10/site-packages/cleaning-0.0.0-py3.10.egg-info' (and everything under it)
[0.926s] Copying ../../build/cleaning/cleaning.egg-info to /home/rokey/Desktop/ros_ws/install/cleaning/lib/python3.10/site-packages/cleaning-0.0.0-py3.10.egg-info
[0.928s] running install_scripts
[0.949s] Installing clean script to /home/rokey/Desktop/ros_ws/install/cleaning/lib/cleaning
[0.949s] Installing find script to /home/rokey/Desktop/ros_ws/install/cleaning/lib/cleaning
[0.950s] writing list of installed files to '/home/rokey/Desktop/ros_ws/build/cleaning/install.log'
[0.978s] Invoked command in '/home/rokey/Desktop/ros_ws/src/cleaning' returned '0': PYTHONPATH=/home/rokey/Desktop/ros_ws/build/cleaning/prefix_override:/usr/lib/python3/dist-packages/colcon_core/task/python/colcon_distutils_commands:/home/rokey/Desktop/ros_ws/install/cleaning/lib/python3.10/site-packages:${PYTHONPATH} /usr/bin/python3 -W ignore:setup.py install is deprecated -W ignore:easy_install command is deprecated setup.py egg_info --egg-base ../../build/cleaning build --build-base /home/rokey/Desktop/ros_ws/build/cleaning/build install --record /home/rokey/Desktop/ros_ws/build/cleaning/install.log --single-version-externally-managed install_data
