[0.523s] Invoking command in '/home/bok/ff_ws/build/type': CMAKE_PREFIX_PATH=${CMAKE_PREFIX_PATH}:/home/bok/ff_ws/install/project:/home/bok/multitb_ws/install/get_data:/home/bok/ws_urdf/install/urdf_tutorial:/home/bok/ws_urdf/install/car_tutorial:/home/bok/turtlebot3_ws/install/turtlebot3_teleop:/home/bok/turtlebot3_ws/install/turtlebot3_example:/home/bok/baby_ws/install/bossbaby:/opt/ros/humble /usr/bin/cmake --build /home/bok/ff_ws/build/type -- -j4 -l4
[0.725s] [  9%] Built target type__rosidl_generator_c
[0.736s] [ 12%] Built target type__cpp
[0.746s] [ 12%] Built target ament_cmake_python_copy_type
[0.834s] [ 22%] Built target type__rosidl_typesupport_c
[0.836s] [ 32%] Built target type__rosidl_typesupport_introspection_c
[0.869s] [ 41%] Built target type__rosidl_typesupport_fastrtps_c
[0.885s] [ 51%] Built target type__rosidl_typesupport_introspection_cpp
[0.923s] [ 61%] Built target type__rosidl_typesupport_cpp
[0.954s] [ 70%] Built target type__rosidl_typesupport_fastrtps_cpp
[1.029s] [ 70%] Built target type
[1.073s] [ 74%] Built target type__py
[1.166s] [ 80%] Built target type__rosidl_generator_py
[1.254s] [ 87%] Built target type__rosidl_typesupport_introspection_c__pyext
[1.267s] [ 93%] Built target type__rosidl_typesupport_fastrtps_c__pyext
[1.282s] [100%] Built target type__rosidl_typesupport_c__pyext
[1.566s] running egg_info
[1.612s] writing type.egg-info/PKG-INFO
[1.615s] writing dependency_links to type.egg-info/dependency_links.txt
[1.617s] writing top-level names to type.egg-info/top_level.txt
[1.765s] reading manifest file 'type.egg-info/SOURCES.txt'
[1.765s] writing manifest file 'type.egg-info/SOURCES.txt'
[1.828s] [100%] Built target ament_cmake_python_build_type_egg
[1.852s] Invoked command in '/home/bok/ff_ws/build/type' returned '0': CMAKE_PREFIX_PATH=${CMAKE_PREFIX_PATH}:/home/bok/ff_ws/install/project:/home/bok/multitb_ws/install/get_data:/home/bok/ws_urdf/install/urdf_tutorial:/home/bok/ws_urdf/install/car_tutorial:/home/bok/turtlebot3_ws/install/turtlebot3_teleop:/home/bok/turtlebot3_ws/install/turtlebot3_example:/home/bok/baby_ws/install/bossbaby:/opt/ros/humble /usr/bin/cmake --build /home/bok/ff_ws/build/type -- -j4 -l4
[1.993s] Invoking command in '/home/bok/ff_ws/build/type': CMAKE_PREFIX_PATH=${CMAKE_PREFIX_PATH}:/home/bok/ff_ws/install/project:/home/bok/multitb_ws/install/get_data:/home/bok/ws_urdf/install/urdf_tutorial:/home/bok/ws_urdf/install/car_tutorial:/home/bok/turtlebot3_ws/install/turtlebot3_teleop:/home/bok/turtlebot3_ws/install/turtlebot3_example:/home/bok/baby_ws/install/bossbaby:/opt/ros/humble /usr/bin/cmake --install /home/bok/ff_ws/build/type
[2.010s] -- Install configuration: ""
[2.011s] -- Up-to-date: /home/bok/ff_ws/install/type/share/ament_index/resource_index/rosidl_interfaces/type
[2.011s] -- Up-to-date: /home/bok/ff_ws/install/type/include/type/type
[2.015s] -- Up-to-date: /home/bok/ff_ws/install/type/include/type/type/srv
[2.016s] -- Up-to-date: /home/bok/ff_ws/install/type/include/type/type/srv/start_time.h
[2.016s] -- Up-to-date: /home/bok/ff_ws/install/type/include/type/type/srv/detail
[2.016s] -- Up-to-date: /home/bok/ff_ws/install/type/include/type/type/srv/detail/start_time__type_support.h
[2.016s] -- Up-to-date: /home/bok/ff_ws/install/type/include/type/type/srv/detail/start_time__functions.c
[2.017s] -- Up-to-date: /home/bok/ff_ws/install/type/include/type/type/srv/detail/start_time__functions.h
[2.017s] -- Up-to-date: /home/bok/ff_ws/install/type/include/type/type/srv/detail/start_time__struct.h
[2.017s] -- Up-to-date: /home/bok/ff_ws/install/type/include/type/type/msg
[2.018s] -- Up-to-date: /home/bok/ff_ws/install/type/include/type/type/msg/rosidl_generator_c__visibility_control.h
[2.018s] -- Up-to-date: /home/bok/ff_ws/install/type/share/type/environment/library_path.sh
[2.018s] -- Up-to-date: /home/bok/ff_ws/install/type/share/type/environment/library_path.dsv
[2.024s] -- Up-to-date: /home/bok/ff_ws/install/type/lib/libtype__rosidl_generator_c.so
[2.024s] -- Up-to-date: /home/bok/ff_ws/install/type/include/type/type
[2.024s] -- Up-to-date: /home/bok/ff_ws/install/type/include/type/type/srv
[2.025s] -- Up-to-date: /home/bok/ff_ws/install/type/include/type/type/srv/detail
[2.025s] -- Up-to-date: /home/bok/ff_ws/install/type/include/type/type/srv/detail/start_time__rosidl_typesupport_fastrtps_c.h
[2.025s] -- Up-to-date: /home/bok/ff_ws/install/type/include/type/type/msg
[2.025s] -- Up-to-date: /home/bok/ff_ws/install/type/include/type/type/msg/rosidl_typesupport_fastrtps_c__visibility_control.h
[2.025s] -- Up-to-date: /home/bok/ff_ws/install/type/lib/libtype__rosidl_typesupport_fastrtps_c.so
[2.025s] -- Up-to-date: /home/bok/ff_ws/install/type/include/type/type
[2.025s] -- Up-to-date: /home/bok/ff_ws/install/type/include/type/type/srv
[2.025s] -- Up-to-date: /home/bok/ff_ws/install/type/include/type/type/srv/start_time.hpp
[2.025s] -- Up-to-date: /home/bok/ff_ws/install/type/include/type/type/srv/detail
[2.026s] -- Up-to-date: /home/bok/ff_ws/install/type/include/type/type/srv/detail/start_time__struct.hpp
[2.026s] -- Up-to-date: /home/bok/ff_ws/install/type/include/type/type/srv/detail/start_time__traits.hpp
[2.026s] -- Up-to-date: /home/bok/ff_ws/install/type/include/type/type/srv/detail/start_time__builder.hpp
[2.026s] -- Up-to-date: /home/bok/ff_ws/install/type/include/type/type
[2.026s] -- Up-to-date: /home/bok/ff_ws/install/type/include/type/type/srv
[2.026s] -- Up-to-date: /home/bok/ff_ws/install/type/include/type/type/srv/detail
[2.026s] -- Up-to-date: /home/bok/ff_ws/install/type/include/type/type/srv/detail/start_time__rosidl_typesupport_fastrtps_cpp.hpp
[2.026s] -- Up-to-date: /home/bok/ff_ws/install/type/include/type/type/srv/detail/dds_fastrtps
[2.026s] -- Up-to-date: /home/bok/ff_ws/install/type/include/type/type/msg
[2.026s] -- Up-to-date: /home/bok/ff_ws/install/type/include/type/type/msg/rosidl_typesupport_fastrtps_cpp__visibility_control.h
[2.032s] -- Up-to-date: /home/bok/ff_ws/install/type/lib/libtype__rosidl_typesupport_fastrtps_cpp.so
[2.032s] -- Up-to-date: /home/bok/ff_ws/install/type/include/type/type
[2.033s] -- Up-to-date: /home/bok/ff_ws/install/type/include/type/type/srv
[2.033s] -- Up-to-date: /home/bok/ff_ws/install/type/include/type/type/srv/detail
[2.033s] -- Up-to-date: /home/bok/ff_ws/install/type/include/type/type/srv/detail/start_time__type_support.c
[2.033s] -- Up-to-date: /home/bok/ff_ws/install/type/include/type/type/srv/detail/start_time__rosidl_typesupport_introspection_c.h
[2.033s] -- Up-to-date: /home/bok/ff_ws/install/type/include/type/type/msg
[2.033s] -- Up-to-date: /home/bok/ff_ws/install/type/include/type/type/msg/rosidl_typesupport_introspection_c__visibility_control.h
[2.033s] -- Up-to-date: /home/bok/ff_ws/install/type/lib/libtype__rosidl_typesupport_introspection_c.so
[2.033s] -- Up-to-date: /home/bok/ff_ws/install/type/lib/libtype__rosidl_typesupport_c.so
[2.033s] -- Up-to-date: /home/bok/ff_ws/install/type/include/type/type
[2.033s] -- Up-to-date: /home/bok/ff_ws/install/type/include/type/type/srv
[2.034s] -- Up-to-date: /home/bok/ff_ws/install/type/include/type/type/srv/detail
[2.034s] -- Up-to-date: /home/bok/ff_ws/install/type/include/type/type/srv/detail/start_time__rosidl_typesupport_introspection_cpp.hpp
[2.034s] -- Up-to-date: /home/bok/ff_ws/install/type/include/type/type/srv/detail/start_time__type_support.cpp
[2.035s] -- Up-to-date: /home/bok/ff_ws/install/type/lib/libtype__rosidl_typesupport_introspection_cpp.so
[2.040s] -- Up-to-date: /home/bok/ff_ws/install/type/lib/libtype__rosidl_typesupport_cpp.so
[2.040s] -- Up-to-date: /home/bok/ff_ws/install/type/share/type/environment/pythonpath.sh
[2.040s] -- Up-to-date: /home/bok/ff_ws/install/type/share/type/environment/pythonpath.dsv
[2.040s] -- Up-to-date: /home/bok/ff_ws/install/type/local/lib/python3.10/dist-packages/type-0.0.0-py3.10.egg-info
[2.040s] -- Installing: /home/bok/ff_ws/install/type/local/lib/python3.10/dist-packages/type-0.0.0-py3.10.egg-info/dependency_links.txt
[2.040s] -- Installing: /home/bok/ff_ws/install/type/local/lib/python3.10/dist-packages/type-0.0.0-py3.10.egg-info/SOURCES.txt
[2.041s] -- Installing: /home/bok/ff_ws/install/type/local/lib/python3.10/dist-packages/type-0.0.0-py3.10.egg-info/PKG-INFO
[2.041s] -- Installing: /home/bok/ff_ws/install/type/local/lib/python3.10/dist-packages/type-0.0.0-py3.10.egg-info/top_level.txt
[2.041s] -- Up-to-date: /home/bok/ff_ws/install/type/local/lib/python3.10/dist-packages/type
[2.041s] -- Up-to-date: /home/bok/ff_ws/install/type/local/lib/python3.10/dist-packages/type/type_s__rosidl_typesupport_c.cpython-310-x86_64-linux-gnu.so
[2.041s] -- Up-to-date: /home/bok/ff_ws/install/type/local/lib/python3.10/dist-packages/type/libtype__rosidl_generator_py.so
[2.042s] -- Up-to-date: /home/bok/ff_ws/install/type/local/lib/python3.10/dist-packages/type/_type_s.ep.rosidl_typesupport_c.c
[2.042s] -- Up-to-date: /home/bok/ff_ws/install/type/local/lib/python3.10/dist-packages/type/srv
[2.043s] -- Up-to-date: /home/bok/ff_ws/install/type/local/lib/python3.10/dist-packages/type/srv/_start_time_s.c
[2.043s] -- Up-to-date: /home/bok/ff_ws/install/type/local/lib/python3.10/dist-packages/type/srv/_start_time.py
[2.044s] -- Up-to-date: /home/bok/ff_ws/install/type/local/lib/python3.10/dist-packages/type/srv/__init__.py
[2.044s] -- Up-to-date: /home/bok/ff_ws/install/type/local/lib/python3.10/dist-packages/type/type_s__rosidl_typesupport_introspection_c.cpython-310-x86_64-linux-gnu.so
[2.044s] -- Up-to-date: /home/bok/ff_ws/install/type/local/lib/python3.10/dist-packages/type/type_s__rosidl_typesupport_fastrtps_c.cpython-310-x86_64-linux-gnu.so
[2.044s] -- Up-to-date: /home/bok/ff_ws/install/type/local/lib/python3.10/dist-packages/type/_type_s.ep.rosidl_typesupport_introspection_c.c
[2.044s] -- Up-to-date: /home/bok/ff_ws/install/type/local/lib/python3.10/dist-packages/type/__init__.py
[2.044s] -- Up-to-date: /home/bok/ff_ws/install/type/local/lib/python3.10/dist-packages/type/_type_s.ep.rosidl_typesupport_fastrtps_c.c
[2.131s] Listing '/home/bok/ff_ws/install/type/local/lib/python3.10/dist-packages/type'...
[2.131s] Listing '/home/bok/ff_ws/install/type/local/lib/python3.10/dist-packages/type/srv'...
[2.137s] -- Up-to-date: /home/bok/ff_ws/install/type/local/lib/python3.10/dist-packages/type/type_s__rosidl_typesupport_fastrtps_c.cpython-310-x86_64-linux-gnu.so
[2.138s] -- Up-to-date: /home/bok/ff_ws/install/type/local/lib/python3.10/dist-packages/type/type_s__rosidl_typesupport_introspection_c.cpython-310-x86_64-linux-gnu.so
[2.138s] -- Up-to-date: /home/bok/ff_ws/install/type/local/lib/python3.10/dist-packages/type/type_s__rosidl_typesupport_c.cpython-310-x86_64-linux-gnu.so
[2.141s] -- Up-to-date: /home/bok/ff_ws/install/type/lib/libtype__rosidl_generator_py.so
[2.141s] -- Up-to-date: /home/bok/ff_ws/install/type/share/type/srv/StartTime.idl
[2.141s] -- Up-to-date: /home/bok/ff_ws/install/type/share/type/srv/StartTime.srv
[2.142s] -- Up-to-date: /home/bok/ff_ws/install/type/share/type/srv/StartTime_Request.msg
[2.142s] -- Up-to-date: /home/bok/ff_ws/install/type/share/type/srv/StartTime_Response.msg
[2.142s] -- Up-to-date: /home/bok/ff_ws/install/type/share/ament_index/resource_index/package_run_dependencies/type
[2.142s] -- Up-to-date: /home/bok/ff_ws/install/type/share/ament_index/resource_index/parent_prefix_path/type
[2.143s] -- Up-to-date: /home/bok/ff_ws/install/type/share/type/environment/ament_prefix_path.sh
[2.143s] -- Up-to-date: /home/bok/ff_ws/install/type/share/type/environment/ament_prefix_path.dsv
[2.144s] -- Up-to-date: /home/bok/ff_ws/install/type/share/type/environment/path.sh
[2.144s] -- Up-to-date: /home/bok/ff_ws/install/type/share/type/environment/path.dsv
[2.144s] -- Up-to-date: /home/bok/ff_ws/install/type/share/type/local_setup.bash
[2.144s] -- Up-to-date: /home/bok/ff_ws/install/type/share/type/local_setup.sh
[2.144s] -- Up-to-date: /home/bok/ff_ws/install/type/share/type/local_setup.zsh
[2.145s] -- Up-to-date: /home/bok/ff_ws/install/type/share/type/local_setup.dsv
[2.145s] -- Installing: /home/bok/ff_ws/install/type/share/type/package.dsv
[2.145s] -- Up-to-date: /home/bok/ff_ws/install/type/share/ament_index/resource_index/packages/type
[2.146s] -- Up-to-date: /home/bok/ff_ws/install/type/share/type/cmake/export_type__rosidl_generator_cExport.cmake
[2.146s] -- Up-to-date: /home/bok/ff_ws/install/type/share/type/cmake/export_type__rosidl_generator_cExport-noconfig.cmake
[2.146s] -- Up-to-date: /home/bok/ff_ws/install/type/share/type/cmake/export_type__rosidl_typesupport_fastrtps_cExport.cmake
[2.146s] -- Up-to-date: /home/bok/ff_ws/install/type/share/type/cmake/export_type__rosidl_typesupport_fastrtps_cExport-noconfig.cmake
[2.147s] -- Up-to-date: /home/bok/ff_ws/install/type/share/type/cmake/export_type__rosidl_generator_cppExport.cmake
[2.147s] -- Up-to-date: /home/bok/ff_ws/install/type/share/type/cmake/export_type__rosidl_typesupport_fastrtps_cppExport.cmake
[2.147s] -- Up-to-date: /home/bok/ff_ws/install/type/share/type/cmake/export_type__rosidl_typesupport_fastrtps_cppExport-noconfig.cmake
[2.149s] -- Up-to-date: /home/bok/ff_ws/install/type/share/type/cmake/type__rosidl_typesupport_introspection_cExport.cmake
[2.149s] -- Up-to-date: /home/bok/ff_ws/install/type/share/type/cmake/type__rosidl_typesupport_introspection_cExport-noconfig.cmake
[2.149s] -- Up-to-date: /home/bok/ff_ws/install/type/share/type/cmake/type__rosidl_typesupport_cExport.cmake
[2.149s] -- Up-to-date: /home/bok/ff_ws/install/type/share/type/cmake/type__rosidl_typesupport_cExport-noconfig.cmake
[2.150s] -- Up-to-date: /home/bok/ff_ws/install/type/share/type/cmake/type__rosidl_typesupport_introspection_cppExport.cmake
[2.150s] -- Up-to-date: /home/bok/ff_ws/install/type/share/type/cmake/type__rosidl_typesupport_introspection_cppExport-noconfig.cmake
[2.150s] -- Up-to-date: /home/bok/ff_ws/install/type/share/type/cmake/type__rosidl_typesupport_cppExport.cmake
[2.150s] -- Up-to-date: /home/bok/ff_ws/install/type/share/type/cmake/type__rosidl_typesupport_cppExport-noconfig.cmake
[2.150s] -- Up-to-date: /home/bok/ff_ws/install/type/share/type/cmake/export_type__rosidl_generator_pyExport.cmake
[2.150s] -- Up-to-date: /home/bok/ff_ws/install/type/share/type/cmake/export_type__rosidl_generator_pyExport-noconfig.cmake
[2.150s] -- Up-to-date: /home/bok/ff_ws/install/type/share/type/cmake/rosidl_cmake-extras.cmake
[2.150s] -- Up-to-date: /home/bok/ff_ws/install/type/share/type/cmake/ament_cmake_export_dependencies-extras.cmake
[2.150s] -- Up-to-date: /home/bok/ff_ws/install/type/share/type/cmake/ament_cmake_export_include_directories-extras.cmake
[2.151s] -- Up-to-date: /home/bok/ff_ws/install/type/share/type/cmake/ament_cmake_export_libraries-extras.cmake
[2.151s] -- Up-to-date: /home/bok/ff_ws/install/type/share/type/cmake/ament_cmake_export_targets-extras.cmake
[2.151s] -- Up-to-date: /home/bok/ff_ws/install/type/share/type/cmake/rosidl_cmake_export_typesupport_targets-extras.cmake
[2.151s] -- Up-to-date: /home/bok/ff_ws/install/type/share/type/cmake/rosidl_cmake_export_typesupport_libraries-extras.cmake
[2.151s] -- Up-to-date: /home/bok/ff_ws/install/type/share/type/cmake/typeConfig.cmake
[2.154s] -- Up-to-date: /home/bok/ff_ws/install/type/share/type/cmake/typeConfig-version.cmake
[2.154s] -- Up-to-date: /home/bok/ff_ws/install/type/share/type/package.xml
[2.170s] Invoked command in '/home/bok/ff_ws/build/type' returned '0': CMAKE_PREFIX_PATH=${CMAKE_PREFIX_PATH}:/home/bok/ff_ws/install/project:/home/bok/multitb_ws/install/get_data:/home/bok/ws_urdf/install/urdf_tutorial:/home/bok/ws_urdf/install/car_tutorial:/home/bok/turtlebot3_ws/install/turtlebot3_teleop:/home/bok/turtlebot3_ws/install/turtlebot3_example:/home/bok/baby_ws/install/bossbaby:/opt/ros/humble /usr/bin/cmake --install /home/bok/ff_ws/build/type
