running egg_info
writing ../../build/turtlebot/turtlebot.egg-info/PKG-INFO
writing dependency_links to ../../build/turtlebot/turtlebot.egg-info/dependency_links.txt
writing entry points to ../../build/turtlebot/turtlebot.egg-info/entry_points.txt
writing requirements to ../../build/turtlebot/turtlebot.egg-info/requires.txt
writing top-level names to ../../build/turtlebot/turtlebot.egg-info/top_level.txt
reading manifest file '../../build/turtlebot/turtlebot.egg-info/SOURCES.txt'
writing manifest file '../../build/turtlebot/turtlebot.egg-info/SOURCES.txt'
running build
running build_py
copying turtlebot/menu8_gui.py -> /home/bok/project_ws/build/turtlebot/build/lib/turtlebot
copying turtlebot/menu1_gui.py -> /home/bok/project_ws/build/turtlebot/build/lib/turtlebot
copying turtlebot/menu7_gui.py -> /home/bok/project_ws/build/turtlebot/build/lib/turtlebot
copying turtlebot/menu2_gui.py -> /home/bok/project_ws/build/turtlebot/build/lib/turtlebot
copying turtlebot/menu_gui.py -> /home/bok/project_ws/build/turtlebot/build/lib/turtlebot
copying turtlebot/menu4_gui.py -> /home/bok/project_ws/build/turtlebot/build/lib/turtlebot
copying turtlebot/menu6_gui.py -> /home/bok/project_ws/build/turtlebot/build/lib/turtlebot
copying turtlebot/menu3_gui.py -> /home/bok/project_ws/build/turtlebot/build/lib/turtlebot
copying turtlebot/menu9_gui.py -> /home/bok/project_ws/build/turtlebot/build/lib/turtlebot
copying turtlebot/menu5_gui.py -> /home/bok/project_ws/build/turtlebot/build/lib/turtlebot
running install
running install_lib
copying /home/bok/project_ws/build/turtlebot/build/lib/turtlebot/menu8_gui.py -> /home/bok/project_ws/install/turtlebot/lib/python3.10/site-packages/turtlebot
copying /home/bok/project_ws/build/turtlebot/build/lib/turtlebot/menu1_gui.py -> /home/bok/project_ws/install/turtlebot/lib/python3.10/site-packages/turtlebot
copying /home/bok/project_ws/build/turtlebot/build/lib/turtlebot/menu7_gui.py -> /home/bok/project_ws/install/turtlebot/lib/python3.10/site-packages/turtlebot
copying /home/bok/project_ws/build/turtlebot/build/lib/turtlebot/menu2_gui.py -> /home/bok/project_ws/install/turtlebot/lib/python3.10/site-packages/turtlebot
copying /home/bok/project_ws/build/turtlebot/build/lib/turtlebot/menu_gui.py -> /home/bok/project_ws/install/turtlebot/lib/python3.10/site-packages/turtlebot
copying /home/bok/project_ws/build/turtlebot/build/lib/turtlebot/menu4_gui.py -> /home/bok/project_ws/install/turtlebot/lib/python3.10/site-packages/turtlebot
copying /home/bok/project_ws/build/turtlebot/build/lib/turtlebot/menu6_gui.py -> /home/bok/project_ws/install/turtlebot/lib/python3.10/site-packages/turtlebot
copying /home/bok/project_ws/build/turtlebot/build/lib/turtlebot/menu3_gui.py -> /home/bok/project_ws/install/turtlebot/lib/python3.10/site-packages/turtlebot
copying /home/bok/project_ws/build/turtlebot/build/lib/turtlebot/menu9_gui.py -> /home/bok/project_ws/install/turtlebot/lib/python3.10/site-packages/turtlebot
copying /home/bok/project_ws/build/turtlebot/build/lib/turtlebot/menu5_gui.py -> /home/bok/project_ws/install/turtlebot/lib/python3.10/site-packages/turtlebot
byte-compiling /home/bok/project_ws/install/turtlebot/lib/python3.10/site-packages/turtlebot/menu8_gui.py to menu8_gui.cpython-310.pyc
byte-compiling /home/bok/project_ws/install/turtlebot/lib/python3.10/site-packages/turtlebot/menu1_gui.py to menu1_gui.cpython-310.pyc
byte-compiling /home/bok/project_ws/install/turtlebot/lib/python3.10/site-packages/turtlebot/menu7_gui.py to menu7_gui.cpython-310.pyc
byte-compiling /home/bok/project_ws/install/turtlebot/lib/python3.10/site-packages/turtlebot/menu2_gui.py to menu2_gui.cpython-310.pyc
byte-compiling /home/bok/project_ws/install/turtlebot/lib/python3.10/site-packages/turtlebot/menu_gui.py to menu_gui.cpython-310.pyc
byte-compiling /home/bok/project_ws/install/turtlebot/lib/python3.10/site-packages/turtlebot/menu4_gui.py to menu4_gui.cpython-310.pyc
byte-compiling /home/bok/project_ws/install/turtlebot/lib/python3.10/site-packages/turtlebot/menu6_gui.py to menu6_gui.cpython-310.pyc
byte-compiling /home/bok/project_ws/install/turtlebot/lib/python3.10/site-packages/turtlebot/menu3_gui.py to menu3_gui.cpython-310.pyc
byte-compiling /home/bok/project_ws/install/turtlebot/lib/python3.10/site-packages/turtlebot/menu9_gui.py to menu9_gui.cpython-310.pyc
byte-compiling /home/bok/project_ws/install/turtlebot/lib/python3.10/site-packages/turtlebot/menu5_gui.py to menu5_gui.cpython-310.pyc
running install_data
copying package.xml -> /home/bok/project_ws/install/turtlebot/share/turtlebot
running install_egg_info
removing '/home/bok/project_ws/install/turtlebot/lib/python3.10/site-packages/turtlebot-0.0.0-py3.10.egg-info' (and everything under it)
Copying ../../build/turtlebot/turtlebot.egg-info to /home/bok/project_ws/install/turtlebot/lib/python3.10/site-packages/turtlebot-0.0.0-py3.10.egg-info
running install_scripts
Installing menu1_gui script to /home/bok/project_ws/install/turtlebot/lib/turtlebot
Installing menu2_gui script to /home/bok/project_ws/install/turtlebot/lib/turtlebot
Installing menu3_gui script to /home/bok/project_ws/install/turtlebot/lib/turtlebot
Installing menu4_gui script to /home/bok/project_ws/install/turtlebot/lib/turtlebot
Installing menu5_gui script to /home/bok/project_ws/install/turtlebot/lib/turtlebot
Installing menu6_gui script to /home/bok/project_ws/install/turtlebot/lib/turtlebot
Installing menu7_gui script to /home/bok/project_ws/install/turtlebot/lib/turtlebot
Installing menu8_gui script to /home/bok/project_ws/install/turtlebot/lib/turtlebot
Installing menu9_gui script to /home/bok/project_ws/install/turtlebot/lib/turtlebot
Installing menu_gui script to /home/bok/project_ws/install/turtlebot/lib/turtlebot
Installing menu_sub script to /home/bok/project_ws/install/turtlebot/lib/turtlebot
Installing order_list script to /home/bok/project_ws/install/turtlebot/lib/turtlebot
Installing pub_topic script to /home/bok/project_ws/install/turtlebot/lib/turtlebot
Installing robotGui script to /home/bok/project_ws/install/turtlebot/lib/turtlebot
Installing send_goal script to /home/bok/project_ws/install/turtlebot/lib/turtlebot
Installing sub_topic script to /home/bok/project_ws/install/turtlebot/lib/turtlebot
Installing turtle3_gui script to /home/bok/project_ws/install/turtlebot/lib/turtlebot
Installing turtle3_gui2 script to /home/bok/project_ws/install/turtlebot/lib/turtlebot
writing list of installed files to '/home/bok/project_ws/build/turtlebot/install.log'
