[1.513s] Invoking command in '/home/bok/ff_ws/src/project': PYTHONPATH=/home/bok/ff_ws/build/project/prefix_override:/usr/lib/python3/dist-packages/colcon_core/task/python/colcon_distutils_commands:/home/bok/ff_ws/install/project/lib/python3.10/site-packages:${PYTHONPATH} /usr/bin/python3 -W ignore:setup.py install is deprecated setup.py egg_info --egg-base ../../build/project build --build-base /home/bok/ff_ws/build/project/build install --record /home/bok/ff_ws/build/project/install.log --single-version-externally-managed install_data
[1.764s] /home/bok/.local/lib/python3.10/site-packages/setuptools/_distutils/dist.py:261: UserWarning: Unknown distribution option: 'tests_require'
[1.765s]   warnings.warn(msg)
[1.999s] running egg_info
[2.043s] writing ../../build/project/project.egg-info/PKG-INFO
[2.043s] writing dependency_links to ../../build/project/project.egg-info/dependency_links.txt
[2.046s] writing entry points to ../../build/project/project.egg-info/entry_points.txt
[2.046s] writing requirements to ../../build/project/project.egg-info/requires.txt
[2.046s] writing top-level names to ../../build/project/project.egg-info/top_level.txt
[2.128s] reading manifest file '../../build/project/project.egg-info/SOURCES.txt'
[2.132s] writing manifest file '../../build/project/project.egg-info/SOURCES.txt'
[2.133s] running build
[2.133s] running build_py
[2.135s] copying project/server_test.py -> /home/bok/ff_ws/build/project/build/lib/project
[2.136s] copying project/control_tower_server.py -> /home/bok/ff_ws/build/project/build/lib/project
[2.136s] copying project/calibresult.py -> /home/bok/ff_ws/build/project/build/lib/project
[2.137s] copying project/control_tower.py -> /home/bok/ff_ws/build/project/build/lib/project
[2.137s] copying project/camera.py -> /home/bok/ff_ws/build/project/build/lib/project
[2.140s] copying project/tower_test.py -> /home/bok/ff_ws/build/project/build/lib/project
[2.140s] copying project/inverse_test.py -> /home/bok/ff_ws/build/project/build/lib/project
[2.141s] copying project/camera_test.py -> /home/bok/ff_ws/build/project/build/lib/project
[2.141s] copying project/__init__.py -> /home/bok/ff_ws/build/project/build/lib/project
[2.142s] copying project/aruco.py -> /home/bok/ff_ws/build/project/build/lib/project
[2.143s] copying project/ttt.py -> /home/bok/ff_ws/build/project/build/lib/project
[2.143s] copying project/tempCodeRunnerFile.py -> /home/bok/ff_ws/build/project/build/lib/project
[2.145s] running install
[2.165s] running install_lib
[2.215s] copying /home/bok/ff_ws/build/project/build/lib/project/server_test.py -> /home/bok/ff_ws/install/project/lib/python3.10/site-packages/project
[2.215s] copying /home/bok/ff_ws/build/project/build/lib/project/control_tower_server.py -> /home/bok/ff_ws/install/project/lib/python3.10/site-packages/project
[2.215s] copying /home/bok/ff_ws/build/project/build/lib/project/calibresult.py -> /home/bok/ff_ws/install/project/lib/python3.10/site-packages/project
[2.217s] copying /home/bok/ff_ws/build/project/build/lib/project/control_tower.py -> /home/bok/ff_ws/install/project/lib/python3.10/site-packages/project
[2.220s] copying /home/bok/ff_ws/build/project/build/lib/project/camera.py -> /home/bok/ff_ws/install/project/lib/python3.10/site-packages/project
[2.221s] copying /home/bok/ff_ws/build/project/build/lib/project/inverse_test.py -> /home/bok/ff_ws/install/project/lib/python3.10/site-packages/project
[2.221s] copying /home/bok/ff_ws/build/project/build/lib/project/aruco.py -> /home/bok/ff_ws/install/project/lib/python3.10/site-packages/project
[2.222s] copying /home/bok/ff_ws/build/project/build/lib/project/ttt.py -> /home/bok/ff_ws/install/project/lib/python3.10/site-packages/project
[2.222s] copying /home/bok/ff_ws/build/project/build/lib/project/tempCodeRunnerFile.py -> /home/bok/ff_ws/install/project/lib/python3.10/site-packages/project
[2.224s] byte-compiling /home/bok/ff_ws/install/project/lib/python3.10/site-packages/project/server_test.py to server_test.cpython-310.pyc
[2.226s] byte-compiling /home/bok/ff_ws/install/project/lib/python3.10/site-packages/project/control_tower_server.py to control_tower_server.cpython-310.pyc
[2.228s] byte-compiling /home/bok/ff_ws/install/project/lib/python3.10/site-packages/project/calibresult.py to calibresult.cpython-310.pyc
[2.230s] byte-compiling /home/bok/ff_ws/install/project/lib/python3.10/site-packages/project/control_tower.py to control_tower.cpython-310.pyc
[2.233s] byte-compiling /home/bok/ff_ws/install/project/lib/python3.10/site-packages/project/camera.py to camera.cpython-310.pyc
[2.234s] byte-compiling /home/bok/ff_ws/install/project/lib/python3.10/site-packages/project/inverse_test.py to inverse_test.cpython-310.pyc
[2.237s] byte-compiling /home/bok/ff_ws/install/project/lib/python3.10/site-packages/project/aruco.py to aruco.cpython-310.pyc
[2.238s] byte-compiling /home/bok/ff_ws/install/project/lib/python3.10/site-packages/project/ttt.py to ttt.cpython-310.pyc
[2.238s] byte-compiling /home/bok/ff_ws/install/project/lib/python3.10/site-packages/project/tempCodeRunnerFile.py to tempCodeRunnerFile.cpython-310.pyc
[2.238s] running install_data
[2.238s] copying resource/project -> /home/bok/ff_ws/install/project/share/ament_index/resource_index/packages
[2.239s] copying package.xml -> /home/bok/ff_ws/install/project/share/project
[2.239s] running install_egg_info
[2.286s] removing '/home/bok/ff_ws/install/project/lib/python3.10/site-packages/project-0.0.0-py3.10.egg-info' (and everything under it)
[2.287s] Copying ../../build/project/project.egg-info to /home/bok/ff_ws/install/project/lib/python3.10/site-packages/project-0.0.0-py3.10.egg-info
[2.292s] running install_scripts
[2.672s] Installing camera script to /home/bok/ff_ws/install/project/lib/project
[2.672s] Installing control_tower script to /home/bok/ff_ws/install/project/lib/project
[2.672s] Installing server_test script to /home/bok/ff_ws/install/project/lib/project
[2.672s] Installing sub script to /home/bok/ff_ws/install/project/lib/project
[2.673s] Installing tower_test script to /home/bok/ff_ws/install/project/lib/project
[2.681s] writing list of installed files to '/home/bok/ff_ws/build/project/install.log'
[2.738s] Invoked command in '/home/bok/ff_ws/src/project' returned '0': PYTHONPATH=/home/bok/ff_ws/build/project/prefix_override:/usr/lib/python3/dist-packages/colcon_core/task/python/colcon_distutils_commands:/home/bok/ff_ws/install/project/lib/python3.10/site-packages:${PYTHONPATH} /usr/bin/python3 -W ignore:setup.py install is deprecated setup.py egg_info --egg-base ../../build/project build --build-base /home/bok/ff_ws/build/project/build install --record /home/bok/ff_ws/build/project/install.log --single-version-externally-managed install_data
