[1.475s] Invoking command in '/home/bok/project_ws/src/turtlebot': LD_LIBRARY_PATH=/home/bok/project_ws/install/order_msgs/lib:/home/bok/turtlebot3_ws/install/turtlebot3_msgs/lib:/home/bok/ros2_ws/install/ros_study_msgs/lib:/home/bok/ros2_ws/src/install/ros_study_msgs/lib:/usr/lib/x86_64-linux-gnu/gazebo-11/plugins:/opt/ros/humble/opt/rviz_ogre_vendor/lib:/opt/ros/humble/lib/x86_64-linux-gnu:/opt/ros/humble/lib:/usr/lib/x86_64-linux-gnu/gazebo-11/plugins PYTHONPATH=/home/bok/project_ws/build/turtlebot/prefix_override:/usr/lib/python3/dist-packages/colcon_core/task/python/colcon_distutils_commands:/home/bok/project_ws/install/turtlebot/lib/python3.10/site-packages:${PYTHONPATH} /usr/bin/python3 -W ignore:setup.py install is deprecated setup.py egg_info --egg-base ../../build/turtlebot build --build-base /home/bok/project_ws/build/turtlebot/build install --record /home/bok/project_ws/build/turtlebot/install.log --single-version-externally-managed install_data
[1.958s] running egg_info
[1.959s] writing ../../build/turtlebot/turtlebot.egg-info/PKG-INFO
[1.959s] writing dependency_links to ../../build/turtlebot/turtlebot.egg-info/dependency_links.txt
[1.960s] writing entry points to ../../build/turtlebot/turtlebot.egg-info/entry_points.txt
[1.961s] writing requirements to ../../build/turtlebot/turtlebot.egg-info/requires.txt
[1.962s] writing top-level names to ../../build/turtlebot/turtlebot.egg-info/top_level.txt
[1.965s] reading manifest file '../../build/turtlebot/turtlebot.egg-info/SOURCES.txt'
[1.970s] writing manifest file '../../build/turtlebot/turtlebot.egg-info/SOURCES.txt'
[1.970s] running build
[1.971s] running build_py
[1.971s] copying turtlebot/robot_gui.py -> /home/bok/project_ws/build/turtlebot/build/lib/turtlebot
[1.971s] running install
[1.971s] running install_lib
[1.973s] copying /home/bok/project_ws/build/turtlebot/build/lib/turtlebot/robot_gui.py -> /home/bok/project_ws/install/turtlebot/lib/python3.10/site-packages/turtlebot
[1.975s] byte-compiling /home/bok/project_ws/install/turtlebot/lib/python3.10/site-packages/turtlebot/robot_gui.py to robot_gui.cpython-310.pyc
[1.978s] running install_data
[1.979s] running install_egg_info
[1.987s] removing '/home/bok/project_ws/install/turtlebot/lib/python3.10/site-packages/turtlebot-0.0.0-py3.10.egg-info' (and everything under it)
[1.988s] Copying ../../build/turtlebot/turtlebot.egg-info to /home/bok/project_ws/install/turtlebot/lib/python3.10/site-packages/turtlebot-0.0.0-py3.10.egg-info
[1.988s] running install_scripts
[2.029s] Installing menu1_gui script to /home/bok/project_ws/install/turtlebot/lib/turtlebot
[2.030s] Installing menu2_gui script to /home/bok/project_ws/install/turtlebot/lib/turtlebot
[2.031s] Installing menu3_gui script to /home/bok/project_ws/install/turtlebot/lib/turtlebot
[2.032s] Installing menu4_gui script to /home/bok/project_ws/install/turtlebot/lib/turtlebot
[2.032s] Installing menu5_gui script to /home/bok/project_ws/install/turtlebot/lib/turtlebot
[2.033s] Installing menu6_gui script to /home/bok/project_ws/install/turtlebot/lib/turtlebot
[2.034s] Installing menu7_gui script to /home/bok/project_ws/install/turtlebot/lib/turtlebot
[2.034s] Installing menu8_gui script to /home/bok/project_ws/install/turtlebot/lib/turtlebot
[2.035s] Installing menu9_gui script to /home/bok/project_ws/install/turtlebot/lib/turtlebot
[2.035s] Installing order_list script to /home/bok/project_ws/install/turtlebot/lib/turtlebot
[2.036s] Installing robot_gui script to /home/bok/project_ws/install/turtlebot/lib/turtlebot
[2.036s] Installing turtlebot3_gui3 script to /home/bok/project_ws/install/turtlebot/lib/turtlebot
[2.038s] writing list of installed files to '/home/bok/project_ws/build/turtlebot/install.log'
[2.107s] Invoked command in '/home/bok/project_ws/src/turtlebot' returned '0': LD_LIBRARY_PATH=/home/bok/project_ws/install/order_msgs/lib:/home/bok/turtlebot3_ws/install/turtlebot3_msgs/lib:/home/bok/ros2_ws/install/ros_study_msgs/lib:/home/bok/ros2_ws/src/install/ros_study_msgs/lib:/usr/lib/x86_64-linux-gnu/gazebo-11/plugins:/opt/ros/humble/opt/rviz_ogre_vendor/lib:/opt/ros/humble/lib/x86_64-linux-gnu:/opt/ros/humble/lib:/usr/lib/x86_64-linux-gnu/gazebo-11/plugins PYTHONPATH=/home/bok/project_ws/build/turtlebot/prefix_override:/usr/lib/python3/dist-packages/colcon_core/task/python/colcon_distutils_commands:/home/bok/project_ws/install/turtlebot/lib/python3.10/site-packages:${PYTHONPATH} /usr/bin/python3 -W ignore:setup.py install is deprecated setup.py egg_info --egg-base ../../build/turtlebot build --build-base /home/bok/project_ws/build/turtlebot/build install --record /home/bok/project_ws/build/turtlebot/install.log --single-version-externally-managed install_data
