[0.929s] Invoking command in '/home/bok/project_ws/src/turtlebot': CMAKE_PREFIX_PATH=/home/bok/project_ws/install/order_msgs:/home/bok/project_ws/src/install/order_msgs:/home/bok/turtlebot3_ws/install/turtlebot3:/home/bok/turtlebot3_ws/install/turtlebot3_simulations:/home/bok/turtlebot3_ws/install/turtlebot3_bringup:/home/bok/turtlebot3_ws/install/turtlebot3_node:/home/bok/turtlebot3_ws/install/turtlebot3_navigation2:/home/bok/turtlebot3_ws/install/turtlebot3_fake_node:/home/bok/turtlebot3_ws/install/turtlebot3_msgs:/home/bok/turtlebot3_ws/install/turtlebot3_gazebo:/home/bok/turtlebot3_ws/install/turtlebot3_description:/home/bok/turtlebot3_ws/install/turtlebot3_cartographer:/home/bok/turtlebot3_ws/install/ld08_driver:/home/bok/ros2_ws/install/ros_study_msgs:/home/bok/ros2_ws/src/install/ros_study_msgs LD_LIBRARY_PATH=/home/bok/project_ws/install/order_msgs/lib:${LD_LIBRARY_PATH} PYTHONPATH=/home/bok/project_ws/build/turtlebot/prefix_override:/usr/lib/python3/dist-packages/colcon_core/task/python/colcon_distutils_commands:/home/bok/project_ws/install/turtlebot/lib/python3.10/site-packages:/home/bok/project_ws/install/order_msgs/local/lib/python3.10/dist-packages:${PYTHONPATH} /usr/bin/python3 -W ignore:setup.py install is deprecated setup.py egg_info --egg-base ../../build/turtlebot build --build-base /home/bok/project_ws/build/turtlebot/build install --record /home/bok/project_ws/build/turtlebot/install.log --single-version-externally-managed install_data
[1.283s] running egg_info
[1.284s] writing ../../build/turtlebot/turtlebot.egg-info/PKG-INFO
[1.284s] writing dependency_links to ../../build/turtlebot/turtlebot.egg-info/dependency_links.txt
[1.284s] writing entry points to ../../build/turtlebot/turtlebot.egg-info/entry_points.txt
[1.285s] writing requirements to ../../build/turtlebot/turtlebot.egg-info/requires.txt
[1.285s] writing top-level names to ../../build/turtlebot/turtlebot.egg-info/top_level.txt
[1.289s] reading manifest file '../../build/turtlebot/turtlebot.egg-info/SOURCES.txt'
[1.291s] writing manifest file '../../build/turtlebot/turtlebot.egg-info/SOURCES.txt'
[1.291s] running build
[1.291s] running build_py
[1.291s] running install
[1.292s] running install_lib
[1.293s] running install_data
[1.293s] running install_egg_info
[1.296s] removing '/home/bok/project_ws/install/turtlebot/lib/python3.10/site-packages/turtlebot-0.0.0-py3.10.egg-info' (and everything under it)
[1.297s] Copying ../../build/turtlebot/turtlebot.egg-info to /home/bok/project_ws/install/turtlebot/lib/python3.10/site-packages/turtlebot-0.0.0-py3.10.egg-info
[1.297s] running install_scripts
[1.322s] Installing menu_gui script to /home/bok/project_ws/install/turtlebot/lib/turtlebot
[1.322s] Installing pub_topic script to /home/bok/project_ws/install/turtlebot/lib/turtlebot
[1.322s] Installing send_goal script to /home/bok/project_ws/install/turtlebot/lib/turtlebot
[1.322s] Installing sub_topic script to /home/bok/project_ws/install/turtlebot/lib/turtlebot
[1.323s] Installing turtle3_gui script to /home/bok/project_ws/install/turtlebot/lib/turtlebot
[1.323s] Installing turtle3_gui2 script to /home/bok/project_ws/install/turtlebot/lib/turtlebot
[1.323s] writing list of installed files to '/home/bok/project_ws/build/turtlebot/install.log'
[1.357s] Invoked command in '/home/bok/project_ws/src/turtlebot' returned '0': CMAKE_PREFIX_PATH=/home/bok/project_ws/install/order_msgs:/home/bok/project_ws/src/install/order_msgs:/home/bok/turtlebot3_ws/install/turtlebot3:/home/bok/turtlebot3_ws/install/turtlebot3_simulations:/home/bok/turtlebot3_ws/install/turtlebot3_bringup:/home/bok/turtlebot3_ws/install/turtlebot3_node:/home/bok/turtlebot3_ws/install/turtlebot3_navigation2:/home/bok/turtlebot3_ws/install/turtlebot3_fake_node:/home/bok/turtlebot3_ws/install/turtlebot3_msgs:/home/bok/turtlebot3_ws/install/turtlebot3_gazebo:/home/bok/turtlebot3_ws/install/turtlebot3_description:/home/bok/turtlebot3_ws/install/turtlebot3_cartographer:/home/bok/turtlebot3_ws/install/ld08_driver:/home/bok/ros2_ws/install/ros_study_msgs:/home/bok/ros2_ws/src/install/ros_study_msgs LD_LIBRARY_PATH=/home/bok/project_ws/install/order_msgs/lib:${LD_LIBRARY_PATH} PYTHONPATH=/home/bok/project_ws/build/turtlebot/prefix_override:/usr/lib/python3/dist-packages/colcon_core/task/python/colcon_distutils_commands:/home/bok/project_ws/install/turtlebot/lib/python3.10/site-packages:/home/bok/project_ws/install/order_msgs/local/lib/python3.10/dist-packages:${PYTHONPATH} /usr/bin/python3 -W ignore:setup.py install is deprecated setup.py egg_info --egg-base ../../build/turtlebot build --build-base /home/bok/project_ws/build/turtlebot/build install --record /home/bok/project_ws/build/turtlebot/install.log --single-version-externally-managed install_data
