[1.570s] Invoking command in '/home/bok/project_ws/src/turtlebot': LD_LIBRARY_PATH=/home/bok/project_ws/install/order_msgs/lib:/home/bok/turtlebot3_ws/install/turtlebot3_msgs/lib:/home/bok/ros2_ws/install/ros_study_msgs/lib:/home/bok/ros2_ws/src/install/ros_study_msgs/lib:/usr/lib/x86_64-linux-gnu/gazebo-11/plugins:/opt/ros/humble/opt/rviz_ogre_vendor/lib:/opt/ros/humble/lib/x86_64-linux-gnu:/opt/ros/humble/lib:/usr/lib/x86_64-linux-gnu/gazebo-11/plugins PYTHONPATH=/home/bok/project_ws/build/turtlebot/prefix_override:/usr/lib/python3/dist-packages/colcon_core/task/python/colcon_distutils_commands:/home/bok/project_ws/install/turtlebot/lib/python3.10/site-packages:${PYTHONPATH} /usr/bin/python3 -W ignore:setup.py install is deprecated setup.py egg_info --egg-base ../../build/turtlebot build --build-base /home/bok/project_ws/build/turtlebot/build install --record /home/bok/project_ws/build/turtlebot/install.log --single-version-externally-managed install_data
[2.187s] running egg_info
[2.188s] writing ../../build/turtlebot/turtlebot.egg-info/PKG-INFO
[2.189s] writing dependency_links to ../../build/turtlebot/turtlebot.egg-info/dependency_links.txt
[2.190s] writing entry points to ../../build/turtlebot/turtlebot.egg-info/entry_points.txt
[2.190s] writing requirements to ../../build/turtlebot/turtlebot.egg-info/requires.txt
[2.190s] writing top-level names to ../../build/turtlebot/turtlebot.egg-info/top_level.txt
[2.193s] reading manifest file '../../build/turtlebot/turtlebot.egg-info/SOURCES.txt'
[2.197s] writing manifest file '../../build/turtlebot/turtlebot.egg-info/SOURCES.txt'
[2.198s] running build
[2.198s] running build_py
[2.200s] copying turtlebot/robot_gui.py -> /home/bok/project_ws/build/turtlebot/build/lib/turtlebot
[2.200s] running install
[2.201s] running install_lib
[2.203s] copying /home/bok/project_ws/build/turtlebot/build/lib/turtlebot/robot_gui.py -> /home/bok/project_ws/install/turtlebot/lib/python3.10/site-packages/turtlebot
[2.204s] byte-compiling /home/bok/project_ws/install/turtlebot/lib/python3.10/site-packages/turtlebot/robot_gui.py to robot_gui.cpython-310.pyc
[2.207s] running install_data
[2.207s] running install_egg_info
[2.211s] removing '/home/bok/project_ws/install/turtlebot/lib/python3.10/site-packages/turtlebot-0.0.0-py3.10.egg-info' (and everything under it)
[2.211s] Copying ../../build/turtlebot/turtlebot.egg-info to /home/bok/project_ws/install/turtlebot/lib/python3.10/site-packages/turtlebot-0.0.0-py3.10.egg-info
[2.213s] running install_scripts
[2.250s] Installing menu1_gui script to /home/bok/project_ws/install/turtlebot/lib/turtlebot
[2.252s] Installing menu2_gui script to /home/bok/project_ws/install/turtlebot/lib/turtlebot
[2.252s] Installing menu3_gui script to /home/bok/project_ws/install/turtlebot/lib/turtlebot
[2.252s] Installing menu4_gui script to /home/bok/project_ws/install/turtlebot/lib/turtlebot
[2.252s] Installing menu5_gui script to /home/bok/project_ws/install/turtlebot/lib/turtlebot
[2.253s] Installing menu6_gui script to /home/bok/project_ws/install/turtlebot/lib/turtlebot
[2.253s] Installing menu7_gui script to /home/bok/project_ws/install/turtlebot/lib/turtlebot
[2.253s] Installing menu8_gui script to /home/bok/project_ws/install/turtlebot/lib/turtlebot
[2.253s] Installing menu9_gui script to /home/bok/project_ws/install/turtlebot/lib/turtlebot
[2.253s] Installing menu_gui script to /home/bok/project_ws/install/turtlebot/lib/turtlebot
[2.253s] Installing order_list script to /home/bok/project_ws/install/turtlebot/lib/turtlebot
[2.253s] Installing robot_gui script to /home/bok/project_ws/install/turtlebot/lib/turtlebot
[2.253s] Installing turtle3_gui script to /home/bok/project_ws/install/turtlebot/lib/turtlebot
[2.253s] Installing turtle3_gui2 script to /home/bok/project_ws/install/turtlebot/lib/turtlebot
[2.253s] Installing turtlebot3_gui3 script to /home/bok/project_ws/install/turtlebot/lib/turtlebot
[2.254s] writing list of installed files to '/home/bok/project_ws/build/turtlebot/install.log'
[2.303s] Invoked command in '/home/bok/project_ws/src/turtlebot' returned '0': LD_LIBRARY_PATH=/home/bok/project_ws/install/order_msgs/lib:/home/bok/turtlebot3_ws/install/turtlebot3_msgs/lib:/home/bok/ros2_ws/install/ros_study_msgs/lib:/home/bok/ros2_ws/src/install/ros_study_msgs/lib:/usr/lib/x86_64-linux-gnu/gazebo-11/plugins:/opt/ros/humble/opt/rviz_ogre_vendor/lib:/opt/ros/humble/lib/x86_64-linux-gnu:/opt/ros/humble/lib:/usr/lib/x86_64-linux-gnu/gazebo-11/plugins PYTHONPATH=/home/bok/project_ws/build/turtlebot/prefix_override:/usr/lib/python3/dist-packages/colcon_core/task/python/colcon_distutils_commands:/home/bok/project_ws/install/turtlebot/lib/python3.10/site-packages:${PYTHONPATH} /usr/bin/python3 -W ignore:setup.py install is deprecated setup.py egg_info --egg-base ../../build/turtlebot build --build-base /home/bok/project_ws/build/turtlebot/build install --record /home/bok/project_ws/build/turtlebot/install.log --single-version-externally-managed install_data
