[0.157s] DEBUG:colcon:Command line arguments: ['/usr/bin/colcon', 'build']
[0.157s] DEBUG:colcon:Parsed command line arguments: Namespace(log_base=None, log_level=None, verb_name='build', build_base='build', install_base='install', merge_install=False, symlink_install=False, test_result_base=None, continue_on_error=False, executor='parallel', parallel_workers=4, event_handlers=None, ignore_user_meta=False, metas=['./colcon.meta'], base_paths=['.'], packages_ignore=None, packages_ignore_regex=None, paths=None, packages_up_to=None, packages_up_to_regex=None, packages_above=None, packages_above_and_dependencies=None, packages_above_depth=None, packages_select_by_dep=None, packages_skip_by_dep=None, packages_skip_up_to=None, packages_select_build_failed=False, packages_skip_build_finished=False, packages_select_test_failures=False, packages_skip_test_passed=False, packages_select=None, packages_skip=None, packages_select_regex=None, packages_skip_regex=None, packages_start=None, packages_end=None, allow_overriding=[], cmake_args=None, cmake_target=None, cmake_target_skip_unavailable=False, cmake_clean_cache=False, cmake_clean_first=False, cmake_force_configure=False, ament_cmake_args=None, catkin_cmake_args=None, catkin_skip_building_tests=False, verb_parser=<colcon_defaults.argument_parser.defaults.DefaultArgumentsDecorator object at 0x769761d6e920>, verb_extension=<colcon_core.verb.build.BuildVerb object at 0x769761f72050>, main=<bound method BuildVerb.main of <colcon_core.verb.build.BuildVerb object at 0x769761f72050>>)
[0.199s] Level 1:colcon.colcon_core.package_discovery:discover_packages(colcon_meta) check parameters
[0.199s] Level 1:colcon.colcon_core.package_discovery:discover_packages(recursive) check parameters
[0.199s] Level 1:colcon.colcon_core.package_discovery:discover_packages(ignore) check parameters
[0.199s] Level 1:colcon.colcon_core.package_discovery:discover_packages(path) check parameters
[0.199s] Level 1:colcon.colcon_core.package_discovery:discover_packages(colcon_meta) discover
[0.199s] Level 1:colcon.colcon_core.package_discovery:discover_packages(recursive) discover
[0.199s] INFO:colcon.colcon_core.package_discovery:Crawling recursively for packages in '/home/bok/ff_ws'
[0.199s] Level 1:colcon.colcon_core.package_identification:_identify(.) by extensions ['ignore', 'ignore_ament_install']
[0.199s] Level 1:colcon.colcon_core.package_identification:_identify(.) by extension 'ignore'
[0.200s] Level 1:colcon.colcon_core.package_identification:_identify(.) by extension 'ignore_ament_install'
[0.200s] Level 1:colcon.colcon_core.package_identification:_identify(.) by extensions ['colcon_pkg']
[0.200s] Level 1:colcon.colcon_core.package_identification:_identify(.) by extension 'colcon_pkg'
[0.200s] Level 1:colcon.colcon_core.package_identification:_identify(.) by extensions ['colcon_meta']
[0.200s] Level 1:colcon.colcon_core.package_identification:_identify(.) by extension 'colcon_meta'
[0.200s] Level 1:colcon.colcon_core.package_identification:_identify(.) by extensions ['ros']
[0.200s] Level 1:colcon.colcon_core.package_identification:_identify(.) by extension 'ros'
[0.216s] Level 1:colcon.colcon_core.package_identification:_identify(.) by extensions ['cmake', 'python']
[0.216s] Level 1:colcon.colcon_core.package_identification:_identify(.) by extension 'cmake'
[0.216s] Level 1:colcon.colcon_core.package_identification:_identify(.) by extension 'python'
[0.216s] Level 1:colcon.colcon_core.package_identification:_identify(.) by extensions ['python_setup_py']
[0.216s] Level 1:colcon.colcon_core.package_identification:_identify(.) by extension 'python_setup_py'
[0.217s] Level 1:colcon.colcon_core.package_identification:_identify(build) by extensions ['ignore', 'ignore_ament_install']
[0.217s] Level 1:colcon.colcon_core.package_identification:_identify(build) by extension 'ignore'
[0.217s] Level 1:colcon.colcon_core.package_identification:_identify(build) ignored
[0.217s] Level 1:colcon.colcon_core.package_identification:_identify(install) by extensions ['ignore', 'ignore_ament_install']
[0.217s] Level 1:colcon.colcon_core.package_identification:_identify(install) by extension 'ignore'
[0.217s] Level 1:colcon.colcon_core.package_identification:_identify(install) ignored
[0.218s] Level 1:colcon.colcon_core.package_identification:_identify(log) by extensions ['ignore', 'ignore_ament_install']
[0.218s] Level 1:colcon.colcon_core.package_identification:_identify(log) by extension 'ignore'
[0.218s] Level 1:colcon.colcon_core.package_identification:_identify(log) ignored
[0.218s] Level 1:colcon.colcon_core.package_identification:_identify(src) by extensions ['ignore', 'ignore_ament_install']
[0.218s] Level 1:colcon.colcon_core.package_identification:_identify(src) by extension 'ignore'
[0.218s] Level 1:colcon.colcon_core.package_identification:_identify(src) by extension 'ignore_ament_install'
[0.218s] Level 1:colcon.colcon_core.package_identification:_identify(src) by extensions ['colcon_pkg']
[0.218s] Level 1:colcon.colcon_core.package_identification:_identify(src) by extension 'colcon_pkg'
[0.218s] Level 1:colcon.colcon_core.package_identification:_identify(src) by extensions ['colcon_meta']
[0.218s] Level 1:colcon.colcon_core.package_identification:_identify(src) by extension 'colcon_meta'
[0.218s] Level 1:colcon.colcon_core.package_identification:_identify(src) by extensions ['ros']
[0.218s] Level 1:colcon.colcon_core.package_identification:_identify(src) by extension 'ros'
[0.219s] Level 1:colcon.colcon_core.package_identification:_identify(src) by extensions ['cmake', 'python']
[0.219s] Level 1:colcon.colcon_core.package_identification:_identify(src) by extension 'cmake'
[0.219s] Level 1:colcon.colcon_core.package_identification:_identify(src) by extension 'python'
[0.219s] Level 1:colcon.colcon_core.package_identification:_identify(src) by extensions ['python_setup_py']
[0.219s] Level 1:colcon.colcon_core.package_identification:_identify(src) by extension 'python_setup_py'
[0.219s] Level 1:colcon.colcon_core.package_identification:_identify(src/project) by extensions ['ignore', 'ignore_ament_install']
[0.219s] Level 1:colcon.colcon_core.package_identification:_identify(src/project) by extension 'ignore'
[0.219s] Level 1:colcon.colcon_core.package_identification:_identify(src/project) by extension 'ignore_ament_install'
[0.219s] Level 1:colcon.colcon_core.package_identification:_identify(src/project) by extensions ['colcon_pkg']
[0.219s] Level 1:colcon.colcon_core.package_identification:_identify(src/project) by extension 'colcon_pkg'
[0.219s] Level 1:colcon.colcon_core.package_identification:_identify(src/project) by extensions ['colcon_meta']
[0.219s] Level 1:colcon.colcon_core.package_identification:_identify(src/project) by extension 'colcon_meta'
[0.220s] Level 1:colcon.colcon_core.package_identification:_identify(src/project) by extensions ['ros']
[0.220s] Level 1:colcon.colcon_core.package_identification:_identify(src/project) by extension 'ros'
[0.223s] DEBUG:colcon.colcon_core.package_identification:Package 'src/project' with type 'ros.ament_python' and name 'project'
[0.223s] Level 1:colcon.colcon_core.package_identification:_identify(src/type) by extensions ['ignore', 'ignore_ament_install']
[0.223s] Level 1:colcon.colcon_core.package_identification:_identify(src/type) by extension 'ignore'
[0.224s] Level 1:colcon.colcon_core.package_identification:_identify(src/type) by extension 'ignore_ament_install'
[0.224s] Level 1:colcon.colcon_core.package_identification:_identify(src/type) by extensions ['colcon_pkg']
[0.224s] Level 1:colcon.colcon_core.package_identification:_identify(src/type) by extension 'colcon_pkg'
[0.224s] Level 1:colcon.colcon_core.package_identification:_identify(src/type) by extensions ['colcon_meta']
[0.224s] Level 1:colcon.colcon_core.package_identification:_identify(src/type) by extension 'colcon_meta'
[0.224s] Level 1:colcon.colcon_core.package_identification:_identify(src/type) by extensions ['ros']
[0.224s] Level 1:colcon.colcon_core.package_identification:_identify(src/type) by extension 'ros'
[0.225s] DEBUG:colcon.colcon_core.package_identification:Package 'src/type' with type 'ros.ament_cmake' and name 'type'
[0.225s] Level 1:colcon.colcon_core.package_discovery:discover_packages(recursive) using defaults
[0.225s] Level 1:colcon.colcon_core.package_discovery:discover_packages(ignore) discover
[0.225s] Level 1:colcon.colcon_core.package_discovery:discover_packages(ignore) using defaults
[0.225s] Level 1:colcon.colcon_core.package_discovery:discover_packages(path) discover
[0.225s] Level 1:colcon.colcon_core.package_discovery:discover_packages(path) using defaults
[0.247s] Level 1:colcon.colcon_core.package_discovery:discover_packages(prefix_path) check parameters
[0.247s] Level 1:colcon.colcon_core.package_discovery:discover_packages(prefix_path) discover
[0.250s] DEBUG:colcon.colcon_installed_package_information.package_discovery:Found 2 installed packages in /home/bok/ff_ws/install
[0.250s] DEBUG:colcon.colcon_installed_package_information.package_discovery:Found 2 installed packages in /home/bok/multitb_ws/install
[0.251s] DEBUG:colcon.colcon_installed_package_information.package_discovery:Found 2 installed packages in /home/bok/ws_urdf/install
[0.252s] DEBUG:colcon.colcon_installed_package_information.package_discovery:Found 13 installed packages in /home/bok/turtlebot3_ws/install
[0.252s] DEBUG:colcon.colcon_installed_package_information.package_discovery:Found 1 installed packages in /home/bok/baby_ws/install
[0.254s] DEBUG:colcon.colcon_installed_package_information.package_discovery:Found 408 installed packages in /opt/ros/humble
[0.257s] Level 1:colcon.colcon_core.package_discovery:discover_packages(prefix_path) using defaults
[0.323s] Level 5:colcon.colcon_core.verb:set package 'project' build argument 'cmake_args' from command line to 'None'
[0.323s] Level 5:colcon.colcon_core.verb:set package 'project' build argument 'cmake_target' from command line to 'None'
[0.323s] Level 5:colcon.colcon_core.verb:set package 'project' build argument 'cmake_target_skip_unavailable' from command line to 'False'
[0.323s] Level 5:colcon.colcon_core.verb:set package 'project' build argument 'cmake_clean_cache' from command line to 'False'
[0.323s] Level 5:colcon.colcon_core.verb:set package 'project' build argument 'cmake_clean_first' from command line to 'False'
[0.323s] Level 5:colcon.colcon_core.verb:set package 'project' build argument 'cmake_force_configure' from command line to 'False'
[0.323s] Level 5:colcon.colcon_core.verb:set package 'project' build argument 'ament_cmake_args' from command line to 'None'
[0.323s] Level 5:colcon.colcon_core.verb:set package 'project' build argument 'catkin_cmake_args' from command line to 'None'
[0.323s] Level 5:colcon.colcon_core.verb:set package 'project' build argument 'catkin_skip_building_tests' from command line to 'False'
[0.323s] DEBUG:colcon.colcon_core.verb:Building package 'project' with the following arguments: {'ament_cmake_args': None, 'build_base': '/home/bok/ff_ws/build/project', 'catkin_cmake_args': None, 'catkin_skip_building_tests': False, 'cmake_args': None, 'cmake_clean_cache': False, 'cmake_clean_first': False, 'cmake_force_configure': False, 'cmake_target': None, 'cmake_target_skip_unavailable': False, 'install_base': '/home/bok/ff_ws/install/project', 'merge_install': False, 'path': '/home/bok/ff_ws/src/project', 'symlink_install': False, 'test_result_base': None}
[0.324s] Level 5:colcon.colcon_core.verb:set package 'type' build argument 'cmake_args' from command line to 'None'
[0.324s] Level 5:colcon.colcon_core.verb:set package 'type' build argument 'cmake_target' from command line to 'None'
[0.324s] Level 5:colcon.colcon_core.verb:set package 'type' build argument 'cmake_target_skip_unavailable' from command line to 'False'
[0.324s] Level 5:colcon.colcon_core.verb:set package 'type' build argument 'cmake_clean_cache' from command line to 'False'
[0.324s] Level 5:colcon.colcon_core.verb:set package 'type' build argument 'cmake_clean_first' from command line to 'False'
[0.324s] Level 5:colcon.colcon_core.verb:set package 'type' build argument 'cmake_force_configure' from command line to 'False'
[0.324s] Level 5:colcon.colcon_core.verb:set package 'type' build argument 'ament_cmake_args' from command line to 'None'
[0.324s] Level 5:colcon.colcon_core.verb:set package 'type' build argument 'catkin_cmake_args' from command line to 'None'
[0.324s] Level 5:colcon.colcon_core.verb:set package 'type' build argument 'catkin_skip_building_tests' from command line to 'False'
[0.324s] DEBUG:colcon.colcon_core.verb:Building package 'type' with the following arguments: {'ament_cmake_args': None, 'build_base': '/home/bok/ff_ws/build/type', 'catkin_cmake_args': None, 'catkin_skip_building_tests': False, 'cmake_args': None, 'cmake_clean_cache': False, 'cmake_clean_first': False, 'cmake_force_configure': False, 'cmake_target': None, 'cmake_target_skip_unavailable': False, 'install_base': '/home/bok/ff_ws/install/type', 'merge_install': False, 'path': '/home/bok/ff_ws/src/type', 'symlink_install': False, 'test_result_base': None}
[0.324s] INFO:colcon.colcon_core.executor:Executing jobs using 'parallel' executor
[0.325s] DEBUG:colcon.colcon_parallel_executor.executor.parallel:run_until_complete
[0.326s] INFO:colcon.colcon_ros.task.ament_python.build:Building ROS package in '/home/bok/ff_ws/src/project' with build type 'ament_python'
[0.326s] Level 1:colcon.colcon_core.shell:create_environment_hook('project', 'ament_prefix_path')
[0.329s] INFO:colcon.colcon_core.plugin_system:Skipping extension 'colcon_core.shell.bat': Not used on non-Windows systems
[0.329s] INFO:colcon.colcon_core.shell:Creating environment hook '/home/bok/ff_ws/install/project/share/project/hook/ament_prefix_path.ps1'
[0.330s] INFO:colcon.colcon_core.shell:Creating environment descriptor '/home/bok/ff_ws/install/project/share/project/hook/ament_prefix_path.dsv'
[0.330s] INFO:colcon.colcon_core.shell:Creating environment hook '/home/bok/ff_ws/install/project/share/project/hook/ament_prefix_path.sh'
[0.331s] INFO:colcon.colcon_core.shell:Skip shell extension 'powershell' for command environment: Not usable outside of PowerShell
[0.331s] DEBUG:colcon.colcon_core.shell:Skip shell extension 'dsv' for command environment
[0.337s] INFO:colcon.colcon_ros.task.ament_cmake.build:Building ROS package in '/home/bok/ff_ws/src/type' with build type 'ament_cmake'
[0.338s] INFO:colcon.colcon_cmake.task.cmake.build:Building CMake package in '/home/bok/ff_ws/src/type'
[0.338s] INFO:colcon.colcon_core.shell:Skip shell extension 'powershell' for command environment: Not usable outside of PowerShell
[0.338s] DEBUG:colcon.colcon_core.shell:Skip shell extension 'dsv' for command environment
[0.622s] INFO:colcon.colcon_core.task.python.build:Building Python package in '/home/bok/ff_ws/src/project'
[0.622s] INFO:colcon.colcon_core.shell:Skip shell extension 'powershell' for command environment: Not usable outside of PowerShell
[0.622s] DEBUG:colcon.colcon_core.shell:Skip shell extension 'dsv' for command environment
[0.633s] DEBUG:colcon.colcon_core.event_handler.log_command:Invoking command in '/home/bok/ff_ws/build/type': CMAKE_PREFIX_PATH=${CMAKE_PREFIX_PATH}:/home/bok/ff_ws/install/project:/home/bok/multitb_ws/install/get_data:/home/bok/ws_urdf/install/urdf_tutorial:/home/bok/ws_urdf/install/car_tutorial:/home/bok/turtlebot3_ws/install/turtlebot3_teleop:/home/bok/turtlebot3_ws/install/turtlebot3_example:/home/bok/baby_ws/install/bossbaby:/opt/ros/humble /usr/bin/cmake --build /home/bok/ff_ws/build/type -- -j4 -l4
[1.572s] DEBUG:colcon.colcon_core.event_handler.log_command:Invoked command in '/home/bok/ff_ws/build/type' returned '0': CMAKE_PREFIX_PATH=${CMAKE_PREFIX_PATH}:/home/bok/ff_ws/install/project:/home/bok/multitb_ws/install/get_data:/home/bok/ws_urdf/install/urdf_tutorial:/home/bok/ws_urdf/install/car_tutorial:/home/bok/turtlebot3_ws/install/turtlebot3_teleop:/home/bok/turtlebot3_ws/install/turtlebot3_example:/home/bok/baby_ws/install/bossbaby:/opt/ros/humble /usr/bin/cmake --build /home/bok/ff_ws/build/type -- -j4 -l4
[1.686s] DEBUG:colcon.colcon_core.event_handler.log_command:Invoking command in '/home/bok/ff_ws/build/type': CMAKE_PREFIX_PATH=${CMAKE_PREFIX_PATH}:/home/bok/ff_ws/install/project:/home/bok/multitb_ws/install/get_data:/home/bok/ws_urdf/install/urdf_tutorial:/home/bok/ws_urdf/install/car_tutorial:/home/bok/turtlebot3_ws/install/turtlebot3_teleop:/home/bok/turtlebot3_ws/install/turtlebot3_example:/home/bok/baby_ws/install/bossbaby:/opt/ros/humble /usr/bin/cmake --install /home/bok/ff_ws/build/type
[1.812s] Level 1:colcon.colcon_core.environment:create_environment_scripts_only(type)
[1.813s] DEBUG:colcon.colcon_core.event_handler.log_command:Invoked command in '/home/bok/ff_ws/build/type' returned '0': CMAKE_PREFIX_PATH=${CMAKE_PREFIX_PATH}:/home/bok/ff_ws/install/project:/home/bok/multitb_ws/install/get_data:/home/bok/ws_urdf/install/urdf_tutorial:/home/bok/ws_urdf/install/car_tutorial:/home/bok/turtlebot3_ws/install/turtlebot3_teleop:/home/bok/turtlebot3_ws/install/turtlebot3_example:/home/bok/baby_ws/install/bossbaby:/opt/ros/humble /usr/bin/cmake --install /home/bok/ff_ws/build/type
[1.821s] Level 1:colcon.colcon_core.environment:checking '/home/bok/ff_ws/install/type' for CMake module files
[1.822s] Level 1:colcon.colcon_core.environment:checking '/home/bok/ff_ws/install/type' for CMake config files
[1.823s] Level 1:colcon.colcon_core.shell:create_environment_hook('type', 'cmake_prefix_path')
[1.823s] INFO:colcon.colcon_core.shell:Creating environment hook '/home/bok/ff_ws/install/type/share/type/hook/cmake_prefix_path.ps1'
[1.824s] INFO:colcon.colcon_core.shell:Creating environment descriptor '/home/bok/ff_ws/install/type/share/type/hook/cmake_prefix_path.dsv'
[1.825s] INFO:colcon.colcon_core.shell:Creating environment hook '/home/bok/ff_ws/install/type/share/type/hook/cmake_prefix_path.sh'
[1.826s] Level 1:colcon.colcon_core.environment:checking '/home/bok/ff_ws/install/type/lib'
[1.826s] Level 1:colcon.colcon_core.shell:create_environment_hook('type', 'ld_library_path_lib')
[1.826s] INFO:colcon.colcon_core.shell:Creating environment hook '/home/bok/ff_ws/install/type/share/type/hook/ld_library_path_lib.ps1'
[1.827s] INFO:colcon.colcon_core.shell:Creating environment descriptor '/home/bok/ff_ws/install/type/share/type/hook/ld_library_path_lib.dsv'
[1.828s] INFO:colcon.colcon_core.shell:Creating environment hook '/home/bok/ff_ws/install/type/share/type/hook/ld_library_path_lib.sh'
[1.828s] Level 1:colcon.colcon_core.environment:checking '/home/bok/ff_ws/install/type/bin'
[1.828s] Level 1:colcon.colcon_core.environment:checking '/home/bok/ff_ws/install/type/lib/pkgconfig/type.pc'
[1.829s] Level 1:colcon.colcon_core.environment:checking '/home/bok/ff_ws/install/type/lib/python3.10/site-packages'
[1.829s] Level 1:colcon.colcon_core.environment:checking '/home/bok/ff_ws/install/type/bin'
[1.830s] INFO:colcon.colcon_core.shell:Creating package script '/home/bok/ff_ws/install/type/share/type/package.ps1'
[1.831s] INFO:colcon.colcon_core.shell:Creating package descriptor '/home/bok/ff_ws/install/type/share/type/package.dsv'
[1.832s] INFO:colcon.colcon_core.shell:Creating package script '/home/bok/ff_ws/install/type/share/type/package.sh'
[1.834s] INFO:colcon.colcon_core.shell:Creating package script '/home/bok/ff_ws/install/type/share/type/package.bash'
[1.835s] INFO:colcon.colcon_core.shell:Creating package script '/home/bok/ff_ws/install/type/share/type/package.zsh'
[1.836s] Level 1:colcon.colcon_core.environment:create_file_with_runtime_dependencies(/home/bok/ff_ws/install/type/share/colcon-core/packages/type)
[1.937s] Level 1:colcon.colcon_core.environment:create_environment_scripts_only(type)
[1.937s] Level 1:colcon.colcon_core.environment:checking '/home/bok/ff_ws/install/type' for CMake module files
[1.938s] Level 1:colcon.colcon_core.environment:checking '/home/bok/ff_ws/install/type' for CMake config files
[1.939s] Level 1:colcon.colcon_core.shell:create_environment_hook('type', 'cmake_prefix_path')
[1.939s] INFO:colcon.colcon_core.shell:Creating environment hook '/home/bok/ff_ws/install/type/share/type/hook/cmake_prefix_path.ps1'
[1.940s] INFO:colcon.colcon_core.shell:Creating environment descriptor '/home/bok/ff_ws/install/type/share/type/hook/cmake_prefix_path.dsv'
[1.941s] INFO:colcon.colcon_core.shell:Creating environment hook '/home/bok/ff_ws/install/type/share/type/hook/cmake_prefix_path.sh'
[1.942s] Level 1:colcon.colcon_core.environment:checking '/home/bok/ff_ws/install/type/lib'
[1.942s] Level 1:colcon.colcon_core.shell:create_environment_hook('type', 'ld_library_path_lib')
[1.942s] INFO:colcon.colcon_core.shell:Creating environment hook '/home/bok/ff_ws/install/type/share/type/hook/ld_library_path_lib.ps1'
[1.943s] INFO:colcon.colcon_core.shell:Creating environment descriptor '/home/bok/ff_ws/install/type/share/type/hook/ld_library_path_lib.dsv'
[1.944s] INFO:colcon.colcon_core.shell:Creating environment hook '/home/bok/ff_ws/install/type/share/type/hook/ld_library_path_lib.sh'
[1.944s] Level 1:colcon.colcon_core.environment:checking '/home/bok/ff_ws/install/type/bin'
[1.945s] Level 1:colcon.colcon_core.environment:checking '/home/bok/ff_ws/install/type/lib/pkgconfig/type.pc'
[1.945s] Level 1:colcon.colcon_core.environment:checking '/home/bok/ff_ws/install/type/lib/python3.10/site-packages'
[1.945s] Level 1:colcon.colcon_core.environment:checking '/home/bok/ff_ws/install/type/bin'
[1.946s] INFO:colcon.colcon_core.shell:Creating package script '/home/bok/ff_ws/install/type/share/type/package.ps1'
[1.947s] INFO:colcon.colcon_core.shell:Creating package descriptor '/home/bok/ff_ws/install/type/share/type/package.dsv'
[1.948s] INFO:colcon.colcon_core.shell:Creating package script '/home/bok/ff_ws/install/type/share/type/package.sh'
[1.949s] INFO:colcon.colcon_core.shell:Creating package script '/home/bok/ff_ws/install/type/share/type/package.bash'
[1.949s] INFO:colcon.colcon_core.shell:Creating package script '/home/bok/ff_ws/install/type/share/type/package.zsh'
[1.950s] Level 1:colcon.colcon_core.environment:create_file_with_runtime_dependencies(/home/bok/ff_ws/install/type/share/colcon-core/packages/type)
[1.994s] DEBUG:colcon.colcon_core.event_handler.log_command:Invoking command in '/home/bok/ff_ws/src/project': PYTHONPATH=/home/bok/ff_ws/build/project/prefix_override:/usr/lib/python3/dist-packages/colcon_core/task/python/colcon_distutils_commands:/home/bok/ff_ws/install/project/lib/python3.10/site-packages:${PYTHONPATH} /usr/bin/python3 -W ignore:setup.py install is deprecated setup.py egg_info --egg-base ../../build/project build --build-base /home/bok/ff_ws/build/project/build install --record /home/bok/ff_ws/build/project/install.log --single-version-externally-managed install_data
[2.797s] Level 1:colcon.colcon_core.environment:checking '/home/bok/ff_ws/install/project' for CMake module files
[2.798s] DEBUG:colcon.colcon_core.event_handler.log_command:Invoked command in '/home/bok/ff_ws/src/project' returned '0': PYTHONPATH=/home/bok/ff_ws/build/project/prefix_override:/usr/lib/python3/dist-packages/colcon_core/task/python/colcon_distutils_commands:/home/bok/ff_ws/install/project/lib/python3.10/site-packages:${PYTHONPATH} /usr/bin/python3 -W ignore:setup.py install is deprecated setup.py egg_info --egg-base ../../build/project build --build-base /home/bok/ff_ws/build/project/build install --record /home/bok/ff_ws/build/project/install.log --single-version-externally-managed install_data
[2.799s] Level 1:colcon.colcon_core.environment:checking '/home/bok/ff_ws/install/project' for CMake config files
[2.800s] Level 1:colcon.colcon_core.environment:checking '/home/bok/ff_ws/install/project/lib'
[2.800s] Level 1:colcon.colcon_core.environment:checking '/home/bok/ff_ws/install/project/bin'
[2.800s] Level 1:colcon.colcon_core.environment:checking '/home/bok/ff_ws/install/project/lib/pkgconfig/project.pc'
[2.800s] Level 1:colcon.colcon_core.environment:checking '/home/bok/ff_ws/install/project/lib/python3.10/site-packages'
[2.800s] Level 1:colcon.colcon_core.shell:create_environment_hook('project', 'pythonpath')
[2.801s] INFO:colcon.colcon_core.shell:Creating environment hook '/home/bok/ff_ws/install/project/share/project/hook/pythonpath.ps1'
[2.801s] INFO:colcon.colcon_core.shell:Creating environment descriptor '/home/bok/ff_ws/install/project/share/project/hook/pythonpath.dsv'
[2.802s] INFO:colcon.colcon_core.shell:Creating environment hook '/home/bok/ff_ws/install/project/share/project/hook/pythonpath.sh'
[2.803s] Level 1:colcon.colcon_core.environment:checking '/home/bok/ff_ws/install/project/bin'
[2.803s] Level 1:colcon.colcon_core.environment:create_environment_scripts_only(project)
[2.803s] INFO:colcon.colcon_core.shell:Creating package script '/home/bok/ff_ws/install/project/share/project/package.ps1'
[2.804s] INFO:colcon.colcon_core.shell:Creating package descriptor '/home/bok/ff_ws/install/project/share/project/package.dsv'
[2.804s] INFO:colcon.colcon_core.shell:Creating package script '/home/bok/ff_ws/install/project/share/project/package.sh'
[2.805s] INFO:colcon.colcon_core.shell:Creating package script '/home/bok/ff_ws/install/project/share/project/package.bash'
[2.806s] INFO:colcon.colcon_core.shell:Creating package script '/home/bok/ff_ws/install/project/share/project/package.zsh'
[2.806s] Level 1:colcon.colcon_core.environment:create_file_with_runtime_dependencies(/home/bok/ff_ws/install/project/share/colcon-core/packages/project)
[2.807s] DEBUG:colcon.colcon_parallel_executor.executor.parallel:closing loop
[2.807s] DEBUG:colcon.colcon_parallel_executor.executor.parallel:loop closed
[2.807s] DEBUG:colcon.colcon_parallel_executor.executor.parallel:run_until_complete finished with '0'
[2.807s] DEBUG:colcon.colcon_core.event_reactor:joining thread
[2.814s] INFO:colcon.colcon_core.plugin_system:Skipping extension 'colcon_notification.desktop_notification.terminal_notifier': Not used on non-Darwin systems
[2.814s] INFO:colcon.colcon_core.plugin_system:Skipping extension 'colcon_notification.desktop_notification.win32': Not used on non-Windows systems
[2.814s] INFO:colcon.colcon_notification.desktop_notification:Sending desktop notification using 'notify2'
[2.831s] DEBUG:colcon.colcon_core.event_reactor:joined thread
[2.832s] INFO:colcon.colcon_core.shell:Creating prefix script '/home/bok/ff_ws/install/local_setup.ps1'
[2.833s] INFO:colcon.colcon_core.shell:Creating prefix util module '/home/bok/ff_ws/install/_local_setup_util_ps1.py'
[2.837s] INFO:colcon.colcon_core.shell:Creating prefix chain script '/home/bok/ff_ws/install/setup.ps1'
[2.842s] INFO:colcon.colcon_core.shell:Creating prefix script '/home/bok/ff_ws/install/local_setup.sh'
[2.843s] INFO:colcon.colcon_core.shell:Creating prefix util module '/home/bok/ff_ws/install/_local_setup_util_sh.py'
[2.844s] INFO:colcon.colcon_core.shell:Creating prefix chain script '/home/bok/ff_ws/install/setup.sh'
[2.848s] INFO:colcon.colcon_core.shell:Creating prefix script '/home/bok/ff_ws/install/local_setup.bash'
[2.849s] INFO:colcon.colcon_core.shell:Creating prefix chain script '/home/bok/ff_ws/install/setup.bash'
[2.852s] INFO:colcon.colcon_core.shell:Creating prefix script '/home/bok/ff_ws/install/local_setup.zsh'
[2.853s] INFO:colcon.colcon_core.shell:Creating prefix chain script '/home/bok/ff_ws/install/setup.zsh'
