/home/bok/multitb_ws/install/get_data/lib/python3.10/site-packages/get_data/yolo.py
/home/bok/multitb_ws/install/get_data/lib/python3.10/site-packages/get_data/thief_spawn.py
/home/bok/multitb_ws/install/get_data/lib/python3.10/site-packages/get_data/camera.py
/home/bok/multitb_ws/install/get_data/lib/python3.10/site-packages/get_data/get_data.py
/home/bok/multitb_ws/install/get_data/lib/python3.10/site-packages/get_data/qt_update.py
/home/bok/multitb_ws/install/get_data/lib/python3.10/site-packages/get_data/__init__.py
/home/bok/multitb_ws/install/get_data/lib/python3.10/site-packages/get_data/__pycache__/yolo.cpython-310.pyc
/home/bok/multitb_ws/install/get_data/lib/python3.10/site-packages/get_data/__pycache__/thief_spawn.cpython-310.pyc
/home/bok/multitb_ws/install/get_data/lib/python3.10/site-packages/get_data/__pycache__/camera.cpython-310.pyc
/home/bok/multitb_ws/install/get_data/lib/python3.10/site-packages/get_data/__pycache__/get_data.cpython-310.pyc
/home/bok/multitb_ws/install/get_data/lib/python3.10/site-packages/get_data/__pycache__/qt_update.cpython-310.pyc
/home/bok/multitb_ws/install/get_data/lib/python3.10/site-packages/get_data/__pycache__/__init__.cpython-310.pyc
/home/bok/multitb_ws/install/get_data/share/ament_index/resource_index/packages/get_data
/home/bok/multitb_ws/install/get_data/share/get_data/package.xml
/home/bok/multitb_ws/install/get_data/lib/python3.10/site-packages/get_data-0.0.0-py3.10.egg-info/requires.txt
/home/bok/multitb_ws/install/get_data/lib/python3.10/site-packages/get_data-0.0.0-py3.10.egg-info/dependency_links.txt
/home/bok/multitb_ws/install/get_data/lib/python3.10/site-packages/get_data-0.0.0-py3.10.egg-info/SOURCES.txt
/home/bok/multitb_ws/install/get_data/lib/python3.10/site-packages/get_data-0.0.0-py3.10.egg-info/PKG-INFO
/home/bok/multitb_ws/install/get_data/lib/python3.10/site-packages/get_data-0.0.0-py3.10.egg-info/top_level.txt
/home/bok/multitb_ws/install/get_data/lib/python3.10/site-packages/get_data-0.0.0-py3.10.egg-info/entry_points.txt
/home/bok/multitb_ws/install/get_data/lib/python3.10/site-packages/get_data-0.0.0-py3.10.egg-info/zip-safe
/home/bok/multitb_ws/install/get_data/lib/get_data/camera
/home/bok/multitb_ws/install/get_data/lib/get_data/get_data
/home/bok/multitb_ws/install/get_data/lib/get_data/qt_update
/home/bok/multitb_ws/install/get_data/lib/get_data/thief_spawn
