[1.259s] Invoking command in '/home/bok/multitb_ws/src/get_data': PYTHONPATH=/home/bok/multitb_ws/build/get_data/prefix_override:/usr/lib/python3/dist-packages/colcon_core/task/python/colcon_distutils_commands:/home/bok/multitb_ws/install/get_data/lib/python3.10/site-packages:${PYTHONPATH} /usr/bin/python3 -W ignore:setup.py install is deprecated setup.py egg_info --egg-base ../../build/get_data build --build-base /home/bok/multitb_ws/build/get_data/build install --record /home/bok/multitb_ws/build/get_data/install.log --single-version-externally-managed install_data
[1.636s] running egg_info
[1.660s] writing ../../build/get_data/get_data.egg-info/PKG-INFO
[1.661s] writing dependency_links to ../../build/get_data/get_data.egg-info/dependency_links.txt
[1.661s] writing entry points to ../../build/get_data/get_data.egg-info/entry_points.txt
[1.661s] writing requirements to ../../build/get_data/get_data.egg-info/requires.txt
[1.662s] writing top-level names to ../../build/get_data/get_data.egg-info/top_level.txt
[1.715s] reading manifest file '../../build/get_data/get_data.egg-info/SOURCES.txt'
[1.717s] writing manifest file '../../build/get_data/get_data.egg-info/SOURCES.txt'
[1.717s] running build
[1.717s] running build_py
[1.718s] copying get_data/yolo.py -> /home/bok/multitb_ws/build/get_data/build/lib/get_data
[1.718s] copying get_data/thief_spawn.py -> /home/bok/multitb_ws/build/get_data/build/lib/get_data
[1.719s] copying get_data/get_data.py -> /home/bok/multitb_ws/build/get_data/build/lib/get_data
[1.719s] copying get_data/qt_update.py -> /home/bok/multitb_ws/build/get_data/build/lib/get_data
[1.719s] copying get_data/__init__.py -> /home/bok/multitb_ws/build/get_data/build/lib/get_data
[1.720s] copying get_data/tempCodeRunnerFile.py -> /home/bok/multitb_ws/build/get_data/build/lib/get_data
[1.720s] running install
[1.728s] running install_lib
[1.754s] byte-compiling /home/bok/multitb_ws/install/get_data/lib/python3.10/site-packages/get_data/camera.py to camera.cpython-310.pyc
[1.758s] running install_data
[1.759s] copying resource/get_data -> /home/bok/multitb_ws/install/get_data/share/ament_index/resource_index/packages
[1.759s] copying package.xml -> /home/bok/multitb_ws/install/get_data/share/get_data
[1.759s] running install_egg_info
[1.785s] removing '/home/bok/multitb_ws/install/get_data/lib/python3.10/site-packages/get_data-0.0.0-py3.10.egg-info' (and everything under it)
[1.785s] Copying ../../build/get_data/get_data.egg-info to /home/bok/multitb_ws/install/get_data/lib/python3.10/site-packages/get_data-0.0.0-py3.10.egg-info
[1.787s] running install_scripts
[2.009s] Installing camera script to /home/bok/multitb_ws/install/get_data/lib/get_data
[2.009s] Installing get_data script to /home/bok/multitb_ws/install/get_data/lib/get_data
[2.009s] Installing qt_update script to /home/bok/multitb_ws/install/get_data/lib/get_data
[2.010s] Installing thief_spawn script to /home/bok/multitb_ws/install/get_data/lib/get_data
[2.011s] writing list of installed files to '/home/bok/multitb_ws/build/get_data/install.log'
[2.055s] Invoked command in '/home/bok/multitb_ws/src/get_data' returned '0': PYTHONPATH=/home/bok/multitb_ws/build/get_data/prefix_override:/usr/lib/python3/dist-packages/colcon_core/task/python/colcon_distutils_commands:/home/bok/multitb_ws/install/get_data/lib/python3.10/site-packages:${PYTHONPATH} /usr/bin/python3 -W ignore:setup.py install is deprecated setup.py egg_info --egg-base ../../build/get_data build --build-base /home/bok/multitb_ws/build/get_data/build install --record /home/bok/multitb_ws/build/get_data/install.log --single-version-externally-managed install_data
