[0.623s] Invoking command in '/home/rokey/Desktop/ros_ws/src/cleaning': PYTHONPATH=/home/rokey/Desktop/ros_ws/build/cleaning/prefix_override:/usr/lib/python3/dist-packages/colcon_core/task/python/colcon_distutils_commands:/home/rokey/Desktop/ros_ws/install/cleaning/lib/python3.10/site-packages:${PYTHONPATH} /usr/bin/python3 -W ignore:setup.py install is deprecated -W ignore:easy_install command is deprecated setup.py egg_info --egg-base ../../build/cleaning build --build-base /home/rokey/Desktop/ros_ws/build/cleaning/build install --record /home/rokey/Desktop/ros_ws/build/cleaning/install.log --single-version-externally-managed install_data
[0.889s] running egg_info
[0.890s] writing ../../build/cleaning/cleaning.egg-info/PKG-INFO
[0.890s] writing dependency_links to ../../build/cleaning/cleaning.egg-info/dependency_links.txt
[0.890s] writing entry points to ../../build/cleaning/cleaning.egg-info/entry_points.txt
[0.890s] writing requirements to ../../build/cleaning/cleaning.egg-info/requires.txt
[0.890s] writing top-level names to ../../build/cleaning/cleaning.egg-info/top_level.txt
[0.893s] reading manifest file '../../build/cleaning/cleaning.egg-info/SOURCES.txt'
[0.894s] writing manifest file '../../build/cleaning/cleaning.egg-info/SOURCES.txt'
[0.894s] running build
[0.895s] running build_py
[0.895s] copying cleaning/find.py -> /home/rokey/Desktop/ros_ws/build/cleaning/build/lib/cleaning
[0.895s] running install
[0.896s] running install_lib
[0.896s] copying /home/rokey/Desktop/ros_ws/build/cleaning/build/lib/cleaning/find.py -> /home/rokey/Desktop/ros_ws/install/cleaning/lib/python3.10/site-packages/cleaning
[0.897s] byte-compiling /home/rokey/Desktop/ros_ws/install/cleaning/lib/python3.10/site-packages/cleaning/find.py to find.cpython-310.pyc
[0.899s] running install_data
[0.899s] running install_egg_info
[0.901s] removing '/home/rokey/Desktop/ros_ws/install/cleaning/lib/python3.10/site-packages/cleaning-0.0.0-py3.10.egg-info' (and everything under it)
[0.901s] Copying ../../build/cleaning/cleaning.egg-info to /home/rokey/Desktop/ros_ws/install/cleaning/lib/python3.10/site-packages/cleaning-0.0.0-py3.10.egg-info
[0.902s] running install_scripts
[0.930s] Installing clean script to /home/rokey/Desktop/ros_ws/install/cleaning/lib/cleaning
[0.930s] Installing find script to /home/rokey/Desktop/ros_ws/install/cleaning/lib/cleaning
[0.931s] writing list of installed files to '/home/rokey/Desktop/ros_ws/build/cleaning/install.log'
[0.959s] Invoked command in '/home/rokey/Desktop/ros_ws/src/cleaning' returned '0': PYTHONPATH=/home/rokey/Desktop/ros_ws/build/cleaning/prefix_override:/usr/lib/python3/dist-packages/colcon_core/task/python/colcon_distutils_commands:/home/rokey/Desktop/ros_ws/install/cleaning/lib/python3.10/site-packages:${PYTHONPATH} /usr/bin/python3 -W ignore:setup.py install is deprecated -W ignore:easy_install command is deprecated setup.py egg_info --egg-base ../../build/cleaning build --build-base /home/rokey/Desktop/ros_ws/build/cleaning/build install --record /home/rokey/Desktop/ros_ws/build/cleaning/install.log --single-version-externally-managed install_data
