/home/bok/project_ws/install/turtlebot/lib/python3.10/site-packages/turtlebot/menu8_gui.py
/home/bok/project_ws/install/turtlebot/lib/python3.10/site-packages/turtlebot/order_list.py
/home/bok/project_ws/install/turtlebot/lib/python3.10/site-packages/turtlebot/menu1_gui.py
/home/bok/project_ws/install/turtlebot/lib/python3.10/site-packages/turtlebot/menu7_gui.py
/home/bok/project_ws/install/turtlebot/lib/python3.10/site-packages/turtlebot/testing.py
/home/bok/project_ws/install/turtlebot/lib/python3.10/site-packages/turtlebot/menu2_gui.py
/home/bok/project_ws/install/turtlebot/lib/python3.10/site-packages/turtlebot/menu4_gui.py
/home/bok/project_ws/install/turtlebot/lib/python3.10/site-packages/turtlebot/menu6_gui.py
/home/bok/project_ws/install/turtlebot/lib/python3.10/site-packages/turtlebot/__init__.py
/home/bok/project_ws/install/turtlebot/lib/python3.10/site-packages/turtlebot/menu3_gui.py
/home/bok/project_ws/install/turtlebot/lib/python3.10/site-packages/turtlebot/menu9_gui.py
/home/bok/project_ws/install/turtlebot/lib/python3.10/site-packages/turtlebot/menu5_gui.py
/home/bok/project_ws/install/turtlebot/lib/python3.10/site-packages/turtlebot/turtlebot3_gui3.py
/home/bok/project_ws/install/turtlebot/lib/python3.10/site-packages/turtlebot/robot_gui.py
/home/bok/project_ws/install/turtlebot/lib/python3.10/site-packages/turtlebot/__pycache__/menu8_gui.cpython-310.pyc
/home/bok/project_ws/install/turtlebot/lib/python3.10/site-packages/turtlebot/__pycache__/order_list.cpython-310.pyc
/home/bok/project_ws/install/turtlebot/lib/python3.10/site-packages/turtlebot/__pycache__/menu1_gui.cpython-310.pyc
/home/bok/project_ws/install/turtlebot/lib/python3.10/site-packages/turtlebot/__pycache__/menu7_gui.cpython-310.pyc
/home/bok/project_ws/install/turtlebot/lib/python3.10/site-packages/turtlebot/__pycache__/testing.cpython-310.pyc
/home/bok/project_ws/install/turtlebot/lib/python3.10/site-packages/turtlebot/__pycache__/menu2_gui.cpython-310.pyc
/home/bok/project_ws/install/turtlebot/lib/python3.10/site-packages/turtlebot/__pycache__/menu4_gui.cpython-310.pyc
/home/bok/project_ws/install/turtlebot/lib/python3.10/site-packages/turtlebot/__pycache__/menu6_gui.cpython-310.pyc
/home/bok/project_ws/install/turtlebot/lib/python3.10/site-packages/turtlebot/__pycache__/__init__.cpython-310.pyc
/home/bok/project_ws/install/turtlebot/lib/python3.10/site-packages/turtlebot/__pycache__/menu3_gui.cpython-310.pyc
/home/bok/project_ws/install/turtlebot/lib/python3.10/site-packages/turtlebot/__pycache__/menu9_gui.cpython-310.pyc
/home/bok/project_ws/install/turtlebot/lib/python3.10/site-packages/turtlebot/__pycache__/menu5_gui.cpython-310.pyc
/home/bok/project_ws/install/turtlebot/lib/python3.10/site-packages/turtlebot/__pycache__/turtlebot3_gui3.cpython-310.pyc
/home/bok/project_ws/install/turtlebot/lib/python3.10/site-packages/turtlebot/__pycache__/robot_gui.cpython-310.pyc
/home/bok/project_ws/install/turtlebot/share/ament_index/resource_index/packages/turtlebot
/home/bok/project_ws/install/turtlebot/share/turtlebot/package.xml
/home/bok/project_ws/install/turtlebot/share/turtlebot/launch/menu_gui_launch.py
/home/bok/project_ws/install/turtlebot/lib/python3.10/site-packages/turtlebot-0.0.0-py3.10.egg-info/requires.txt
/home/bok/project_ws/install/turtlebot/lib/python3.10/site-packages/turtlebot-0.0.0-py3.10.egg-info/dependency_links.txt
/home/bok/project_ws/install/turtlebot/lib/python3.10/site-packages/turtlebot-0.0.0-py3.10.egg-info/SOURCES.txt
/home/bok/project_ws/install/turtlebot/lib/python3.10/site-packages/turtlebot-0.0.0-py3.10.egg-info/PKG-INFO
/home/bok/project_ws/install/turtlebot/lib/python3.10/site-packages/turtlebot-0.0.0-py3.10.egg-info/top_level.txt
/home/bok/project_ws/install/turtlebot/lib/python3.10/site-packages/turtlebot-0.0.0-py3.10.egg-info/entry_points.txt
/home/bok/project_ws/install/turtlebot/lib/python3.10/site-packages/turtlebot-0.0.0-py3.10.egg-info/zip-safe
/home/bok/project_ws/install/turtlebot/lib/turtlebot/menu1_gui
/home/bok/project_ws/install/turtlebot/lib/turtlebot/menu2_gui
/home/bok/project_ws/install/turtlebot/lib/turtlebot/menu3_gui
/home/bok/project_ws/install/turtlebot/lib/turtlebot/menu4_gui
/home/bok/project_ws/install/turtlebot/lib/turtlebot/menu5_gui
/home/bok/project_ws/install/turtlebot/lib/turtlebot/menu6_gui
/home/bok/project_ws/install/turtlebot/lib/turtlebot/menu7_gui
/home/bok/project_ws/install/turtlebot/lib/turtlebot/menu8_gui
/home/bok/project_ws/install/turtlebot/lib/turtlebot/menu9_gui
/home/bok/project_ws/install/turtlebot/lib/turtlebot/menu_gui
/home/bok/project_ws/install/turtlebot/lib/turtlebot/menu_sub
/home/bok/project_ws/install/turtlebot/lib/turtlebot/order_list
/home/bok/project_ws/install/turtlebot/lib/turtlebot/pub_topic
/home/bok/project_ws/install/turtlebot/lib/turtlebot/robot_gui
/home/bok/project_ws/install/turtlebot/lib/turtlebot/send_goal
/home/bok/project_ws/install/turtlebot/lib/turtlebot/sub_topic
/home/bok/project_ws/install/turtlebot/lib/turtlebot/turtle3_gui
/home/bok/project_ws/install/turtlebot/lib/turtlebot/turtle3_gui2
/home/bok/project_ws/install/turtlebot/lib/turtlebot/turtlebot3_gui3
