[1.507s] Invoking command in '/home/bok/ff_ws/src/project': PYTHONPATH=/home/bok/ff_ws/build/project/prefix_override:/usr/lib/python3/dist-packages/colcon_core/task/python/colcon_distutils_commands:/home/bok/ff_ws/install/project/lib/python3.10/site-packages:${PYTHONPATH} /usr/bin/python3 -W ignore:setup.py install is deprecated setup.py egg_info --egg-base ../../build/project build --build-base /home/bok/ff_ws/build/project/build install --record /home/bok/ff_ws/build/project/install.log --single-version-externally-managed install_data
[1.774s] /home/bok/.local/lib/python3.10/site-packages/setuptools/_distutils/dist.py:261: UserWarning: Unknown distribution option: 'tests_require'
[1.774s]   warnings.warn(msg)
[1.974s] running egg_info
[2.000s] writing ../../build/project/project.egg-info/PKG-INFO
[2.000s] writing dependency_links to ../../build/project/project.egg-info/dependency_links.txt
[2.001s] writing entry points to ../../build/project/project.egg-info/entry_points.txt
[2.001s] writing requirements to ../../build/project/project.egg-info/requires.txt
[2.001s] writing top-level names to ../../build/project/project.egg-info/top_level.txt
[2.081s] reading manifest file '../../build/project/project.egg-info/SOURCES.txt'
[2.083s] writing manifest file '../../build/project/project.egg-info/SOURCES.txt'
[2.083s] running build
[2.083s] running build_py
[2.083s] copying project/fix_rotation.py -> /home/bok/ff_ws/build/project/build/lib/project
[2.084s] copying project/temp.py -> /home/bok/ff_ws/build/project/build/lib/project
[2.084s] copying project/control_tower_server.py -> /home/bok/ff_ws/build/project/build/lib/project
[2.084s] copying project/subscription.py -> /home/bok/ff_ws/build/project/build/lib/project
[2.084s] copying project/manipulator.py -> /home/bok/ff_ws/build/project/build/lib/project
[2.085s] copying project/control_tower.py -> /home/bok/ff_ws/build/project/build/lib/project
[2.085s] copying project/camera.py -> /home/bok/ff_ws/build/project/build/lib/project
[2.085s] copying project/inverse_test.py -> /home/bok/ff_ws/build/project/build/lib/project
[2.085s] copying project/__init__.py -> /home/bok/ff_ws/build/project/build/lib/project
[2.086s] running install
[2.096s] running install_lib
[2.139s] copying /home/bok/ff_ws/build/project/build/lib/project/fix_rotation.py -> /home/bok/ff_ws/install/project/lib/python3.10/site-packages/project
[2.139s] copying /home/bok/ff_ws/build/project/build/lib/project/temp.py -> /home/bok/ff_ws/install/project/lib/python3.10/site-packages/project
[2.139s] copying /home/bok/ff_ws/build/project/build/lib/project/control_tower_server.py -> /home/bok/ff_ws/install/project/lib/python3.10/site-packages/project
[2.141s] copying /home/bok/ff_ws/build/project/build/lib/project/subscription.py -> /home/bok/ff_ws/install/project/lib/python3.10/site-packages/project
[2.141s] copying /home/bok/ff_ws/build/project/build/lib/project/manipulator.py -> /home/bok/ff_ws/install/project/lib/python3.10/site-packages/project
[2.141s] copying /home/bok/ff_ws/build/project/build/lib/project/camera.py -> /home/bok/ff_ws/install/project/lib/python3.10/site-packages/project
[2.142s] copying /home/bok/ff_ws/build/project/build/lib/project/inverse_test.py -> /home/bok/ff_ws/install/project/lib/python3.10/site-packages/project
[2.142s] byte-compiling /home/bok/ff_ws/install/project/lib/python3.10/site-packages/project/fix_rotation.py to fix_rotation.cpython-310.pyc
[2.147s] byte-compiling /home/bok/ff_ws/install/project/lib/python3.10/site-packages/project/temp.py to temp.cpython-310.pyc
[2.148s] byte-compiling /home/bok/ff_ws/install/project/lib/python3.10/site-packages/project/control_tower_server.py to control_tower_server.cpython-310.pyc
[2.149s] byte-compiling /home/bok/ff_ws/install/project/lib/python3.10/site-packages/project/subscription.py to subscription.cpython-310.pyc
[2.152s] byte-compiling /home/bok/ff_ws/install/project/lib/python3.10/site-packages/project/manipulator.py to manipulator.cpython-310.pyc
[2.155s] byte-compiling /home/bok/ff_ws/install/project/lib/python3.10/site-packages/project/camera.py to camera.cpython-310.pyc
[2.157s] byte-compiling /home/bok/ff_ws/install/project/lib/python3.10/site-packages/project/inverse_test.py to inverse_test.cpython-310.pyc
[2.159s] running install_data
[2.159s] copying resource/project -> /home/bok/ff_ws/install/project/share/ament_index/resource_index/packages
[2.160s] copying package.xml -> /home/bok/ff_ws/install/project/share/project
[2.160s] running install_egg_info
[2.195s] removing '/home/bok/ff_ws/install/project/lib/python3.10/site-packages/project-0.0.0-py3.10.egg-info' (and everything under it)
[2.195s] Copying ../../build/project/project.egg-info to /home/bok/ff_ws/install/project/lib/python3.10/site-packages/project-0.0.0-py3.10.egg-info
[2.197s] running install_scripts
[2.448s] Installing camera script to /home/bok/ff_ws/install/project/lib/project
[2.449s] Installing control_tower script to /home/bok/ff_ws/install/project/lib/project
[2.449s] Installing server_test script to /home/bok/ff_ws/install/project/lib/project
[2.449s] Installing sub script to /home/bok/ff_ws/install/project/lib/project
[2.449s] Installing tower_test script to /home/bok/ff_ws/install/project/lib/project
[2.451s] writing list of installed files to '/home/bok/ff_ws/build/project/install.log'
[2.496s] Invoked command in '/home/bok/ff_ws/src/project' returned '0': PYTHONPATH=/home/bok/ff_ws/build/project/prefix_override:/usr/lib/python3/dist-packages/colcon_core/task/python/colcon_distutils_commands:/home/bok/ff_ws/install/project/lib/python3.10/site-packages:${PYTHONPATH} /usr/bin/python3 -W ignore:setup.py install is deprecated setup.py egg_info --egg-base ../../build/project build --build-base /home/bok/ff_ws/build/project/build install --record /home/bok/ff_ws/build/project/install.log --single-version-externally-managed install_data
